Log file open, 01/21/17 11:50:01
LogInit:Display: Running engine for game: Drive_Thru
LogPlatformFile: Not using cached read wrapper
LogInit:Display: RandInit(21673088) SRandInit(21673088).
LogTaskGraph: Started task graph with 5 named threads and 8 total threads with 1 sets of task threads.
LogStats: Stats thread started at 0.085285
LogPluginManager: Loaded Plugin Paper2D, From C:/Program Files (x86)/Epic Games/4.14/Engine/Plugins/2D/Paper2D/Paper2D.uplugin
LogPluginManager: Loaded Plugin LightPropagationVolume, From C:/Program Files (x86)/Epic Games/4.14/Engine/Plugins/Blendables/LightPropagationVolume/LightPropagationVolume.uplugin
LogPluginManager: Loaded Plugin BlankPlugin, From C:/Program Files (x86)/Epic Games/4.14/Engine/Plugins/Developer/BlankPlugin/BlankPlugin.uplugin
LogPluginManager: Loaded Plugin CodeLiteSourceCodeAccess, From C:/Program Files (x86)/Epic Games/4.14/Engine/Plugins/Developer/CodeLiteSourceCodeAccess/CodeLiteSourceCodeAccess.uplugin
LogPluginManager: Loaded Plugin GitSourceControl, From C:/Program Files (x86)/Epic Games/4.14/Engine/Plugins/Developer/GitSourceControl/GitSourceControl.uplugin
LogPluginManager: Loaded Plugin KDevelopSourceCodeAccess, From C:/Program Files (x86)/Epic Games/4.14/Engine/Plugins/Developer/KDevelopSourceCodeAccess/KDevelopSourceCodeAccess.uplugin
LogPluginManager: Loaded Plugin NullSourceCodeAccess, From C:/Program Files (x86)/Epic Games/4.14/Engine/Plugins/Developer/NullSourceCodeAccess/NullSourceCodeAccess.uplugin
LogPluginManager: Loaded Plugin OneSkyLocalizationService, From C:/Program Files (x86)/Epic Games/4.14/Engine/Plugins/Developer/OneSkyLocalizationService/OneSkyLocalizationService.uplugin
LogPluginManager: Loaded Plugin PerforceSourceControl, From C:/Program Files (x86)/Epic Games/4.14/Engine/Plugins/Developer/PerforceSourceControl/PerforceSourceControl.uplugin
LogPluginManager: Loaded Plugin SubversionSourceControl, From C:/Program Files (x86)/Epic Games/4.14/Engine/Plugins/Developer/SubversionSourceControl/SubversionSourceControl.uplugin
LogPluginManager: Loaded Plugin UObjectPlugin, From C:/Program Files (x86)/Epic Games/4.14/Engine/Plugins/Developer/UObjectPlugin/UObjectPlugin.uplugin
LogPluginManager: Loaded Plugin VisualStudioSourceCodeAccess, From C:/Program Files (x86)/Epic Games/4.14/Engine/Plugins/Developer/VisualStudioSourceCodeAccess/VisualStudioSourceCodeAccess.uplugin
LogPluginManager: Loaded Plugin XCodeSourceCodeAccess, From C:/Program Files (x86)/Epic Games/4.14/Engine/Plugins/Developer/XCodeSourceCodeAccess/XCodeSourceCodeAccess.uplugin
LogPluginManager: Loaded Plugin AudioCapture, From C:/Program Files (x86)/Epic Games/4.14/Engine/Plugins/Editor/AudioCapture/AudioCapture.uplugin
LogPluginManager: Loaded Plugin EpicSurvey, From C:/Program Files (x86)/Epic Games/4.14/Engine/Plugins/Editor/EpicSurvey/EpicSurvey.uplugin
LogPluginManager: Loaded Plugin MacGraphicsSwitching, From C:/Program Files (x86)/Epic Games/4.14/Engine/Plugins/Editor/MacGraphicsSwitching/MacGraphicsSwitching.uplugin
LogPluginManager: Loaded Plugin MobileLauncherProfileWizard, From C:/Program Files (x86)/Epic Games/4.14/Engine/Plugins/Editor/MobileLauncherProfileWizard/MobileLauncherProfileWizard.uplugin
LogPluginManager: Loaded Plugin PluginBrowser, From C:/Program Files (x86)/Epic Games/4.14/Engine/Plugins/Editor/PluginBrowser/PluginBrowser.uplugin
LogPluginManager: Loaded Plugin SpeedTreeImporter, From C:/Program Files (x86)/Epic Games/4.14/Engine/Plugins/Editor/SpeedTreeImporter/SpeedTreeImporter.uplugin
LogPluginManager: Loaded Plugin SuperSearchEditor, From C:/Program Files (x86)/Epic Games/4.14/Engine/Plugins/Editor/SuperSearchEditor/SuperSearchEditor.uplugin
LogPluginManager: Loaded Plugin AlembicImporter, From C:/Program Files (x86)/Epic Games/4.14/Engine/Plugins/Experimental/AlembicImporter/AlembicImporter.uplugin
LogPluginManager: Loaded Plugin BlueprintStats, From C:/Program Files (x86)/Epic Games/4.14/Engine/Plugins/Experimental/BlueprintStats/BlueprintStats.uplugin
LogPluginManager: Loaded Plugin CharacterAI, From C:/Program Files (x86)/Epic Games/4.14/Engine/Plugins/Experimental/CharacterAI/CharacterAI.uplugin
LogPluginManager: Loaded Plugin CodeEditor, From C:/Program Files (x86)/Epic Games/4.14/Engine/Plugins/Experimental/CodeEditor/CodeEditor.uplugin
LogPluginManager: Loaded Plugin CodeView, From C:/Program Files (x86)/Epic Games/4.14/Engine/Plugins/Experimental/CodeView/CodeView.uplugin
LogPluginManager: Loaded Plugin HTML5Networking, From C:/Program Files (x86)/Epic Games/4.14/Engine/Plugins/Experimental/HTML5Networking/HTML5Networking.uplugin
LogPluginManager: Loaded Plugin OSVR, From C:/Program Files (x86)/Epic Games/4.14/Engine/Plugins/Experimental/OSVR/OSVR.uplugin
LogPluginManager: Loaded Plugin Phya, From C:/Program Files (x86)/Epic Games/4.14/Engine/Plugins/Experimental/Phya/Phya.uplugin
LogPluginManager: Loaded Plugin SignificanceManager, From C:/Program Files (x86)/Epic Games/4.14/Engine/Plugins/Experimental/SignificanceManager/SignificanceManager.uplugin
LogPluginManager: Loaded Plugin SimpleHMD, From C:/Program Files (x86)/Epic Games/4.14/Engine/Plugins/Experimental/SimpleHMD/SimpleHMD.uplugin
LogPluginManager: Loaded Plugin StereoPanorama, From C:/Program Files (x86)/Epic Games/4.14/Engine/Plugins/Experimental/StereoPanorama/StereoPanorama.uplugin
LogPluginManager: Loaded Plugin StructBox, From C:/Program Files (x86)/Epic Games/4.14/Engine/Plugins/Experimental/StructBox/StructBox.uplugin
LogPluginManager: Loaded Plugin FMODStudio, From C:/Program Files (x86)/Epic Games/4.14/Engine/Plugins/FMODStudio/FMODStudio.uplugin
LogPluginManager: Loaded Plugin AndroidMedia, From C:/Program Files (x86)/Epic Games/4.14/Engine/Plugins/Media/AndroidMedia/AndroidMedia.uplugin
LogPluginManager: Loaded Plugin AvfMedia, From C:/Program Files (x86)/Epic Games/4.14/Engine/Plugins/Media/AvfMedia/AvfMedia.uplugin
LogPluginManager: Loaded Plugin MediaPlayerEditor, From C:/Program Files (x86)/Epic Games/4.14/Engine/Plugins/Media/MediaPlayerEditor/MediaPlayerEditor.uplugin
LogPluginManager: Loaded Plugin WmfMedia, From C:/Program Files (x86)/Epic Games/4.14/Engine/Plugins/Media/WmfMedia/WmfMedia.uplugin
LogPluginManager: Loaded Plugin MessagingDebugger, From C:/Program Files (x86)/Epic Games/4.14/Engine/Plugins/Messaging/MessagingDebugger/MessagingDebugger.uplugin
LogPluginManager: Loaded Plugin TcpMessaging, From C:/Program Files (x86)/Epic Games/4.14/Engine/Plugins/Messaging/TcpMessaging/TcpMessaging.uplugin
LogPluginManager: Loaded Plugin UdpMessaging, From C:/Program Files (x86)/Epic Games/4.14/Engine/Plugins/Messaging/UdpMessaging/UdpMessaging.uplugin
LogPluginManager: Loaded Plugin LevelSequenceEditor, From C:/Program Files (x86)/Epic Games/4.14/Engine/Plugins/MovieScene/LevelSequenceEditor/LevelSequenceEditor.uplugin
LogPluginManager: Loaded Plugin MatineeToLevelSequence, From C:/Program Files (x86)/Epic Games/4.14/Engine/Plugins/MovieScene/MatineeToLevelSequence/MatineeToLevelSequence.uplugin
LogPluginManager: Loaded Plugin NetcodeUnitTest, From C:/Program Files (x86)/Epic Games/4.14/Engine/Plugins/NetcodeUnitTest/NetcodeUnitTest/NetcodeUnitTest.uplugin
LogPluginManager: Loaded Plugin NUTUnrealEngine4, From C:/Program Files (x86)/Epic Games/4.14/Engine/Plugins/NetcodeUnitTest/NUTUnrealEngine4/NUTUnrealEngine4.uplugin
LogPluginManager: Loaded Plugin OnlineSubsystemGameCircle, From C:/Program Files (x86)/Epic Games/4.14/Engine/Plugins/Online/Android/OnlineSubsystemGameCircle/OnlineSubsystemGameCircle.uplugin
LogPluginManager: Loaded Plugin OnlineSubsystemGooglePlay, From C:/Program Files (x86)/Epic Games/4.14/Engine/Plugins/Online/Android/OnlineSubsystemGooglePlay/OnlineSubsystemGooglePlay.uplugin
LogPluginManager: Loaded Plugin OnlineSubsystemIOS, From C:/Program Files (x86)/Epic Games/4.14/Engine/Plugins/Online/IOS/OnlineSubsystemIOS/OnlineSubsystemIOS.uplugin
LogPluginManager: Loaded Plugin OnlineFramework, From C:/Program Files (x86)/Epic Games/4.14/Engine/Plugins/Online/OnlineFramework/OnlineFramework.uplugin
LogPluginManager: Loaded Plugin OnlineSubsystem, From C:/Program Files (x86)/Epic Games/4.14/Engine/Plugins/Online/OnlineSubsystem/OnlineSubsystem.uplugin
LogPluginManager: Loaded Plugin OnlineSubsystemAmazon, From C:/Program Files (x86)/Epic Games/4.14/Engine/Plugins/Online/OnlineSubsystemAmazon/OnlineSubsystemAmazon.uplugin
LogPluginManager: Loaded Plugin OnlineSubsystemFacebook, From C:/Program Files (x86)/Epic Games/4.14/Engine/Plugins/Online/OnlineSubsystemFacebook/OnlineSubsystemFacebook.uplugin
LogPluginManager: Loaded Plugin OnlineSubsystemNull, From C:/Program Files (x86)/Epic Games/4.14/Engine/Plugins/Online/OnlineSubsystemNull/OnlineSubsystemNull.uplugin
LogPluginManager: Loaded Plugin OnlineSubsystemOculus, From C:/Program Files (x86)/Epic Games/4.14/Engine/Plugins/Online/OnlineSubsystemOculus/OnlineSubsystemOculus.uplugin
LogPluginManager: Loaded Plugin OnlineSubsystemSteam, From C:/Program Files (x86)/Epic Games/4.14/Engine/Plugins/Online/OnlineSubsystemSteam/OnlineSubsystemSteam.uplugin
LogPluginManager: Loaded Plugin OnlineSubsystemUtils, From C:/Program Files (x86)/Epic Games/4.14/Engine/Plugins/Online/OnlineSubsystemUtils/OnlineSubsystemUtils.uplugin
LogPluginManager: Loaded Plugin IOSTapJoy, From C:/Program Files (x86)/Epic Games/4.14/Engine/Plugins/Runtime/Advertising/IOSTapJoy/IOSTapJoy.uplugin
LogPluginManager: Loaded Plugin AnalyticsBlueprintLibrary, From C:/Program Files (x86)/Epic Games/4.14/Engine/Plugins/Runtime/Analytics/AnalyticsBlueprintLibrary/AnalyticsBlueprintLibrary.uplugin
LogPluginManager: Loaded Plugin AnalyticsMulticast, From C:/Program Files (x86)/Epic Games/4.14/Engine/Plugins/Runtime/Analytics/AnalyticsMulticast/AnalyticsMulticast.uplugin
LogPluginManager: Loaded Plugin Apsalar, From C:/Program Files (x86)/Epic Games/4.14/Engine/Plugins/Runtime/Analytics/Apsalar/Apsalar.uplugin
LogPluginManager: Loaded Plugin FileLogging, From C:/Program Files (x86)/Epic Games/4.14/Engine/Plugins/Runtime/Analytics/FileLogging/FileLogging.uplugin
LogPluginManager: Loaded Plugin Flurry, From C:/Program Files (x86)/Epic Games/4.14/Engine/Plugins/Runtime/Analytics/Flurry/Flurry.uplugin
LogPluginManager: Loaded Plugin AndroidDeviceProfileSelector, From C:/Program Files (x86)/Epic Games/4.14/Engine/Plugins/Runtime/AndroidDeviceProfileSelector/AndroidDeviceProfileSelector.uplugin
LogPluginManager: Loaded Plugin AndroidMoviePlayer, From C:/Program Files (x86)/Epic Games/4.14/Engine/Plugins/Runtime/AndroidMoviePlayer/AndroidMoviePlayer.uplugin
LogPluginManager: Loaded Plugin AppleMoviePlayer, From C:/Program Files (x86)/Epic Games/4.14/Engine/Plugins/Runtime/AppleMoviePlayer/AppleMoviePlayer.uplugin
LogPluginManager: Loaded Plugin ArchVisCharacter, From C:/Program Files (x86)/Epic Games/4.14/Engine/Plugins/Runtime/ArchVisCharacter/ArchVisCharacter.uplugin
LogPluginManager: Loaded Plugin CableComponent, From C:/Program Files (x86)/Epic Games/4.14/Engine/Plugins/Runtime/CableComponent/CableComponent.uplugin
LogPluginManager: Loaded Plugin CustomMeshComponent, From C:/Program Files (x86)/Epic Games/4.14/Engine/Plugins/Runtime/CustomMeshComponent/CustomMeshComponent.uplugin
LogPluginManager: Loaded Plugin ExampleDeviceProfileSelector, From C:/Program Files (x86)/Epic Games/4.14/Engine/Plugins/Runtime/ExampleDeviceProfileSelector/ExampleDeviceProfileSelector.uplugin
LogPluginManager: Loaded Plugin GearVR, From C:/Program Files (x86)/Epic Games/4.14/Engine/Plugins/Runtime/GearVR/GearVR.uplugin
LogPluginManager: Loaded Plugin GoogleVRController, From C:/Program Files (x86)/Epic Games/4.14/Engine/Plugins/Runtime/GoogleVR/GoogleVRController/GoogleVRController.uplugin
LogPluginManager: Loaded Plugin GoogleVRHMD, From C:/Program Files (x86)/Epic Games/4.14/Engine/Plugins/Runtime/GoogleVR/GoogleVRHMD/GoogleVRHMD.uplugin
LogPluginManager: Loaded Plugin IOSDeviceProfileSelector, From C:/Program Files (x86)/Epic Games/4.14/Engine/Plugins/Runtime/IOSDeviceProfileSelector/IOSDeviceProfileSelector.uplugin
LogPluginManager: Loaded Plugin LeapMotion, From C:/Program Files (x86)/Epic Games/4.14/Engine/Plugins/Runtime/LeapMotion/LeapMotion.uplugin
LogPluginManager: Loaded Plugin LinuxDeviceProfileSelector, From C:/Program Files (x86)/Epic Games/4.14/Engine/Plugins/Runtime/LinuxDeviceProfileSelector/LinuxDeviceProfileSelector.uplugin
LogPluginManager: Loaded Plugin MIDIDevice, From C:/Program Files (x86)/Epic Games/4.14/Engine/Plugins/Runtime/MIDIDevice/MIDIDevice.uplugin
LogPluginManager: Loaded Plugin MobilePatchingUtils, From C:/Program Files (x86)/Epic Games/4.14/Engine/Plugins/Runtime/MobilePatchingUtils/MobilePatchingUtils.uplugin
LogPluginManager: Loaded Plugin Ansel, From C:/Program Files (x86)/Epic Games/4.14/Engine/Plugins/Runtime/Nvidia/Ansel/Ansel.uplugin
LogPluginManager: Loaded Plugin OculusAudio, From C:/Program Files (x86)/Epic Games/4.14/Engine/Plugins/Runtime/OculusAudio/OculusAudio.uplugin
LogPluginManager: Loaded Plugin OculusInput, From C:/Program Files (x86)/Epic Games/4.14/Engine/Plugins/Runtime/OculusInput/OculusInput.uplugin
LogPluginManager: Loaded Plugin OculusLibrary, From C:/Program Files (x86)/Epic Games/4.14/Engine/Plugins/Runtime/OculusLibrary/OculusLibrary.uplugin
LogPluginManager: Loaded Plugin OculusRift, From C:/Program Files (x86)/Epic Games/4.14/Engine/Plugins/Runtime/OculusRift/OculusRift.uplugin
LogPluginManager: Loaded Plugin Oodle, From C:/Program Files (x86)/Epic Games/4.14/Engine/Plugins/Runtime/PacketHandlers/CompressionComponents/Oodle/Oodle.uplugin
LogPluginManager: Loaded Plugin ProceduralMeshComponent, From C:/Program Files (x86)/Epic Games/4.14/Engine/Plugins/Runtime/ProceduralMeshComponent/ProceduralMeshComponent.uplugin
LogPluginManager: Loaded Plugin SoundMod, From C:/Program Files (x86)/Epic Games/4.14/Engine/Plugins/Runtime/SoundMod/SoundMod.uplugin
LogPluginManager: Loaded Plugin SoundVisualizations, From C:/Program Files (x86)/Epic Games/4.14/Engine/Plugins/Runtime/SoundVisualizations/SoundVisualizations.uplugin
LogPluginManager: Loaded Plugin SteamController, From C:/Program Files (x86)/Epic Games/4.14/Engine/Plugins/Runtime/Steam/SteamController/SteamController.uplugin
LogPluginManager: Loaded Plugin SteamVR, From C:/Program Files (x86)/Epic Games/4.14/Engine/Plugins/Runtime/Steam/SteamVR/SteamVR.uplugin
LogPluginManager: Loaded Plugin WebBrowserWidget, From C:/Program Files (x86)/Epic Games/4.14/Engine/Plugins/Runtime/WebBrowserWidget/WebBrowserWidget.uplugin
LogPluginManager: Loaded Plugin WindowsDeviceProfileSelector, From C:/Program Files (x86)/Epic Games/4.14/Engine/Plugins/Runtime/WindowsDeviceProfileSelector/WindowsDeviceProfileSelector.uplugin
LogPluginManager: Loaded Plugin WindowsMoviePlayer, From C:/Program Files (x86)/Epic Games/4.14/Engine/Plugins/Runtime/WindowsMoviePlayer/WindowsMoviePlayer.uplugin
LogPluginManager: Loaded Plugin ScriptPlugin, From C:/Program Files (x86)/Epic Games/4.14/Engine/Plugins/ScriptPlugin/ScriptPlugin.uplugin
LogPluginManager: Loaded Plugin SlateRemote, From C:/Program Files (x86)/Epic Games/4.14/Engine/Plugins/Slate/SlateRemote/SlateRemote.uplugin
LogPluginManager: Loaded Plugin EditorTests, From C:/Program Files (x86)/Epic Games/4.14/Engine/Plugins/Tests/EditorTests/EditorTests.uplugin
LogPluginManager: Loaded Plugin FbxAutomationTestBuilder, From C:/Program Files (x86)/Epic Games/4.14/Engine/Plugins/Tests/FbxAutomationTestBuilder/FbxAutomationTestBuilder.uplugin
LogPluginManager: Loaded Plugin FunctionalTestingEditor, From C:/Program Files (x86)/Epic Games/4.14/Engine/Plugins/Tests/FunctionalTestingEditor/FunctionalTestingEditor.uplugin
LogPluginManager: Loaded Plugin RuntimeTests, From C:/Program Files (x86)/Epic Games/4.14/Engine/Plugins/Tests/RuntimeTests/RuntimeTests.uplugin
LogPluginManager: Loaded Plugin ScreenshotTools, From C:/Program Files (x86)/Epic Games/4.14/Engine/Plugins/Tests/ScreenshotTools/ScreenshotTools.uplugin
LogInit: Using libcurl 7.47.1
LogInit:  - built for x86_64-pc-win32
LogInit:  - supports SSL with OpenSSL/1.0.2g
LogInit:  - supports HTTP deflate (compression) using libz 1.2.8
LogInit:  - other features:
LogInit:      CURL_VERSION_SSL
LogInit:      CURL_VERSION_LIBZ
LogInit:      CURL_VERSION_IPV6
LogInit:      CURL_VERSION_ASYNCHDNS
LogInit:      CURL_VERSION_LARGEFILE
LogInit:      CURL_VERSION_IDN
LogInit:  CurlRequestOptions (configurable via config and command line):
LogInit:  - bVerifyPeer = false  - Libcurl will NOT verify peer certificate
LogInit:  - bUseHttpProxy = false  - Libcurl will NOT use HTTP proxy
LogInit:  - bDontReuseConnections = false  - Libcurl will reuse connections
LogInit:  - CertBundlePath = nullptr  - Libcurl will use whatever was configured at build time.
LogInit: Build: ++UE4+Release-4.14-CL-3249277
LogInit: Engine Version: 4.14.3-3249277+++UE4+Release-4.14
LogInit: Compatible Engine Version: 4.14.0-3195953+++UE4+Release-4.14
LogInit: Net CL: 3195953
LogDevObjectVersion: Number of dev versions registered: 13
LogDevObjectVersion:   Dev-Blueprints (B0D832E4-1F89-4F0D-ACCF-7EB736FD4AA2): 7
LogDevObjectVersion:   Dev-Build (E1C64328-A22C-4D53-A36C-8E866417BD8C): 0
LogDevObjectVersion:   Dev-Core (375EC13C-06E4-48FB-B500-84F0262A717E): 1
LogDevObjectVersion:   Dev-Editor (E4B068ED-F494-42E9-A231-DA0B2E46BB41): 8
LogDevObjectVersion:   Dev-Framework (CFFC743F-43B0-4480-9391-14DF171D2073): 17
LogDevObjectVersion:   Dev-Mobile (B02B49B5-BB20-44E9-A304-32B752E40360): 0
LogDevObjectVersion:   Dev-Networking (A4E4105C-59A1-49B5-A7C5-40C4547EDFEE): 0
LogDevObjectVersion:   Dev-Online (39C831C9-5AE6-47DC-9A44-9C173E1C8E7C): 0
LogDevObjectVersion:   Dev-Physics (78F01B33-EBEA-4F98-B9B4-84EACCB95AA2): 0
LogDevObjectVersion:   Dev-Platform (6631380F-2D4D-43E0-8009-CF276956A95A): 0
LogDevObjectVersion:   Dev-Rendering (12F88B9F-8875-4AFC-A67C-D90C383ABD29): 12
LogDevObjectVersion:   Dev-Sequencer (7B5AE74C-D270-4C10-A958-57980B212A5A): 1
LogDevObjectVersion:   Dev-VR (D7296918-1DD6-4BDD-9DE2-64A83CC13884): 0
LogInit: Compiled (64-bit): Jan  6 2017 10:49:43
LogInit: Compiled with Visual C++: 19.00.23026.00
LogInit: Build Configuration: Development
LogInit: Branch Name: ++UE4+Release-4.14
LogInit: Command line:  
LogInit: Base directory: C:/Program Files (x86)/Epic Games/4.14/Engine/Binaries/Win64/
LogInit: Installed Engine Build: 1
LogInit: Presizing for max 8388607 objects, including 0 objects not considered by GC, pre-allocating 0 bytes for permanent pool.
LogInit: Object subsystem initialized
[2017.01.21-11.50.01:464][  0]LogInit: Selected Device Profile: [Windows]
[2017.01.21-11.50.01:465][  0]LogInit: Applying CVar settings loaded from the selected device profile: [Windows]
[2017.01.21-11.50.01:475][  0]LogInit: Computer: DESKTOP-LDMGO10
[2017.01.21-11.50.01:475][  0]LogInit: User: HarryHastonDougan
[2017.01.21-11.50.01:475][  0]LogInit: CPU Page size=65536, Cores=4
[2017.01.21-11.50.01:475][  0]LogInit: High frequency timer resolution =3.328126 MHz
[2017.01.21-11.50.01:476][  0]LogMemory: Memory total: Physical=16.0GB (16GB approx)
[2017.01.21-11.50.01:476][  0]LogMemory: Platform Memory Stats for Windows
[2017.01.21-11.50.01:476][  0]LogMemory: Process Physical Memory: 263.98 MB used, 263.98 MB peak
[2017.01.21-11.50.01:476][  0]LogMemory: Process Virtual Memory: 262.81 MB used, 262.81 MB peak
[2017.01.21-11.50.01:476][  0]LogMemory: Physical Memory: 4225.48 MB used,  12121.27 MB free, 16346.76 MB total
[2017.01.21-11.50.01:476][  0]LogMemory: Virtual Memory: 676.41 MB used,  12121.27 MB free, 134217728.00 MB total
[2017.01.21-11.50.01:501][  0]LogTextLocalizationManager: No specific translations for ('en-GB') exist, so ('en') translations will be used.
[2017.01.21-11.50.02:059][  0]LogD3D11RHI: D3D11 adapters:
[2017.01.21-11.50.02:546][  0]LogD3D11RHI:    0. 'NVIDIA GeForce GTX 1060 3GB' (Feature Level 11_0)
[2017.01.21-11.50.02:546][  0]LogD3D11RHI:       3035/0/8173 MB DedicatedVideo/DedicatedSystem/SharedSystem, Outputs:2, VendorId:0x10de
[2017.01.21-11.50.02:547][  0]LogD3D11RHI:    1. 'Microsoft Basic Render Driver' (Feature Level 11_0)
[2017.01.21-11.50.02:547][  0]LogD3D11RHI:       0/0/8173 MB DedicatedVideo/DedicatedSystem/SharedSystem, Outputs:0, VendorId:0x1414
[2017.01.21-11.50.02:547][  0]LogD3D11RHI: Chosen D3D11 Adapter: 0
[2017.01.21-11.50.02:551][  0]LogD3D11RHI: Creating new Direct3DDevice
[2017.01.21-11.50.02:551][  0]LogD3D11RHI:     GPU DeviceId: 0x1c02 (for the marketing name, search the web for "GPU Device Id")
[2017.01.21-11.50.02:551][  0]LogWindows: EnumDisplayDevices:
[2017.01.21-11.50.02:551][  0]LogWindows:    0. 'NVIDIA GeForce GTX 1060 3GB' (P:1 D:1)
[2017.01.21-11.50.02:551][  0]LogWindows:    1. 'NVIDIA GeForce GTX 1060 3GB' (P:0 D:1)
[2017.01.21-11.50.02:551][  0]LogWindows:    2. 'NVIDIA GeForce GTX 1060 3GB' (P:0 D:0)
[2017.01.21-11.50.02:551][  0]LogWindows:    3. 'NVIDIA GeForce GTX 1060 3GB' (P:0 D:0)
[2017.01.21-11.50.02:551][  0]LogWindows: DebugString: FoundDriverCount:4 
[2017.01.21-11.50.02:551][  0]LogD3D11RHI:     Adapter Name: NVIDIA GeForce GTX 1060 3GB
[2017.01.21-11.50.02:551][  0]LogD3D11RHI:   Driver Version: 376.19 (internal:21.21.13.7619, unified:376.19)
[2017.01.21-11.50.02:551][  0]LogD3D11RHI:      Driver Date: 12-1-2016
[2017.01.21-11.50.02:551][  0]LogRHI: Texture pool is 1361 MB (70% of 1945 MB)
[2017.01.21-11.50.03:005][  0]LogD3D11RHI: Async texture creation enabled
[2017.01.21-11.50.13:035][  0]LogD3D11RHI: GPU Timing Frequency: 1000.000000 (Debug: 2 1)
[2017.01.21-11.50.13:035][  0]LogShaderCompilers: Guid format shader working directory is 3 characters bigger than the processId version (../../../../../../Repos/Drive-Thru/Drive-Thru/Drive_Thru/Intermediate/Shaders/WorkingDirectory/10736/).
[2017.01.21-11.50.13:035][  0]LogShaderCompilers: Cleaned the shader compiler working directory 'C:/Users/Harry Haston-Dougan/AppData/Local/Temp/UnrealShaderWorkingDir/2369B70D4FBB70E981D06FBA8AF703D0/'.
[2017.01.21-11.50.13:035][  0]LogShaderCompilers:Display: Using Local Shader Compiler.
[2017.01.21-11.50.13:929][  0]LogTemp:Display: Loaded TP AllDesktopTargetPlatform
[2017.01.21-11.50.13:976][  0]LogTemp:Display: Loaded TP MacClientTargetPlatform
[2017.01.21-11.50.14:024][  0]LogTemp:Display: Loaded TP MacNoEditorTargetPlatform
[2017.01.21-11.50.14:071][  0]LogTemp:Display: Loaded TP MacServerTargetPlatform
[2017.01.21-11.50.14:117][  0]LogTemp:Display: Loaded TP MacTargetPlatform
[2017.01.21-11.50.14:163][  0]LogTemp:Display: Loaded TP WindowsClientTargetPlatform
[2017.01.21-11.50.14:211][  0]LogTemp:Display: Loaded TP WindowsNoEditorTargetPlatform
[2017.01.21-11.50.14:258][  0]LogTemp:Display: Loaded TP WindowsServerTargetPlatform
[2017.01.21-11.50.14:296][  0]LogTemp:Display: Loaded TP WindowsTargetPlatform
[2017.01.21-11.50.14:349][  0]LogTemp:Display: Loaded TP AndroidTargetPlatform
[2017.01.21-11.50.14:396][  0]LogTemp:Display: Loaded TP Android_ASTCTargetPlatform
[2017.01.21-11.50.14:443][  0]LogTemp:Display: Loaded TP Android_ATCTargetPlatform
[2017.01.21-11.50.14:489][  0]LogTemp:Display: Loaded TP Android_DXTTargetPlatform
[2017.01.21-11.50.14:533][  0]LogTemp:Display: Loaded TP Android_ETC1TargetPlatform
[2017.01.21-11.50.14:580][  0]LogTemp:Display: Loaded TP Android_ETC2TargetPlatform
[2017.01.21-11.50.14:671][  0]LogTemp:Display: Loaded TP Android_MultiTargetPlatform
[2017.01.21-11.50.14:671][  0]LogTemp:Display: Loaded TP Android_PVRTCTargetPlatform
[2017.01.21-11.50.14:702][  0]LogTemp:Display: Loaded TP HTML5TargetPlatform
[2017.01.21-11.50.14:778][  0]LogTemp:Display: Loaded TP IOSTargetPlatform
[2017.01.21-11.50.14:807][  0]LogTemp:Display: Loaded TP TVOSTargetPlatform
[2017.01.21-11.50.14:851][  0]LogTemp:Display: Loaded TP LinuxClientTargetPlatform
[2017.01.21-11.50.14:895][  0]LogTemp:Display: Loaded TP LinuxNoEditorTargetPlatform
[2017.01.21-11.50.14:940][  0]LogTemp:Display: Loaded TP LinuxServerTargetPlatform
[2017.01.21-11.50.14:985][  0]LogTemp:Display: Loaded TP LinuxTargetPlatform
[2017.01.21-11.50.14:985][  0]LogTargetPlatformManager:Display: Building Assets For Windows
[2017.01.21-11.50.15:327][  0]LogDerivedDataCache:Display: Max Cache Size: 512 MB
[2017.01.21-11.50.15:372][  0]LogDerivedDataCache: Loaded boot cache 0.04s 52MB C:/Users/Harry Haston-Dougan/AppData/Local/UnrealEngine/4.14/DerivedDataCache/Boot.ddc.
[2017.01.21-11.50.15:372][  0]LogDerivedDataCache:Display: Loaded Boot cache: C:/Users/Harry Haston-Dougan/AppData/Local/UnrealEngine/4.14/DerivedDataCache/Boot.ddc
[2017.01.21-11.50.15:372][  0]LogDerivedDataCache: FDerivedDataBackendGraph:  Pak pak cache file ../../../../../../Repos/Drive-Thru/Drive-Thru/Drive_Thru/DerivedDataCache/DDC.ddp not found, will not use a pak cache.
[2017.01.21-11.50.15:372][  0]LogDerivedDataCache: Unable to find inner node Pak for hierarchical cache Hierarchy.
[2017.01.21-11.50.15:372][  0]LogDerivedDataCache: FDerivedDataBackendGraph:  CompressedPak pak cache file ../../../../../../Repos/Drive-Thru/Drive-Thru/Drive_Thru/DerivedDataCache/Compressed.ddp not found, will not use a pak cache.
[2017.01.21-11.50.15:372][  0]LogDerivedDataCache: Unable to find inner node CompressedPak for hierarchical cache Hierarchy.
[2017.01.21-11.50.15:387][  0]LogDerivedDataCache:Display: Pak cache opened for reading ../../../Engine/DerivedDataCache/Compressed.ddp.
[2017.01.21-11.50.15:399][  0]LogDerivedDataCache: Using Local data cache path C:/Users/Harry Haston-Dougan/AppData/Local/UnrealEngine/Common/DerivedDataCache: Writable
[2017.01.21-11.50.15:571][  0]LogInit: Selected Device Profile: [Windows]
[2017.01.21-11.50.15:573][  0]LogContentStreaming: Texture pool size is 0.00 MB
[2017.01.21-11.50.15:753][  0]LogMeshUtilities: Using QuadricMeshReduction for automatic static mesh reduction
[2017.01.21-11.50.15:789][  0]LogSimplygon: Simplygon DLL not present - disabling.
[2017.01.21-11.50.15:831][  0]LogMeshUtilities: Using SimplygonSwarm for distributed automatic mesh merging
[2017.01.21-11.50.15:831][  0]LogMeshUtilities: No automatic skeletal mesh reduction module available
[2017.01.21-11.50.15:831][  0]LogMeshUtilities: No automatic mesh merging module available
[2017.01.21-11.50.16:272][  0]LogNetVersion: GetLocalNetworkVersion: CL: 3195953, ProjectName: drive_thru, ProjectVersion: , EngineNetworkVersion: 2, GameNetworkVersion: 0, NetworkChecksum: 3324528129
[2017.01.21-11.50.16:324][  0]LogAssetRegistry: FAssetRegistry took 0.0217 seconds to start up
[2017.01.21-11.50.16:382][  0]LogPackageLocalizationCache: Processed 4 localized package path(s) for 2 prioritized culture(s) in 0.036663 seconds
[2017.01.21-11.50.16:387][  0]LogUObjectArray: 31946 objects as part of root set at end of initial load.
[2017.01.21-11.50.16:387][  0]LogUObjectAllocator: 6935840 out of 0 bytes used by permanent object pool.
[2017.01.21-11.50.16:387][  0]LogUObjectArray: CloseDisregardForGC: 0/0 objects in disregard for GC pool
[2017.01.21-11.50.16:443][  0]LogInit: WinSock: version 1.1 (2.2), MaxSocks=32767, MaxUdp=65467
[2017.01.21-11.50.17:057][  0]LogSlate: Using Freetype 2.6.0
[2017.01.21-11.50.17:057][  0]LogSlate: SlateFontCache - WITH_FREETYPE: 1, WITH_HARFBUZZ: 1
[2017.01.21-11.50.17:057][  0]LogSlate: SlateFontCache - WITH_FREETYPE: 1, WITH_HARFBUZZ: 1
[2017.01.21-11.50.17:736][  0]LogFMODOculus: StartupModule
[2017.01.21-11.50.17:779][  0]LogFMOD: FFMODStudioModule startup
[2017.01.21-11.50.17:779][  0]LogFMOD:  Lib path = '../../../Engine/Plugins/FMODStudio/Binaries'
[2017.01.21-11.50.17:779][  0]LogFMOD: FFMODStudioModule::LoadDll: Loading ../../../Engine/Plugins/FMODStudio/Binaries/Win64/fmodL64.dll
[2017.01.21-11.50.17:784][  0]LogFMOD: FFMODStudioModule::LoadDll: Loading ../../../Engine/Plugins/FMODStudio/Binaries/Win64/fmodstudioL64.dll
[2017.01.21-11.50.17:791][  0]LogFMOD: Loading strings bank: ../../../../../../Repos/Drive-Thru/Drive-Thru/Drive_Thru/Content/FMOD/Desktop/Master Bank.strings.bank
[2017.01.21-11.50.17:793][  0]LogFMOD:Error: e:\jk\workspace\1. Build_UE4_1.8_Libs\studio_api\src\fmod_bankmodel.cpp(346) - Failed to open file '../../../../../../Repos/Drive-Thru/Drive-Thru/Drive_Thru/Content/FMOD/Desktop/Master Bank.strings.bank'

[2017.01.21-11.50.17:793][  0]LogFMOD:Warning: Failed to load strings bank: ../../../../../../Repos/Drive-Thru/Drive-Thru/Drive_Thru/Content/FMOD/Desktop/Master Bank.strings.bank
[2017.01.21-11.50.17:805][  0]LogFMOD: Default sample rate = 48000
[2017.01.21-11.50.17:805][  0]LogFMOD: System sample rate = 48000
[2017.01.21-11.50.17:805][  0]LogFMOD: Matching system sample rate 48000
[2017.01.21-11.50.17:843][  0]LogTcpMessaging: Initializing TcpMessaging bridge
[2017.01.21-11.50.17:881][  0]LogUdpMessaging: Initializing bridge on interface 0.0.0.0:0 to multicast group 230.0.0.1:6666.
[2017.01.21-11.50.18:151][  0]LogMaterial: Missing cached shader map for material BaseColor, compiling. 
[2017.01.21-11.50.18:151][  0]LogMaterial:Warning: Failed to compile Material /Engine/BufferVisualization/BaseColor.BaseColor for platform PCD3D_SM5, Default Material will be used in game.
[2017.01.21-11.50.18:151][  0]LogMaterial:Warning: 	(Node SceneTexture) GBuffer scene textures not available with forward shading.
[2017.01.21-11.50.18:163][  0]LogMaterial: Uniform references updated for custom material expression Custom.
[2017.01.21-11.50.18:173][  0]LogMaterial: Missing cached shader map for material LightingModel, compiling. 
[2017.01.21-11.50.18:173][  0]LogMaterial:Warning: Failed to compile Material /Engine/BufferVisualization/LightingModel.LightingModel for platform PCD3D_SM5, Default Material will be used in game.
[2017.01.21-11.50.18:173][  0]LogMaterial:Warning: 	(Node SceneTexture) GBuffer scene textures not available with forward shading.
[2017.01.21-11.50.18:175][  0]LogMaterial: Missing cached shader map for material MaterialAO, compiling. 
[2017.01.21-11.50.18:175][  0]LogMaterial:Warning: Failed to compile Material /Engine/BufferVisualization/MaterialAO.MaterialAO for platform PCD3D_SM5, Default Material will be used in game.
[2017.01.21-11.50.18:175][  0]LogMaterial:Warning: 	(Node SceneTexture) GBuffer scene textures not available with forward shading.
[2017.01.21-11.50.18:177][  0]LogMaterial: Missing cached shader map for material Metallic, compiling. 
[2017.01.21-11.50.18:177][  0]LogMaterial:Warning: Failed to compile Material /Engine/BufferVisualization/Metallic.Metallic for platform PCD3D_SM5, Default Material will be used in game.
[2017.01.21-11.50.18:177][  0]LogMaterial:Warning: 	(Node SceneTexture) GBuffer scene textures not available with forward shading.
[2017.01.21-11.50.18:179][  0]LogMaterial: Missing cached shader map for material Opacity, compiling. 
[2017.01.21-11.50.18:179][  0]LogMaterial:Warning: Failed to compile Material /Engine/BufferVisualization/Opacity.Opacity for platform PCD3D_SM5, Default Material will be used in game.
[2017.01.21-11.50.18:179][  0]LogMaterial:Warning: 	(Node SceneTexture) GBuffer scene textures not available with forward shading.
[2017.01.21-11.50.18:181][  0]LogMaterial: Missing cached shader map for material Roughness, compiling. 
[2017.01.21-11.50.18:181][  0]LogMaterial:Warning: Failed to compile Material /Engine/BufferVisualization/Roughness.Roughness for platform PCD3D_SM5, Default Material will be used in game.
[2017.01.21-11.50.18:181][  0]LogMaterial:Warning: 	(Node SceneTexture) GBuffer scene textures not available with forward shading.
[2017.01.21-11.50.18:196][  0]LogMaterial: Missing cached shader map for material Specular, compiling. 
[2017.01.21-11.50.18:196][  0]LogMaterial:Warning: Failed to compile Material /Engine/BufferVisualization/Specular.Specular for platform PCD3D_SM5, Default Material will be used in game.
[2017.01.21-11.50.18:196][  0]LogMaterial:Warning: 	(Node SceneTexture) GBuffer scene textures not available with forward shading.
[2017.01.21-11.50.18:198][  0]LogMaterial: Missing cached shader map for material SubsurfaceColor, compiling. 
[2017.01.21-11.50.18:198][  0]LogMaterial:Warning: Failed to compile Material /Engine/BufferVisualization/SubsurfaceColor.SubsurfaceColor for platform PCD3D_SM5, Default Material will be used in game.
[2017.01.21-11.50.18:198][  0]LogMaterial:Warning: 	(Node SceneTexture) GBuffer scene textures not available with forward shading.
[2017.01.21-11.50.18:200][  0]LogMaterial: Missing cached shader map for material WorldNormal, compiling. 
[2017.01.21-11.50.18:200][  0]LogMaterial:Warning: Failed to compile Material /Engine/BufferVisualization/WorldNormal.WorldNormal for platform PCD3D_SM5, Default Material will be used in game.
[2017.01.21-11.50.18:200][  0]LogMaterial:Warning: 	(Node SceneTexture) GBuffer scene textures not available with forward shading.
[2017.01.21-11.50.18:493][  0]SourceControl: Info Source control is disabled
[2017.01.21-11.50.18:525][  0]SourceControl: Info Source control is disabled
[2017.01.21-11.50.18:570][  0]SourceControl: Info Source control is disabled
[2017.01.21-11.50.18:613][  0]SourceControl: Info Source control is disabled
[2017.01.21-11.50.19:168][  0]LogFMOD: FFMODStudioEditorModule startup
[2017.01.21-11.50.19:836][  0]LogEngine: Initializing Engine...
[2017.01.21-11.50.19:856][  0]LogHMD: SteamVR initialized.  Driver: lighthouse  Display: LHR-4541EBFF
[2017.01.21-11.50.20:083][  0]LogAIModule: Creating AISystem for world Untitled
[2017.01.21-11.50.20:089][  0]LogInit: XAudio2 using 'Realtek HD Audio 2nd output (Realtek High Definition Audio)' : 2 channels at 48 kHz using 32 bits per sample (channel mask 0x3)
[2017.01.21-11.50.20:097][  0]LogInit: FAudioDevice initialized.
[2017.01.21-11.50.20:121][  0]LogDerivedDataCache: Saved boot cache 0.02s 52MB C:/Users/Harry Haston-Dougan/AppData/Local/UnrealEngine/4.14/DerivedDataCache/Boot.ddc.
[2017.01.21-11.50.20:129][  0]LogInit: Texture streaming: Enabled
[2017.01.21-11.50.20:288][  0]LogInit: Transaction tracking system initialized
[2017.01.21-11.50.20:572][  0]BlueprintLog: New page: Editor Load
[2017.01.21-11.50.21:303][  0]LocalizationService: Info Localization service is disabled
[2017.01.21-11.50.21:849][  0]LogConsoleResponse:Display: 
[2017.01.21-11.50.21:973][  0]LogCook:Display: Max memory allowance for cook 16384mb min free memory 0mb
[2017.01.21-11.50.21:973][  0]LogCook:Display: Mobile HDR setting 1
[2017.01.21-11.50.21:998][  0]LogFileCache: Scanning file cache for directory 'C:/Repos/Drive-Thru/Drive-Thru/Drive_Thru/Content/' took 0.01s
[2017.01.21-11.50.22:812][  0]SourceControl: Info Source control is disabled
[2017.01.21-11.50.22:812][  0]Cmd: MAP LOAD FILE="../../../../../../Repos/Drive-Thru/Drive-Thru/Drive_Thru/Content/VehicleBP/Maps/VehicleExampleMap.umap" TEMPLATE=0 SHOWPROGRESS=1 FEATURELEVEL=3
[2017.01.21-11.50.22:812][  0]LightingResults: New page: Lighting Build
[2017.01.21-11.50.22:847][  0]MapCheck: New page: Map Check
[2017.01.21-11.50.22:847][  0]LightingResults: New page: Lighting Build
[2017.01.21-11.50.23:281][  0]LogAIModule: Creating AISystem for world VehicleExampleMap
[2017.01.21-11.50.23:291][  0]LogEditorServer: Finished looking for orphan Actors (0.000 secs)
[2017.01.21-11.50.23:292][  0]Cmd: MAP CHECKDEP NOCLEARLOG
[2017.01.21-11.50.23:325][  0]MapCheck: Info Map check complete: 0 Error(s), 0 Warning(s), took 33.259ms to complete.
[2017.01.21-11.50.23:325][  0]LogFileHelpers: Loading map 'VehicleExampleMap' took 0.513
[2017.01.21-11.50.23:443][  0]LogCollectionManager: Loaded 0 collections in 0.002359 seconds
[2017.01.21-11.50.23:518][  0]LogFileCache: Scanning file cache for directory 'C:/Repos/Drive-Thru/Drive-Thru/Drive_Thru/Saved/Collections/' took 0.01s
[2017.01.21-11.50.23:518][  0]LogFileCache: Scanning file cache for directory 'C:/Repos/Drive-Thru/Drive-Thru/Drive_Thru/Content/Developers/HarryHastonDougan/Collections/' took 0.01s
[2017.01.21-11.50.23:518][  0]LogFileCache: Scanning file cache for directory 'C:/Repos/Drive-Thru/Drive-Thru/Drive_Thru/Content/Collections/' took 0.01s
[2017.01.21-11.50.23:518][  0]LogCollectionManager: Rebuilt the GUID cache for 0 collections in 0.000002 seconds
[2017.01.21-11.50.23:525][  0]LogContentBrowser: Native class hierarchy populated in 0.0075 seconds. Added 2204 classes and 435 folders.
[2017.01.21-11.50.23:560][  0]LogStats: UGameplayTagsManager::ConstructGameplayTagTree: Construct from data asset -  0.000 s
[2017.01.21-11.50.23:560][  0]LogStats: UGameplayTagsManager::ConstructGameplayTagTree: GameplayTagTreeChangedEvent.Broadcast -  0.000 s
[2017.01.21-11.50.23:561][  0]LogContentBrowser: Native class hierarchy updated for 'GameplayTags' in 0.0004 seconds. Added 13 classes and 0 folders.
[2017.01.21-11.50.23:613][  0]LogContentBrowser: Native class hierarchy updated for 'WidgetCarousel' in 0.0003 seconds. Added 0 classes and 0 folders.
[2017.01.21-11.50.23:647][  0]LogContentBrowser: Native class hierarchy updated for 'AddContentDialog' in 0.0004 seconds. Added 0 classes and 0 folders.
[2017.01.21-11.50.23:682][  0]LogContentBrowser: Native class hierarchy updated for 'SceneOutliner' in 0.0004 seconds. Added 1 classes and 2 folders.
[2017.01.21-11.50.23:714][  0]LogCrashTracker: Crashtracker disabled due to settings.
[2017.01.21-11.50.23:719][  0]LogUObjectGlobals:Warning: Failed to find object 'Class None.'
[2017.01.21-11.50.23:778][  0]LogContentBrowser: Native class hierarchy updated for 'HierarchicalLODOutliner' in 0.0004 seconds. Added 1 classes and 2 folders.
[2017.01.21-11.50.23:778][  0]LogLoad: (Engine Initialization) Total time: 23.74 seconds
[2017.01.21-11.50.23:778][  0]LogLoad: (Engine Initialization) Total Blueprint compile time: 0.15 seconds
[2017.01.21-11.50.23:779][  0]LogExternalProfiler: Found external profiler: VSPerf
[2017.01.21-11.50.23:779][  0]LogExternalProfiler: Using external profiler: VSPerf
[2017.01.21-11.50.24:119][  0]LogOcInput: OculusInput pre-init called
[2017.01.21-11.50.24:134][  0]LogAssetRegistry: Asset discovery search completed in 7.8321 seconds
[2017.01.21-11.50.24:134][  0]LogCollectionManager: Rebuilt the object cache for 0 collections in 0.000001 seconds (found 0 objects)
[2017.01.21-11.50.24:134][  0]LogCollectionManager: Fixed up redirectors for 0 collections in 0.000016 seconds (updated 0 objects)
[2017.01.21-11.50.24:139][  0]LogContentStreaming: Texture pool size now 1000 MB
[2017.01.21-11.50.24:291][  0]LogRenderer: Reallocating scene render targets to support 1208x576 NumSamples 1 (Frame:2).
[2017.01.21-11.50.53:287][159]LogEditorFactories: Performing atomic reimport of [C:/Users/Harry Haston-Dougan/Downloads/SM_Car_01.fbx]
[2017.01.21-11.50.53:318][159]LogFbx: Loading FBX Scene from C:/Users/Harry Haston-Dougan/Downloads/SM_Car_01.fbx
[2017.01.21-11.50.53:379][159]LogFbx: FBX Scene Loaded Succesfully
[2017.01.21-11.50.53:383][159]LogFbx:Warning: Warning Mesh [Geometry have no name] in the fbx file is not reference by any hierarchy node.
[2017.01.21-11.50.53:394][159]LogFbx:Warning: Triangulating static mesh pCube5
[2017.01.21-11.50.53:529][159]LogFbx:Warning: Triangulating static mesh pCube6
[2017.01.21-11.50.53:535][159]LogFbx:Warning: Triangulating static mesh pCube7
[2017.01.21-11.50.53:540][159]LogFbx:Warning: Triangulating static mesh pCube8
[2017.01.21-11.50.53:546][159]LogFbx:Warning: Triangulating static mesh pCube9
[2017.01.21-11.50.53:552][159]LogFbx:Warning: Triangulating static mesh pCircle1
[2017.01.21-11.50.53:563][159]LogFbx:Warning: Triangulating static mesh pCube12
[2017.01.21-11.50.53:579][159]LogFbx:Warning: Triangulating static mesh pCube13
[2017.01.21-11.50.53:582][159]LogFbx:Warning: Triangulating static mesh pCube14
[2017.01.21-11.50.53:583][159]LogFbx:Warning: Triangulating static mesh pCube15
[2017.01.21-11.50.53:584][159]LogFbx:Warning: Triangulating static mesh pCube16
[2017.01.21-11.50.53:585][159]LogFbx:Warning: Triangulating static mesh pCube17
[2017.01.21-11.50.53:587][159]LogFbx:Warning: Triangulating static mesh pCube18
[2017.01.21-11.50.53:592][159]LogFbx:Warning: Triangulating static mesh pCube19
[2017.01.21-11.50.53:597][159]LogFbx:Warning: Triangulating static mesh pPlane3
[2017.01.21-11.50.53:601][159]LogFbx:Warning: Triangulating static mesh pCube20
[2017.01.21-11.50.53:603][159]LogFbx:Warning: Triangulating static mesh pCube21
[2017.01.21-11.50.53:605][159]LogFbx:Warning: Triangulating static mesh pCube22
[2017.01.21-11.50.53:607][159]LogFbx:Warning: Triangulating static mesh pCube23
[2017.01.21-11.50.53:609][159]LogFbx:Warning: Triangulating static mesh pCube24
[2017.01.21-11.50.53:611][159]LogFbx:Warning: Triangulating static mesh pCube25
[2017.01.21-11.50.53:612][159]LogFbx:Warning: Triangulating static mesh pCube26
[2017.01.21-11.50.53:615][159]LogFbx:Warning: Triangulating static mesh pCube109
[2017.01.21-11.50.53:647][159]LogFbx:Warning: Triangulating static mesh pPlane4
[2017.01.21-11.50.53:651][159]LogFbx:Warning: Triangulating static mesh pCube110
[2017.01.21-11.50.53:652][159]LogFbx:Warning: Triangulating static mesh pCube111
[2017.01.21-11.50.53:654][159]LogFbx:Warning: Triangulating static mesh pCube112
[2017.01.21-11.50.53:659][159]LogFbx:Warning: Triangulating static mesh pCube113
[2017.01.21-11.50.53:660][159]LogFbx:Warning: Triangulating static mesh pCube114
[2017.01.21-11.50.53:662][159]LogFbx:Warning: Triangulating static mesh pCube115
[2017.01.21-11.50.53:663][159]LogFbx:Warning: Triangulating static mesh pCube116
[2017.01.21-11.50.53:665][159]LogFbx:Warning: Triangulating static mesh pCube117
[2017.01.21-11.50.53:666][159]LogFbx:Warning: Triangulating static mesh pCube118
[2017.01.21-11.50.53:668][159]LogFbx:Warning: Triangulating static mesh pCube119
[2017.01.21-11.50.53:670][159]LogFbx:Warning: Triangulating static mesh pCube120
[2017.01.21-11.50.53:671][159]LogFbx:Warning: Triangulating static mesh pCube121
[2017.01.21-11.50.53:673][159]LogFbx:Warning: Triangulating static mesh pCube122
[2017.01.21-11.50.53:675][159]LogFbx:Warning: Triangulating static mesh pCube124
[2017.01.21-11.50.53:682][159]LogFbx:Warning: Triangulating static mesh pCube126
[2017.01.21-11.50.53:684][159]LogFbx:Warning: Triangulating static mesh pCube141
[2017.01.21-11.50.53:695][159]LogFbx:Warning: Triangulating static mesh pCube142
[2017.01.21-11.50.53:745][159]LogStaticMesh: Building static mesh SM_Car_01...
[2017.01.21-11.50.53:846][159]LogStaticMesh: Built static mesh [0.10s] /Game/VehicleBP/Sedan/SM_Car_01.SM_Car_01
[2017.01.21-11.50.53:855][159]LogStaticMesh:Warning: SM_Car_01 has degenerate tangent bases which will result in incorrect shading.  MikkTSpace relies on tangent bases and may result in mesh corruption, consider disabling this option.
[2017.01.21-11.50.53:870][159]LogFbx:Warning: Warning SM_Car_01 has degenerate tangent bases which will result in incorrect shading.  MikkTSpace relies on tangent bases and may result in mesh corruption, consider disabling this option.
[2017.01.21-11.50.53:881][159]LogEditorFactories: -- imported successfully
[2017.01.21-11.51.28:505][ 94]LogEditorFactories: Performing atomic reimport of [C:/Users/Harry Haston-Dougan/Downloads/SM_Steering_Wheel_01.fbx]
[2017.01.21-11.51.28:523][ 94]LogFbx: Loading FBX Scene from C:/Users/Harry Haston-Dougan/Downloads/SM_Steering_Wheel_01.fbx
[2017.01.21-11.51.28:528][ 94]LogFbx: FBX Scene Loaded Succesfully
[2017.01.21-11.51.28:537][ 94]LogFbx:Warning: Triangulating static mesh pCube148
[2017.01.21-11.51.28:596][ 94]LogStaticMesh: Building static mesh SM_Steering_Wheel_01...
[2017.01.21-11.51.28:611][ 94]LogStaticMesh: Built static mesh [0.01s] /Game/VehicleBP/Sedan/SM_Steering_Wheel_01.SM_Steering_Wheel_01
[2017.01.21-11.51.28:613][ 94]LogStaticMesh:Warning: SM_Steering_Wheel_01 has degenerate tangent bases which will result in incorrect shading.  MikkTSpace relies on tangent bases and may result in mesh corruption, consider disabling this option.
[2017.01.21-11.51.28:616][ 94]LogFbx:Warning: Warning SM_Steering_Wheel_01 has degenerate tangent bases which will result in incorrect shading.  MikkTSpace relies on tangent bases and may result in mesh corruption, consider disabling this option.
[2017.01.21-11.51.28:621][ 94]LogEditorFactories: -- imported successfully
[2017.01.21-11.52.00:831][593]LogRenderer: Reallocating scene render targets to support 1432x924 NumSamples 1 (Frame:13797).
[2017.01.21-11.52.34:098][150]LogEditorViewport: Clicking on Actor (LMB): Sedan_C (Sedan)
[2017.01.21-11.52.36:894][388]LogContentBrowser: Native class hierarchy updated for 'BlueprintGraph' in 0.0008 seconds. Added 111 classes and 0 folders.
[2017.01.21-11.53.27:757][279]BlueprintLog: New page: Compile Sedan
[2017.01.21-11.53.28:370][302]Cmd: OBJ SAVEPACKAGE PACKAGE="/Game/VehicleBP/Sedan/Sedan" FILE="../../../../../../Repos/Drive-Thru/Drive-Thru/Drive_Thru/Content/VehicleBP/Sedan/Sedan.uasset" SILENT=true
[2017.01.21-11.53.28:465][302]LogSavePackage: Save=86.91ms
[2017.01.21-11.53.28:465][302]LogSavePackage: Moving '../../../../../../Repos/Drive-Thru/Drive-Thru/Drive_Thru/Saved/SedanEAE47FB1475E885184FE75946F54E0D5.tmp' to '../../../../../../Repos/Drive-Thru/Drive-Thru/Drive_Thru/Content/VehicleBP/Sedan/Sedan.uasset'
[2017.01.21-11.53.28:468][302]LogSavePackage:Display: Finished SavePackage ../../../../../../Repos/Drive-Thru/Drive-Thru/Drive_Thru/Content/VehicleBP/Sedan/Sedan.uasset
[2017.01.21-11.53.29:955][419]LogTemp: Repeting last play command: VR Preview
[2017.01.21-11.53.29:977][419]LogBlueprintUserMessages: Early PlayInEditor Detection: Level '/Game/VehicleBP/Maps/VehicleExampleMap.VehicleExampleMap:PersistentLevel' has LevelScriptBlueprint '/Game/VehicleBP/Maps/VehicleExampleMap.VehicleExampleMap:PersistentLevel.VehicleExampleMap' with GeneratedClass '/Game/VehicleBP/Maps/VehicleExampleMap.VehicleExampleMap_C' with ClassGeneratedBy '/Game/VehicleBP/Maps/VehicleExampleMap.VehicleExampleMap:PersistentLevel.VehicleExampleMap'
[2017.01.21-11.53.30:012][419]LogFMOD: Creating runtime Studio System
[2017.01.21-11.53.30:013][419]LogFMOD: Default sample rate = 48000
[2017.01.21-11.53.30:013][419]LogFMOD: System sample rate = 48000
[2017.01.21-11.53.30:013][419]LogFMOD: Matching system sample rate 48000
[2017.01.21-11.53.30:023][419]LogFMOD: Triggering Initialized on other modules
[2017.01.21-11.53.30:023][419]LogFMOD: Loading Banks
[2017.01.21-11.53.30:061][419]LogFMOD:Error: e:\jk\workspace\1. Build_UE4_1.8_Libs\studio_api\src\fmod_bankmodel.cpp(346) - Failed to open file '../../../../../../Repos/Drive-Thru/Drive-Thru/Drive_Thru/Content/FMOD/Desktop/Master Bank.bank'

[2017.01.21-11.53.30:061][419]LogFMOD:Error: e:\jk\workspace\1. Build_UE4_1.8_Libs\studio_api\src\fmod_bankmodel.cpp(346) - Failed to open file '../../../../../../Repos/Drive-Thru/Drive-Thru/Drive_Thru/Content/FMOD/Desktop/Master Bank.strings.bank'

[2017.01.21-11.53.30:061][419]LogFMOD:Warning: Failed to bank: ../../../../../../Repos/Drive-Thru/Drive-Thru/Drive_Thru/Content/FMOD/Desktop/Master Bank.bank (File does not exist)
[2017.01.21-11.53.30:061][419]LogFMOD:Warning: Failed to bank: ../../../../../../Repos/Drive-Thru/Drive-Thru/Drive_Thru/Content/FMOD/Desktop/Master Bank.strings.bank (File does not exist)
[2017.01.21-11.53.30:061][419]LogPlayLevel: PlayLevel: No blueprints needed recompiling
[2017.01.21-11.53.30:062][419]PIE: New page: PIE session: VehicleExampleMap (21 Jan 2017 11:53:30)
[2017.01.21-11.53.30:062][419]LogPlayLevel: Creating play world package: /Game/VehicleBP/Maps/UEDPIE_0_VehicleExampleMap
[2017.01.21-11.53.30:086][419]LogPlayLevel: PIE: StaticDuplicateObject took: (0.024329s)
[2017.01.21-11.53.30:087][419]LogAIModule: Creating AISystem for world VehicleExampleMap
[2017.01.21-11.53.30:087][419]LogPlayLevel: PIE: World Init took: (0.000791s)
[2017.01.21-11.53.30:087][419]LogPlayLevel: PIE: Created PIE world by copying editor world from /Game/VehicleBP/Maps/VehicleExampleMap.VehicleExampleMap to /Game/VehicleBP/Maps/UEDPIE_0_VehicleExampleMap.VehicleExampleMap (0.025432s)
[2017.01.21-11.53.30:141][419]LogInit: XAudio2 using 'Realtek HD Audio 2nd output (Realtek High Definition Audio)' : 2 channels at 48 kHz using 32 bits per sample (channel mask 0x3)
[2017.01.21-11.53.30:147][419]LogInit: FAudioDevice initialized.
[2017.01.21-11.53.30:258][419]LogLoad: Game class is 'VehicleGameMode_C'
[2017.01.21-11.53.30:266][419]LogWorld: Bringing World /Game/VehicleBP/Maps/UEDPIE_0_VehicleExampleMap.VehicleExampleMap up for play (max tick rate 0) at 2017.01.21-11.53.30
[2017.01.21-11.53.30:266][419]LogWorld: Bringing up level for play took: 0.002190
[2017.01.21-11.53.30:301][419]LogContentBrowser: Native class hierarchy updated for 'MovieSceneCapture' in 0.0004 seconds. Added 11 classes and 0 folders.
[2017.01.21-11.53.30:312][419]PIE: Info Play in editor start time for /Game/VehicleBP/Maps/UEDPIE_0_VehicleExampleMap 1.278
[2017.01.21-11.53.30:312][419]LogBlueprintUserMessages: Late PlayInEditor Detection: Level '/Game/VehicleBP/Maps/VehicleExampleMap.VehicleExampleMap:PersistentLevel' has LevelScriptBlueprint '/Game/VehicleBP/Maps/VehicleExampleMap.VehicleExampleMap:PersistentLevel.VehicleExampleMap' with GeneratedClass '/Game/VehicleBP/Maps/VehicleExampleMap.VehicleExampleMap_C' with ClassGeneratedBy '/Game/VehicleBP/Maps/VehicleExampleMap.VehicleExampleMap:PersistentLevel.VehicleExampleMap'
[2017.01.21-11.53.30:362][420]LogRenderer: Reallocating scene render targets to support 3024x1680 NumSamples 1 (Frame:37291).
[2017.01.21-11.53.38:834][178]LogBlueprintUserMessages: Early EndPlayMap Detection: Level '/Game/VehicleBP/Maps/VehicleExampleMap.VehicleExampleMap:PersistentLevel' has LevelScriptBlueprint '/Game/VehicleBP/Maps/VehicleExampleMap.VehicleExampleMap:PersistentLevel.VehicleExampleMap' with GeneratedClass '/Game/VehicleBP/Maps/VehicleExampleMap.VehicleExampleMap_C' with ClassGeneratedBy '/Game/VehicleBP/Maps/VehicleExampleMap.VehicleExampleMap:PersistentLevel.VehicleExampleMap'
[2017.01.21-11.53.39:072][178]LogBlueprintUserMessages: Late EndPlayMap Detection: Level '/Game/VehicleBP/Maps/VehicleExampleMap.VehicleExampleMap:PersistentLevel' has LevelScriptBlueprint '/Game/VehicleBP/Maps/VehicleExampleMap.VehicleExampleMap:PersistentLevel.VehicleExampleMap' with GeneratedClass '/Game/VehicleBP/Maps/VehicleExampleMap.VehicleExampleMap_C' with ClassGeneratedBy '/Game/VehicleBP/Maps/VehicleExampleMap.VehicleExampleMap:PersistentLevel.VehicleExampleMap'
[2017.01.21-11.54.03:237][644]LogEditorFactories: Performing atomic reimport of [C:/Users/Harry Haston-Dougan/Downloads/SM_Steering_Wheel_01.fbx]
[2017.01.21-11.54.03:255][644]LogFbx: Loading FBX Scene from C:/Users/Harry Haston-Dougan/Downloads/SM_Steering_Wheel_01.fbx
[2017.01.21-11.54.03:260][644]LogFbx: FBX Scene Loaded Succesfully
[2017.01.21-11.54.03:272][644]LogFbx:Warning: Triangulating static mesh pCube148
[2017.01.21-11.54.03:334][644]LogStaticMesh: Building static mesh SM_Steering_Wheel_01...
[2017.01.21-11.54.03:347][644]LogStaticMesh: Built static mesh [0.01s] /Game/VehicleBP/Sedan/SM_Steering_Wheel_01.SM_Steering_Wheel_01
[2017.01.21-11.54.03:350][644]LogStaticMesh:Warning: SM_Steering_Wheel_01 has degenerate tangent bases which will result in incorrect shading.  MikkTSpace relies on tangent bases and may result in mesh corruption, consider disabling this option.
[2017.01.21-11.54.03:353][644]LogFbx:Warning: Warning SM_Steering_Wheel_01 has degenerate tangent bases which will result in incorrect shading.  MikkTSpace relies on tangent bases and may result in mesh corruption, consider disabling this option.
[2017.01.21-11.54.03:367][644]LogEditorFactories: -- imported successfully
[2017.01.21-11.54.08:972][201]LogEditorFactories: Performing atomic reimport of [C:/Users/Harry Haston-Dougan/Downloads/SM_Steering_Wheel_01.fbx]
[2017.01.21-11.54.08:991][201]LogFbx: Loading FBX Scene from C:/Users/Harry Haston-Dougan/Downloads/SM_Steering_Wheel_01.fbx
[2017.01.21-11.54.08:996][201]LogFbx: FBX Scene Loaded Succesfully
[2017.01.21-11.54.08:999][201]LogFbx:Warning: Triangulating static mesh pCube148
[2017.01.21-11.54.09:060][201]LogStaticMesh: Building static mesh SM_Steering_Wheel_01...
[2017.01.21-11.54.09:072][201]LogStaticMesh: Built static mesh [0.01s] /Game/VehicleBP/Sedan/SM_Steering_Wheel_01.SM_Steering_Wheel_01
[2017.01.21-11.54.09:074][201]LogStaticMesh:Warning: SM_Steering_Wheel_01 has degenerate tangent bases which will result in incorrect shading.  MikkTSpace relies on tangent bases and may result in mesh corruption, consider disabling this option.
[2017.01.21-11.54.09:086][201]LogFbx:Warning: Warning SM_Steering_Wheel_01 has degenerate tangent bases which will result in incorrect shading.  MikkTSpace relies on tangent bases and may result in mesh corruption, consider disabling this option.
[2017.01.21-11.54.09:090][201]LogEditorFactories: -- imported successfully
[2017.01.21-11.54.24:005][546]LogEditorFactories: Performing atomic reimport of [C:/Users/Harry Haston-Dougan/Downloads/SM_Steering_Wheel_01.fbx]
[2017.01.21-11.54.24:025][546]LogFbx: Loading FBX Scene from C:/Users/Harry Haston-Dougan/Downloads/SM_Steering_Wheel_01.fbx
[2017.01.21-11.54.24:030][546]LogFbx: FBX Scene Loaded Succesfully
[2017.01.21-11.54.24:033][546]LogFbx:Warning: Triangulating static mesh pCube148
[2017.01.21-11.54.24:107][546]LogStaticMesh: Building static mesh SM_Steering_Wheel_01...
[2017.01.21-11.54.24:121][546]LogStaticMesh: Built static mesh [0.03s] /Game/VehicleBP/Sedan/SM_Steering_Wheel_01.SM_Steering_Wheel_01
[2017.01.21-11.54.24:123][546]LogStaticMesh:Warning: SM_Steering_Wheel_01 has degenerate tangent bases which will result in incorrect shading.  MikkTSpace relies on tangent bases and may result in mesh corruption, consider disabling this option.
[2017.01.21-11.54.24:126][546]LogFbx:Warning: Warning SM_Steering_Wheel_01 has degenerate tangent bases which will result in incorrect shading.  MikkTSpace relies on tangent bases and may result in mesh corruption, consider disabling this option.
[2017.01.21-11.54.24:134][546]LogEditorFactories: -- imported successfully
[2017.01.21-11.54.25:911][707]Cmd: OBJ SAVEPACKAGE PACKAGE="/Game/VehicleBP/Sedan/SM_Steering_Wheel_01" FILE="../../../../../../Repos/Drive-Thru/Drive-Thru/Drive_Thru/Content/VehicleBP/Sedan/SM_Steering_Wheel_01.uasset" SILENT=true
[2017.01.21-11.54.25:933][707]LogSavePackage: Save=14.15ms
[2017.01.21-11.54.25:933][707]LogSavePackage: Moving '../../../../../../Repos/Drive-Thru/Drive-Thru/Drive_Thru/Saved/SM_Steering_Wheel_0189A9AD854787D7F6FD5D2FA70A92F0B2.tmp' to '../../../../../../Repos/Drive-Thru/Drive-Thru/Drive_Thru/Content/VehicleBP/Sedan/SM_Steering_Wheel_01.uasset'
[2017.01.21-11.54.25:936][707]LogSavePackage:Display: Finished SavePackage ../../../../../../Repos/Drive-Thru/Drive-Thru/Drive_Thru/Content/VehicleBP/Sedan/SM_Steering_Wheel_01.uasset
[2017.01.21-11.54.27:874][864]BlueprintLog: New page: Compile Sedan
[2017.01.21-11.54.28:359][881]Cmd: OBJ SAVEPACKAGE PACKAGE="/Game/VehicleBP/Sedan/Sedan" FILE="../../../../../../Repos/Drive-Thru/Drive-Thru/Drive_Thru/Content/VehicleBP/Sedan/Sedan.uasset" SILENT=true
[2017.01.21-11.54.28:452][881]LogSavePackage: Save=88.31ms
[2017.01.21-11.54.28:452][881]LogSavePackage: Moving '../../../../../../Repos/Drive-Thru/Drive-Thru/Drive_Thru/Saved/Sedan55BCEAA44541B9DC80AE6A8DB4B7F96E.tmp' to '../../../../../../Repos/Drive-Thru/Drive-Thru/Drive_Thru/Content/VehicleBP/Sedan/Sedan.uasset'
[2017.01.21-11.54.28:455][881]LogSavePackage:Display: Finished SavePackage ../../../../../../Repos/Drive-Thru/Drive-Thru/Drive_Thru/Content/VehicleBP/Sedan/Sedan.uasset
[2017.01.21-11.54.29:713][978]LogTemp: Repeting last play command: VR Preview
[2017.01.21-11.54.29:727][978]LogBlueprintUserMessages: Early PlayInEditor Detection: Level '/Game/VehicleBP/Maps/VehicleExampleMap.VehicleExampleMap:PersistentLevel' has LevelScriptBlueprint '/Game/VehicleBP/Maps/VehicleExampleMap.VehicleExampleMap:PersistentLevel.VehicleExampleMap' with GeneratedClass '/Game/VehicleBP/Maps/VehicleExampleMap.VehicleExampleMap_C' with ClassGeneratedBy '/Game/VehicleBP/Maps/VehicleExampleMap.VehicleExampleMap:PersistentLevel.VehicleExampleMap'
[2017.01.21-11.54.29:763][978]LogFMOD: Creating runtime Studio System
[2017.01.21-11.54.29:764][978]LogFMOD: Default sample rate = 48000
[2017.01.21-11.54.29:764][978]LogFMOD: System sample rate = 48000
[2017.01.21-11.54.29:764][978]LogFMOD: Matching system sample rate 48000
[2017.01.21-11.54.29:774][978]LogFMOD: Triggering Initialized on other modules
[2017.01.21-11.54.29:774][978]LogFMOD: Loading Banks
[2017.01.21-11.54.29:813][978]LogFMOD:Error: e:\jk\workspace\1. Build_UE4_1.8_Libs\studio_api\src\fmod_bankmodel.cpp(346) - Failed to open file '../../../../../../Repos/Drive-Thru/Drive-Thru/Drive_Thru/Content/FMOD/Desktop/Master Bank.bank'

[2017.01.21-11.54.29:813][978]LogFMOD:Error: e:\jk\workspace\1. Build_UE4_1.8_Libs\studio_api\src\fmod_bankmodel.cpp(346) - Failed to open file '../../../../../../Repos/Drive-Thru/Drive-Thru/Drive_Thru/Content/FMOD/Desktop/Master Bank.strings.bank'

[2017.01.21-11.54.29:813][978]LogFMOD:Warning: Failed to bank: ../../../../../../Repos/Drive-Thru/Drive-Thru/Drive_Thru/Content/FMOD/Desktop/Master Bank.bank (File does not exist)
[2017.01.21-11.54.29:813][978]LogFMOD:Warning: Failed to bank: ../../../../../../Repos/Drive-Thru/Drive-Thru/Drive_Thru/Content/FMOD/Desktop/Master Bank.strings.bank (File does not exist)
[2017.01.21-11.54.29:813][978]LogPlayLevel: PlayLevel: No blueprints needed recompiling
[2017.01.21-11.54.29:813][978]PIE: New page: PIE session: VehicleExampleMap (21 Jan 2017 11:54:29)
[2017.01.21-11.54.29:813][978]LogPlayLevel: Creating play world package: /Game/VehicleBP/Maps/UEDPIE_0_VehicleExampleMap
[2017.01.21-11.54.29:833][978]LogPlayLevel: PIE: StaticDuplicateObject took: (0.019445s)
[2017.01.21-11.54.29:834][978]LogAIModule: Creating AISystem for world VehicleExampleMap
[2017.01.21-11.54.29:834][978]LogPlayLevel: PIE: World Init took: (0.001012s)
[2017.01.21-11.54.29:834][978]LogPlayLevel: PIE: Created PIE world by copying editor world from /Game/VehicleBP/Maps/VehicleExampleMap.VehicleExampleMap to /Game/VehicleBP/Maps/UEDPIE_0_VehicleExampleMap.VehicleExampleMap (0.020792s)
[2017.01.21-11.54.29:888][978]LogInit: XAudio2 using 'Realtek HD Audio 2nd output (Realtek High Definition Audio)' : 2 channels at 48 kHz using 32 bits per sample (channel mask 0x3)
[2017.01.21-11.54.29:894][978]LogInit: FAudioDevice initialized.
[2017.01.21-11.54.29:987][978]LogLoad: Game class is 'VehicleGameMode_C'
[2017.01.21-11.54.29:994][978]LogWorld: Bringing World /Game/VehicleBP/Maps/UEDPIE_0_VehicleExampleMap.VehicleExampleMap up for play (max tick rate 0) at 2017.01.21-11.54.29
[2017.01.21-11.54.29:994][978]LogWorld: Bringing up level for play took: 0.002308
[2017.01.21-11.54.30:007][978]PIE: Info Play in editor start time for /Game/VehicleBP/Maps/UEDPIE_0_VehicleExampleMap 0.973
[2017.01.21-11.54.30:007][978]LogBlueprintUserMessages: Late PlayInEditor Detection: Level '/Game/VehicleBP/Maps/VehicleExampleMap.VehicleExampleMap:PersistentLevel' has LevelScriptBlueprint '/Game/VehicleBP/Maps/VehicleExampleMap.VehicleExampleMap:PersistentLevel.VehicleExampleMap' with GeneratedClass '/Game/VehicleBP/Maps/VehicleExampleMap.VehicleExampleMap_C' with ClassGeneratedBy '/Game/VehicleBP/Maps/VehicleExampleMap.VehicleExampleMap:PersistentLevel.VehicleExampleMap'
[2017.01.21-11.54.32:347][184]LogBlueprintUserMessages: Early EndPlayMap Detection: Level '/Game/VehicleBP/Maps/VehicleExampleMap.VehicleExampleMap:PersistentLevel' has LevelScriptBlueprint '/Game/VehicleBP/Maps/VehicleExampleMap.VehicleExampleMap:PersistentLevel.VehicleExampleMap' with GeneratedClass '/Game/VehicleBP/Maps/VehicleExampleMap.VehicleExampleMap_C' with ClassGeneratedBy '/Game/VehicleBP/Maps/VehicleExampleMap.VehicleExampleMap:PersistentLevel.VehicleExampleMap'
[2017.01.21-11.54.32:564][184]LogBlueprintUserMessages: Late EndPlayMap Detection: Level '/Game/VehicleBP/Maps/VehicleExampleMap.VehicleExampleMap:PersistentLevel' has LevelScriptBlueprint '/Game/VehicleBP/Maps/VehicleExampleMap.VehicleExampleMap:PersistentLevel.VehicleExampleMap' with GeneratedClass '/Game/VehicleBP/Maps/VehicleExampleMap.VehicleExampleMap_C' with ClassGeneratedBy '/Game/VehicleBP/Maps/VehicleExampleMap.VehicleExampleMap:PersistentLevel.VehicleExampleMap'
[2017.01.21-11.54.37:822][319]LogSavePackage: Save=112.96ms
[2017.01.21-11.54.37:822][319]LogSavePackage: Moving '../../../../../../Repos/Drive-Thru/Drive-Thru/Drive_Thru/Saved/VehicleExampleMap4F4B309F41F7AFEEC2A9D5A1714C8C09.tmp' to '../../../../../../Repos/Drive-Thru/Drive-Thru/Drive_Thru/Content/VehicleBP/Maps/VehicleExampleMap.umap'
[2017.01.21-11.54.37:826][319]LogSavePackage:Display: Finished SavePackage ../../../../../../Repos/Drive-Thru/Drive-Thru/Drive_Thru/Content/VehicleBP/Maps/VehicleExampleMap.umap
[2017.01.21-11.54.37:856][319]LogFileHelpers: Saving map 'VehicleExampleMap' took 0.212
[2017.01.21-11.54.37:869][319]Cmd: OBJ SAVEPACKAGE PACKAGE="/Game/VehicleBP/Sedan/SM_Car_01" FILE="../../../../../../Repos/Drive-Thru/Drive-Thru/Drive_Thru/Content/VehicleBP/Sedan/SM_Car_01.uasset" SILENT=true
[2017.01.21-11.54.37:899][319]LogSavePackage: Save=22.08ms
[2017.01.21-11.54.37:899][319]LogSavePackage: Moving '../../../../../../Repos/Drive-Thru/Drive-Thru/Drive_Thru/Saved/SM_Car_0136B6C775407886E8DAD9C182A46D04F6.tmp' to '../../../../../../Repos/Drive-Thru/Drive-Thru/Drive_Thru/Content/VehicleBP/Sedan/SM_Car_01.uasset'
[2017.01.21-11.54.37:902][319]LogSavePackage:Display: Finished SavePackage ../../../../../../Repos/Drive-Thru/Drive-Thru/Drive_Thru/Content/VehicleBP/Sedan/SM_Car_01.uasset
[2017.01.21-11.54.38:623][361]LogWindowsTextInputMethodSystem:Display: IME system now deactivated.
[2017.01.21-11.54.38:837][362]Cmd: QUIT_EDITOR
[2017.01.21-11.54.39:865][362]LogExit: Preparing to exit.
[2017.01.21-11.54.40:071][362]LogDirectoryWatcher: A directory notification for 'C:/Repos/Drive-Thru/Drive-Thru/Drive_Thru/Content/' was aborted.
[2017.01.21-11.54.40:102][362]LogExit: Editor shut down
[2017.01.21-11.54.40:102][362]LogExit: Transaction tracking system shut down
[2017.01.21-11.54.40:183][362]LogObj: Freed 0b from 0 cluster array pools.
[2017.01.21-11.54.40:183][362]LogExit: Object subsystem successfully closed.
[2017.01.21-11.54.40:204][362]LogD3D11RHI: Shutdown
[2017.01.21-11.54.40:204][362]LogD3D11RHI: CleanupD3DDevice
[2017.01.21-11.54.40:205][362]LogD3D11RHI: ~FD3D11DynamicRHI
[2017.01.21-11.54.40:218][362]LogHttp:Display: Http module shutting down, but needs to wait on 1 outstanding Http requests:
[2017.01.21-11.54.40:218][362]LogHttp:Display: 	verb=[POST] url=[https://datarouter.ol.epicgames.com/datarouter/api/v1/public/data?SessionID=%7BAB079BC3-41E9-4142-99DD-1B87EA381341%7D&AppID=UEEditor.Rocket.Release&AppVersion=4.14.3-3249277%2B%2B%2BUE4%2BRelease-4.14&UserID=02679f464868a2d455ee52b5b207064f%7C8956a5310d7f4720b67a468e29f48bf9%7C648b644c-15e4-4597-a629-e2a0e7b6ec04&AppEnvironment=datacollector-binary&UploadType=eteventstream] status=Processing
[2017.01.21-11.54.40:221][362]LogModuleManager: Shutting down and abandoning module MovieSceneCapture (248)
[2017.01.21-11.54.40:221][362]LogModuleManager: Shutting down and abandoning module BlueprintGraph (247)
[2017.01.21-11.54.40:221][362]LogModuleManager: Shutting down and abandoning module BlueprintProfiler (246)
[2017.01.21-11.54.40:221][362]LogModuleManager: Shutting down and abandoning module StaticMeshEditor (245)
[2017.01.21-11.54.40:221][362]LogModuleManager: Shutting down and abandoning module HierarchicalLODOutliner (244)
[2017.01.21-11.54.40:221][362]LogModuleManager: Shutting down and abandoning module CrashTracker (243)
[2017.01.21-11.54.40:221][362]LogModuleManager: Shutting down and abandoning module SceneOutliner (242)
[2017.01.21-11.54.40:221][362]LogModuleManager: Shutting down and abandoning module WidgetCarousel (241)
[2017.01.21-11.54.40:222][362]LogModuleManager: Shutting down and abandoning module AddContentDialog (240)
[2017.01.21-11.54.40:222][362]LogDirectoryWatcher: A directory notification for 'C:/Program Files (x86)/Epic Games/4.14/FeaturePacks/' was aborted.
[2017.01.21-11.54.40:223][362]LogModuleManager: Shutting down and abandoning module GameplayTags (239)
[2017.01.21-11.54.40:223][362]LogModuleManager: Shutting down and abandoning module EditorWidgets (238)
[2017.01.21-11.54.40:223][362]LogModuleManager: Shutting down and abandoning module CollectionManager (237)
[2017.01.21-11.54.40:223][362]LogDirectoryWatcher: A directory notification for 'C:/Repos/Drive-Thru/Drive-Thru/Drive_Thru/Content/Collections/' was aborted.
[2017.01.21-11.54.40:223][362]LogDirectoryWatcher: A directory notification for 'C:/Repos/Drive-Thru/Drive-Thru/Drive_Thru/Content/Developers/HarryHastonDougan/Collections/' was aborted.
[2017.01.21-11.54.40:223][362]LogDirectoryWatcher: A directory notification for 'C:/Repos/Drive-Thru/Drive-Thru/Drive_Thru/Saved/Collections/' was aborted.
[2017.01.21-11.54.40:223][362]LogModuleManager: Shutting down and abandoning module StatsViewer (236)
[2017.01.21-11.54.40:223][362]LogModuleManager: Shutting down and abandoning module FoliageEdit (235)
[2017.01.21-11.54.40:223][362]LogModuleManager: Shutting down and abandoning module LandscapeEditor (234)
[2017.01.21-11.54.40:223][362]LogModuleManager: Shutting down and abandoning module SceneDepthPickerMode (233)
[2017.01.21-11.54.40:223][362]LogModuleManager: Shutting down and abandoning module ActorPickerMode (232)
[2017.01.21-11.54.40:223][362]LogModuleManager: Shutting down and abandoning module GeometryMode (231)
[2017.01.21-11.54.40:223][362]LogModuleManager: Shutting down and abandoning module TextureAlignMode (230)
[2017.01.21-11.54.40:223][362]LogModuleManager: Shutting down and abandoning module BspMode (229)
[2017.01.21-11.54.40:223][362]LogModuleManager: Shutting down and abandoning module HardwareSurvey (228)
[2017.01.21-11.54.40:223][362]LogModuleManager: Shutting down and abandoning module SequenceRecorderSections (227)
[2017.01.21-11.54.40:223][362]LogModuleManager: Shutting down and abandoning module AutomationWorker (226)
[2017.01.21-11.54.40:223][362]LogModuleManager: Shutting down and abandoning module MatineeToLevelSequence (225)
[2017.01.21-11.54.40:223][362]LogModuleManager: Shutting down and abandoning module PlacementMode (224)
[2017.01.21-11.54.40:223][362]LogModuleManager: Shutting down and abandoning module LevelSequenceEditor (223)
[2017.01.21-11.54.40:223][362]LogModuleManager: Shutting down and abandoning module WmfMediaFactory (222)
[2017.01.21-11.54.40:224][362]LogModuleManager: Shutting down and abandoning module WmfMediaEditor (221)
[2017.01.21-11.54.40:224][362]LogModuleManager: Shutting down and abandoning module AvfMediaFactory (220)
[2017.01.21-11.54.40:224][362]LogModuleManager: Shutting down and abandoning module AvfMediaEditor (219)
[2017.01.21-11.54.40:224][362]LogModuleManager: Shutting down and abandoning module Media (218)
[2017.01.21-11.54.40:224][362]LogModuleManager: Shutting down and abandoning module AndroidMediaFactory (217)
[2017.01.21-11.54.40:224][362]LogModuleManager: Shutting down and abandoning module AndroidMediaEditor (216)
[2017.01.21-11.54.40:224][362]LogModuleManager: Shutting down and abandoning module CharacterAI (215)
[2017.01.21-11.54.40:224][362]LogModuleManager: Shutting down and abandoning module SequenceRecorder (214)
[2017.01.21-11.54.40:224][362]LogModuleManager: Shutting down and abandoning module AudioCapture (213)
[2017.01.21-11.54.40:224][362]LogModuleManager: Shutting down and abandoning module SmartSnapping (212)
[2017.01.21-11.54.40:224][362]LogModuleManager: Shutting down and abandoning module SessionServices (211)
[2017.01.21-11.54.40:224][362]LogModuleManager: Shutting down and abandoning module ViewportSnapping (210)
[2017.01.21-11.54.40:224][362]LogModuleManager: Shutting down and abandoning module ViewportInteraction (209)
[2017.01.21-11.54.40:224][362]LogModuleManager: Shutting down and abandoning module LogVisualizer (208)
[2017.01.21-11.54.40:224][362]LogModuleManager: Shutting down and abandoning module GameProjectGeneration (207)
[2017.01.21-11.54.40:224][362]LogModuleManager: Shutting down and abandoning module IntroTutorials (206)
[2017.01.21-11.54.40:224][362]LogModuleManager: Shutting down and abandoning module EditorLiveStreaming (205)
[2017.01.21-11.54.40:224][362]LogModuleManager: Shutting down and abandoning module IOSPlatformEditor (204)
[2017.01.21-11.54.40:224][362]LogModuleManager: Shutting down and abandoning module HTML5PlatformEditor (203)
[2017.01.21-11.54.40:224][362]LogModuleManager: Shutting down and abandoning module AndroidDeviceDetection (202)
[2017.01.21-11.54.40:678][362]LogModuleManager: Shutting down and abandoning module AndroidPlatformEditor (201)
[2017.01.21-11.54.40:678][362]LogModuleManager: Shutting down and abandoning module IOSRuntimeSettings (200)
[2017.01.21-11.54.40:678][362]LogModuleManager: Shutting down and abandoning module AndroidRuntimeSettings (199)
[2017.01.21-11.54.40:678][362]LogModuleManager: Shutting down and abandoning module InputBindingEditor (198)
[2017.01.21-11.54.40:678][362]LogModuleManager: Shutting down and abandoning module NiagaraEditor (197)
[2017.01.21-11.54.40:678][362]LogModuleManager: Shutting down and abandoning module MergeActors (196)
[2017.01.21-11.54.40:678][362]LogModuleManager: Shutting down and abandoning module SizeMap (195)
[2017.01.21-11.54.40:678][362]LogModuleManager: Shutting down and abandoning module TreeMap (194)
[2017.01.21-11.54.40:678][362]LogModuleManager: Shutting down and abandoning module ReferenceViewer (193)
[2017.01.21-11.54.40:678][362]LogModuleManager: Shutting down and abandoning module LocalizationService (192)
[2017.01.21-11.54.40:678][362]LogModuleManager: Shutting down and abandoning module LocalizationDashboard (191)
[2017.01.21-11.54.40:678][362]LogModuleManager: Shutting down and abandoning module HardwareTargeting (190)
[2017.01.21-11.54.40:678][362]LogModuleManager: Shutting down and abandoning module DeviceProfileEditor (189)
[2017.01.21-11.54.40:678][362]LogModuleManager: Shutting down and abandoning module UndoHistory (188)
[2017.01.21-11.54.40:678][362]LogModuleManager: Shutting down and abandoning module UserFeedback (187)
[2017.01.21-11.54.40:678][362]LogModuleManager: Shutting down and abandoning module XmlParser (186)
[2017.01.21-11.54.40:678][362]LogModuleManager: Shutting down and abandoning module Blutility (185)
[2017.01.21-11.54.40:678][362]LogModuleManager: Shutting down and abandoning module ProjectTargetPlatformEditor (184)
[2017.01.21-11.54.40:678][362]LogModuleManager: Shutting down and abandoning module ProjectSettingsViewer (183)
[2017.01.21-11.54.40:678][362]LogModuleManager: Shutting down and abandoning module EditorSettingsViewer (182)
[2017.01.21-11.54.40:678][362]LogModuleManager: Shutting down and abandoning module SettingsEditor (181)
[2017.01.21-11.54.40:678][362]LogModuleManager: Shutting down and abandoning module ProjectLauncher (180)
[2017.01.21-11.54.40:678][362]LogModuleManager: Shutting down and abandoning module SessionFrontend (179)
[2017.01.21-11.54.40:678][362]LogModuleManager: Shutting down and abandoning module ProfilerClient (178)
[2017.01.21-11.54.40:678][362]LogModuleManager: Shutting down and abandoning module TargetDeviceServices (177)
[2017.01.21-11.54.40:678][362]LogModuleManager: Shutting down and abandoning module DeviceManager (176)
[2017.01.21-11.54.40:720][362]LogModuleManager: Shutting down and abandoning module AutomationController (175)
[2017.01.21-11.54.40:720][362]LogModuleManager: Shutting down and abandoning module AutomationWindow (174)
[2017.01.21-11.54.40:720][362]LogModuleManager: Shutting down and abandoning module Layers (173)
[2017.01.21-11.54.40:720][362]LogModuleManager: Shutting down and abandoning module ComponentVisualizers (172)
[2017.01.21-11.54.40:720][362]LogModuleManager: Shutting down and abandoning module DetailCustomizations (171)
[2017.01.21-11.54.40:720][362]LogModuleManager: Shutting down and abandoning module PackagesDialog (170)
[2017.01.21-11.54.40:720][362]LogModuleManager: Shutting down and abandoning module AnimGraph (169)
[2017.01.21-11.54.40:720][362]LogModuleManager: Shutting down and abandoning module Persona (168)
[2017.01.21-11.54.40:720][362]LogModuleManager: Shutting down and abandoning module Kismet (167)
[2017.01.21-11.54.40:724][362]LogModuleManager: Shutting down and abandoning module GraphEditor (166)
[2017.01.21-11.54.40:724][362]LogModuleManager: Shutting down and abandoning module ClassViewer (165)
[2017.01.21-11.54.40:724][362]LogModuleManager: Shutting down and abandoning module Toolbox (164)
[2017.01.21-11.54.40:724][362]LogModuleManager: Shutting down and abandoning module ModuleUI (163)
[2017.01.21-11.54.40:724][362]LogModuleManager: Shutting down and abandoning module MovieSceneTools (162)
[2017.01.21-11.54.40:724][362]LogModuleManager: Shutting down and abandoning module OutputLog (161)
[2017.01.21-11.54.40:724][362]LogModuleManager: Shutting down and abandoning module GammaUI (160)
[2017.01.21-11.54.40:724][362]LogModuleManager: Shutting down and abandoning module Documentation (159)
[2017.01.21-11.54.40:724][362]LogModuleManager: Shutting down and abandoning module Niagara (158)
[2017.01.21-11.54.40:724][362]LogModuleManager: Shutting down and abandoning module StreamingPauseRendering (157)
[2017.01.21-11.54.40:724][362]LogModuleManager: Shutting down and abandoning module AnalyticsET (156)
[2017.01.21-11.54.40:724][362]LogModuleManager: Shutting down and abandoning module PortalServices (155)
[2017.01.21-11.54.40:724][362]LogModuleManager: Shutting down and abandoning module PortalRpc (154)
[2017.01.21-11.54.40:724][362]LogModuleManager: Shutting down and abandoning module MessagingRpc (153)
[2017.01.21-11.54.40:724][362]LogModuleManager: Shutting down and abandoning module GameplayDebugger (152)
[2017.01.21-11.54.40:724][362]LogModuleManager: Shutting down and abandoning module AITestSuite (151)
[2017.01.21-11.54.40:724][362]LogModuleManager: Shutting down and abandoning module AIModule (150)
[2017.01.21-11.54.40:724][362]LogModuleManager: Shutting down and abandoning module ProfilerService (149)
[2017.01.21-11.54.40:835][362]LogModuleManager: Shutting down and abandoning module TaskGraph (148)
[2017.01.21-11.54.40:836][362]LogModuleManager: Shutting down and abandoning module SlateRemote (147)
[2017.01.21-11.54.40:836][362]LogModuleManager: Shutting down and abandoning module SteamVRController (146)
[2017.01.21-11.54.40:836][362]LogModuleManager: Shutting down and abandoning module SteamVR (145)
[2017.01.21-11.54.40:836][362]LogModuleManager: Shutting down and abandoning module ProceduralMeshComponentEditor (144)
[2017.01.21-11.54.40:836][362]LogModuleManager: Shutting down and abandoning module ProceduralMeshComponent (143)
[2017.01.21-11.54.40:836][362]LogModuleManager: Shutting down and abandoning module OculusLibrary (142)
[2017.01.21-11.54.40:836][362]LogModuleManager: Shutting down and abandoning module OculusInput (141)
[2017.01.21-11.54.40:836][362]LogModuleManager: Shutting down and abandoning module MobilePatchingUtils (140)
[2017.01.21-11.54.40:836][362]LogModuleManager: Shutting down and abandoning module CustomMeshComponent (139)
[2017.01.21-11.54.40:836][362]LogModuleManager: Shutting down and abandoning module CableComponent (138)
[2017.01.21-11.54.40:836][362]LogModuleManager: Shutting down and abandoning module ArchVisCharacter (137)
[2017.01.21-11.54.40:836][362]LogModuleManager: Shutting down and abandoning module MediaPlayerEditor (135)
[2017.01.21-11.54.40:836][362]LogModuleManager: Shutting down and abandoning module FMODStudioEditor (134)
[2017.01.21-11.54.40:836][362]LogModuleManager: Shutting down and abandoning module HTML5Networking (133)
[2017.01.21-11.54.40:836][362]LogModuleManager: Shutting down and abandoning module GeometryCacheEd (132)
[2017.01.21-11.54.40:836][362]LogModuleManager: Shutting down and abandoning module GeometryCache (131)
[2017.01.21-11.54.40:836][362]LogModuleManager: Shutting down and abandoning module AlembicLibrary (130)
[2017.01.21-11.54.40:836][362]LogModuleManager: Shutting down and abandoning module AlembicImporter (129)
[2017.01.21-11.54.40:836][362]LogModuleManager: Shutting down and abandoning module SuperSearch (128)
[2017.01.21-11.54.40:836][362]LogModuleManager: Shutting down and abandoning module SuperSearchEditor (127)
[2017.01.21-11.54.40:836][362]LogModuleManager: Shutting down and abandoning module SpeedTreeImporter (126)
[2017.01.21-11.54.40:836][362]LogModuleManager: Shutting down and abandoning module PluginBrowser (125)
[2017.01.21-11.54.40:836][362]LogModuleManager: Shutting down and abandoning module MobileLauncherProfileWizard (124)
[2017.01.21-11.54.40:836][362]LogModuleManager: Shutting down and abandoning module EpicSurvey (123)
[2017.01.21-11.54.40:836][362]LogModuleManager: Shutting down and abandoning module DesktopPlatform (122)
[2017.01.21-11.54.40:836][362]LogModuleManager: Shutting down and abandoning module VisualStudioSourceCodeAccess (121)
[2017.01.21-11.54.40:836][362]LogModuleManager: Shutting down and abandoning module UObjectPlugin (120)
[2017.01.21-11.54.40:836][362]LogModuleManager: Shutting down and abandoning module SubversionSourceControl (119)
[2017.01.21-11.54.40:836][362]LogModuleManager: Shutting down and abandoning module PerforceSourceControl (118)
[2017.01.21-11.54.40:836][362]LogModuleManager: Shutting down and abandoning module SourceControl (117)
[2017.01.21-11.54.40:836][362]LogModuleManager: Shutting down and abandoning module GitSourceControl (116)
[2017.01.21-11.54.40:836][362]LogModuleManager: Shutting down and abandoning module LightPropagationVolumeEditor (115)
[2017.01.21-11.54.40:836][362]LogModuleManager: Shutting down and abandoning module PaperTiledImporter (114)
[2017.01.21-11.54.40:836][362]LogModuleManager: Shutting down and abandoning module PaperSpriteSheetImporter (113)
[2017.01.21-11.54.40:836][362]LogModuleManager: Shutting down and abandoning module MeshPaint (112)
[2017.01.21-11.54.40:836][362]LogModuleManager: Shutting down and abandoning module PixelInspectorModule (111)
[2017.01.21-11.54.40:836][362]LogModuleManager: Shutting down and abandoning module HotReload (110)
[2017.01.21-11.54.40:836][362]LogModuleManager: Shutting down and abandoning module MainFrame (109)
[2017.01.21-11.54.40:836][362]LogModuleManager: Shutting down and abandoning module LevelEditor (108)
[2017.01.21-11.54.40:837][362]LogModuleManager: Shutting down and abandoning module ContentBrowser (107)
[2017.01.21-11.54.40:837][362]LogModuleManager: Shutting down and abandoning module Paper2DEditor (106)
[2017.01.21-11.54.40:838][362]LogModuleManager: Shutting down and abandoning module UdpMessaging (105)
[2017.01.21-11.54.40:939][362]LogModuleManager: Shutting down and abandoning module TcpMessaging (104)
[2017.01.21-11.54.41:040][362]LogModuleManager: Shutting down and abandoning module FMODStudio (103)
[2017.01.21-11.54.41:147][362]LogModuleManager: Shutting down and abandoning module FMODStudioOculus (102)
[2017.01.21-11.54.41:147][362]LogModuleManager: Shutting down and abandoning module LightPropagationVolumeRuntime (101)
[2017.01.21-11.54.41:147][362]LogModuleManager: Shutting down and abandoning module Paper2D (100)
[2017.01.21-11.54.41:147][362]LogModuleManager: Shutting down and abandoning module WindowsMoviePlayer (99)
[2017.01.21-11.54.41:148][362]LogModuleManager: Shutting down and abandoning module WmfMedia (98)
[2017.01.21-11.54.41:148][362]LogModuleManager: Shutting down and abandoning module MediaAssets (97)
[2017.01.21-11.54.41:148][362]LogModuleManager: Shutting down and abandoning module GameLiveStreaming (96)
[2017.01.21-11.54.41:148][362]LogModuleManager: Shutting down and abandoning module GameplayTagsEditor (95)
[2017.01.21-11.54.41:148][362]LogModuleManager: Shutting down and abandoning module VREditor (94)
[2017.01.21-11.54.41:148][362]LogModuleManager: Shutting down and abandoning module GameplayTasksEditor (93)
[2017.01.21-11.54.41:148][362]LogModuleManager: Shutting down and abandoning module BehaviorTreeEditor (92)
[2017.01.21-11.54.41:148][362]LogModuleManager: Shutting down and abandoning module FunctionalTesting (91)
[2017.01.21-11.54.41:148][362]LogModuleManager: Shutting down and abandoning module CollisionAnalyzer (90)
[2017.01.21-11.54.41:148][362]LogModuleManager: Shutting down and abandoning module Sequencer (89)
[2017.01.21-11.54.41:148][362]LogModuleManager: Shutting down and abandoning module WorkspaceMenuStructure (88)
[2017.01.21-11.54.41:148][362]LogModuleManager: Shutting down and abandoning module MessageLog (87)
[2017.01.21-11.54.41:148][362]LogModuleManager: Shutting down and abandoning module AssetTools (86)
[2017.01.21-11.54.41:148][362]LogModuleManager: Shutting down and abandoning module UMGEditor (85)
[2017.01.21-11.54.41:148][362]LogModuleManager: Shutting down and abandoning module UMG (84)
[2017.01.21-11.54.41:148][362]LogModuleManager: Shutting down and abandoning module SlateReflector (83)
[2017.01.21-11.54.41:148][362]LogModuleManager: Shutting down and abandoning module Slate (82)
[2017.01.21-11.54.41:148][362]LogModuleManager: Shutting down and abandoning module EditorStyle (81)
[2017.01.21-11.54.41:150][362]LogModuleManager: Shutting down and abandoning module SourceCodeAccess (80)
[2017.01.21-11.54.41:150][362]LogModuleManager: Shutting down and abandoning module HeadMountedDisplay (79)
[2017.01.21-11.54.41:150][362]LogModuleManager: Shutting down and abandoning module XAudio2 (78)
[2017.01.21-11.54.41:150][362]LogModuleManager: Shutting down and abandoning module Networking (76)
[2017.01.21-11.54.41:150][362]LogModuleManager: Shutting down and abandoning module Core (75)
[2017.01.21-11.54.41:150][362]LogModuleManager: Shutting down and abandoning module DirectoryWatcher (74)
[2017.01.21-11.54.41:150][362]LogDirectoryWatcher: A directory notification for '../../../Engine/Content/' was aborted.
[2017.01.21-11.54.41:150][362]LogDirectoryWatcher: A directory notification for '../../../../../../Repos/Drive-Thru/Drive-Thru/Drive_Thru/Content/' was aborted.
[2017.01.21-11.54.41:150][362]LogDirectoryWatcher: A directory notification for '../../../Engine/Plugins/2D/Paper2D/Content/' was aborted.
[2017.01.21-11.54.41:150][362]LogDirectoryWatcher: A directory notification for '../../../Engine/Plugins/FMODStudio/Content/' was aborted.
[2017.01.21-11.54.41:151][362]LogModuleManager: Shutting down and abandoning module AssetRegistry (73)
[2017.01.21-11.54.41:369][362]LogModuleManager: Shutting down and abandoning module KismetCompiler (72)
[2017.01.21-11.54.41:369][362]LogModuleManager: Shutting down and abandoning module PhysXFormats (71)
[2017.01.21-11.54.41:369][362]LogModuleManager: Shutting down and abandoning module SimplygonSwarm (70)
[2017.01.21-11.54.41:369][362]LogModuleManager: Shutting down and abandoning module SimplygonMeshReduction (69)
[2017.01.21-11.54.41:369][362]LogModuleManager: Shutting down and abandoning module QuadricMeshReduction (68)
[2017.01.21-11.54.41:369][362]LogModuleManager: Shutting down and abandoning module PropertyEditor (67)
[2017.01.21-11.54.41:369][362]LogModuleManager: Shutting down and abandoning module MeshUtilities (66)
[2017.01.21-11.54.41:369][362]LogModuleManager: Shutting down and abandoning module DerivedDataCache (65)
[2017.01.21-11.54.41:374][362]LogDerivedDataCache: Shutdown
[2017.01.21-11.54.41:374][362]LogModuleManager: Shutting down and abandoning module VulkanShaderFormat (64)
[2017.01.21-11.54.41:374][362]LogModuleManager: Shutting down and abandoning module ShaderFormatOpenGL (63)
[2017.01.21-11.54.41:374][362]LogModuleManager: Shutting down and abandoning module ShaderFormatD3D (62)
[2017.01.21-11.54.41:374][362]LogModuleManager: Shutting down and abandoning module MetalShaderFormat (61)
[2017.01.21-11.54.41:374][362]LogModuleManager: Shutting down and abandoning module TextureFormatUncompressed (60)
[2017.01.21-11.54.41:374][362]LogModuleManager: Shutting down and abandoning module TextureFormatPVR (59)
[2017.01.21-11.54.41:374][362]LogModuleManager: Shutting down and abandoning module TextureFormatDXT (58)
[2017.01.21-11.54.41:374][362]LogModuleManager: Shutting down and abandoning module TextureFormatIntelISPCTexComp (57)
[2017.01.21-11.54.41:374][362]LogModuleManager: Shutting down and abandoning module ImageWrapper (56)
[2017.01.21-11.54.41:374][362]LogModuleManager: Shutting down and abandoning module TextureFormatASTC (55)
[2017.01.21-11.54.41:374][362]LogModuleManager: Shutting down and abandoning module TextureFormatAndroid (54)
[2017.01.21-11.54.41:374][362]LogModuleManager: Shutting down and abandoning module AudioFormatOpus (53)
[2017.01.21-11.54.41:374][362]LogModuleManager: Shutting down and abandoning module AudioFormatOgg (52)
[2017.01.21-11.54.41:374][362]LogModuleManager: Shutting down and abandoning module AudioFormatADPCM (51)
[2017.01.21-11.54.41:374][362]LogModuleManager: Shutting down and abandoning module LinuxTargetPlatform (50)
[2017.01.21-11.54.41:374][362]LogModuleManager: Shutting down and abandoning module LinuxServerTargetPlatform (49)
[2017.01.21-11.54.41:374][362]LogModuleManager: Shutting down and abandoning module LinuxNoEditorTargetPlatform (48)
[2017.01.21-11.54.41:374][362]LogModuleManager: Shutting down and abandoning module LinuxClientTargetPlatform (47)
[2017.01.21-11.54.41:374][362]LogModuleManager: Shutting down and abandoning module TVOSTargetPlatform (46)
[2017.01.21-11.54.41:374][362]LogModuleManager: Shutting down and abandoning module Messaging (45)
[2017.01.21-11.54.41:374][362]LogModuleManager: Shutting down and abandoning module IOSTargetPlatform (44)
[2017.01.21-11.54.41:374][362]LogModuleManager: Shutting down and abandoning module HTML5TargetPlatform (43)
[2017.01.21-11.54.41:374][362]LogModuleManager: Shutting down and abandoning module Android_PVRTCTargetPlatform (42)
[2017.01.21-11.54.41:374][362]LogModuleManager: Shutting down and abandoning module Android_MultiTargetPlatform (41)
[2017.01.21-11.54.41:374][362]LogModuleManager: Shutting down and abandoning module Android_ETC2TargetPlatform (40)
[2017.01.21-11.54.41:374][362]LogModuleManager: Shutting down and abandoning module Android_ETC1TargetPlatform (39)
[2017.01.21-11.54.41:374][362]LogModuleManager: Shutting down and abandoning module Android_DXTTargetPlatform (38)
[2017.01.21-11.54.41:374][362]LogModuleManager: Shutting down and abandoning module Android_ATCTargetPlatform (37)
[2017.01.21-11.54.41:374][362]LogModuleManager: Shutting down and abandoning module Android_ASTCTargetPlatform (36)
[2017.01.21-11.54.41:374][362]LogModuleManager: Shutting down and abandoning module AndroidTargetPlatform (35)
[2017.01.21-11.54.41:374][362]LogModuleManager: Shutting down and abandoning module WindowsTargetPlatform (34)
[2017.01.21-11.54.41:374][362]LogModuleManager: Shutting down and abandoning module WindowsServerTargetPlatform (33)
[2017.01.21-11.54.41:374][362]LogModuleManager: Shutting down and abandoning module WindowsNoEditorTargetPlatform (32)
[2017.01.21-11.54.41:374][362]LogModuleManager: Shutting down and abandoning module WindowsClientTargetPlatform (31)
[2017.01.21-11.54.41:374][362]LogModuleManager: Shutting down and abandoning module MacTargetPlatform (30)
[2017.01.21-11.54.41:374][362]LogModuleManager: Shutting down and abandoning module MacServerTargetPlatform (29)
[2017.01.21-11.54.41:374][362]LogModuleManager: Shutting down and abandoning module MacNoEditorTargetPlatform (28)
[2017.01.21-11.54.41:374][362]LogModuleManager: Shutting down and abandoning module MacClientTargetPlatform (27)
[2017.01.21-11.54.41:374][362]LogModuleManager: Shutting down and abandoning module AllDesktopTargetPlatform (26)
[2017.01.21-11.54.41:374][362]LogModuleManager: Shutting down and abandoning module TargetPlatform (25)
[2017.01.21-11.54.41:374][362]LogModuleManager: Shutting down and abandoning module InputCore (24)
[2017.01.21-11.54.41:374][362]LogModuleManager: Shutting down and abandoning module Settings (23)
[2017.01.21-11.54.41:374][362]LogModuleManager: Shutting down and abandoning module OculusRift (22)
[2017.01.21-11.54.41:374][362]LogModuleManager: Shutting down and abandoning module ExampleDeviceProfileSelector (21)
[2017.01.21-11.54.41:374][362]LogModuleManager: Shutting down and abandoning module OnlineBlueprintSupport (20)
[2017.01.21-11.54.41:374][362]LogModuleManager: Shutting down and abandoning module OnlineSubsystem (18)
[2017.01.21-11.54.41:374][362]LogOnline:Display: Unloading online subsystem: NULL
[2017.01.21-11.54.41:374][362]LogModuleManager: Shutting down and abandoning module SSL (17)
[2017.01.21-11.54.41:375][362]LogModuleManager: Shutting down and abandoning module HTTP (16)
[2017.01.21-11.54.41:375][362]LogModuleManager: Shutting down and abandoning module XMPP (15)
[2017.01.21-11.54.41:375][362]LogModuleManager: Shutting down and abandoning module TextureCompressor (14)
[2017.01.21-11.54.41:375][362]LogModuleManager: Shutting down and abandoning module ShaderCore (13)
[2017.01.21-11.54.41:375][362]LogModuleManager: Shutting down and abandoning module Landscape (12)
[2017.01.21-11.54.41:375][362]LogModuleManager: Shutting down and abandoning module SlateRHIRenderer (11)
[2017.01.21-11.54.41:376][362]LogModuleManager: Shutting down and abandoning module OpenGLDrv (10)
[2017.01.21-11.54.41:376][362]LogModuleManager: Shutting down and abandoning module D3D11RHI (9)
[2017.01.21-11.54.41:376][362]LogModuleManager: Shutting down and abandoning module AnimGraphRuntime (8)
[2017.01.21-11.54.41:376][362]LogModuleManager: Shutting down and abandoning module Renderer (7)
[2017.01.21-11.54.41:376][362]LogModuleManager: Shutting down and abandoning module Engine (6)
[2017.01.21-11.54.41:376][362]LogModuleManager: Shutting down and abandoning module CoreUObject (5)
[2017.01.21-11.54.41:376][362]LogModuleManager: Shutting down and abandoning module NetworkFile (4)
[2017.01.21-11.54.41:376][362]LogModuleManager: Shutting down and abandoning module StreamingFile (3)
[2017.01.21-11.54.41:376][362]LogModuleManager: Shutting down and abandoning module SandboxFile (2)
[2017.01.21-11.54.41:376][362]LogModuleManager: Shutting down and abandoning module PakFile (1)
[2017.01.21-11.54.41:378][362]LogExit: Exiting.
[2017.01.21-11.54.41:391][362]Log file closed, 01/21/17 11:54:41
