Log file open, 01/20/17 21:07:51
LogInit:Display: Running engine for game: Drive_Thru
LogPlatformFile: Not using cached read wrapper
LogInit:Display: RandInit(2049832734) SRandInit(2049832734).
LogTaskGraph: Started task graph with 5 named threads and 8 total threads with 1 sets of task threads.
LogStats: Stats thread started at 0.088920
LogPluginManager: Loaded Plugin Paper2D, From C:/Program Files (x86)/Epic Games/4.14/Engine/Plugins/2D/Paper2D/Paper2D.uplugin
LogPluginManager: Loaded Plugin LightPropagationVolume, From C:/Program Files (x86)/Epic Games/4.14/Engine/Plugins/Blendables/LightPropagationVolume/LightPropagationVolume.uplugin
LogPluginManager: Loaded Plugin BlankPlugin, From C:/Program Files (x86)/Epic Games/4.14/Engine/Plugins/Developer/BlankPlugin/BlankPlugin.uplugin
LogPluginManager: Loaded Plugin CodeLiteSourceCodeAccess, From C:/Program Files (x86)/Epic Games/4.14/Engine/Plugins/Developer/CodeLiteSourceCodeAccess/CodeLiteSourceCodeAccess.uplugin
LogPluginManager: Loaded Plugin GitSourceControl, From C:/Program Files (x86)/Epic Games/4.14/Engine/Plugins/Developer/GitSourceControl/GitSourceControl.uplugin
LogPluginManager: Loaded Plugin KDevelopSourceCodeAccess, From C:/Program Files (x86)/Epic Games/4.14/Engine/Plugins/Developer/KDevelopSourceCodeAccess/KDevelopSourceCodeAccess.uplugin
LogPluginManager: Loaded Plugin NullSourceCodeAccess, From C:/Program Files (x86)/Epic Games/4.14/Engine/Plugins/Developer/NullSourceCodeAccess/NullSourceCodeAccess.uplugin
LogPluginManager: Loaded Plugin OneSkyLocalizationService, From C:/Program Files (x86)/Epic Games/4.14/Engine/Plugins/Developer/OneSkyLocalizationService/OneSkyLocalizationService.uplugin
LogPluginManager: Loaded Plugin PerforceSourceControl, From C:/Program Files (x86)/Epic Games/4.14/Engine/Plugins/Developer/PerforceSourceControl/PerforceSourceControl.uplugin
LogPluginManager: Loaded Plugin SubversionSourceControl, From C:/Program Files (x86)/Epic Games/4.14/Engine/Plugins/Developer/SubversionSourceControl/SubversionSourceControl.uplugin
LogPluginManager: Loaded Plugin UObjectPlugin, From C:/Program Files (x86)/Epic Games/4.14/Engine/Plugins/Developer/UObjectPlugin/UObjectPlugin.uplugin
LogPluginManager: Loaded Plugin VisualStudioSourceCodeAccess, From C:/Program Files (x86)/Epic Games/4.14/Engine/Plugins/Developer/VisualStudioSourceCodeAccess/VisualStudioSourceCodeAccess.uplugin
LogPluginManager: Loaded Plugin XCodeSourceCodeAccess, From C:/Program Files (x86)/Epic Games/4.14/Engine/Plugins/Developer/XCodeSourceCodeAccess/XCodeSourceCodeAccess.uplugin
LogPluginManager: Loaded Plugin AudioCapture, From C:/Program Files (x86)/Epic Games/4.14/Engine/Plugins/Editor/AudioCapture/AudioCapture.uplugin
LogPluginManager: Loaded Plugin EpicSurvey, From C:/Program Files (x86)/Epic Games/4.14/Engine/Plugins/Editor/EpicSurvey/EpicSurvey.uplugin
LogPluginManager: Loaded Plugin MacGraphicsSwitching, From C:/Program Files (x86)/Epic Games/4.14/Engine/Plugins/Editor/MacGraphicsSwitching/MacGraphicsSwitching.uplugin
LogPluginManager: Loaded Plugin MobileLauncherProfileWizard, From C:/Program Files (x86)/Epic Games/4.14/Engine/Plugins/Editor/MobileLauncherProfileWizard/MobileLauncherProfileWizard.uplugin
LogPluginManager: Loaded Plugin PluginBrowser, From C:/Program Files (x86)/Epic Games/4.14/Engine/Plugins/Editor/PluginBrowser/PluginBrowser.uplugin
LogPluginManager: Loaded Plugin SpeedTreeImporter, From C:/Program Files (x86)/Epic Games/4.14/Engine/Plugins/Editor/SpeedTreeImporter/SpeedTreeImporter.uplugin
LogPluginManager: Loaded Plugin SuperSearchEditor, From C:/Program Files (x86)/Epic Games/4.14/Engine/Plugins/Editor/SuperSearchEditor/SuperSearchEditor.uplugin
LogPluginManager: Loaded Plugin AlembicImporter, From C:/Program Files (x86)/Epic Games/4.14/Engine/Plugins/Experimental/AlembicImporter/AlembicImporter.uplugin
LogPluginManager: Loaded Plugin BlueprintStats, From C:/Program Files (x86)/Epic Games/4.14/Engine/Plugins/Experimental/BlueprintStats/BlueprintStats.uplugin
LogPluginManager: Loaded Plugin CharacterAI, From C:/Program Files (x86)/Epic Games/4.14/Engine/Plugins/Experimental/CharacterAI/CharacterAI.uplugin
LogPluginManager: Loaded Plugin CodeEditor, From C:/Program Files (x86)/Epic Games/4.14/Engine/Plugins/Experimental/CodeEditor/CodeEditor.uplugin
LogPluginManager: Loaded Plugin CodeView, From C:/Program Files (x86)/Epic Games/4.14/Engine/Plugins/Experimental/CodeView/CodeView.uplugin
LogPluginManager: Loaded Plugin HTML5Networking, From C:/Program Files (x86)/Epic Games/4.14/Engine/Plugins/Experimental/HTML5Networking/HTML5Networking.uplugin
LogPluginManager: Loaded Plugin OSVR, From C:/Program Files (x86)/Epic Games/4.14/Engine/Plugins/Experimental/OSVR/OSVR.uplugin
LogPluginManager: Loaded Plugin Phya, From C:/Program Files (x86)/Epic Games/4.14/Engine/Plugins/Experimental/Phya/Phya.uplugin
LogPluginManager: Loaded Plugin SignificanceManager, From C:/Program Files (x86)/Epic Games/4.14/Engine/Plugins/Experimental/SignificanceManager/SignificanceManager.uplugin
LogPluginManager: Loaded Plugin SimpleHMD, From C:/Program Files (x86)/Epic Games/4.14/Engine/Plugins/Experimental/SimpleHMD/SimpleHMD.uplugin
LogPluginManager: Loaded Plugin StereoPanorama, From C:/Program Files (x86)/Epic Games/4.14/Engine/Plugins/Experimental/StereoPanorama/StereoPanorama.uplugin
LogPluginManager: Loaded Plugin StructBox, From C:/Program Files (x86)/Epic Games/4.14/Engine/Plugins/Experimental/StructBox/StructBox.uplugin
LogPluginManager: Loaded Plugin FMODStudio, From C:/Program Files (x86)/Epic Games/4.14/Engine/Plugins/FMODStudio/FMODStudio.uplugin
LogPluginManager: Loaded Plugin AndroidMedia, From C:/Program Files (x86)/Epic Games/4.14/Engine/Plugins/Media/AndroidMedia/AndroidMedia.uplugin
LogPluginManager: Loaded Plugin AvfMedia, From C:/Program Files (x86)/Epic Games/4.14/Engine/Plugins/Media/AvfMedia/AvfMedia.uplugin
LogPluginManager: Loaded Plugin MediaPlayerEditor, From C:/Program Files (x86)/Epic Games/4.14/Engine/Plugins/Media/MediaPlayerEditor/MediaPlayerEditor.uplugin
LogPluginManager: Loaded Plugin WmfMedia, From C:/Program Files (x86)/Epic Games/4.14/Engine/Plugins/Media/WmfMedia/WmfMedia.uplugin
LogPluginManager: Loaded Plugin MessagingDebugger, From C:/Program Files (x86)/Epic Games/4.14/Engine/Plugins/Messaging/MessagingDebugger/MessagingDebugger.uplugin
LogPluginManager: Loaded Plugin TcpMessaging, From C:/Program Files (x86)/Epic Games/4.14/Engine/Plugins/Messaging/TcpMessaging/TcpMessaging.uplugin
LogPluginManager: Loaded Plugin UdpMessaging, From C:/Program Files (x86)/Epic Games/4.14/Engine/Plugins/Messaging/UdpMessaging/UdpMessaging.uplugin
LogPluginManager: Loaded Plugin LevelSequenceEditor, From C:/Program Files (x86)/Epic Games/4.14/Engine/Plugins/MovieScene/LevelSequenceEditor/LevelSequenceEditor.uplugin
LogPluginManager: Loaded Plugin MatineeToLevelSequence, From C:/Program Files (x86)/Epic Games/4.14/Engine/Plugins/MovieScene/MatineeToLevelSequence/MatineeToLevelSequence.uplugin
LogPluginManager: Loaded Plugin NetcodeUnitTest, From C:/Program Files (x86)/Epic Games/4.14/Engine/Plugins/NetcodeUnitTest/NetcodeUnitTest/NetcodeUnitTest.uplugin
LogPluginManager: Loaded Plugin NUTUnrealEngine4, From C:/Program Files (x86)/Epic Games/4.14/Engine/Plugins/NetcodeUnitTest/NUTUnrealEngine4/NUTUnrealEngine4.uplugin
LogPluginManager: Loaded Plugin OnlineSubsystemGameCircle, From C:/Program Files (x86)/Epic Games/4.14/Engine/Plugins/Online/Android/OnlineSubsystemGameCircle/OnlineSubsystemGameCircle.uplugin
LogPluginManager: Loaded Plugin OnlineSubsystemGooglePlay, From C:/Program Files (x86)/Epic Games/4.14/Engine/Plugins/Online/Android/OnlineSubsystemGooglePlay/OnlineSubsystemGooglePlay.uplugin
LogPluginManager: Loaded Plugin OnlineSubsystemIOS, From C:/Program Files (x86)/Epic Games/4.14/Engine/Plugins/Online/IOS/OnlineSubsystemIOS/OnlineSubsystemIOS.uplugin
LogPluginManager: Loaded Plugin OnlineFramework, From C:/Program Files (x86)/Epic Games/4.14/Engine/Plugins/Online/OnlineFramework/OnlineFramework.uplugin
LogPluginManager: Loaded Plugin OnlineSubsystem, From C:/Program Files (x86)/Epic Games/4.14/Engine/Plugins/Online/OnlineSubsystem/OnlineSubsystem.uplugin
LogPluginManager: Loaded Plugin OnlineSubsystemAmazon, From C:/Program Files (x86)/Epic Games/4.14/Engine/Plugins/Online/OnlineSubsystemAmazon/OnlineSubsystemAmazon.uplugin
LogPluginManager: Loaded Plugin OnlineSubsystemFacebook, From C:/Program Files (x86)/Epic Games/4.14/Engine/Plugins/Online/OnlineSubsystemFacebook/OnlineSubsystemFacebook.uplugin
LogPluginManager: Loaded Plugin OnlineSubsystemNull, From C:/Program Files (x86)/Epic Games/4.14/Engine/Plugins/Online/OnlineSubsystemNull/OnlineSubsystemNull.uplugin
LogPluginManager: Loaded Plugin OnlineSubsystemOculus, From C:/Program Files (x86)/Epic Games/4.14/Engine/Plugins/Online/OnlineSubsystemOculus/OnlineSubsystemOculus.uplugin
LogPluginManager: Loaded Plugin OnlineSubsystemSteam, From C:/Program Files (x86)/Epic Games/4.14/Engine/Plugins/Online/OnlineSubsystemSteam/OnlineSubsystemSteam.uplugin
LogPluginManager: Loaded Plugin OnlineSubsystemUtils, From C:/Program Files (x86)/Epic Games/4.14/Engine/Plugins/Online/OnlineSubsystemUtils/OnlineSubsystemUtils.uplugin
LogPluginManager: Loaded Plugin IOSTapJoy, From C:/Program Files (x86)/Epic Games/4.14/Engine/Plugins/Runtime/Advertising/IOSTapJoy/IOSTapJoy.uplugin
LogPluginManager: Loaded Plugin AnalyticsBlueprintLibrary, From C:/Program Files (x86)/Epic Games/4.14/Engine/Plugins/Runtime/Analytics/AnalyticsBlueprintLibrary/AnalyticsBlueprintLibrary.uplugin
LogPluginManager: Loaded Plugin AnalyticsMulticast, From C:/Program Files (x86)/Epic Games/4.14/Engine/Plugins/Runtime/Analytics/AnalyticsMulticast/AnalyticsMulticast.uplugin
LogPluginManager: Loaded Plugin Apsalar, From C:/Program Files (x86)/Epic Games/4.14/Engine/Plugins/Runtime/Analytics/Apsalar/Apsalar.uplugin
LogPluginManager: Loaded Plugin FileLogging, From C:/Program Files (x86)/Epic Games/4.14/Engine/Plugins/Runtime/Analytics/FileLogging/FileLogging.uplugin
LogPluginManager: Loaded Plugin Flurry, From C:/Program Files (x86)/Epic Games/4.14/Engine/Plugins/Runtime/Analytics/Flurry/Flurry.uplugin
LogPluginManager: Loaded Plugin AndroidDeviceProfileSelector, From C:/Program Files (x86)/Epic Games/4.14/Engine/Plugins/Runtime/AndroidDeviceProfileSelector/AndroidDeviceProfileSelector.uplugin
LogPluginManager: Loaded Plugin AndroidMoviePlayer, From C:/Program Files (x86)/Epic Games/4.14/Engine/Plugins/Runtime/AndroidMoviePlayer/AndroidMoviePlayer.uplugin
LogPluginManager: Loaded Plugin AppleMoviePlayer, From C:/Program Files (x86)/Epic Games/4.14/Engine/Plugins/Runtime/AppleMoviePlayer/AppleMoviePlayer.uplugin
LogPluginManager: Loaded Plugin ArchVisCharacter, From C:/Program Files (x86)/Epic Games/4.14/Engine/Plugins/Runtime/ArchVisCharacter/ArchVisCharacter.uplugin
LogPluginManager: Loaded Plugin CableComponent, From C:/Program Files (x86)/Epic Games/4.14/Engine/Plugins/Runtime/CableComponent/CableComponent.uplugin
LogPluginManager: Loaded Plugin CustomMeshComponent, From C:/Program Files (x86)/Epic Games/4.14/Engine/Plugins/Runtime/CustomMeshComponent/CustomMeshComponent.uplugin
LogPluginManager: Loaded Plugin ExampleDeviceProfileSelector, From C:/Program Files (x86)/Epic Games/4.14/Engine/Plugins/Runtime/ExampleDeviceProfileSelector/ExampleDeviceProfileSelector.uplugin
LogPluginManager: Loaded Plugin GearVR, From C:/Program Files (x86)/Epic Games/4.14/Engine/Plugins/Runtime/GearVR/GearVR.uplugin
LogPluginManager: Loaded Plugin GoogleVRController, From C:/Program Files (x86)/Epic Games/4.14/Engine/Plugins/Runtime/GoogleVR/GoogleVRController/GoogleVRController.uplugin
LogPluginManager: Loaded Plugin GoogleVRHMD, From C:/Program Files (x86)/Epic Games/4.14/Engine/Plugins/Runtime/GoogleVR/GoogleVRHMD/GoogleVRHMD.uplugin
LogPluginManager: Loaded Plugin IOSDeviceProfileSelector, From C:/Program Files (x86)/Epic Games/4.14/Engine/Plugins/Runtime/IOSDeviceProfileSelector/IOSDeviceProfileSelector.uplugin
LogPluginManager: Loaded Plugin LeapMotion, From C:/Program Files (x86)/Epic Games/4.14/Engine/Plugins/Runtime/LeapMotion/LeapMotion.uplugin
LogPluginManager: Loaded Plugin LinuxDeviceProfileSelector, From C:/Program Files (x86)/Epic Games/4.14/Engine/Plugins/Runtime/LinuxDeviceProfileSelector/LinuxDeviceProfileSelector.uplugin
LogPluginManager: Loaded Plugin MIDIDevice, From C:/Program Files (x86)/Epic Games/4.14/Engine/Plugins/Runtime/MIDIDevice/MIDIDevice.uplugin
LogPluginManager: Loaded Plugin MobilePatchingUtils, From C:/Program Files (x86)/Epic Games/4.14/Engine/Plugins/Runtime/MobilePatchingUtils/MobilePatchingUtils.uplugin
LogPluginManager: Loaded Plugin Ansel, From C:/Program Files (x86)/Epic Games/4.14/Engine/Plugins/Runtime/Nvidia/Ansel/Ansel.uplugin
LogPluginManager: Loaded Plugin OculusAudio, From C:/Program Files (x86)/Epic Games/4.14/Engine/Plugins/Runtime/OculusAudio/OculusAudio.uplugin
LogPluginManager: Loaded Plugin OculusInput, From C:/Program Files (x86)/Epic Games/4.14/Engine/Plugins/Runtime/OculusInput/OculusInput.uplugin
LogPluginManager: Loaded Plugin OculusLibrary, From C:/Program Files (x86)/Epic Games/4.14/Engine/Plugins/Runtime/OculusLibrary/OculusLibrary.uplugin
LogPluginManager: Loaded Plugin OculusRift, From C:/Program Files (x86)/Epic Games/4.14/Engine/Plugins/Runtime/OculusRift/OculusRift.uplugin
LogPluginManager: Loaded Plugin Oodle, From C:/Program Files (x86)/Epic Games/4.14/Engine/Plugins/Runtime/PacketHandlers/CompressionComponents/Oodle/Oodle.uplugin
LogPluginManager: Loaded Plugin ProceduralMeshComponent, From C:/Program Files (x86)/Epic Games/4.14/Engine/Plugins/Runtime/ProceduralMeshComponent/ProceduralMeshComponent.uplugin
LogPluginManager: Loaded Plugin SoundMod, From C:/Program Files (x86)/Epic Games/4.14/Engine/Plugins/Runtime/SoundMod/SoundMod.uplugin
LogPluginManager: Loaded Plugin SoundVisualizations, From C:/Program Files (x86)/Epic Games/4.14/Engine/Plugins/Runtime/SoundVisualizations/SoundVisualizations.uplugin
LogPluginManager: Loaded Plugin SteamController, From C:/Program Files (x86)/Epic Games/4.14/Engine/Plugins/Runtime/Steam/SteamController/SteamController.uplugin
LogPluginManager: Loaded Plugin SteamVR, From C:/Program Files (x86)/Epic Games/4.14/Engine/Plugins/Runtime/Steam/SteamVR/SteamVR.uplugin
LogPluginManager: Loaded Plugin WebBrowserWidget, From C:/Program Files (x86)/Epic Games/4.14/Engine/Plugins/Runtime/WebBrowserWidget/WebBrowserWidget.uplugin
LogPluginManager: Loaded Plugin WindowsDeviceProfileSelector, From C:/Program Files (x86)/Epic Games/4.14/Engine/Plugins/Runtime/WindowsDeviceProfileSelector/WindowsDeviceProfileSelector.uplugin
LogPluginManager: Loaded Plugin WindowsMoviePlayer, From C:/Program Files (x86)/Epic Games/4.14/Engine/Plugins/Runtime/WindowsMoviePlayer/WindowsMoviePlayer.uplugin
LogPluginManager: Loaded Plugin ScriptPlugin, From C:/Program Files (x86)/Epic Games/4.14/Engine/Plugins/ScriptPlugin/ScriptPlugin.uplugin
LogPluginManager: Loaded Plugin SlateRemote, From C:/Program Files (x86)/Epic Games/4.14/Engine/Plugins/Slate/SlateRemote/SlateRemote.uplugin
LogPluginManager: Loaded Plugin EditorTests, From C:/Program Files (x86)/Epic Games/4.14/Engine/Plugins/Tests/EditorTests/EditorTests.uplugin
LogPluginManager: Loaded Plugin FbxAutomationTestBuilder, From C:/Program Files (x86)/Epic Games/4.14/Engine/Plugins/Tests/FbxAutomationTestBuilder/FbxAutomationTestBuilder.uplugin
LogPluginManager: Loaded Plugin FunctionalTestingEditor, From C:/Program Files (x86)/Epic Games/4.14/Engine/Plugins/Tests/FunctionalTestingEditor/FunctionalTestingEditor.uplugin
LogPluginManager: Loaded Plugin RuntimeTests, From C:/Program Files (x86)/Epic Games/4.14/Engine/Plugins/Tests/RuntimeTests/RuntimeTests.uplugin
LogPluginManager: Loaded Plugin ScreenshotTools, From C:/Program Files (x86)/Epic Games/4.14/Engine/Plugins/Tests/ScreenshotTools/ScreenshotTools.uplugin
LogInit: Using libcurl 7.47.1
LogInit:  - built for x86_64-pc-win32
LogInit:  - supports SSL with OpenSSL/1.0.2g
LogInit:  - supports HTTP deflate (compression) using libz 1.2.8
LogInit:  - other features:
LogInit:      CURL_VERSION_SSL
LogInit:      CURL_VERSION_LIBZ
LogInit:      CURL_VERSION_IPV6
LogInit:      CURL_VERSION_ASYNCHDNS
LogInit:      CURL_VERSION_LARGEFILE
LogInit:      CURL_VERSION_IDN
LogInit:  CurlRequestOptions (configurable via config and command line):
LogInit:  - bVerifyPeer = false  - Libcurl will NOT verify peer certificate
LogInit:  - bUseHttpProxy = false  - Libcurl will NOT use HTTP proxy
LogInit:  - bDontReuseConnections = false  - Libcurl will reuse connections
LogInit:  - CertBundlePath = nullptr  - Libcurl will use whatever was configured at build time.
LogInit: Build: ++UE4+Release-4.14-CL-3249277
LogInit: Engine Version: 4.14.3-3249277+++UE4+Release-4.14
LogInit: Compatible Engine Version: 4.14.0-3195953+++UE4+Release-4.14
LogInit: Net CL: 3195953
LogDevObjectVersion: Number of dev versions registered: 13
LogDevObjectVersion:   Dev-Blueprints (B0D832E4-1F89-4F0D-ACCF-7EB736FD4AA2): 7
LogDevObjectVersion:   Dev-Build (E1C64328-A22C-4D53-A36C-8E866417BD8C): 0
LogDevObjectVersion:   Dev-Core (375EC13C-06E4-48FB-B500-84F0262A717E): 1
LogDevObjectVersion:   Dev-Editor (E4B068ED-F494-42E9-A231-DA0B2E46BB41): 8
LogDevObjectVersion:   Dev-Framework (CFFC743F-43B0-4480-9391-14DF171D2073): 17
LogDevObjectVersion:   Dev-Mobile (B02B49B5-BB20-44E9-A304-32B752E40360): 0
LogDevObjectVersion:   Dev-Networking (A4E4105C-59A1-49B5-A7C5-40C4547EDFEE): 0
LogDevObjectVersion:   Dev-Online (39C831C9-5AE6-47DC-9A44-9C173E1C8E7C): 0
LogDevObjectVersion:   Dev-Physics (78F01B33-EBEA-4F98-B9B4-84EACCB95AA2): 0
LogDevObjectVersion:   Dev-Platform (6631380F-2D4D-43E0-8009-CF276956A95A): 0
LogDevObjectVersion:   Dev-Rendering (12F88B9F-8875-4AFC-A67C-D90C383ABD29): 12
LogDevObjectVersion:   Dev-Sequencer (7B5AE74C-D270-4C10-A958-57980B212A5A): 1
LogDevObjectVersion:   Dev-VR (D7296918-1DD6-4BDD-9DE2-64A83CC13884): 0
LogInit: Compiled (64-bit): Jan  6 2017 10:49:43
LogInit: Compiled with Visual C++: 19.00.23026.00
LogInit: Build Configuration: Development
LogInit: Branch Name: ++UE4+Release-4.14
LogInit: Command line:  
LogInit: Base directory: C:/Program Files (x86)/Epic Games/4.14/Engine/Binaries/Win64/
LogInit: Installed Engine Build: 1
LogInit: Presizing for max 8388607 objects, including 0 objects not considered by GC, pre-allocating 0 bytes for permanent pool.
LogInit: Object subsystem initialized
[2017.01.20-21.07.52:196][  0]LogInit: Selected Device Profile: [Windows]
[2017.01.20-21.07.52:196][  0]LogInit: Applying CVar settings loaded from the selected device profile: [Windows]
[2017.01.20-21.07.52:207][  0]LogInit: Computer: DESKTOP-LDMGO10
[2017.01.20-21.07.52:207][  0]LogInit: User: HarryHastonDougan
[2017.01.20-21.07.52:207][  0]LogInit: CPU Page size=65536, Cores=4
[2017.01.20-21.07.52:207][  0]LogInit: High frequency timer resolution =3.328125 MHz
[2017.01.20-21.07.52:207][  0]LogMemory: Memory total: Physical=16.0GB (16GB approx)
[2017.01.20-21.07.52:207][  0]LogMemory: Platform Memory Stats for Windows
[2017.01.20-21.07.52:207][  0]LogMemory: Process Physical Memory: 265.06 MB used, 265.06 MB peak
[2017.01.20-21.07.52:207][  0]LogMemory: Process Virtual Memory: 262.74 MB used, 262.74 MB peak
[2017.01.20-21.07.52:207][  0]LogMemory: Physical Memory: 6137.78 MB used,  10208.98 MB free, 16346.76 MB total
[2017.01.20-21.07.52:207][  0]LogMemory: Virtual Memory: 676.41 MB used,  10208.98 MB free, 134217728.00 MB total
[2017.01.20-21.07.52:231][  0]LogTextLocalizationManager: No specific translations for ('en-GB') exist, so ('en') translations will be used.
[2017.01.20-21.07.52:814][  0]LogD3D11RHI: D3D11 adapters:
[2017.01.20-21.07.53:344][  0]LogD3D11RHI:    0. 'NVIDIA GeForce GTX 1060 3GB' (Feature Level 11_0)
[2017.01.20-21.07.53:344][  0]LogD3D11RHI:       3035/0/8173 MB DedicatedVideo/DedicatedSystem/SharedSystem, Outputs:2, VendorId:0x10de
[2017.01.20-21.07.53:345][  0]LogD3D11RHI:    1. 'Microsoft Basic Render Driver' (Feature Level 11_0)
[2017.01.20-21.07.53:345][  0]LogD3D11RHI:       0/0/8173 MB DedicatedVideo/DedicatedSystem/SharedSystem, Outputs:0, VendorId:0x1414
[2017.01.20-21.07.53:345][  0]LogD3D11RHI: Chosen D3D11 Adapter: 0
[2017.01.20-21.07.53:349][  0]LogD3D11RHI: Creating new Direct3DDevice
[2017.01.20-21.07.53:349][  0]LogD3D11RHI:     GPU DeviceId: 0x1c02 (for the marketing name, search the web for "GPU Device Id")
[2017.01.20-21.07.53:349][  0]LogWindows: EnumDisplayDevices:
[2017.01.20-21.07.53:349][  0]LogWindows:    0. 'NVIDIA GeForce GTX 1060 3GB' (P:1 D:1)
[2017.01.20-21.07.53:349][  0]LogWindows:    1. 'NVIDIA GeForce GTX 1060 3GB' (P:0 D:1)
[2017.01.20-21.07.53:349][  0]LogWindows:    2. 'NVIDIA GeForce GTX 1060 3GB' (P:0 D:0)
[2017.01.20-21.07.53:349][  0]LogWindows:    3. 'NVIDIA GeForce GTX 1060 3GB' (P:0 D:0)
[2017.01.20-21.07.53:349][  0]LogWindows: DebugString: FoundDriverCount:4 
[2017.01.20-21.07.53:349][  0]LogD3D11RHI:     Adapter Name: NVIDIA GeForce GTX 1060 3GB
[2017.01.20-21.07.53:349][  0]LogD3D11RHI:   Driver Version: 376.19 (internal:21.21.13.7619, unified:376.19)
[2017.01.20-21.07.53:349][  0]LogD3D11RHI:      Driver Date: 12-1-2016
[2017.01.20-21.07.53:349][  0]LogRHI: Texture pool is 1361 MB (70% of 1945 MB)
[2017.01.20-21.07.53:861][  0]LogD3D11RHI: Async texture creation enabled
[2017.01.20-21.08.03:887][  0]LogD3D11RHI: GPU Timing Frequency: 1000.000000 (Debug: 2 1)
[2017.01.20-21.08.03:888][  0]LogShaderCompilers: Guid format shader working directory is 4 characters bigger than the processId version (../../../../../../Repos/Drive-Thru/Drive-Thru/Drive_Thru/Intermediate/Shaders/WorkingDirectory/4068/).
[2017.01.20-21.08.03:888][  0]LogShaderCompilers: Cleaned the shader compiler working directory 'C:/Users/Harry Haston-Dougan/AppData/Local/Temp/UnrealShaderWorkingDir/A15E7CAF4C0A62EBF14EA085634E1797/'.
[2017.01.20-21.08.03:888][  0]LogShaderCompilers:Display: Using Local Shader Compiler.
[2017.01.20-21.08.04:883][  0]LogTemp:Display: Loaded TP AllDesktopTargetPlatform
[2017.01.20-21.08.04:936][  0]LogTemp:Display: Loaded TP MacClientTargetPlatform
[2017.01.20-21.08.04:995][  0]LogTemp:Display: Loaded TP MacNoEditorTargetPlatform
[2017.01.20-21.08.05:056][  0]LogTemp:Display: Loaded TP MacServerTargetPlatform
[2017.01.20-21.08.05:111][  0]LogTemp:Display: Loaded TP MacTargetPlatform
[2017.01.20-21.08.05:169][  0]LogTemp:Display: Loaded TP WindowsClientTargetPlatform
[2017.01.20-21.08.05:223][  0]LogTemp:Display: Loaded TP WindowsNoEditorTargetPlatform
[2017.01.20-21.08.05:284][  0]LogTemp:Display: Loaded TP WindowsServerTargetPlatform
[2017.01.20-21.08.05:327][  0]LogTemp:Display: Loaded TP WindowsTargetPlatform
[2017.01.20-21.08.05:381][  0]LogTemp:Display: Loaded TP AndroidTargetPlatform
[2017.01.20-21.08.05:434][  0]LogTemp:Display: Loaded TP Android_ASTCTargetPlatform
[2017.01.20-21.08.05:490][  0]LogTemp:Display: Loaded TP Android_ATCTargetPlatform
[2017.01.20-21.08.05:545][  0]LogTemp:Display: Loaded TP Android_DXTTargetPlatform
[2017.01.20-21.08.05:597][  0]LogTemp:Display: Loaded TP Android_ETC1TargetPlatform
[2017.01.20-21.08.05:646][  0]LogTemp:Display: Loaded TP Android_ETC2TargetPlatform
[2017.01.20-21.08.05:753][  0]LogTemp:Display: Loaded TP Android_MultiTargetPlatform
[2017.01.20-21.08.05:753][  0]LogTemp:Display: Loaded TP Android_PVRTCTargetPlatform
[2017.01.20-21.08.05:789][  0]LogTemp:Display: Loaded TP HTML5TargetPlatform
[2017.01.20-21.08.05:875][  0]LogTemp:Display: Loaded TP IOSTargetPlatform
[2017.01.20-21.08.05:909][  0]LogTemp:Display: Loaded TP TVOSTargetPlatform
[2017.01.20-21.08.05:964][  0]LogTemp:Display: Loaded TP LinuxClientTargetPlatform
[2017.01.20-21.08.06:023][  0]LogTemp:Display: Loaded TP LinuxNoEditorTargetPlatform
[2017.01.20-21.08.06:084][  0]LogTemp:Display: Loaded TP LinuxServerTargetPlatform
[2017.01.20-21.08.06:135][  0]LogTemp:Display: Loaded TP LinuxTargetPlatform
[2017.01.20-21.08.06:135][  0]LogTargetPlatformManager:Display: Building Assets For Windows
[2017.01.20-21.08.06:549][  0]LogDerivedDataCache:Display: Max Cache Size: 512 MB
[2017.01.20-21.08.06:595][  0]LogDerivedDataCache: Loaded boot cache 0.05s 50MB C:/Users/Harry Haston-Dougan/AppData/Local/UnrealEngine/4.14/DerivedDataCache/Boot.ddc.
[2017.01.20-21.08.06:595][  0]LogDerivedDataCache:Display: Loaded Boot cache: C:/Users/Harry Haston-Dougan/AppData/Local/UnrealEngine/4.14/DerivedDataCache/Boot.ddc
[2017.01.20-21.08.06:595][  0]LogDerivedDataCache: FDerivedDataBackendGraph:  Pak pak cache file ../../../../../../Repos/Drive-Thru/Drive-Thru/Drive_Thru/DerivedDataCache/DDC.ddp not found, will not use a pak cache.
[2017.01.20-21.08.06:595][  0]LogDerivedDataCache: Unable to find inner node Pak for hierarchical cache Hierarchy.
[2017.01.20-21.08.06:595][  0]LogDerivedDataCache: FDerivedDataBackendGraph:  CompressedPak pak cache file ../../../../../../Repos/Drive-Thru/Drive-Thru/Drive_Thru/DerivedDataCache/Compressed.ddp not found, will not use a pak cache.
[2017.01.20-21.08.06:595][  0]LogDerivedDataCache: Unable to find inner node CompressedPak for hierarchical cache Hierarchy.
[2017.01.20-21.08.06:614][  0]LogDerivedDataCache:Display: Pak cache opened for reading ../../../Engine/DerivedDataCache/Compressed.ddp.
[2017.01.20-21.08.06:626][  0]LogDerivedDataCache: Using Local data cache path C:/Users/Harry Haston-Dougan/AppData/Local/UnrealEngine/Common/DerivedDataCache: Writable
[2017.01.20-21.08.07:735][  0]LogInit: Selected Device Profile: [Windows]
[2017.01.20-21.08.07:738][  0]LogContentStreaming: Texture pool size is 0.00 MB
[2017.01.20-21.08.07:797][  0]LogMaterial: Missing cached shader map for material WorldGridMaterial, compiling. Is special engine material.
[2017.01.20-21.09.51:944][  0]LogMaterial: Missing cached shader map for material DefaultDeferredDecalMaterial, compiling. 
[2017.01.20-21.09.58:502][  0]LogMaterial: Missing cached shader map for material DefaultLightFunctionMaterial, compiling. 
[2017.01.20-21.09.59:445][  0]LogMaterial: Missing cached shader map for material DefaultPostProcessMaterial, compiling. 
[2017.01.20-21.10.00:118][  0]LogMaterial: Missing cached shader map for material Widget3DPassThrough, compiling. 
[2017.01.20-21.10.00:145][  0]LogMaterial: Missing cached shader map for material Widget3DPassThrough, compiling. 
[2017.01.20-21.10.00:163][  0]LogMaterial: Missing cached shader map for material Widget3DPassThrough, compiling. 
[2017.01.20-21.10.00:174][  0]LogMaterial: Missing cached shader map for material Widget3DPassThrough, compiling. 
[2017.01.20-21.10.00:194][  0]LogMaterial: Missing cached shader map for material Widget3DPassThrough, compiling. 
[2017.01.20-21.10.00:213][  0]LogMaterial: Missing cached shader map for material Widget3DPassThrough, compiling. 
[2017.01.20-21.10.00:237][  0]LogMaterial: Missing cached shader map for material M_ContentWindow, compiling. 
[2017.01.20-21.10.00:423][  0]LogMeshUtilities: Using QuadricMeshReduction for automatic static mesh reduction
[2017.01.20-21.10.00:483][  0]LogSimplygon: Simplygon DLL not present - disabling.
[2017.01.20-21.10.00:551][  0]LogMeshUtilities: Using SimplygonSwarm for distributed automatic mesh merging
[2017.01.20-21.10.00:551][  0]LogMeshUtilities: No automatic skeletal mesh reduction module available
[2017.01.20-21.10.00:551][  0]LogMeshUtilities: No automatic mesh merging module available
[2017.01.20-21.10.00:631][  0]LogMaterial: Missing cached shader map for material TranslucentTransformGizmoMaterial, compiling. 
[2017.01.20-21.10.00:642][  0]LogMaterial: Missing cached shader map for material TransformGizmoMaterial, compiling. 
[2017.01.20-21.10.00:654][  0]LogMaterial: Missing cached shader map for material LineMaterial, compiling. 
[2017.01.20-21.10.00:666][  0]LogMaterial: Missing cached shader map for material VRTextMaterial, compiling. 
[2017.01.20-21.10.00:683][  0]LogMaterial: Missing cached shader map for material VRTextMaterial, compiling. 
[2017.01.20-21.10.00:698][  0]LogMaterial: Missing cached shader map for material DefaultTextMaterialOpaque, compiling. 
[2017.01.20-21.10.00:767][  0]LogMaterial: Missing cached shader map for material GenericHMDMaterial, compiling. 
[2017.01.20-21.10.00:794][  0]LogMaterial: Missing cached shader map for material FlattenHeightMat, compiling. 
[2017.01.20-21.10.00:812][  0]LogMaterial: Missing cached shader map for material GridMaterial, compiling. 
[2017.01.20-21.10.00:832][  0]LogMaterial: Missing cached shader map for material LaserPointerMaterial, compiling. 
[2017.01.20-21.10.00:848][  0]LogMaterial: Missing cached shader map for material LaserPointerMaterial, compiling. 
[2017.01.20-21.10.00:889][  0]LogMaterial: Missing cached shader map for material GridPostProcess, compiling. 
[2017.01.20-21.10.00:922][  0]LogMaterial: Missing cached shader map for material CineMat, compiling. 
[2017.01.20-21.10.00:970][  0]LogMaterial: Missing cached shader map for material MatineeCam_mat, compiling. 
[2017.01.20-21.10.00:998][  0]LogMaterial: Missing cached shader map for material M_SimpleOpaque, compiling. 
[2017.01.20-21.10.01:021][  0]LogMaterial: Missing cached shader map for material M_SimpleTranslucent, compiling. 
[2017.01.20-21.10.01:147][  0]LogMaterial: Missing cached shader map for material SkySphereMaterial, compiling. 
[2017.01.20-21.10.01:162][  0]LogMaterial: Missing cached shader map for material FloorPlaneMaterial, compiling. 
[2017.01.20-21.10.01:261][  0]LogMaterial: Missing cached shader map for material LandscapeGizmo_Mat, compiling. 
[2017.01.20-21.10.01:288][  0]LogMaterial: Missing cached shader map for material LandscapeGizmoHeight_Mat, compiling. 
[2017.01.20-21.10.01:344][  0]LogMaterial: Missing cached shader map for material SplineEditorMeshMat, compiling. 
[2017.01.20-21.10.01:375][  0]LogMaterial: Missing cached shader map for material HelpActorMaterial, compiling. 
[2017.01.20-21.10.01:531][  0]LogNetVersion: GetLocalNetworkVersion: CL: 3195953, ProjectName: drive_thru, ProjectVersion: , EngineNetworkVersion: 2, GameNetworkVersion: 0, NetworkChecksum: 3324528129
[2017.01.20-21.10.01:541][  0]LogMaterial: Missing cached shader map for material DefaultMaterial, compiling. 
[2017.01.20-21.10.01:672][  0]LogAssetRegistry: FAssetRegistry took 0.0216 seconds to start up
[2017.01.20-21.10.01:771][  0]LogPackageLocalizationCache: Processed 4 localized package path(s) for 2 prioritized culture(s) in 0.069510 seconds
[2017.01.20-21.10.01:779][  0]LogUObjectArray: 31946 objects as part of root set at end of initial load.
[2017.01.20-21.10.01:779][  0]LogUObjectAllocator: 6935840 out of 0 bytes used by permanent object pool.
[2017.01.20-21.10.01:779][  0]LogUObjectArray: CloseDisregardForGC: 0/0 objects in disregard for GC pool
[2017.01.20-21.10.01:873][  0]LogInit: WinSock: version 1.1 (2.2), MaxSocks=32767, MaxUdp=65467
[2017.01.20-21.10.02:879][  0]LogSlate: Using Freetype 2.6.0
[2017.01.20-21.10.02:880][  0]LogSlate: SlateFontCache - WITH_FREETYPE: 1, WITH_HARFBUZZ: 1
[2017.01.20-21.10.02:880][  0]LogSlate: SlateFontCache - WITH_FREETYPE: 1, WITH_HARFBUZZ: 1
[2017.01.20-21.10.03:685][  0]LogMaterial: Missing cached shader map for material DefaultSpriteMaterial, compiling. 
[2017.01.20-21.10.03:702][  0]LogMaterial: Missing cached shader map for material DefaultSpriteMaterial, compiling. 
[2017.01.20-21.10.03:848][  0]LogFMODOculus: StartupModule
[2017.01.20-21.10.03:914][  0]LogFMOD: FFMODStudioModule startup
[2017.01.20-21.10.03:914][  0]LogFMOD:  Lib path = '../../../Engine/Plugins/FMODStudio/Binaries'
[2017.01.20-21.10.03:914][  0]LogFMOD: FFMODStudioModule::LoadDll: Loading ../../../Engine/Plugins/FMODStudio/Binaries/Win64/fmodL64.dll
[2017.01.20-21.10.03:922][  0]LogFMOD: FFMODStudioModule::LoadDll: Loading ../../../Engine/Plugins/FMODStudio/Binaries/Win64/fmodstudioL64.dll
[2017.01.20-21.10.03:933][  0]LogFMOD: Loading strings bank: ../../../../../../Repos/Drive-Thru/Drive-Thru/Drive_Thru/Content/FMOD/Desktop/Master Bank.strings.bank
[2017.01.20-21.10.03:934][  0]LogFMOD:Error: e:\jk\workspace\1. Build_UE4_1.8_Libs\studio_api\src\fmod_bankmodel.cpp(346) - Failed to open file '../../../../../../Repos/Drive-Thru/Drive-Thru/Drive_Thru/Content/FMOD/Desktop/Master Bank.strings.bank'

[2017.01.20-21.10.03:934][  0]LogFMOD:Warning: Failed to load strings bank: ../../../../../../Repos/Drive-Thru/Drive-Thru/Drive_Thru/Content/FMOD/Desktop/Master Bank.strings.bank
[2017.01.20-21.10.03:952][  0]LogFMOD: Default sample rate = 48000
[2017.01.20-21.10.03:952][  0]LogFMOD: System sample rate = 48000
[2017.01.20-21.10.03:952][  0]LogFMOD: Matching system sample rate 48000
[2017.01.20-21.10.04:011][  0]LogTcpMessaging: Initializing TcpMessaging bridge
[2017.01.20-21.10.04:064][  0]LogUdpMessaging: Initializing bridge on interface 0.0.0.0:0 to multicast group 230.0.0.1:6666.
[2017.01.20-21.10.04:422][  0]LogMaterial: Missing cached shader map for material BaseColor, compiling. 
[2017.01.20-21.10.04:422][  0]LogMaterial:Warning: Failed to compile Material /Engine/BufferVisualization/BaseColor.BaseColor for platform PCD3D_SM5, Default Material will be used in game.
[2017.01.20-21.10.04:422][  0]LogMaterial:Warning: 	(Node SceneTexture) GBuffer scene textures not available with forward shading.
[2017.01.20-21.10.04:425][  0]LogMaterial: Missing cached shader map for material CustomDepth, compiling. 
[2017.01.20-21.10.04:444][  0]LogMaterial: Uniform references updated for custom material expression Custom.
[2017.01.20-21.10.04:460][  0]LogMaterial: Missing cached shader map for material CustomStencil, compiling. 
[2017.01.20-21.10.04:470][  0]LogMaterial: Missing cached shader map for material FinalImage, compiling. 
[2017.01.20-21.10.04:480][  0]LogMaterial: Missing cached shader map for material LightingModel, compiling. 
[2017.01.20-21.10.04:480][  0]LogMaterial:Warning: Failed to compile Material /Engine/BufferVisualization/LightingModel.LightingModel for platform PCD3D_SM5, Default Material will be used in game.
[2017.01.20-21.10.04:480][  0]LogMaterial:Warning: 	(Node SceneTexture) GBuffer scene textures not available with forward shading.
[2017.01.20-21.10.04:483][  0]LogMaterial: Missing cached shader map for material MaterialAO, compiling. 
[2017.01.20-21.10.04:483][  0]LogMaterial:Warning: Failed to compile Material /Engine/BufferVisualization/MaterialAO.MaterialAO for platform PCD3D_SM5, Default Material will be used in game.
[2017.01.20-21.10.04:483][  0]LogMaterial:Warning: 	(Node SceneTexture) GBuffer scene textures not available with forward shading.
[2017.01.20-21.10.04:486][  0]LogMaterial: Missing cached shader map for material Metallic, compiling. 
[2017.01.20-21.10.04:486][  0]LogMaterial:Warning: Failed to compile Material /Engine/BufferVisualization/Metallic.Metallic for platform PCD3D_SM5, Default Material will be used in game.
[2017.01.20-21.10.04:486][  0]LogMaterial:Warning: 	(Node SceneTexture) GBuffer scene textures not available with forward shading.
[2017.01.20-21.10.04:489][  0]LogMaterial: Missing cached shader map for material Opacity, compiling. 
[2017.01.20-21.10.04:490][  0]LogMaterial:Warning: Failed to compile Material /Engine/BufferVisualization/Opacity.Opacity for platform PCD3D_SM5, Default Material will be used in game.
[2017.01.20-21.10.04:490][  0]LogMaterial:Warning: 	(Node SceneTexture) GBuffer scene textures not available with forward shading.
[2017.01.20-21.10.04:492][  0]LogMaterial: Missing cached shader map for material Roughness, compiling. 
[2017.01.20-21.10.04:493][  0]LogMaterial:Warning: Failed to compile Material /Engine/BufferVisualization/Roughness.Roughness for platform PCD3D_SM5, Default Material will be used in game.
[2017.01.20-21.10.04:493][  0]LogMaterial:Warning: 	(Node SceneTexture) GBuffer scene textures not available with forward shading.
[2017.01.20-21.10.04:496][  0]LogMaterial: Missing cached shader map for material SceneColor, compiling. 
[2017.01.20-21.10.04:512][  0]LogMaterial: Missing cached shader map for material SceneDepth, compiling. 
[2017.01.20-21.10.04:521][  0]LogMaterial: Missing cached shader map for material SeparateTranslucencyRGB, compiling. 
[2017.01.20-21.10.04:531][  0]LogMaterial: Missing cached shader map for material SeparateTranslucencyA, compiling. 
[2017.01.20-21.10.04:540][  0]LogMaterial: Missing cached shader map for material Specular, compiling. 
[2017.01.20-21.10.04:540][  0]LogMaterial:Warning: Failed to compile Material /Engine/BufferVisualization/Specular.Specular for platform PCD3D_SM5, Default Material will be used in game.
[2017.01.20-21.10.04:540][  0]LogMaterial:Warning: 	(Node SceneTexture) GBuffer scene textures not available with forward shading.
[2017.01.20-21.10.04:543][  0]LogMaterial: Missing cached shader map for material SubsurfaceColor, compiling. 
[2017.01.20-21.10.04:544][  0]LogMaterial:Warning: Failed to compile Material /Engine/BufferVisualization/SubsurfaceColor.SubsurfaceColor for platform PCD3D_SM5, Default Material will be used in game.
[2017.01.20-21.10.04:544][  0]LogMaterial:Warning: 	(Node SceneTexture) GBuffer scene textures not available with forward shading.
[2017.01.20-21.10.04:546][  0]LogMaterial: Missing cached shader map for material WorldNormal, compiling. 
[2017.01.20-21.10.04:547][  0]LogMaterial:Warning: Failed to compile Material /Engine/BufferVisualization/WorldNormal.WorldNormal for platform PCD3D_SM5, Default Material will be used in game.
[2017.01.20-21.10.04:547][  0]LogMaterial:Warning: 	(Node SceneTexture) GBuffer scene textures not available with forward shading.
[2017.01.20-21.10.04:550][  0]LogMaterial: Missing cached shader map for material AmbientOcclusion, compiling. 
[2017.01.20-21.10.04:567][  0]LogMaterial: Missing cached shader map for material CustomDepthWorldUnits, compiling. 
[2017.01.20-21.10.04:577][  0]LogMaterial: Missing cached shader map for material SceneDepthWorldUnits, compiling. 
[2017.01.20-21.10.04:591][  0]LogMaterial: Missing cached shader map for material PreTonemapHDRColor, compiling. 
[2017.01.20-21.10.04:600][  0]LogMaterial: Missing cached shader map for material PostTonemapHDRColor, compiling. 
[2017.01.20-21.10.05:048][  0]SourceControl: Info Source control is disabled
[2017.01.20-21.10.05:085][  0]SourceControl: Info Source control is disabled
[2017.01.20-21.10.05:148][  0]SourceControl: Info Source control is disabled
[2017.01.20-21.10.05:211][  0]SourceControl: Info Source control is disabled
[2017.01.20-21.10.06:049][  0]LogFMOD: FFMODStudioEditorModule startup
[2017.01.20-21.10.07:013][  0]LogMaterial: Missing cached shader map for material HighResScreenshot, compiling. 
[2017.01.20-21.10.07:028][  0]LogMaterial: Missing cached shader map for material HighResScreenshotMask, compiling. 
[2017.01.20-21.10.07:047][  0]LogMaterial: Missing cached shader map for material HighResScreenshotCaptureRegion, compiling. 
[2017.01.20-21.10.07:074][  0]LogEngine: Initializing Engine...
[2017.01.20-21.10.07:105][  0]LogHMD: SteamVR initialized.  Driver: lighthouse  Display: LHR-4541EBFF
[2017.01.20-21.10.07:130][  0]LogMaterial: Missing cached shader map for material WireframeMaterial, compiling. Is special engine material.
[2017.01.20-21.10.07:331][  0]LogMaterial: Missing cached shader map for material LevelColorationLitMaterial, compiling. Is special engine material.
[2017.01.20-21.10.07:836][  0]LogMaterial: Missing cached shader map for material LevelColorationUnlitMaterial, compiling. Is special engine material.
[2017.01.20-21.10.07:997][  0]LogMaterial: Missing cached shader map for material MAT_LevelColorationLitLightmapUV, compiling. Is special engine material.
[2017.01.20-21.10.08:519][  0]LogMaterial: Missing cached shader map for material ShadedLevelColorationLitMaterial, compiling. Is special engine material.
[2017.01.20-21.10.09:017][  0]LogMaterial: Missing cached shader map for material ShadedLevelColorationUnlitMateri, compiling. Is special engine material.
[2017.01.20-21.10.09:180][  0]LogMaterial: Missing cached shader map for material VertexColorMaterial, compiling. 
[2017.01.20-21.10.09:222][  0]LogMaterial: Missing cached shader map for material VertexColorViewMode_ColorOnly, compiling. 
[2017.01.20-21.10.09:235][  0]LogMaterial: Missing cached shader map for material VertexColorViewMode_AlphaAsColor, compiling. 
[2017.01.20-21.10.09:249][  0]LogMaterial: Missing cached shader map for material VertexColorViewMode_RedOnly, compiling. 
[2017.01.20-21.10.09:270][  0]LogMaterial: Missing cached shader map for material VertexColorViewMode_GreenOnly, compiling. 
[2017.01.20-21.10.09:283][  0]LogMaterial: Missing cached shader map for material VertexColorViewMode_BlueOnly, compiling. 
[2017.01.20-21.10.09:296][  0]LogMaterial: Missing cached shader map for material RemoveSurfaceMaterial, compiling. 
[2017.01.20-21.10.09:304][  0]LogMaterial: Missing cached shader map for material DebugMeshMaterial, compiling. 
[2017.01.20-21.10.09:320][  0]LogMaterial: Missing cached shader map for material M_InvalidLightmapSettings, compiling. 
[2017.01.20-21.10.09:355][  0]LogMaterial: Missing cached shader map for material GizmoMaterial, compiling. 
[2017.01.20-21.10.09:380][  0]LogMaterial: Missing cached shader map for material PhAT_JointLimitMaterial, compiling. 
[2017.01.20-21.10.09:396][  0]LogMaterial: Missing cached shader map for material GeomMaterial, compiling. 
[2017.01.20-21.10.09:418][  0]LogMaterial: Missing cached shader map for material EditorBrushMaterial, compiling. 
[2017.01.20-21.10.09:433][  0]LogMaterial: Missing cached shader map for material BoneWeightMaterial, compiling. 
[2017.01.20-21.10.09:507][  0]LogMaterial: Missing cached shader map for material PreviewShadowIndicatorMaterial, compiling. 
[2017.01.20-21.10.09:696][  0]LogAIModule: Creating AISystem for world Untitled
[2017.01.20-21.10.09:704][  0]LogInit: XAudio2 using 'Realtek HD Audio 2nd output (Realtek High Definition Audio)' : 2 channels at 48 kHz using 32 bits per sample (channel mask 0x3)
[2017.01.20-21.10.09:714][  0]LogInit: FAudioDevice initialized.
[2017.01.20-21.10.09:741][  0]LogDerivedDataCache: Saved boot cache 0.03s 52MB C:/Users/Harry Haston-Dougan/AppData/Local/UnrealEngine/4.14/DerivedDataCache/Boot.ddc.
[2017.01.20-21.10.09:751][  0]LogInit: Texture streaming: Enabled
[2017.01.20-21.10.09:997][  0]LogInit: Transaction tracking system initialized
[2017.01.20-21.10.10:463][  0]BlueprintLog: New page: Editor Load
[2017.01.20-21.10.11:644][  0]LocalizationService: Info Localization service is disabled
[2017.01.20-21.10.12:544][  0]LogConsoleResponse:Display: 
[2017.01.20-21.10.12:580][  0]LogMaterial: Missing cached shader map for material Cross_Mat, compiling. 
[2017.01.20-21.10.12:599][  0]LogMaterial: Missing cached shader map for material PhAT_BoneSelectedMaterial, compiling. 
[2017.01.20-21.10.12:625][  0]LogMaterial: Missing cached shader map for material PhAT_ElemSelectedMaterial, compiling. 
[2017.01.20-21.10.12:638][  0]LogMaterial: Missing cached shader map for material PhAT_NoCollisionMaterial, compiling. 
[2017.01.20-21.10.12:651][  0]LogMaterial: Missing cached shader map for material PhAT_UnselectedMaterial, compiling. 
[2017.01.20-21.10.12:673][  0]LogMaterial: Missing cached shader map for material Tick_Mat, compiling. 
[2017.01.20-21.10.12:692][  0]LogMaterial: Missing cached shader map for material WidgetGridVertexColorMaterial_Ma, compiling. 
[2017.01.20-21.10.12:706][  0]LogMaterial: Missing cached shader map for material WidgetMaterial, compiling. 
[2017.01.20-21.10.12:719][  0]LogMaterial: Missing cached shader map for material WidgetMaterial_Current, compiling. 
[2017.01.20-21.10.12:732][  0]LogMaterial: Missing cached shader map for material WidgetMaterial_X, compiling. 
[2017.01.20-21.10.12:747][  0]LogMaterial: Missing cached shader map for material WidgetMaterial_Y, compiling. 
[2017.01.20-21.10.12:761][  0]LogMaterial: Missing cached shader map for material WidgetMaterial_Z, compiling. 
[2017.01.20-21.10.12:773][  0]LogMaterial: Missing cached shader map for material WidgetVertexColorMaterial, compiling. 
[2017.01.20-21.10.12:808][  0]LogMaterial: Missing cached shader map for material LevelGridMaterial, compiling. 
[2017.01.20-21.10.12:841][  0]LogMaterial: Missing cached shader map for material BlinkingCaret, compiling. 
[2017.01.20-21.10.12:864][  0]LogMaterial: Missing cached shader map for material M_StreamingPause, compiling. 
[2017.01.20-21.10.12:896][  0]LogCook:Display: Max memory allowance for cook 16384mb min free memory 0mb
[2017.01.20-21.10.12:896][  0]LogCook:Display: Mobile HDR setting 1
[2017.01.20-21.10.13:599][  0]LogFileCache: Scanning file cache for directory 'C:/Repos/Drive-Thru/Drive-Thru/Drive_Thru/Content/' took 0.01s
[2017.01.20-21.10.14:201][  0]SourceControl: Info Source control is disabled
[2017.01.20-21.10.14:201][  0]Cmd: MAP LOAD FILE="../../../../../../Repos/Drive-Thru/Drive-Thru/Drive_Thru/Content/VehicleBP/Maps/VehicleExampleMap.umap" TEMPLATE=0 SHOWPROGRESS=1 FEATURELEVEL=3
[2017.01.20-21.10.14:201][  0]LightingResults: New page: Lighting Build
[2017.01.20-21.10.14:257][  0]MapCheck: New page: Map Check
[2017.01.20-21.10.14:257][  0]LightingResults: New page: Lighting Build
[2017.01.20-21.10.14:721][  0]LogMaterial: Missing cached shader map for material M_Sky_Panning_Clouds2, compiling. 
[2017.01.20-21.10.14:734][  0]LogMaterial: Missing cached shader map for material AntiAliasedTextMaterialTranslucent, compiling. 
[2017.01.20-21.10.14:757][  0]LogMaterial: Missing cached shader map for material BasicShapeMaterial, compiling. 
[2017.01.20-21.10.14:799][  0]LogMaterial: Missing cached shader map for material M_Vehicle_Sedan, compiling. 
[2017.01.20-21.10.14:863][  0]LogMaterial: Missing cached shader map for material M_Vehicle_Sedan, compiling. 
[2017.01.20-21.10.15:033][  0]LogMaterial: Missing cached shader map for material BaseMaterial, compiling. 
[2017.01.20-21.10.15:084][  0]LogMaterial: Missing cached shader map for material CubeMaterial, compiling. 
[2017.01.20-21.10.15:112][  0]LogAIModule: Creating AISystem for world VehicleExampleMap
[2017.01.20-21.10.15:520][  0]LogEditorServer: Finished looking for orphan Actors (0.000 secs)
[2017.01.20-21.10.15:520][  0]Cmd: MAP CHECKDEP NOCLEARLOG
[2017.01.20-21.10.15:570][  0]MapCheck: Info Map check complete: 0 Error(s), 0 Warning(s), took 49.412ms to complete.
[2017.01.20-21.10.15:570][  0]LogFileHelpers: Loading map 'VehicleExampleMap' took 1.369
[2017.01.20-21.10.15:729][  0]LogCollectionManager: Loaded 0 collections in 0.003132 seconds
[2017.01.20-21.10.15:823][  0]LogFileCache: Scanning file cache for directory 'C:/Repos/Drive-Thru/Drive-Thru/Drive_Thru/Saved/Collections/' took 0.01s
[2017.01.20-21.10.15:823][  0]LogFileCache: Scanning file cache for directory 'C:/Repos/Drive-Thru/Drive-Thru/Drive_Thru/Content/Developers/HarryHastonDougan/Collections/' took 0.01s
[2017.01.20-21.10.15:823][  0]LogFileCache: Scanning file cache for directory 'C:/Repos/Drive-Thru/Drive-Thru/Drive_Thru/Content/Collections/' took 0.01s
[2017.01.20-21.10.15:823][  0]LogCollectionManager: Rebuilt the GUID cache for 0 collections in 0.000002 seconds
[2017.01.20-21.10.15:834][  0]LogContentBrowser: Native class hierarchy populated in 0.0111 seconds. Added 2204 classes and 435 folders.
[2017.01.20-21.10.15:890][  0]LogStats: UGameplayTagsManager::ConstructGameplayTagTree: Construct from data asset -  0.000 s
[2017.01.20-21.10.15:890][  0]LogStats: UGameplayTagsManager::ConstructGameplayTagTree: GameplayTagTreeChangedEvent.Broadcast -  0.000 s
[2017.01.20-21.10.15:891][  0]LogContentBrowser: Native class hierarchy updated for 'GameplayTags' in 0.0007 seconds. Added 13 classes and 0 folders.
[2017.01.20-21.10.15:978][  0]LogContentBrowser: Native class hierarchy updated for 'WidgetCarousel' in 0.0006 seconds. Added 0 classes and 0 folders.
[2017.01.20-21.10.16:025][  0]LogContentBrowser: Native class hierarchy updated for 'AddContentDialog' in 0.0006 seconds. Added 0 classes and 0 folders.
[2017.01.20-21.10.16:083][  0]LogContentBrowser: Native class hierarchy updated for 'SceneOutliner' in 0.0006 seconds. Added 1 classes and 2 folders.
[2017.01.20-21.10.16:135][  0]LogCrashTracker: Crashtracker disabled due to settings.
[2017.01.20-21.10.16:142][  0]LogUObjectGlobals:Warning: Failed to find object 'Class None.'
[2017.01.20-21.10.16:224][  0]LogContentBrowser: Native class hierarchy updated for 'HierarchicalLODOutliner' in 0.0006 seconds. Added 1 classes and 2 folders.
[2017.01.20-21.10.16:224][  0]LogLoad: (Engine Initialization) Total time: 145.60 seconds
[2017.01.20-21.10.16:224][  0]LogLoad: (Engine Initialization) Total Blueprint compile time: 0.21 seconds
[2017.01.20-21.10.16:224][  0]LogExternalProfiler: Found external profiler: VSPerf
[2017.01.20-21.10.16:224][  0]LogExternalProfiler: Using external profiler: VSPerf
[2017.01.20-21.10.16:563][  0]LogOcInput: OculusInput pre-init called
[2017.01.20-21.10.16:583][  0]LogContentStreaming: Texture pool size now 1000 MB
[2017.01.20-21.10.16:706][  0]LogMaterial: Missing cached shader map for material LevelGridMaterial2, compiling. 
[2017.01.20-21.10.16:798][  0]LogRenderer: Reallocating scene render targets to support 1208x576 NumSamples 1 (Frame:2).
[2017.01.20-21.10.16:908][  1]LogAssetRegistry: Asset discovery search completed in 15.2577 seconds
[2017.01.20-21.10.16:908][  1]LogCollectionManager: Rebuilt the object cache for 0 collections in 0.000001 seconds (found 0 objects)
[2017.01.20-21.10.16:908][  1]LogCollectionManager: Fixed up redirectors for 0 collections in 0.000022 seconds (updated 0 objects)
[2017.01.20-21.46.18:907][487]LogEditorViewport: Clicking on Actor (LMB): Sedan_C (Sedan)
[2017.01.20-21.46.27:003][ 10]LogContentBrowser: Native class hierarchy updated for 'BlueprintGraph' in 0.0007 seconds. Added 111 classes and 0 folders.
[2017.01.20-21.46.27:491][ 10]LogMaterial: Missing cached shader map for material GridMaterial, compiling. 
[2017.01.20-21.46.27:512][ 10]LogMaterial: Missing cached shader map for material PersonaFloorMat, compiling. 
[2017.01.20-21.46.39:013][760]Cmd: OBJ SAVEPACKAGE PACKAGE="/Game/VehicleBP/Sedan/Sedan" FILE="../../../../../../Repos/Drive-Thru/Drive-Thru/Drive_Thru/Content/VehicleBP/Sedan/Sedan.uasset" SILENT=true
[2017.01.20-21.46.39:079][760]LogSavePackage: Save=61.25ms
[2017.01.20-21.46.39:079][760]LogSavePackage: Moving '../../../../../../Repos/Drive-Thru/Drive-Thru/Drive_Thru/Saved/Sedan4C90CF6A4A98EDC7FDF57F85AFB22BE4.tmp' to '../../../../../../Repos/Drive-Thru/Drive-Thru/Drive_Thru/Content/VehicleBP/Sedan/Sedan.uasset'
[2017.01.20-21.46.39:083][760]LogSavePackage:Display: Finished SavePackage ../../../../../../Repos/Drive-Thru/Drive-Thru/Drive_Thru/Content/VehicleBP/Sedan/Sedan.uasset
[2017.01.20-21.47.05:072][532]LogSavePackage: Save=111.07ms
[2017.01.20-21.47.05:072][532]LogSavePackage: Moving '../../../../../../Repos/Drive-Thru/Drive-Thru/Drive_Thru/Saved/VehicleExampleMap_Auto11B004FEA445CEBEA28AD99A0FE8CE44A.tmp' to '../../../../../../Repos/Drive-Thru/Drive-Thru/Drive_Thru/Saved/Autosaves/Game/VehicleBP/Maps/VehicleExampleMap_Auto1.umap'
[2017.01.20-21.47.05:073][532]LogSavePackage:Display: Finished SavePackage ../../../../../../Repos/Drive-Thru/Drive-Thru/Drive_Thru/Saved/Autosaves/Game/VehicleBP/Maps/VehicleExampleMap_Auto1.umap
[2017.01.20-21.47.05:078][532]LogFileHelpers: Editor autosave (incl. sublevels) for '/Game/VehicleBP/Maps/VehicleExampleMap' took 0.150
[2017.01.20-21.47.05:078][532]LogFileHelpers: Editor autosave (incl. sublevels) for all levels took 0.150
[2017.01.20-21.47.24:392][704]LogTemp: Repeting last play command: VR Preview
[2017.01.20-21.47.24:403][704]LogBlueprintUserMessages: Early PlayInEditor Detection: Level '/Game/VehicleBP/Maps/VehicleExampleMap.VehicleExampleMap:PersistentLevel' has LevelScriptBlueprint '/Game/VehicleBP/Maps/VehicleExampleMap.VehicleExampleMap:PersistentLevel.VehicleExampleMap' with GeneratedClass '/Game/VehicleBP/Maps/VehicleExampleMap.VehicleExampleMap_C' with ClassGeneratedBy '/Game/VehicleBP/Maps/VehicleExampleMap.VehicleExampleMap:PersistentLevel.VehicleExampleMap'
[2017.01.20-21.47.24:425][704]LogFMOD: Creating runtime Studio System
[2017.01.20-21.47.24:426][704]LogFMOD: Default sample rate = 48000
[2017.01.20-21.47.24:426][704]LogFMOD: System sample rate = 48000
[2017.01.20-21.47.24:426][704]LogFMOD: Matching system sample rate 48000
[2017.01.20-21.47.24:436][704]LogFMOD: Triggering Initialized on other modules
[2017.01.20-21.47.24:437][704]LogFMOD: Loading Banks
[2017.01.20-21.47.24:475][704]LogFMOD:Error: e:\jk\workspace\1. Build_UE4_1.8_Libs\studio_api\src\fmod_bankmodel.cpp(346) - Failed to open file '../../../../../../Repos/Drive-Thru/Drive-Thru/Drive_Thru/Content/FMOD/Desktop/Master Bank.bank'

[2017.01.20-21.47.24:475][704]LogFMOD:Error: e:\jk\workspace\1. Build_UE4_1.8_Libs\studio_api\src\fmod_bankmodel.cpp(346) - Failed to open file '../../../../../../Repos/Drive-Thru/Drive-Thru/Drive_Thru/Content/FMOD/Desktop/Master Bank.strings.bank'

[2017.01.20-21.47.24:475][704]LogFMOD:Warning: Failed to bank: ../../../../../../Repos/Drive-Thru/Drive-Thru/Drive_Thru/Content/FMOD/Desktop/Master Bank.bank (File does not exist)
[2017.01.20-21.47.24:475][704]LogFMOD:Warning: Failed to bank: ../../../../../../Repos/Drive-Thru/Drive-Thru/Drive_Thru/Content/FMOD/Desktop/Master Bank.strings.bank (File does not exist)
[2017.01.20-21.47.24:475][704]LogPlayLevel: PlayLevel: No blueprints needed recompiling
[2017.01.20-21.47.24:476][704]PIE: New page: PIE session: VehicleExampleMap (20 Jan 2017 21:47:24)
[2017.01.20-21.47.24:476][704]LogPlayLevel: Creating play world package: /Game/VehicleBP/Maps/UEDPIE_0_VehicleExampleMap
[2017.01.20-21.47.24:494][704]LogPlayLevel: PIE: StaticDuplicateObject took: (0.018706s)
[2017.01.20-21.47.24:495][704]LogAIModule: Creating AISystem for world VehicleExampleMap
[2017.01.20-21.47.24:495][704]LogPlayLevel: PIE: World Init took: (0.000749s)
[2017.01.20-21.47.24:495][704]LogPlayLevel: PIE: Created PIE world by copying editor world from /Game/VehicleBP/Maps/VehicleExampleMap.VehicleExampleMap to /Game/VehicleBP/Maps/UEDPIE_0_VehicleExampleMap.VehicleExampleMap (0.019716s)
[2017.01.20-21.47.24:541][704]LogInit: XAudio2 using 'Realtek HD Audio 2nd output (Realtek High Definition Audio)' : 2 channels at 48 kHz using 32 bits per sample (channel mask 0x3)
[2017.01.20-21.47.24:548][704]LogInit: FAudioDevice initialized.
[2017.01.20-21.47.24:637][704]LogHMD: SteamVR initialized.  Driver: lighthouse  Display: LHR-4541EBFF
[2017.01.20-21.47.24:685][704]LogLoad: Game class is 'VehicleGameMode_C'
[2017.01.20-21.47.24:692][704]LogWorld: Bringing World /Game/VehicleBP/Maps/UEDPIE_0_VehicleExampleMap.VehicleExampleMap up for play (max tick rate 0) at 2017.01.20-21.47.24
[2017.01.20-21.47.24:693][704]LogWorld: Bringing up level for play took: 0.002818
[2017.01.20-21.47.24:728][704]LogContentBrowser: Native class hierarchy updated for 'MovieSceneCapture' in 0.0005 seconds. Added 11 classes and 0 folders.
[2017.01.20-21.47.24:733][704]PIE: Info Play in editor start time for /Game/VehicleBP/Maps/UEDPIE_0_VehicleExampleMap 0.238
[2017.01.20-21.47.24:734][704]LogBlueprintUserMessages: Late PlayInEditor Detection: Level '/Game/VehicleBP/Maps/VehicleExampleMap.VehicleExampleMap:PersistentLevel' has LevelScriptBlueprint '/Game/VehicleBP/Maps/VehicleExampleMap.VehicleExampleMap:PersistentLevel.VehicleExampleMap' with GeneratedClass '/Game/VehicleBP/Maps/VehicleExampleMap.VehicleExampleMap_C' with ClassGeneratedBy '/Game/VehicleBP/Maps/VehicleExampleMap.VehicleExampleMap:PersistentLevel.VehicleExampleMap'
[2017.01.20-21.47.24:774][705]LogRenderer: Reallocating scene render targets to support 3024x1680 NumSamples 1 (Frame:4013).
[2017.01.20-21.48.01:099][956]LogBlueprintUserMessages: Early EndPlayMap Detection: Level '/Game/VehicleBP/Maps/VehicleExampleMap.VehicleExampleMap:PersistentLevel' has LevelScriptBlueprint '/Game/VehicleBP/Maps/VehicleExampleMap.VehicleExampleMap:PersistentLevel.VehicleExampleMap' with GeneratedClass '/Game/VehicleBP/Maps/VehicleExampleMap.VehicleExampleMap_C' with ClassGeneratedBy '/Game/VehicleBP/Maps/VehicleExampleMap.VehicleExampleMap:PersistentLevel.VehicleExampleMap'
[2017.01.20-21.48.01:307][956]LogBlueprintUserMessages: Late EndPlayMap Detection: Level '/Game/VehicleBP/Maps/VehicleExampleMap.VehicleExampleMap:PersistentLevel' has LevelScriptBlueprint '/Game/VehicleBP/Maps/VehicleExampleMap.VehicleExampleMap:PersistentLevel.VehicleExampleMap' with GeneratedClass '/Game/VehicleBP/Maps/VehicleExampleMap.VehicleExampleMap_C' with ClassGeneratedBy '/Game/VehicleBP/Maps/VehicleExampleMap.VehicleExampleMap:PersistentLevel.VehicleExampleMap'
[2017.01.20-21.48.24:729][757]LogTemp: Repeting last play command: VR Preview
[2017.01.20-21.48.24:740][757]LogBlueprintUserMessages: Early PlayInEditor Detection: Level '/Game/VehicleBP/Maps/VehicleExampleMap.VehicleExampleMap:PersistentLevel' has LevelScriptBlueprint '/Game/VehicleBP/Maps/VehicleExampleMap.VehicleExampleMap:PersistentLevel.VehicleExampleMap' with GeneratedClass '/Game/VehicleBP/Maps/VehicleExampleMap.VehicleExampleMap_C' with ClassGeneratedBy '/Game/VehicleBP/Maps/VehicleExampleMap.VehicleExampleMap:PersistentLevel.VehicleExampleMap'
[2017.01.20-21.48.24:785][757]LogFMOD: Creating runtime Studio System
[2017.01.20-21.48.24:787][757]LogFMOD: Default sample rate = 48000
[2017.01.20-21.48.24:787][757]LogFMOD: System sample rate = 48000
[2017.01.20-21.48.24:787][757]LogFMOD: Matching system sample rate 48000
[2017.01.20-21.48.24:797][757]LogFMOD: Triggering Initialized on other modules
[2017.01.20-21.48.24:797][757]LogFMOD: Loading Banks
[2017.01.20-21.48.24:835][757]LogFMOD:Error: e:\jk\workspace\1. Build_UE4_1.8_Libs\studio_api\src\fmod_bankmodel.cpp(346) - Failed to open file '../../../../../../Repos/Drive-Thru/Drive-Thru/Drive_Thru/Content/FMOD/Desktop/Master Bank.bank'

[2017.01.20-21.48.24:835][757]LogFMOD:Error: e:\jk\workspace\1. Build_UE4_1.8_Libs\studio_api\src\fmod_bankmodel.cpp(346) - Failed to open file '../../../../../../Repos/Drive-Thru/Drive-Thru/Drive_Thru/Content/FMOD/Desktop/Master Bank.strings.bank'

[2017.01.20-21.48.24:835][757]LogFMOD:Warning: Failed to bank: ../../../../../../Repos/Drive-Thru/Drive-Thru/Drive_Thru/Content/FMOD/Desktop/Master Bank.bank (File does not exist)
[2017.01.20-21.48.24:835][757]LogFMOD:Warning: Failed to bank: ../../../../../../Repos/Drive-Thru/Drive-Thru/Drive_Thru/Content/FMOD/Desktop/Master Bank.strings.bank (File does not exist)
[2017.01.20-21.48.24:835][757]LogPlayLevel: PlayLevel: No blueprints needed recompiling
[2017.01.20-21.48.24:835][757]PIE: New page: PIE session: VehicleExampleMap (20 Jan 2017 21:48:24)
[2017.01.20-21.48.24:835][757]LogPlayLevel: Creating play world package: /Game/VehicleBP/Maps/UEDPIE_0_VehicleExampleMap
[2017.01.20-21.48.24:855][757]LogPlayLevel: PIE: StaticDuplicateObject took: (0.019974s)
[2017.01.20-21.48.24:856][757]LogAIModule: Creating AISystem for world VehicleExampleMap
[2017.01.20-21.48.24:856][757]LogPlayLevel: PIE: World Init took: (0.000715s)
[2017.01.20-21.48.24:856][757]LogPlayLevel: PIE: Created PIE world by copying editor world from /Game/VehicleBP/Maps/VehicleExampleMap.VehicleExampleMap to /Game/VehicleBP/Maps/UEDPIE_0_VehicleExampleMap.VehicleExampleMap (0.020881s)
[2017.01.20-21.48.24:909][757]LogInit: XAudio2 using 'Realtek HD Audio 2nd output (Realtek High Definition Audio)' : 2 channels at 48 kHz using 32 bits per sample (channel mask 0x3)
[2017.01.20-21.48.24:916][757]LogInit: FAudioDevice initialized.
[2017.01.20-21.48.25:006][757]LogLoad: Game class is 'VehicleGameMode_C'
[2017.01.20-21.48.25:012][757]LogWorld: Bringing World /Game/VehicleBP/Maps/UEDPIE_0_VehicleExampleMap.VehicleExampleMap up for play (max tick rate 0) at 2017.01.20-21.48.25
[2017.01.20-21.48.25:012][757]LogWorld: Bringing up level for play took: 0.002469
[2017.01.20-21.48.25:018][757]PIE: Info Play in editor start time for /Game/VehicleBP/Maps/UEDPIE_0_VehicleExampleMap 0.522
[2017.01.20-21.48.25:018][757]LogBlueprintUserMessages: Late PlayInEditor Detection: Level '/Game/VehicleBP/Maps/VehicleExampleMap.VehicleExampleMap:PersistentLevel' has LevelScriptBlueprint '/Game/VehicleBP/Maps/VehicleExampleMap.VehicleExampleMap:PersistentLevel.VehicleExampleMap' with GeneratedClass '/Game/VehicleBP/Maps/VehicleExampleMap.VehicleExampleMap_C' with ClassGeneratedBy '/Game/VehicleBP/Maps/VehicleExampleMap.VehicleExampleMap:PersistentLevel.VehicleExampleMap'
[2017.01.20-21.49.02:521][113]LogBlueprintUserMessages: Early EndPlayMap Detection: Level '/Game/VehicleBP/Maps/VehicleExampleMap.VehicleExampleMap:PersistentLevel' has LevelScriptBlueprint '/Game/VehicleBP/Maps/VehicleExampleMap.VehicleExampleMap:PersistentLevel.VehicleExampleMap' with GeneratedClass '/Game/VehicleBP/Maps/VehicleExampleMap.VehicleExampleMap_C' with ClassGeneratedBy '/Game/VehicleBP/Maps/VehicleExampleMap.VehicleExampleMap:PersistentLevel.VehicleExampleMap'
[2017.01.20-21.49.02:722][113]LogBlueprintUserMessages: Late EndPlayMap Detection: Level '/Game/VehicleBP/Maps/VehicleExampleMap.VehicleExampleMap:PersistentLevel' has LevelScriptBlueprint '/Game/VehicleBP/Maps/VehicleExampleMap.VehicleExampleMap:PersistentLevel.VehicleExampleMap' with GeneratedClass '/Game/VehicleBP/Maps/VehicleExampleMap.VehicleExampleMap_C' with ClassGeneratedBy '/Game/VehicleBP/Maps/VehicleExampleMap.VehicleExampleMap:PersistentLevel.VehicleExampleMap'
[2017.01.20-21.49.34:589][309]Cmd: OBJ SAVEPACKAGE PACKAGE="/Game/VehicleBP/Sedan/Sedan" FILE="../../../../../../Repos/Drive-Thru/Drive-Thru/Drive_Thru/Content/VehicleBP/Sedan/Sedan.uasset" SILENT=true
