Log file open, 01/20/17 21:03:59
LogInit:Display: Running engine for game: Drive_Thru
LogPlatformFile: Not using cached read wrapper
LogInit:Display: RandInit(1278467915) SRandInit(1278467916).
LogTaskGraph: Started task graph with 5 named threads and 8 total threads with 1 sets of task threads.
LogStats: Stats thread started at 0.080972
LogPluginManager: Loaded Plugin Paper2D, From C:/Program Files (x86)/Epic Games/4.14/Engine/Plugins/2D/Paper2D/Paper2D.uplugin
LogPluginManager: Loaded Plugin LightPropagationVolume, From C:/Program Files (x86)/Epic Games/4.14/Engine/Plugins/Blendables/LightPropagationVolume/LightPropagationVolume.uplugin
LogPluginManager: Loaded Plugin BlankPlugin, From C:/Program Files (x86)/Epic Games/4.14/Engine/Plugins/Developer/BlankPlugin/BlankPlugin.uplugin
LogPluginManager: Loaded Plugin CodeLiteSourceCodeAccess, From C:/Program Files (x86)/Epic Games/4.14/Engine/Plugins/Developer/CodeLiteSourceCodeAccess/CodeLiteSourceCodeAccess.uplugin
LogPluginManager: Loaded Plugin GitSourceControl, From C:/Program Files (x86)/Epic Games/4.14/Engine/Plugins/Developer/GitSourceControl/GitSourceControl.uplugin
LogPluginManager: Loaded Plugin KDevelopSourceCodeAccess, From C:/Program Files (x86)/Epic Games/4.14/Engine/Plugins/Developer/KDevelopSourceCodeAccess/KDevelopSourceCodeAccess.uplugin
LogPluginManager: Loaded Plugin NullSourceCodeAccess, From C:/Program Files (x86)/Epic Games/4.14/Engine/Plugins/Developer/NullSourceCodeAccess/NullSourceCodeAccess.uplugin
LogPluginManager: Loaded Plugin OneSkyLocalizationService, From C:/Program Files (x86)/Epic Games/4.14/Engine/Plugins/Developer/OneSkyLocalizationService/OneSkyLocalizationService.uplugin
LogPluginManager: Loaded Plugin PerforceSourceControl, From C:/Program Files (x86)/Epic Games/4.14/Engine/Plugins/Developer/PerforceSourceControl/PerforceSourceControl.uplugin
LogPluginManager: Loaded Plugin SubversionSourceControl, From C:/Program Files (x86)/Epic Games/4.14/Engine/Plugins/Developer/SubversionSourceControl/SubversionSourceControl.uplugin
LogPluginManager: Loaded Plugin UObjectPlugin, From C:/Program Files (x86)/Epic Games/4.14/Engine/Plugins/Developer/UObjectPlugin/UObjectPlugin.uplugin
LogPluginManager: Loaded Plugin VisualStudioSourceCodeAccess, From C:/Program Files (x86)/Epic Games/4.14/Engine/Plugins/Developer/VisualStudioSourceCodeAccess/VisualStudioSourceCodeAccess.uplugin
LogPluginManager: Loaded Plugin XCodeSourceCodeAccess, From C:/Program Files (x86)/Epic Games/4.14/Engine/Plugins/Developer/XCodeSourceCodeAccess/XCodeSourceCodeAccess.uplugin
LogPluginManager: Loaded Plugin AudioCapture, From C:/Program Files (x86)/Epic Games/4.14/Engine/Plugins/Editor/AudioCapture/AudioCapture.uplugin
LogPluginManager: Loaded Plugin EpicSurvey, From C:/Program Files (x86)/Epic Games/4.14/Engine/Plugins/Editor/EpicSurvey/EpicSurvey.uplugin
LogPluginManager: Loaded Plugin MacGraphicsSwitching, From C:/Program Files (x86)/Epic Games/4.14/Engine/Plugins/Editor/MacGraphicsSwitching/MacGraphicsSwitching.uplugin
LogPluginManager: Loaded Plugin MobileLauncherProfileWizard, From C:/Program Files (x86)/Epic Games/4.14/Engine/Plugins/Editor/MobileLauncherProfileWizard/MobileLauncherProfileWizard.uplugin
LogPluginManager: Loaded Plugin PluginBrowser, From C:/Program Files (x86)/Epic Games/4.14/Engine/Plugins/Editor/PluginBrowser/PluginBrowser.uplugin
LogPluginManager: Loaded Plugin SpeedTreeImporter, From C:/Program Files (x86)/Epic Games/4.14/Engine/Plugins/Editor/SpeedTreeImporter/SpeedTreeImporter.uplugin
LogPluginManager: Loaded Plugin SuperSearchEditor, From C:/Program Files (x86)/Epic Games/4.14/Engine/Plugins/Editor/SuperSearchEditor/SuperSearchEditor.uplugin
LogPluginManager: Loaded Plugin AlembicImporter, From C:/Program Files (x86)/Epic Games/4.14/Engine/Plugins/Experimental/AlembicImporter/AlembicImporter.uplugin
LogPluginManager: Loaded Plugin BlueprintStats, From C:/Program Files (x86)/Epic Games/4.14/Engine/Plugins/Experimental/BlueprintStats/BlueprintStats.uplugin
LogPluginManager: Loaded Plugin CharacterAI, From C:/Program Files (x86)/Epic Games/4.14/Engine/Plugins/Experimental/CharacterAI/CharacterAI.uplugin
LogPluginManager: Loaded Plugin CodeEditor, From C:/Program Files (x86)/Epic Games/4.14/Engine/Plugins/Experimental/CodeEditor/CodeEditor.uplugin
LogPluginManager: Loaded Plugin CodeView, From C:/Program Files (x86)/Epic Games/4.14/Engine/Plugins/Experimental/CodeView/CodeView.uplugin
LogPluginManager: Loaded Plugin HTML5Networking, From C:/Program Files (x86)/Epic Games/4.14/Engine/Plugins/Experimental/HTML5Networking/HTML5Networking.uplugin
LogPluginManager: Loaded Plugin OSVR, From C:/Program Files (x86)/Epic Games/4.14/Engine/Plugins/Experimental/OSVR/OSVR.uplugin
LogPluginManager: Loaded Plugin Phya, From C:/Program Files (x86)/Epic Games/4.14/Engine/Plugins/Experimental/Phya/Phya.uplugin
LogPluginManager: Loaded Plugin SignificanceManager, From C:/Program Files (x86)/Epic Games/4.14/Engine/Plugins/Experimental/SignificanceManager/SignificanceManager.uplugin
LogPluginManager: Loaded Plugin SimpleHMD, From C:/Program Files (x86)/Epic Games/4.14/Engine/Plugins/Experimental/SimpleHMD/SimpleHMD.uplugin
LogPluginManager: Loaded Plugin StereoPanorama, From C:/Program Files (x86)/Epic Games/4.14/Engine/Plugins/Experimental/StereoPanorama/StereoPanorama.uplugin
LogPluginManager: Loaded Plugin StructBox, From C:/Program Files (x86)/Epic Games/4.14/Engine/Plugins/Experimental/StructBox/StructBox.uplugin
LogPluginManager: Loaded Plugin FMODStudio, From C:/Program Files (x86)/Epic Games/4.14/Engine/Plugins/FMODStudio/FMODStudio.uplugin
LogPluginManager: Loaded Plugin AndroidMedia, From C:/Program Files (x86)/Epic Games/4.14/Engine/Plugins/Media/AndroidMedia/AndroidMedia.uplugin
LogPluginManager: Loaded Plugin AvfMedia, From C:/Program Files (x86)/Epic Games/4.14/Engine/Plugins/Media/AvfMedia/AvfMedia.uplugin
LogPluginManager: Loaded Plugin MediaPlayerEditor, From C:/Program Files (x86)/Epic Games/4.14/Engine/Plugins/Media/MediaPlayerEditor/MediaPlayerEditor.uplugin
LogPluginManager: Loaded Plugin WmfMedia, From C:/Program Files (x86)/Epic Games/4.14/Engine/Plugins/Media/WmfMedia/WmfMedia.uplugin
LogPluginManager: Loaded Plugin MessagingDebugger, From C:/Program Files (x86)/Epic Games/4.14/Engine/Plugins/Messaging/MessagingDebugger/MessagingDebugger.uplugin
LogPluginManager: Loaded Plugin TcpMessaging, From C:/Program Files (x86)/Epic Games/4.14/Engine/Plugins/Messaging/TcpMessaging/TcpMessaging.uplugin
LogPluginManager: Loaded Plugin UdpMessaging, From C:/Program Files (x86)/Epic Games/4.14/Engine/Plugins/Messaging/UdpMessaging/UdpMessaging.uplugin
LogPluginManager: Loaded Plugin LevelSequenceEditor, From C:/Program Files (x86)/Epic Games/4.14/Engine/Plugins/MovieScene/LevelSequenceEditor/LevelSequenceEditor.uplugin
LogPluginManager: Loaded Plugin MatineeToLevelSequence, From C:/Program Files (x86)/Epic Games/4.14/Engine/Plugins/MovieScene/MatineeToLevelSequence/MatineeToLevelSequence.uplugin
LogPluginManager: Loaded Plugin NetcodeUnitTest, From C:/Program Files (x86)/Epic Games/4.14/Engine/Plugins/NetcodeUnitTest/NetcodeUnitTest/NetcodeUnitTest.uplugin
LogPluginManager: Loaded Plugin NUTUnrealEngine4, From C:/Program Files (x86)/Epic Games/4.14/Engine/Plugins/NetcodeUnitTest/NUTUnrealEngine4/NUTUnrealEngine4.uplugin
LogPluginManager: Loaded Plugin OnlineSubsystemGameCircle, From C:/Program Files (x86)/Epic Games/4.14/Engine/Plugins/Online/Android/OnlineSubsystemGameCircle/OnlineSubsystemGameCircle.uplugin
LogPluginManager: Loaded Plugin OnlineSubsystemGooglePlay, From C:/Program Files (x86)/Epic Games/4.14/Engine/Plugins/Online/Android/OnlineSubsystemGooglePlay/OnlineSubsystemGooglePlay.uplugin
LogPluginManager: Loaded Plugin OnlineSubsystemIOS, From C:/Program Files (x86)/Epic Games/4.14/Engine/Plugins/Online/IOS/OnlineSubsystemIOS/OnlineSubsystemIOS.uplugin
LogPluginManager: Loaded Plugin OnlineFramework, From C:/Program Files (x86)/Epic Games/4.14/Engine/Plugins/Online/OnlineFramework/OnlineFramework.uplugin
LogPluginManager: Loaded Plugin OnlineSubsystem, From C:/Program Files (x86)/Epic Games/4.14/Engine/Plugins/Online/OnlineSubsystem/OnlineSubsystem.uplugin
LogPluginManager: Loaded Plugin OnlineSubsystemAmazon, From C:/Program Files (x86)/Epic Games/4.14/Engine/Plugins/Online/OnlineSubsystemAmazon/OnlineSubsystemAmazon.uplugin
LogPluginManager: Loaded Plugin OnlineSubsystemFacebook, From C:/Program Files (x86)/Epic Games/4.14/Engine/Plugins/Online/OnlineSubsystemFacebook/OnlineSubsystemFacebook.uplugin
LogPluginManager: Loaded Plugin OnlineSubsystemNull, From C:/Program Files (x86)/Epic Games/4.14/Engine/Plugins/Online/OnlineSubsystemNull/OnlineSubsystemNull.uplugin
LogPluginManager: Loaded Plugin OnlineSubsystemOculus, From C:/Program Files (x86)/Epic Games/4.14/Engine/Plugins/Online/OnlineSubsystemOculus/OnlineSubsystemOculus.uplugin
LogPluginManager: Loaded Plugin OnlineSubsystemSteam, From C:/Program Files (x86)/Epic Games/4.14/Engine/Plugins/Online/OnlineSubsystemSteam/OnlineSubsystemSteam.uplugin
LogPluginManager: Loaded Plugin OnlineSubsystemUtils, From C:/Program Files (x86)/Epic Games/4.14/Engine/Plugins/Online/OnlineSubsystemUtils/OnlineSubsystemUtils.uplugin
LogPluginManager: Loaded Plugin IOSTapJoy, From C:/Program Files (x86)/Epic Games/4.14/Engine/Plugins/Runtime/Advertising/IOSTapJoy/IOSTapJoy.uplugin
LogPluginManager: Loaded Plugin AnalyticsBlueprintLibrary, From C:/Program Files (x86)/Epic Games/4.14/Engine/Plugins/Runtime/Analytics/AnalyticsBlueprintLibrary/AnalyticsBlueprintLibrary.uplugin
LogPluginManager: Loaded Plugin AnalyticsMulticast, From C:/Program Files (x86)/Epic Games/4.14/Engine/Plugins/Runtime/Analytics/AnalyticsMulticast/AnalyticsMulticast.uplugin
LogPluginManager: Loaded Plugin Apsalar, From C:/Program Files (x86)/Epic Games/4.14/Engine/Plugins/Runtime/Analytics/Apsalar/Apsalar.uplugin
LogPluginManager: Loaded Plugin FileLogging, From C:/Program Files (x86)/Epic Games/4.14/Engine/Plugins/Runtime/Analytics/FileLogging/FileLogging.uplugin
LogPluginManager: Loaded Plugin Flurry, From C:/Program Files (x86)/Epic Games/4.14/Engine/Plugins/Runtime/Analytics/Flurry/Flurry.uplugin
LogPluginManager: Loaded Plugin AndroidDeviceProfileSelector, From C:/Program Files (x86)/Epic Games/4.14/Engine/Plugins/Runtime/AndroidDeviceProfileSelector/AndroidDeviceProfileSelector.uplugin
LogPluginManager: Loaded Plugin AndroidMoviePlayer, From C:/Program Files (x86)/Epic Games/4.14/Engine/Plugins/Runtime/AndroidMoviePlayer/AndroidMoviePlayer.uplugin
LogPluginManager: Loaded Plugin AppleMoviePlayer, From C:/Program Files (x86)/Epic Games/4.14/Engine/Plugins/Runtime/AppleMoviePlayer/AppleMoviePlayer.uplugin
LogPluginManager: Loaded Plugin ArchVisCharacter, From C:/Program Files (x86)/Epic Games/4.14/Engine/Plugins/Runtime/ArchVisCharacter/ArchVisCharacter.uplugin
LogPluginManager: Loaded Plugin CableComponent, From C:/Program Files (x86)/Epic Games/4.14/Engine/Plugins/Runtime/CableComponent/CableComponent.uplugin
LogPluginManager: Loaded Plugin CustomMeshComponent, From C:/Program Files (x86)/Epic Games/4.14/Engine/Plugins/Runtime/CustomMeshComponent/CustomMeshComponent.uplugin
LogPluginManager: Loaded Plugin ExampleDeviceProfileSelector, From C:/Program Files (x86)/Epic Games/4.14/Engine/Plugins/Runtime/ExampleDeviceProfileSelector/ExampleDeviceProfileSelector.uplugin
LogPluginManager: Loaded Plugin GearVR, From C:/Program Files (x86)/Epic Games/4.14/Engine/Plugins/Runtime/GearVR/GearVR.uplugin
LogPluginManager: Loaded Plugin GoogleVRController, From C:/Program Files (x86)/Epic Games/4.14/Engine/Plugins/Runtime/GoogleVR/GoogleVRController/GoogleVRController.uplugin
LogPluginManager: Loaded Plugin GoogleVRHMD, From C:/Program Files (x86)/Epic Games/4.14/Engine/Plugins/Runtime/GoogleVR/GoogleVRHMD/GoogleVRHMD.uplugin
LogPluginManager: Loaded Plugin IOSDeviceProfileSelector, From C:/Program Files (x86)/Epic Games/4.14/Engine/Plugins/Runtime/IOSDeviceProfileSelector/IOSDeviceProfileSelector.uplugin
LogPluginManager: Loaded Plugin LeapMotion, From C:/Program Files (x86)/Epic Games/4.14/Engine/Plugins/Runtime/LeapMotion/LeapMotion.uplugin
LogPluginManager: Loaded Plugin LinuxDeviceProfileSelector, From C:/Program Files (x86)/Epic Games/4.14/Engine/Plugins/Runtime/LinuxDeviceProfileSelector/LinuxDeviceProfileSelector.uplugin
LogPluginManager: Loaded Plugin MIDIDevice, From C:/Program Files (x86)/Epic Games/4.14/Engine/Plugins/Runtime/MIDIDevice/MIDIDevice.uplugin
LogPluginManager: Loaded Plugin MobilePatchingUtils, From C:/Program Files (x86)/Epic Games/4.14/Engine/Plugins/Runtime/MobilePatchingUtils/MobilePatchingUtils.uplugin
LogPluginManager: Loaded Plugin Ansel, From C:/Program Files (x86)/Epic Games/4.14/Engine/Plugins/Runtime/Nvidia/Ansel/Ansel.uplugin
LogPluginManager: Loaded Plugin OculusAudio, From C:/Program Files (x86)/Epic Games/4.14/Engine/Plugins/Runtime/OculusAudio/OculusAudio.uplugin
LogPluginManager: Loaded Plugin OculusInput, From C:/Program Files (x86)/Epic Games/4.14/Engine/Plugins/Runtime/OculusInput/OculusInput.uplugin
LogPluginManager: Loaded Plugin OculusLibrary, From C:/Program Files (x86)/Epic Games/4.14/Engine/Plugins/Runtime/OculusLibrary/OculusLibrary.uplugin
LogPluginManager: Loaded Plugin OculusRift, From C:/Program Files (x86)/Epic Games/4.14/Engine/Plugins/Runtime/OculusRift/OculusRift.uplugin
LogPluginManager: Loaded Plugin Oodle, From C:/Program Files (x86)/Epic Games/4.14/Engine/Plugins/Runtime/PacketHandlers/CompressionComponents/Oodle/Oodle.uplugin
LogPluginManager: Loaded Plugin ProceduralMeshComponent, From C:/Program Files (x86)/Epic Games/4.14/Engine/Plugins/Runtime/ProceduralMeshComponent/ProceduralMeshComponent.uplugin
LogPluginManager: Loaded Plugin SoundMod, From C:/Program Files (x86)/Epic Games/4.14/Engine/Plugins/Runtime/SoundMod/SoundMod.uplugin
LogPluginManager: Loaded Plugin SoundVisualizations, From C:/Program Files (x86)/Epic Games/4.14/Engine/Plugins/Runtime/SoundVisualizations/SoundVisualizations.uplugin
LogPluginManager: Loaded Plugin SteamController, From C:/Program Files (x86)/Epic Games/4.14/Engine/Plugins/Runtime/Steam/SteamController/SteamController.uplugin
LogPluginManager: Loaded Plugin SteamVR, From C:/Program Files (x86)/Epic Games/4.14/Engine/Plugins/Runtime/Steam/SteamVR/SteamVR.uplugin
LogPluginManager: Loaded Plugin WebBrowserWidget, From C:/Program Files (x86)/Epic Games/4.14/Engine/Plugins/Runtime/WebBrowserWidget/WebBrowserWidget.uplugin
LogPluginManager: Loaded Plugin WindowsDeviceProfileSelector, From C:/Program Files (x86)/Epic Games/4.14/Engine/Plugins/Runtime/WindowsDeviceProfileSelector/WindowsDeviceProfileSelector.uplugin
LogPluginManager: Loaded Plugin WindowsMoviePlayer, From C:/Program Files (x86)/Epic Games/4.14/Engine/Plugins/Runtime/WindowsMoviePlayer/WindowsMoviePlayer.uplugin
LogPluginManager: Loaded Plugin ScriptPlugin, From C:/Program Files (x86)/Epic Games/4.14/Engine/Plugins/ScriptPlugin/ScriptPlugin.uplugin
LogPluginManager: Loaded Plugin SlateRemote, From C:/Program Files (x86)/Epic Games/4.14/Engine/Plugins/Slate/SlateRemote/SlateRemote.uplugin
LogPluginManager: Loaded Plugin EditorTests, From C:/Program Files (x86)/Epic Games/4.14/Engine/Plugins/Tests/EditorTests/EditorTests.uplugin
LogPluginManager: Loaded Plugin FbxAutomationTestBuilder, From C:/Program Files (x86)/Epic Games/4.14/Engine/Plugins/Tests/FbxAutomationTestBuilder/FbxAutomationTestBuilder.uplugin
LogPluginManager: Loaded Plugin FunctionalTestingEditor, From C:/Program Files (x86)/Epic Games/4.14/Engine/Plugins/Tests/FunctionalTestingEditor/FunctionalTestingEditor.uplugin
LogPluginManager: Loaded Plugin RuntimeTests, From C:/Program Files (x86)/Epic Games/4.14/Engine/Plugins/Tests/RuntimeTests/RuntimeTests.uplugin
LogPluginManager: Loaded Plugin ScreenshotTools, From C:/Program Files (x86)/Epic Games/4.14/Engine/Plugins/Tests/ScreenshotTools/ScreenshotTools.uplugin
LogInit: Using libcurl 7.47.1
LogInit:  - built for x86_64-pc-win32
LogInit:  - supports SSL with OpenSSL/1.0.2g
LogInit:  - supports HTTP deflate (compression) using libz 1.2.8
LogInit:  - other features:
LogInit:      CURL_VERSION_SSL
LogInit:      CURL_VERSION_LIBZ
LogInit:      CURL_VERSION_IPV6
LogInit:      CURL_VERSION_ASYNCHDNS
LogInit:      CURL_VERSION_LARGEFILE
LogInit:      CURL_VERSION_IDN
LogInit:  CurlRequestOptions (configurable via config and command line):
LogInit:  - bVerifyPeer = false  - Libcurl will NOT verify peer certificate
LogInit:  - bUseHttpProxy = false  - Libcurl will NOT use HTTP proxy
LogInit:  - bDontReuseConnections = false  - Libcurl will reuse connections
LogInit:  - CertBundlePath = nullptr  - Libcurl will use whatever was configured at build time.
LogInit: Build: ++UE4+Release-4.14-CL-3249277
LogInit: Engine Version: 4.14.3-3249277+++UE4+Release-4.14
LogInit: Compatible Engine Version: 4.14.0-3195953+++UE4+Release-4.14
LogInit: Net CL: 3195953
LogDevObjectVersion: Number of dev versions registered: 13
LogDevObjectVersion:   Dev-Blueprints (B0D832E4-1F89-4F0D-ACCF-7EB736FD4AA2): 7
LogDevObjectVersion:   Dev-Build (E1C64328-A22C-4D53-A36C-8E866417BD8C): 0
LogDevObjectVersion:   Dev-Core (375EC13C-06E4-48FB-B500-84F0262A717E): 1
LogDevObjectVersion:   Dev-Editor (E4B068ED-F494-42E9-A231-DA0B2E46BB41): 8
LogDevObjectVersion:   Dev-Framework (CFFC743F-43B0-4480-9391-14DF171D2073): 17
LogDevObjectVersion:   Dev-Mobile (B02B49B5-BB20-44E9-A304-32B752E40360): 0
LogDevObjectVersion:   Dev-Networking (A4E4105C-59A1-49B5-A7C5-40C4547EDFEE): 0
LogDevObjectVersion:   Dev-Online (39C831C9-5AE6-47DC-9A44-9C173E1C8E7C): 0
LogDevObjectVersion:   Dev-Physics (78F01B33-EBEA-4F98-B9B4-84EACCB95AA2): 0
LogDevObjectVersion:   Dev-Platform (6631380F-2D4D-43E0-8009-CF276956A95A): 0
LogDevObjectVersion:   Dev-Rendering (12F88B9F-8875-4AFC-A67C-D90C383ABD29): 12
LogDevObjectVersion:   Dev-Sequencer (7B5AE74C-D270-4C10-A958-57980B212A5A): 1
LogDevObjectVersion:   Dev-VR (D7296918-1DD6-4BDD-9DE2-64A83CC13884): 0
LogInit: Compiled (64-bit): Jan  6 2017 10:49:43
LogInit: Compiled with Visual C++: 19.00.23026.00
LogInit: Build Configuration: Development
LogInit: Branch Name: ++UE4+Release-4.14
LogInit: Command line:  
LogInit: Base directory: C:/Program Files (x86)/Epic Games/4.14/Engine/Binaries/Win64/
LogInit: Installed Engine Build: 1
LogInit: Presizing for max 8388607 objects, including 0 objects not considered by GC, pre-allocating 0 bytes for permanent pool.
LogInit: Object subsystem initialized
[2017.01.20-21.04.00:228][  0]LogInit: Selected Device Profile: [Windows]
[2017.01.20-21.04.00:228][  0]LogInit: Applying CVar settings loaded from the selected device profile: [Windows]
[2017.01.20-21.04.00:239][  0]LogInit: Computer: DESKTOP-LDMGO10
[2017.01.20-21.04.00:239][  0]LogInit: User: HarryHastonDougan
[2017.01.20-21.04.00:239][  0]LogInit: CPU Page size=65536, Cores=4
[2017.01.20-21.04.00:239][  0]LogInit: High frequency timer resolution =3.328125 MHz
[2017.01.20-21.04.00:239][  0]LogMemory: Memory total: Physical=16.0GB (16GB approx)
[2017.01.20-21.04.00:239][  0]LogMemory: Platform Memory Stats for Windows
[2017.01.20-21.04.00:239][  0]LogMemory: Process Physical Memory: 264.53 MB used, 264.53 MB peak
[2017.01.20-21.04.00:239][  0]LogMemory: Process Virtual Memory: 262.74 MB used, 262.74 MB peak
[2017.01.20-21.04.00:239][  0]LogMemory: Physical Memory: 4782.33 MB used,  11564.43 MB free, 16346.76 MB total
[2017.01.20-21.04.00:239][  0]LogMemory: Virtual Memory: 676.41 MB used,  11564.43 MB free, 134217728.00 MB total
[2017.01.20-21.04.00:264][  0]LogTextLocalizationManager: No specific translations for ('en-GB') exist, so ('en') translations will be used.
[2017.01.20-21.04.00:813][  0]LogD3D11RHI: D3D11 adapters:
[2017.01.20-21.04.01:294][  0]LogD3D11RHI:    0. 'NVIDIA GeForce GTX 1060 3GB' (Feature Level 11_0)
[2017.01.20-21.04.01:294][  0]LogD3D11RHI:       3035/0/8173 MB DedicatedVideo/DedicatedSystem/SharedSystem, Outputs:2, VendorId:0x10de
[2017.01.20-21.04.01:295][  0]LogD3D11RHI:    1. 'Microsoft Basic Render Driver' (Feature Level 11_0)
[2017.01.20-21.04.01:295][  0]LogD3D11RHI:       0/0/8173 MB DedicatedVideo/DedicatedSystem/SharedSystem, Outputs:0, VendorId:0x1414
[2017.01.20-21.04.01:295][  0]LogD3D11RHI: Chosen D3D11 Adapter: 0
[2017.01.20-21.04.01:299][  0]LogD3D11RHI: Creating new Direct3DDevice
[2017.01.20-21.04.01:299][  0]LogD3D11RHI:     GPU DeviceId: 0x1c02 (for the marketing name, search the web for "GPU Device Id")
[2017.01.20-21.04.01:299][  0]LogWindows: EnumDisplayDevices:
[2017.01.20-21.04.01:299][  0]LogWindows:    0. 'NVIDIA GeForce GTX 1060 3GB' (P:1 D:1)
[2017.01.20-21.04.01:299][  0]LogWindows:    1. 'NVIDIA GeForce GTX 1060 3GB' (P:0 D:1)
[2017.01.20-21.04.01:299][  0]LogWindows:    2. 'NVIDIA GeForce GTX 1060 3GB' (P:0 D:0)
[2017.01.20-21.04.01:299][  0]LogWindows:    3. 'NVIDIA GeForce GTX 1060 3GB' (P:0 D:0)
[2017.01.20-21.04.01:299][  0]LogWindows: DebugString: FoundDriverCount:4 
[2017.01.20-21.04.01:299][  0]LogD3D11RHI:     Adapter Name: NVIDIA GeForce GTX 1060 3GB
[2017.01.20-21.04.01:299][  0]LogD3D11RHI:   Driver Version: 376.19 (internal:21.21.13.7619, unified:376.19)
[2017.01.20-21.04.01:299][  0]LogD3D11RHI:      Driver Date: 12-1-2016
[2017.01.20-21.04.01:299][  0]LogRHI: Texture pool is 1361 MB (70% of 1945 MB)
[2017.01.20-21.04.01:763][  0]LogD3D11RHI: Async texture creation enabled
[2017.01.20-21.04.11:794][  0]LogD3D11RHI: GPU Timing Frequency: 1000.000000 (Debug: 2 1)
[2017.01.20-21.04.11:794][  0]LogShaderCompilers: Guid format shader working directory is 4 characters bigger than the processId version (../../../../../../Repos/Drive-Thru/Drive-Thru/Drive_Thru/Intermediate/Shaders/WorkingDirectory/7216/).
[2017.01.20-21.04.11:795][  0]LogShaderCompilers: Cleaned the shader compiler working directory 'C:/Users/Harry Haston-Dougan/AppData/Local/Temp/UnrealShaderWorkingDir/D26AA8E14AAC6781D4EB9D90D53326E5/'.
[2017.01.20-21.04.11:795][  0]LogShaderCompilers:Display: Using Local Shader Compiler.
[2017.01.20-21.04.12:710][  0]LogTemp:Display: Loaded TP AllDesktopTargetPlatform
[2017.01.20-21.04.12:758][  0]LogTemp:Display: Loaded TP MacClientTargetPlatform
[2017.01.20-21.04.12:804][  0]LogTemp:Display: Loaded TP MacNoEditorTargetPlatform
[2017.01.20-21.04.12:851][  0]LogTemp:Display: Loaded TP MacServerTargetPlatform
[2017.01.20-21.04.12:898][  0]LogTemp:Display: Loaded TP MacTargetPlatform
[2017.01.20-21.04.12:946][  0]LogTemp:Display: Loaded TP WindowsClientTargetPlatform
[2017.01.20-21.04.12:994][  0]LogTemp:Display: Loaded TP WindowsNoEditorTargetPlatform
[2017.01.20-21.04.13:042][  0]LogTemp:Display: Loaded TP WindowsServerTargetPlatform
[2017.01.20-21.04.13:081][  0]LogTemp:Display: Loaded TP WindowsTargetPlatform
[2017.01.20-21.04.13:128][  0]LogTemp:Display: Loaded TP AndroidTargetPlatform
[2017.01.20-21.04.13:173][  0]LogTemp:Display: Loaded TP Android_ASTCTargetPlatform
[2017.01.20-21.04.13:220][  0]LogTemp:Display: Loaded TP Android_ATCTargetPlatform
[2017.01.20-21.04.13:265][  0]LogTemp:Display: Loaded TP Android_DXTTargetPlatform
[2017.01.20-21.04.13:312][  0]LogTemp:Display: Loaded TP Android_ETC1TargetPlatform
[2017.01.20-21.04.13:358][  0]LogTemp:Display: Loaded TP Android_ETC2TargetPlatform
[2017.01.20-21.04.13:451][  0]LogTemp:Display: Loaded TP Android_MultiTargetPlatform
[2017.01.20-21.04.13:451][  0]LogTemp:Display: Loaded TP Android_PVRTCTargetPlatform
[2017.01.20-21.04.13:483][  0]LogTemp:Display: Loaded TP HTML5TargetPlatform
[2017.01.20-21.04.13:558][  0]LogTemp:Display: Loaded TP IOSTargetPlatform
[2017.01.20-21.04.13:587][  0]LogTemp:Display: Loaded TP TVOSTargetPlatform
[2017.01.20-21.04.13:634][  0]LogTemp:Display: Loaded TP LinuxClientTargetPlatform
[2017.01.20-21.04.13:680][  0]LogTemp:Display: Loaded TP LinuxNoEditorTargetPlatform
[2017.01.20-21.04.13:726][  0]LogTemp:Display: Loaded TP LinuxServerTargetPlatform
[2017.01.20-21.04.13:771][  0]LogTemp:Display: Loaded TP LinuxTargetPlatform
[2017.01.20-21.04.13:771][  0]LogTargetPlatformManager:Display: Building Assets For Windows
[2017.01.20-21.04.14:121][  0]LogDerivedDataCache:Display: Max Cache Size: 512 MB
[2017.01.20-21.04.14:166][  0]LogDerivedDataCache: Loaded boot cache 0.04s 50MB C:/Users/Harry Haston-Dougan/AppData/Local/UnrealEngine/4.14/DerivedDataCache/Boot.ddc.
[2017.01.20-21.04.14:166][  0]LogDerivedDataCache:Display: Loaded Boot cache: C:/Users/Harry Haston-Dougan/AppData/Local/UnrealEngine/4.14/DerivedDataCache/Boot.ddc
[2017.01.20-21.04.14:166][  0]LogDerivedDataCache: FDerivedDataBackendGraph:  Pak pak cache file ../../../../../../Repos/Drive-Thru/Drive-Thru/Drive_Thru/DerivedDataCache/DDC.ddp not found, will not use a pak cache.
[2017.01.20-21.04.14:166][  0]LogDerivedDataCache: Unable to find inner node Pak for hierarchical cache Hierarchy.
[2017.01.20-21.04.14:166][  0]LogDerivedDataCache: FDerivedDataBackendGraph:  CompressedPak pak cache file ../../../../../../Repos/Drive-Thru/Drive-Thru/Drive_Thru/DerivedDataCache/Compressed.ddp not found, will not use a pak cache.
[2017.01.20-21.04.14:166][  0]LogDerivedDataCache: Unable to find inner node CompressedPak for hierarchical cache Hierarchy.
[2017.01.20-21.04.14:182][  0]LogDerivedDataCache:Display: Pak cache opened for reading ../../../Engine/DerivedDataCache/Compressed.ddp.
[2017.01.20-21.04.14:195][  0]LogDerivedDataCache: Using Local data cache path C:/Users/Harry Haston-Dougan/AppData/Local/UnrealEngine/Common/DerivedDataCache: Writable
[2017.01.20-21.04.14:367][  0]LogInit: Selected Device Profile: [Windows]
[2017.01.20-21.04.14:369][  0]LogContentStreaming: Texture pool size is 0.00 MB
[2017.01.20-21.04.14:550][  0]LogMeshUtilities: Using QuadricMeshReduction for automatic static mesh reduction
[2017.01.20-21.04.14:588][  0]LogSimplygon: Simplygon DLL not present - disabling.
[2017.01.20-21.04.14:632][  0]LogMeshUtilities: Using SimplygonSwarm for distributed automatic mesh merging
[2017.01.20-21.04.14:632][  0]LogMeshUtilities: No automatic skeletal mesh reduction module available
[2017.01.20-21.04.14:632][  0]LogMeshUtilities: No automatic mesh merging module available
[2017.01.20-21.04.15:062][  0]LogNetVersion: GetLocalNetworkVersion: CL: 3195953, ProjectName: drive_thru, ProjectVersion: , EngineNetworkVersion: 2, GameNetworkVersion: 0, NetworkChecksum: 3324528129
[2017.01.20-21.04.15:113][  0]LogAssetRegistry: FAssetRegistry took 0.0215 seconds to start up
[2017.01.20-21.04.15:164][  0]LogPackageLocalizationCache: Processed 4 localized package path(s) for 2 prioritized culture(s) in 0.027975 seconds
[2017.01.20-21.04.15:170][  0]LogUObjectArray: 31946 objects as part of root set at end of initial load.
[2017.01.20-21.04.15:170][  0]LogUObjectAllocator: 6935840 out of 0 bytes used by permanent object pool.
[2017.01.20-21.04.15:170][  0]LogUObjectArray: CloseDisregardForGC: 0/0 objects in disregard for GC pool
[2017.01.20-21.04.15:227][  0]LogInit: WinSock: version 1.1 (2.2), MaxSocks=32767, MaxUdp=65467
[2017.01.20-21.04.15:863][  0]LogSlate: Using Freetype 2.6.0
[2017.01.20-21.04.15:864][  0]LogSlate: SlateFontCache - WITH_FREETYPE: 1, WITH_HARFBUZZ: 1
[2017.01.20-21.04.15:864][  0]LogSlate: SlateFontCache - WITH_FREETYPE: 1, WITH_HARFBUZZ: 1
[2017.01.20-21.04.16:540][  0]LogFMODOculus: StartupModule
[2017.01.20-21.04.16:581][  0]LogFMOD: FFMODStudioModule startup
[2017.01.20-21.04.16:581][  0]LogFMOD:  Lib path = '../../../Engine/Plugins/FMODStudio/Binaries'
[2017.01.20-21.04.16:581][  0]LogFMOD: FFMODStudioModule::LoadDll: Loading ../../../Engine/Plugins/FMODStudio/Binaries/Win64/fmodL64.dll
[2017.01.20-21.04.16:586][  0]LogFMOD: FFMODStudioModule::LoadDll: Loading ../../../Engine/Plugins/FMODStudio/Binaries/Win64/fmodstudioL64.dll
[2017.01.20-21.04.16:592][  0]LogFMOD: Loading strings bank: ../../../../../../Repos/Drive-Thru/Drive-Thru/Drive_Thru/Content/FMOD/Desktop/Master Bank.strings.bank
[2017.01.20-21.04.16:594][  0]LogFMOD:Error: e:\jk\workspace\1. Build_UE4_1.8_Libs\studio_api\src\fmod_bankmodel.cpp(346) - Failed to open file '../../../../../../Repos/Drive-Thru/Drive-Thru/Drive_Thru/Content/FMOD/Desktop/Master Bank.strings.bank'

[2017.01.20-21.04.16:594][  0]LogFMOD:Warning: Failed to load strings bank: ../../../../../../Repos/Drive-Thru/Drive-Thru/Drive_Thru/Content/FMOD/Desktop/Master Bank.strings.bank
[2017.01.20-21.04.16:606][  0]LogFMOD: Default sample rate = 48000
[2017.01.20-21.04.16:606][  0]LogFMOD: System sample rate = 48000
[2017.01.20-21.04.16:606][  0]LogFMOD: Matching system sample rate 48000
[2017.01.20-21.04.16:643][  0]LogTcpMessaging: Initializing TcpMessaging bridge
[2017.01.20-21.04.16:680][  0]LogUdpMessaging: Initializing bridge on interface 0.0.0.0:0 to multicast group 230.0.0.1:6666.
[2017.01.20-21.04.16:951][  0]LogMaterial: Uniform references updated for custom material expression Custom.
[2017.01.20-21.04.17:283][  0]SourceControl: Info Source control is disabled
[2017.01.20-21.04.17:314][  0]SourceControl: Info Source control is disabled
[2017.01.20-21.04.17:353][  0]SourceControl: Info Source control is disabled
[2017.01.20-21.04.17:395][  0]SourceControl: Info Source control is disabled
[2017.01.20-21.04.17:926][  0]LogFMOD: FFMODStudioEditorModule startup
[2017.01.20-21.04.18:566][  0]LogEngine: Initializing Engine...
[2017.01.20-21.04.18:585][  0]LogHMD: SteamVR initialized.  Driver: lighthouse  Display: LHR-4541EBFF
[2017.01.20-21.04.18:793][  0]LogAIModule: Creating AISystem for world Untitled
[2017.01.20-21.04.18:799][  0]LogInit: XAudio2 using 'Realtek HD Audio 2nd output (Realtek High Definition Audio)' : 2 channels at 48 kHz using 32 bits per sample (channel mask 0x3)
[2017.01.20-21.04.18:806][  0]LogInit: FAudioDevice initialized.
[2017.01.20-21.04.18:828][  0]LogDerivedDataCache: Saved boot cache 0.02s 50MB C:/Users/Harry Haston-Dougan/AppData/Local/UnrealEngine/4.14/DerivedDataCache/Boot.ddc.
[2017.01.20-21.04.18:836][  0]LogInit: Texture streaming: Enabled
[2017.01.20-21.04.18:992][  0]LogInit: Transaction tracking system initialized
[2017.01.20-21.04.19:286][  0]BlueprintLog: New page: Editor Load
[2017.01.20-21.04.20:031][  0]LocalizationService: Info Localization service is disabled
[2017.01.20-21.04.20:578][  0]LogConsoleResponse:Display: 
[2017.01.20-21.04.20:700][  0]LogCook:Display: Max memory allowance for cook 16384mb min free memory 0mb
[2017.01.20-21.04.20:700][  0]LogCook:Display: Mobile HDR setting 1
[2017.01.20-21.04.20:721][  0]LogFileCache: Scanning file cache for directory 'C:/Repos/Drive-Thru/Drive-Thru/Drive_Thru/Content/' took 0.01s
[2017.01.20-21.04.21:533][  0]SourceControl: Info Source control is disabled
[2017.01.20-21.04.21:533][  0]Cmd: MAP LOAD FILE="../../../../../../Repos/Drive-Thru/Drive-Thru/Drive_Thru/Content/VehicleBP/Maps/VehicleExampleMap.umap" TEMPLATE=0 SHOWPROGRESS=1 FEATURELEVEL=3
[2017.01.20-21.04.21:534][  0]LightingResults: New page: Lighting Build
[2017.01.20-21.04.21:568][  0]MapCheck: New page: Map Check
[2017.01.20-21.04.21:568][  0]LightingResults: New page: Lighting Build
[2017.01.20-21.04.21:954][  0]LogAIModule: Creating AISystem for world VehicleExampleMap
[2017.01.20-21.04.21:966][  0]LogEditorServer: Finished looking for orphan Actors (0.000 secs)
[2017.01.20-21.04.21:967][  0]Cmd: MAP CHECKDEP NOCLEARLOG
[2017.01.20-21.04.22:003][  0]MapCheck: Info Map check complete: 0 Error(s), 0 Warning(s), took 36.696ms to complete.
[2017.01.20-21.04.22:003][  0]LogFileHelpers: Loading map 'VehicleExampleMap' took 0.470
[2017.01.20-21.04.22:066][  0]LogWindowsTextInputMethodSystem:Display: IME system now deactivated.
[2017.01.20-21.04.22:132][  0]LogCollectionManager: Loaded 0 collections in 0.002331 seconds
[2017.01.20-21.04.22:204][  0]LogFileCache: Scanning file cache for directory 'C:/Repos/Drive-Thru/Drive-Thru/Drive_Thru/Saved/Collections/' took 0.01s
[2017.01.20-21.04.22:204][  0]LogFileCache: Scanning file cache for directory 'C:/Repos/Drive-Thru/Drive-Thru/Drive_Thru/Content/Developers/HarryHastonDougan/Collections/' took 0.01s
[2017.01.20-21.04.22:204][  0]LogFileCache: Scanning file cache for directory 'C:/Repos/Drive-Thru/Drive-Thru/Drive_Thru/Content/Collections/' took 0.01s
[2017.01.20-21.04.22:204][  0]LogCollectionManager: Rebuilt the GUID cache for 0 collections in 0.000002 seconds
[2017.01.20-21.04.22:212][  0]LogContentBrowser: Native class hierarchy populated in 0.0076 seconds. Added 2204 classes and 435 folders.
[2017.01.20-21.04.22:247][  0]LogStats: UGameplayTagsManager::ConstructGameplayTagTree: Construct from data asset -  0.000 s
[2017.01.20-21.04.22:247][  0]LogStats: UGameplayTagsManager::ConstructGameplayTagTree: GameplayTagTreeChangedEvent.Broadcast -  0.000 s
[2017.01.20-21.04.22:248][  0]LogContentBrowser: Native class hierarchy updated for 'GameplayTags' in 0.0004 seconds. Added 13 classes and 0 folders.
[2017.01.20-21.04.22:301][  0]LogContentBrowser: Native class hierarchy updated for 'WidgetCarousel' in 0.0005 seconds. Added 0 classes and 0 folders.
[2017.01.20-21.04.22:335][  0]LogContentBrowser: Native class hierarchy updated for 'AddContentDialog' in 0.0006 seconds. Added 0 classes and 0 folders.
[2017.01.20-21.04.22:369][  0]LogContentBrowser: Native class hierarchy updated for 'SceneOutliner' in 0.0004 seconds. Added 1 classes and 2 folders.
[2017.01.20-21.04.22:403][  0]LogCrashTracker: Crashtracker disabled due to settings.
[2017.01.20-21.04.22:407][  0]LogUObjectGlobals:Warning: Failed to find object 'Class None.'
[2017.01.20-21.04.22:465][  0]LogContentBrowser: Native class hierarchy updated for 'HierarchicalLODOutliner' in 0.0004 seconds. Added 1 classes and 2 folders.
[2017.01.20-21.04.22:466][  0]LogLoad: (Engine Initialization) Total time: 23.61 seconds
[2017.01.20-21.04.22:466][  0]LogLoad: (Engine Initialization) Total Blueprint compile time: 0.13 seconds
[2017.01.20-21.04.22:466][  0]LogExternalProfiler: Found external profiler: VSPerf
[2017.01.20-21.04.22:466][  0]LogExternalProfiler: Using external profiler: VSPerf
[2017.01.20-21.04.22:475][  0]LogOcInput: OculusInput pre-init called
[2017.01.20-21.04.22:490][  0]LogAssetRegistry: Asset discovery search completed in 7.3980 seconds
[2017.01.20-21.04.22:490][  0]LogCollectionManager: Rebuilt the object cache for 0 collections in 0.000000 seconds (found 0 objects)
[2017.01.20-21.04.22:490][  0]LogCollectionManager: Fixed up redirectors for 0 collections in 0.000011 seconds (updated 0 objects)
[2017.01.20-21.04.22:493][  0]LogContentStreaming: Texture pool size now 1000 MB
[2017.01.20-21.04.22:640][  0]LogRenderer: Reallocating scene render targets to support 1208x576 NumSamples 1 (Frame:2).
[2017.01.20-21.05.15:083][280]LogTemp: Repeting last play command: VR Preview
[2017.01.20-21.05.15:092][280]LogBlueprintUserMessages: Early PlayInEditor Detection: Level '/Game/VehicleBP/Maps/VehicleExampleMap.VehicleExampleMap:PersistentLevel' has LevelScriptBlueprint '/Game/VehicleBP/Maps/VehicleExampleMap.VehicleExampleMap:PersistentLevel.VehicleExampleMap' with GeneratedClass '/Game/VehicleBP/Maps/VehicleExampleMap.VehicleExampleMap_C' with ClassGeneratedBy '/Game/VehicleBP/Maps/VehicleExampleMap.VehicleExampleMap:PersistentLevel.VehicleExampleMap'
[2017.01.20-21.05.15:125][280]LogFMOD: Creating runtime Studio System
[2017.01.20-21.05.15:126][280]LogFMOD: Default sample rate = 48000
[2017.01.20-21.05.15:126][280]LogFMOD: System sample rate = 48000
[2017.01.20-21.05.15:126][280]LogFMOD: Matching system sample rate 48000
[2017.01.20-21.05.15:135][280]LogFMOD: Triggering Initialized on other modules
[2017.01.20-21.05.15:135][280]LogFMOD: Loading Banks
[2017.01.20-21.05.15:176][280]LogFMOD:Error: e:\jk\workspace\1. Build_UE4_1.8_Libs\studio_api\src\fmod_bankmodel.cpp(346) - Failed to open file '../../../../../../Repos/Drive-Thru/Drive-Thru/Drive_Thru/Content/FMOD/Desktop/Master Bank.bank'

[2017.01.20-21.05.15:176][280]LogFMOD:Error: e:\jk\workspace\1. Build_UE4_1.8_Libs\studio_api\src\fmod_bankmodel.cpp(346) - Failed to open file '../../../../../../Repos/Drive-Thru/Drive-Thru/Drive_Thru/Content/FMOD/Desktop/Master Bank.strings.bank'

[2017.01.20-21.05.15:176][280]LogFMOD:Warning: Failed to bank: ../../../../../../Repos/Drive-Thru/Drive-Thru/Drive_Thru/Content/FMOD/Desktop/Master Bank.bank (File does not exist)
[2017.01.20-21.05.15:176][280]LogFMOD:Warning: Failed to bank: ../../../../../../Repos/Drive-Thru/Drive-Thru/Drive_Thru/Content/FMOD/Desktop/Master Bank.strings.bank (File does not exist)
[2017.01.20-21.05.15:176][280]LogPlayLevel: PlayLevel: No blueprints needed recompiling
[2017.01.20-21.05.15:176][280]PIE: New page: PIE session: VehicleExampleMap (20 Jan 2017 21:05:15)
[2017.01.20-21.05.15:176][280]LogPlayLevel: Creating play world package: /Game/VehicleBP/Maps/UEDPIE_0_VehicleExampleMap
[2017.01.20-21.05.15:200][280]LogPlayLevel: PIE: StaticDuplicateObject took: (0.024246s)
[2017.01.20-21.05.15:201][280]LogAIModule: Creating AISystem for world VehicleExampleMap
[2017.01.20-21.05.15:201][280]LogPlayLevel: PIE: World Init took: (0.000935s)
[2017.01.20-21.05.15:202][280]LogPlayLevel: PIE: Created PIE world by copying editor world from /Game/VehicleBP/Maps/VehicleExampleMap.VehicleExampleMap to /Game/VehicleBP/Maps/UEDPIE_0_VehicleExampleMap.VehicleExampleMap (0.025527s)
[2017.01.20-21.05.15:224][280]LogInit: XAudio2 using 'Realtek HD Audio 2nd output (Realtek High Definition Audio)' : 2 channels at 48 kHz using 32 bits per sample (channel mask 0x3)
[2017.01.20-21.05.15:230][280]LogInit: FAudioDevice initialized.
[2017.01.20-21.05.15:332][280]LogLoad: Game class is 'VehicleGameMode_C'
[2017.01.20-21.05.15:339][280]LogWorld: Bringing World /Game/VehicleBP/Maps/UEDPIE_0_VehicleExampleMap.VehicleExampleMap up for play (max tick rate 0) at 2017.01.20-21.05.15
[2017.01.20-21.05.15:339][280]LogWorld: Bringing up level for play took: 0.002421
[2017.01.20-21.05.15:376][280]LogContentBrowser: Native class hierarchy updated for 'MovieSceneCapture' in 0.0004 seconds. Added 11 classes and 0 folders.
[2017.01.20-21.05.15:381][280]PIE: Info Play in editor start time for /Game/VehicleBP/Maps/UEDPIE_0_VehicleExampleMap 0.886
[2017.01.20-21.05.15:381][280]LogBlueprintUserMessages: Late PlayInEditor Detection: Level '/Game/VehicleBP/Maps/VehicleExampleMap.VehicleExampleMap:PersistentLevel' has LevelScriptBlueprint '/Game/VehicleBP/Maps/VehicleExampleMap.VehicleExampleMap:PersistentLevel.VehicleExampleMap' with GeneratedClass '/Game/VehicleBP/Maps/VehicleExampleMap.VehicleExampleMap_C' with ClassGeneratedBy '/Game/VehicleBP/Maps/VehicleExampleMap.VehicleExampleMap:PersistentLevel.VehicleExampleMap'
[2017.01.20-21.05.15:420][281]LogRenderer: Reallocating scene render targets to support 3024x1680 NumSamples 1 (Frame:6273).
[2017.01.20-21.05.19:036][444]LogBlueprintUserMessages: Early EndPlayMap Detection: Level '/Game/VehicleBP/Maps/VehicleExampleMap.VehicleExampleMap:PersistentLevel' has LevelScriptBlueprint '/Game/VehicleBP/Maps/VehicleExampleMap.VehicleExampleMap:PersistentLevel.VehicleExampleMap' with GeneratedClass '/Game/VehicleBP/Maps/VehicleExampleMap.VehicleExampleMap_C' with ClassGeneratedBy '/Game/VehicleBP/Maps/VehicleExampleMap.VehicleExampleMap:PersistentLevel.VehicleExampleMap'
[2017.01.20-21.05.19:252][444]LogBlueprintUserMessages: Late EndPlayMap Detection: Level '/Game/VehicleBP/Maps/VehicleExampleMap.VehicleExampleMap:PersistentLevel' has LevelScriptBlueprint '/Game/VehicleBP/Maps/VehicleExampleMap.VehicleExampleMap:PersistentLevel.VehicleExampleMap' with GeneratedClass '/Game/VehicleBP/Maps/VehicleExampleMap.VehicleExampleMap_C' with ClassGeneratedBy '/Game/VehicleBP/Maps/VehicleExampleMap.VehicleExampleMap:PersistentLevel.VehicleExampleMap'
[2017.01.20-21.05.20:425][581]LogEditorViewport: Clicking on Actor (LMB): Sedan_C (Sedan)
[2017.01.20-21.05.34:595][187]LogSavePackage: Save=85.06ms
[2017.01.20-21.05.34:596][187]LogSavePackage: Moving '../../../../../../Repos/Drive-Thru/Drive-Thru/Drive_Thru/Saved/VehicleExampleMapC2750F254EC8A44AB4A4FEBC8BE4BE3F.tmp' to '../../../../../../Repos/Drive-Thru/Drive-Thru/Drive_Thru/Content/VehicleBP/Maps/VehicleExampleMap.umap'
[2017.01.20-21.05.34:598][187]LogSavePackage:Display: Finished SavePackage ../../../../../../Repos/Drive-Thru/Drive-Thru/Drive_Thru/Content/VehicleBP/Maps/VehicleExampleMap.umap
[2017.01.20-21.05.35:384][187]LogSavePackage: Save=755.28ms
[2017.01.20-21.05.35:385][187]LogSavePackage: Moving '../../../../../../Repos/Drive-Thru/Drive-Thru/Drive_Thru/Saved/VehicleExampleMap_BuiltData98A712A34575918F92F377BADC0CF213.tmp' to '../../../../../../Repos/Drive-Thru/Drive-Thru/Drive_Thru/Content/VehicleBP/Maps/VehicleExampleMap_BuiltData.uasset'
[2017.01.20-21.05.35:386][187]LogSavePackage:Display: Finished SavePackage ../../../../../../Repos/Drive-Thru/Drive-Thru/Drive_Thru/Content/VehicleBP/Maps/VehicleExampleMap_BuiltData.uasset
[2017.01.20-21.05.40:657][813]Cmd: SELECT NONE
[2017.01.20-21.05.45:035][334]LogTemp: Repeting last play command: VR Preview
[2017.01.20-21.05.45:044][334]LogBlueprintUserMessages: Early PlayInEditor Detection: Level '/Game/VehicleBP/Maps/VehicleExampleMap.VehicleExampleMap:PersistentLevel' has LevelScriptBlueprint '/Game/VehicleBP/Maps/VehicleExampleMap.VehicleExampleMap:PersistentLevel.VehicleExampleMap' with GeneratedClass '/Game/VehicleBP/Maps/VehicleExampleMap.VehicleExampleMap_C' with ClassGeneratedBy '/Game/VehicleBP/Maps/VehicleExampleMap.VehicleExampleMap:PersistentLevel.VehicleExampleMap'
[2017.01.20-21.05.45:075][334]LogFMOD: Creating runtime Studio System
[2017.01.20-21.05.45:076][334]LogFMOD: Default sample rate = 48000
[2017.01.20-21.05.45:076][334]LogFMOD: System sample rate = 48000
[2017.01.20-21.05.45:076][334]LogFMOD: Matching system sample rate 48000
[2017.01.20-21.05.45:085][334]LogFMOD: Triggering Initialized on other modules
[2017.01.20-21.05.45:085][334]LogFMOD: Loading Banks
[2017.01.20-21.05.45:125][334]LogFMOD:Error: e:\jk\workspace\1. Build_UE4_1.8_Libs\studio_api\src\fmod_bankmodel.cpp(346) - Failed to open file '../../../../../../Repos/Drive-Thru/Drive-Thru/Drive_Thru/Content/FMOD/Desktop/Master Bank.bank'

[2017.01.20-21.05.45:125][334]LogFMOD:Error: e:\jk\workspace\1. Build_UE4_1.8_Libs\studio_api\src\fmod_bankmodel.cpp(346) - Failed to open file '../../../../../../Repos/Drive-Thru/Drive-Thru/Drive_Thru/Content/FMOD/Desktop/Master Bank.strings.bank'

[2017.01.20-21.05.45:125][334]LogFMOD:Warning: Failed to bank: ../../../../../../Repos/Drive-Thru/Drive-Thru/Drive_Thru/Content/FMOD/Desktop/Master Bank.bank (File does not exist)
[2017.01.20-21.05.45:125][334]LogFMOD:Warning: Failed to bank: ../../../../../../Repos/Drive-Thru/Drive-Thru/Drive_Thru/Content/FMOD/Desktop/Master Bank.strings.bank (File does not exist)
[2017.01.20-21.05.45:125][334]LogPlayLevel: PlayLevel: No blueprints needed recompiling
[2017.01.20-21.05.45:125][334]PIE: New page: PIE session: VehicleExampleMap (20 Jan 2017 21:05:45)
[2017.01.20-21.05.45:125][334]LogPlayLevel: Creating play world package: /Game/VehicleBP/Maps/UEDPIE_0_VehicleExampleMap
[2017.01.20-21.05.45:143][334]LogPlayLevel: PIE: StaticDuplicateObject took: (0.017766s)
[2017.01.20-21.05.45:143][334]LogAIModule: Creating AISystem for world VehicleExampleMap
[2017.01.20-21.05.45:143][334]LogPlayLevel: PIE: World Init took: (0.000604s)
[2017.01.20-21.05.45:143][334]LogPlayLevel: PIE: Created PIE world by copying editor world from /Game/VehicleBP/Maps/VehicleExampleMap.VehicleExampleMap to /Game/VehicleBP/Maps/UEDPIE_0_VehicleExampleMap.VehicleExampleMap (0.018599s)
[2017.01.20-21.05.45:172][334]LogInit: XAudio2 using 'Realtek HD Audio 2nd output (Realtek High Definition Audio)' : 2 channels at 48 kHz using 32 bits per sample (channel mask 0x3)
[2017.01.20-21.05.45:178][334]LogInit: FAudioDevice initialized.
[2017.01.20-21.05.45:266][334]LogLoad: Game class is 'VehicleGameMode_C'
[2017.01.20-21.05.45:272][334]LogWorld: Bringing World /Game/VehicleBP/Maps/UEDPIE_0_VehicleExampleMap.VehicleExampleMap up for play (max tick rate 0) at 2017.01.20-21.05.45
[2017.01.20-21.05.45:272][334]LogWorld: Bringing up level for play took: 0.001931
[2017.01.20-21.05.45:277][334]PIE: Info Play in editor start time for /Game/VehicleBP/Maps/UEDPIE_0_VehicleExampleMap 0.782
[2017.01.20-21.05.45:277][334]LogBlueprintUserMessages: Late PlayInEditor Detection: Level '/Game/VehicleBP/Maps/VehicleExampleMap.VehicleExampleMap:PersistentLevel' has LevelScriptBlueprint '/Game/VehicleBP/Maps/VehicleExampleMap.VehicleExampleMap:PersistentLevel.VehicleExampleMap' with GeneratedClass '/Game/VehicleBP/Maps/VehicleExampleMap.VehicleExampleMap_C' with ClassGeneratedBy '/Game/VehicleBP/Maps/VehicleExampleMap.VehicleExampleMap:PersistentLevel.VehicleExampleMap'
[2017.01.20-21.06.52:962][364]LogBlueprintUserMessages: Early EndPlayMap Detection: Level '/Game/VehicleBP/Maps/VehicleExampleMap.VehicleExampleMap:PersistentLevel' has LevelScriptBlueprint '/Game/VehicleBP/Maps/VehicleExampleMap.VehicleExampleMap:PersistentLevel.VehicleExampleMap' with GeneratedClass '/Game/VehicleBP/Maps/VehicleExampleMap.VehicleExampleMap_C' with ClassGeneratedBy '/Game/VehicleBP/Maps/VehicleExampleMap.VehicleExampleMap:PersistentLevel.VehicleExampleMap'
[2017.01.20-21.06.53:191][364]LogBlueprintUserMessages: Late EndPlayMap Detection: Level '/Game/VehicleBP/Maps/VehicleExampleMap.VehicleExampleMap:PersistentLevel' has LevelScriptBlueprint '/Game/VehicleBP/Maps/VehicleExampleMap.VehicleExampleMap:PersistentLevel.VehicleExampleMap' with GeneratedClass '/Game/VehicleBP/Maps/VehicleExampleMap.VehicleExampleMap_C' with ClassGeneratedBy '/Game/VehicleBP/Maps/VehicleExampleMap.VehicleExampleMap:PersistentLevel.VehicleExampleMap'
[2017.01.20-21.07.38:249][516]LogSlate: Only BGRA pngs, bmps or icos are supported in by External Image Picker
[2017.01.20-21.07.38:296][517]LogTemp:Display: Executing iPhonePackager certificates Engine -bundlename com.YourCompany.DriveThru

[2017.01.20-21.07.38:296][517]LogTemp:Display: CWD: C:\Program Files (x86)\Epic Games\4.14\Engine\Binaries\DotNet\IOS

[2017.01.20-21.07.38:296][517]LogTemp:Display: Initial Dir: C:\Program Files (x86)\Epic Games\4.14

[2017.01.20-21.07.38:296][517]LogTemp:Display: Env CWD: C:\Program Files (x86)\Epic Games\4.14\Engine\Binaries\DotNet\IOS

[2017.01.20-21.07.38:296][517]LogTemp:Display: BranchPath = DESKTOP-LDMGO10/C/Program Files (x86)/Epic Games/4.14/Engine/Binaries --- GameBranchPath = DESKTOP-LDMGO10/C/Program Files (x86)/Epic Games/4.14/Engine/Binaries

[2017.01.20-21.07.38:331][519]LogTemp:Display: IPP ERROR: Application exception: System.IO.DirectoryNotFoundException: Could not find a part of the path 'C:\Users\Harry Haston-Dougan\AppData\Local\Apple Computer\MobileDevice\Provisioning Profiles'.

[2017.01.20-21.07.38:331][519]LogTemp:Display:    at System.IO.__Error.WinIOError(Int32 errorCode, String maybeFullPath)

[2017.01.20-21.07.38:331][519]LogTemp:Display:    at System.IO.FileSystemEnumerableIterator`1.CommonInit()

[2017.01.20-21.07.38:331][519]LogTemp:Display:    at System.IO.Directory.EnumerateFiles(String path, String searchPattern)

[2017.01.20-21.07.38:331][519]LogTemp:Display:    at iPhonePackager.CodeSignatureBuilder.FindProvisions(String CFBundleIdentifier)

[2017.01.20-21.07.38:331][519]LogTemp:Display:    at iPhonePackager.Program.Main(String[] args)

[2017.01.20-21.07.47:146][558]LogInit:Warning: CVar named 'r.ForwardShading' marked up in RendererSettings was not found or is set to read-only
[2017.01.20-21.07.50:241][902]Cmd: CLOSE_SLATE_MAINFRAME
[2017.01.20-21.07.50:576][903]Cmd: QUIT_EDITOR
[2017.01.20-21.07.51:094][903]LogWindowsTextInputMethodSystem:Display: IME system now deactivated.
[2017.01.20-21.07.51:118][903]LogExit: Preparing to exit.
[2017.01.20-21.07.51:869][903]LogDirectoryWatcher: A directory notification for 'C:/Repos/Drive-Thru/Drive-Thru/Drive_Thru/Content/' was aborted.
[2017.01.20-21.07.51:886][903]LogExit: Editor shut down
[2017.01.20-21.07.51:886][903]LogExit: Transaction tracking system shut down
[2017.01.20-21.07.51:954][903]LogObj: Freed 0b from 0 cluster array pools.
[2017.01.20-21.07.51:954][903]LogExit: Object subsystem successfully closed.
[2017.01.20-21.07.51:970][903]LogD3D11RHI: Shutdown
[2017.01.20-21.07.51:970][903]LogD3D11RHI: CleanupD3DDevice
[2017.01.20-21.07.51:972][903]LogD3D11RHI: ~FD3D11DynamicRHI
[2017.01.20-21.07.51:984][903]LogHttp:Display: Http module shutting down, but needs to wait on 1 outstanding Http requests:
[2017.01.20-21.07.51:984][903]LogHttp:Display: 	verb=[POST] url=[https://datarouter.ol.epicgames.com/datarouter/api/v1/public/data?SessionID=%7BFEFDF0F8-466F-627B-9957-EDA740B1841B%7D&AppID=UEEditor.Rocket.Release&AppVersion=4.14.3-3249277%2B%2B%2BUE4%2BRelease-4.14&UserID=02679f464868a2d455ee52b5b207064f%7C8956a5310d7f4720b67a468e29f48bf9%7C648b644c-15e4-4597-a629-e2a0e7b6ec04&AppEnvironment=datacollector-binary&UploadType=eteventstream] status=Processing
[2017.01.20-21.07.52:012][903]LogModuleManager: Shutting down and abandoning module ExternalImagePicker (246)
[2017.01.20-21.07.52:012][903]LogModuleManager: Shutting down and abandoning module MovieSceneCapture (245)
[2017.01.20-21.07.52:012][903]LogModuleManager: Shutting down and abandoning module HierarchicalLODOutliner (244)
[2017.01.20-21.07.52:012][903]LogModuleManager: Shutting down and abandoning module CrashTracker (243)
[2017.01.20-21.07.52:012][903]LogModuleManager: Shutting down and abandoning module SceneOutliner (242)
[2017.01.20-21.07.52:012][903]LogModuleManager: Shutting down and abandoning module WidgetCarousel (241)
[2017.01.20-21.07.52:012][903]LogModuleManager: Shutting down and abandoning module AddContentDialog (240)
[2017.01.20-21.07.52:012][903]LogDirectoryWatcher: A directory notification for 'C:/Program Files (x86)/Epic Games/4.14/FeaturePacks/' was aborted.
[2017.01.20-21.07.52:024][903]LogModuleManager: Shutting down and abandoning module GameplayTags (239)
[2017.01.20-21.07.52:024][903]LogModuleManager: Shutting down and abandoning module EditorWidgets (238)
[2017.01.20-21.07.52:024][903]LogModuleManager: Shutting down and abandoning module CollectionManager (237)
[2017.01.20-21.07.52:024][903]LogDirectoryWatcher: A directory notification for 'C:/Repos/Drive-Thru/Drive-Thru/Drive_Thru/Content/Collections/' was aborted.
[2017.01.20-21.07.52:024][903]LogDirectoryWatcher: A directory notification for 'C:/Repos/Drive-Thru/Drive-Thru/Drive_Thru/Content/Developers/HarryHastonDougan/Collections/' was aborted.
[2017.01.20-21.07.52:024][903]LogDirectoryWatcher: A directory notification for 'C:/Repos/Drive-Thru/Drive-Thru/Drive_Thru/Saved/Collections/' was aborted.
[2017.01.20-21.07.52:024][903]LogModuleManager: Shutting down and abandoning module StatsViewer (236)
[2017.01.20-21.07.52:025][903]LogModuleManager: Shutting down and abandoning module FoliageEdit (235)
[2017.01.20-21.07.52:025][903]LogModuleManager: Shutting down and abandoning module LandscapeEditor (234)
[2017.01.20-21.07.52:025][903]LogModuleManager: Shutting down and abandoning module SceneDepthPickerMode (233)
[2017.01.20-21.07.52:025][903]LogModuleManager: Shutting down and abandoning module ActorPickerMode (232)
[2017.01.20-21.07.52:025][903]LogModuleManager: Shutting down and abandoning module GeometryMode (231)
[2017.01.20-21.07.52:025][903]LogModuleManager: Shutting down and abandoning module TextureAlignMode (230)
[2017.01.20-21.07.52:025][903]LogModuleManager: Shutting down and abandoning module BspMode (229)
[2017.01.20-21.07.52:025][903]LogModuleManager: Shutting down and abandoning module HardwareSurvey (228)
[2017.01.20-21.07.52:025][903]LogModuleManager: Shutting down and abandoning module SequenceRecorderSections (227)
[2017.01.20-21.07.52:025][903]LogModuleManager: Shutting down and abandoning module AutomationWorker (226)
[2017.01.20-21.07.52:025][903]LogModuleManager: Shutting down and abandoning module MatineeToLevelSequence (225)
[2017.01.20-21.07.52:025][903]LogModuleManager: Shutting down and abandoning module PlacementMode (224)
[2017.01.20-21.07.52:025][903]LogModuleManager: Shutting down and abandoning module LevelSequenceEditor (223)
[2017.01.20-21.07.52:025][903]LogModuleManager: Shutting down and abandoning module WmfMediaFactory (222)
[2017.01.20-21.07.52:025][903]LogModuleManager: Shutting down and abandoning module WmfMediaEditor (221)
[2017.01.20-21.07.52:025][903]LogModuleManager: Shutting down and abandoning module AvfMediaFactory (220)
[2017.01.20-21.07.52:025][903]LogModuleManager: Shutting down and abandoning module AvfMediaEditor (219)
[2017.01.20-21.07.52:025][903]LogModuleManager: Shutting down and abandoning module Media (218)
[2017.01.20-21.07.52:025][903]LogModuleManager: Shutting down and abandoning module AndroidMediaFactory (217)
[2017.01.20-21.07.52:025][903]LogModuleManager: Shutting down and abandoning module AndroidMediaEditor (216)
[2017.01.20-21.07.52:025][903]LogModuleManager: Shutting down and abandoning module CharacterAI (215)
[2017.01.20-21.07.52:025][903]LogModuleManager: Shutting down and abandoning module SequenceRecorder (214)
[2017.01.20-21.07.52:025][903]LogModuleManager: Shutting down and abandoning module AudioCapture (213)
[2017.01.20-21.07.52:025][903]LogModuleManager: Shutting down and abandoning module SmartSnapping (212)
[2017.01.20-21.07.52:025][903]LogModuleManager: Shutting down and abandoning module SessionServices (211)
[2017.01.20-21.07.52:025][903]LogModuleManager: Shutting down and abandoning module ViewportSnapping (210)
[2017.01.20-21.07.52:025][903]LogModuleManager: Shutting down and abandoning module ViewportInteraction (209)
[2017.01.20-21.07.52:025][903]LogModuleManager: Shutting down and abandoning module LogVisualizer (208)
[2017.01.20-21.07.52:025][903]LogModuleManager: Shutting down and abandoning module GameProjectGeneration (207)
[2017.01.20-21.07.52:025][903]LogModuleManager: Shutting down and abandoning module IntroTutorials (206)
[2017.01.20-21.07.52:025][903]LogModuleManager: Shutting down and abandoning module EditorLiveStreaming (205)
[2017.01.20-21.07.52:025][903]LogModuleManager: Shutting down and abandoning module IOSPlatformEditor (204)
[2017.01.20-21.07.52:025][903]LogModuleManager: Shutting down and abandoning module HTML5PlatformEditor (203)
[2017.01.20-21.07.52:025][903]LogModuleManager: Shutting down and abandoning module AndroidDeviceDetection (202)
[2017.01.20-21.07.52:399][903]LogModuleManager: Shutting down and abandoning module AndroidPlatformEditor (201)
[2017.01.20-21.07.52:399][903]LogModuleManager: Shutting down and abandoning module IOSRuntimeSettings (200)
[2017.01.20-21.07.52:399][903]LogModuleManager: Shutting down and abandoning module AndroidRuntimeSettings (199)
[2017.01.20-21.07.52:399][903]LogModuleManager: Shutting down and abandoning module InputBindingEditor (198)
[2017.01.20-21.07.52:399][903]LogModuleManager: Shutting down and abandoning module NiagaraEditor (197)
[2017.01.20-21.07.52:399][903]LogModuleManager: Shutting down and abandoning module MergeActors (196)
[2017.01.20-21.07.52:399][903]LogModuleManager: Shutting down and abandoning module SizeMap (195)
[2017.01.20-21.07.52:399][903]LogModuleManager: Shutting down and abandoning module TreeMap (194)
[2017.01.20-21.07.52:399][903]LogModuleManager: Shutting down and abandoning module ReferenceViewer (193)
[2017.01.20-21.07.52:399][903]LogModuleManager: Shutting down and abandoning module LocalizationService (192)
[2017.01.20-21.07.52:399][903]LogModuleManager: Shutting down and abandoning module LocalizationDashboard (191)
[2017.01.20-21.07.52:399][903]LogModuleManager: Shutting down and abandoning module HardwareTargeting (190)
[2017.01.20-21.07.52:399][903]LogModuleManager: Shutting down and abandoning module DeviceProfileEditor (189)
[2017.01.20-21.07.52:399][903]LogModuleManager: Shutting down and abandoning module UndoHistory (188)
[2017.01.20-21.07.52:399][903]LogModuleManager: Shutting down and abandoning module UserFeedback (187)
[2017.01.20-21.07.52:399][903]LogModuleManager: Shutting down and abandoning module XmlParser (186)
[2017.01.20-21.07.52:399][903]LogModuleManager: Shutting down and abandoning module Blutility (185)
[2017.01.20-21.07.52:399][903]LogModuleManager: Shutting down and abandoning module ProjectTargetPlatformEditor (184)
[2017.01.20-21.07.52:399][903]LogModuleManager: Shutting down and abandoning module ProjectSettingsViewer (183)
[2017.01.20-21.07.52:399][903]LogModuleManager: Shutting down and abandoning module EditorSettingsViewer (182)
[2017.01.20-21.07.52:399][903]LogModuleManager: Shutting down and abandoning module SettingsEditor (181)
[2017.01.20-21.07.52:399][903]LogModuleManager: Shutting down and abandoning module ProjectLauncher (180)
[2017.01.20-21.07.52:399][903]LogModuleManager: Shutting down and abandoning module SessionFrontend (179)
[2017.01.20-21.07.52:400][903]LogModuleManager: Shutting down and abandoning module ProfilerClient (178)
[2017.01.20-21.07.52:400][903]LogModuleManager: Shutting down and abandoning module TargetDeviceServices (177)
[2017.01.20-21.07.52:400][903]LogModuleManager: Shutting down and abandoning module DeviceManager (176)
[2017.01.20-21.07.52:442][903]LogModuleManager: Shutting down and abandoning module AutomationController (175)
[2017.01.20-21.07.52:442][903]LogModuleManager: Shutting down and abandoning module AutomationWindow (174)
[2017.01.20-21.07.52:442][903]LogModuleManager: Shutting down and abandoning module Layers (173)
[2017.01.20-21.07.52:442][903]LogModuleManager: Shutting down and abandoning module ComponentVisualizers (172)
[2017.01.20-21.07.52:442][903]LogModuleManager: Shutting down and abandoning module DetailCustomizations (171)
[2017.01.20-21.07.52:442][903]LogModuleManager: Shutting down and abandoning module PackagesDialog (170)
[2017.01.20-21.07.52:442][903]LogModuleManager: Shutting down and abandoning module AnimGraph (169)
[2017.01.20-21.07.52:442][903]LogModuleManager: Shutting down and abandoning module Persona (168)
[2017.01.20-21.07.52:442][903]LogModuleManager: Shutting down and abandoning module Kismet (167)
[2017.01.20-21.07.52:443][903]LogModuleManager: Shutting down and abandoning module GraphEditor (166)
[2017.01.20-21.07.52:443][903]LogModuleManager: Shutting down and abandoning module ClassViewer (165)
[2017.01.20-21.07.52:443][903]LogModuleManager: Shutting down and abandoning module Toolbox (164)
[2017.01.20-21.07.52:443][903]LogModuleManager: Shutting down and abandoning module ModuleUI (163)
[2017.01.20-21.07.52:443][903]LogModuleManager: Shutting down and abandoning module MovieSceneTools (162)
[2017.01.20-21.07.52:443][903]LogModuleManager: Shutting down and abandoning module OutputLog (161)
[2017.01.20-21.07.52:443][903]LogModuleManager: Shutting down and abandoning module GammaUI (160)
[2017.01.20-21.07.52:443][903]LogModuleManager: Shutting down and abandoning module Documentation (159)
[2017.01.20-21.07.52:443][903]LogModuleManager: Shutting down and abandoning module Niagara (158)
[2017.01.20-21.07.52:443][903]LogModuleManager: Shutting down and abandoning module StreamingPauseRendering (157)
[2017.01.20-21.07.52:443][903]LogModuleManager: Shutting down and abandoning module AnalyticsET (156)
[2017.01.20-21.07.52:443][903]LogModuleManager: Shutting down and abandoning module PortalServices (155)
[2017.01.20-21.07.52:443][903]LogModuleManager: Shutting down and abandoning module PortalRpc (154)
[2017.01.20-21.07.52:443][903]LogModuleManager: Shutting down and abandoning module MessagingRpc (153)
[2017.01.20-21.07.52:443][903]LogModuleManager: Shutting down and abandoning module GameplayDebugger (152)
[2017.01.20-21.07.52:443][903]LogModuleManager: Shutting down and abandoning module AITestSuite (151)
[2017.01.20-21.07.52:443][903]LogModuleManager: Shutting down and abandoning module AIModule (150)
[2017.01.20-21.07.52:443][903]LogModuleManager: Shutting down and abandoning module ProfilerService (149)
[2017.01.20-21.07.52:550][903]LogModuleManager: Shutting down and abandoning module TaskGraph (148)
[2017.01.20-21.07.52:550][903]LogModuleManager: Shutting down and abandoning module SlateRemote (147)
[2017.01.20-21.07.52:550][903]LogModuleManager: Shutting down and abandoning module SteamVRController (146)
[2017.01.20-21.07.52:550][903]LogModuleManager: Shutting down and abandoning module SteamVR (145)
[2017.01.20-21.07.52:550][903]LogModuleManager: Shutting down and abandoning module ProceduralMeshComponentEditor (144)
[2017.01.20-21.07.52:550][903]LogModuleManager: Shutting down and abandoning module ProceduralMeshComponent (143)
[2017.01.20-21.07.52:550][903]LogModuleManager: Shutting down and abandoning module OculusLibrary (142)
[2017.01.20-21.07.52:550][903]LogModuleManager: Shutting down and abandoning module OculusInput (141)
[2017.01.20-21.07.52:550][903]LogModuleManager: Shutting down and abandoning module MobilePatchingUtils (140)
[2017.01.20-21.07.52:550][903]LogModuleManager: Shutting down and abandoning module CustomMeshComponent (139)
[2017.01.20-21.07.52:550][903]LogModuleManager: Shutting down and abandoning module CableComponent (138)
[2017.01.20-21.07.52:550][903]LogModuleManager: Shutting down and abandoning module ArchVisCharacter (137)
[2017.01.20-21.07.52:550][903]LogModuleManager: Shutting down and abandoning module MediaPlayerEditor (135)
[2017.01.20-21.07.52:550][903]LogModuleManager: Shutting down and abandoning module FMODStudioEditor (134)
[2017.01.20-21.07.52:550][903]LogModuleManager: Shutting down and abandoning module HTML5Networking (133)
[2017.01.20-21.07.52:550][903]LogModuleManager: Shutting down and abandoning module GeometryCacheEd (132)
[2017.01.20-21.07.52:550][903]LogModuleManager: Shutting down and abandoning module GeometryCache (131)
[2017.01.20-21.07.52:550][903]LogModuleManager: Shutting down and abandoning module AlembicLibrary (130)
[2017.01.20-21.07.52:550][903]LogModuleManager: Shutting down and abandoning module AlembicImporter (129)
[2017.01.20-21.07.52:550][903]LogModuleManager: Shutting down and abandoning module SuperSearch (128)
[2017.01.20-21.07.52:550][903]LogModuleManager: Shutting down and abandoning module SuperSearchEditor (127)
[2017.01.20-21.07.52:550][903]LogModuleManager: Shutting down and abandoning module SpeedTreeImporter (126)
[2017.01.20-21.07.52:550][903]LogModuleManager: Shutting down and abandoning module PluginBrowser (125)
[2017.01.20-21.07.52:550][903]LogModuleManager: Shutting down and abandoning module MobileLauncherProfileWizard (124)
[2017.01.20-21.07.52:550][903]LogModuleManager: Shutting down and abandoning module EpicSurvey (123)
[2017.01.20-21.07.52:550][903]LogModuleManager: Shutting down and abandoning module DesktopPlatform (122)
[2017.01.20-21.07.52:550][903]LogModuleManager: Shutting down and abandoning module VisualStudioSourceCodeAccess (121)
[2017.01.20-21.07.52:550][903]LogModuleManager: Shutting down and abandoning module UObjectPlugin (120)
[2017.01.20-21.07.52:550][903]LogModuleManager: Shutting down and abandoning module SubversionSourceControl (119)
[2017.01.20-21.07.52:550][903]LogModuleManager: Shutting down and abandoning module PerforceSourceControl (118)
[2017.01.20-21.07.52:550][903]LogModuleManager: Shutting down and abandoning module SourceControl (117)
[2017.01.20-21.07.52:551][903]LogModuleManager: Shutting down and abandoning module GitSourceControl (116)
[2017.01.20-21.07.52:551][903]LogModuleManager: Shutting down and abandoning module LightPropagationVolumeEditor (115)
[2017.01.20-21.07.52:551][903]LogModuleManager: Shutting down and abandoning module PaperTiledImporter (114)
[2017.01.20-21.07.52:551][903]LogModuleManager: Shutting down and abandoning module PaperSpriteSheetImporter (113)
[2017.01.20-21.07.52:551][903]LogModuleManager: Shutting down and abandoning module MeshPaint (112)
[2017.01.20-21.07.52:551][903]LogModuleManager: Shutting down and abandoning module PixelInspectorModule (111)
[2017.01.20-21.07.52:551][903]LogModuleManager: Shutting down and abandoning module HotReload (110)
[2017.01.20-21.07.52:551][903]LogModuleManager: Shutting down and abandoning module MainFrame (109)
[2017.01.20-21.07.52:551][903]LogModuleManager: Shutting down and abandoning module LevelEditor (108)
[2017.01.20-21.07.52:552][903]LogModuleManager: Shutting down and abandoning module ContentBrowser (107)
[2017.01.20-21.07.52:553][903]LogModuleManager: Shutting down and abandoning module Paper2DEditor (106)
[2017.01.20-21.07.52:553][903]LogModuleManager: Shutting down and abandoning module UdpMessaging (105)
[2017.01.20-21.07.52:653][903]LogModuleManager: Shutting down and abandoning module TcpMessaging (104)
[2017.01.20-21.07.52:753][903]LogModuleManager: Shutting down and abandoning module FMODStudio (103)
[2017.01.20-21.07.52:849][903]LogModuleManager: Shutting down and abandoning module FMODStudioOculus (102)
[2017.01.20-21.07.52:849][903]LogModuleManager: Shutting down and abandoning module LightPropagationVolumeRuntime (101)
[2017.01.20-21.07.52:849][903]LogModuleManager: Shutting down and abandoning module Paper2D (100)
[2017.01.20-21.07.52:849][903]LogModuleManager: Shutting down and abandoning module WindowsMoviePlayer (99)
[2017.01.20-21.07.52:850][903]LogModuleManager: Shutting down and abandoning module WmfMedia (98)
[2017.01.20-21.07.52:850][903]LogModuleManager: Shutting down and abandoning module MediaAssets (97)
[2017.01.20-21.07.52:850][903]LogModuleManager: Shutting down and abandoning module GameLiveStreaming (96)
[2017.01.20-21.07.52:850][903]LogModuleManager: Shutting down and abandoning module GameplayTagsEditor (95)
[2017.01.20-21.07.52:850][903]LogModuleManager: Shutting down and abandoning module VREditor (94)
[2017.01.20-21.07.52:850][903]LogModuleManager: Shutting down and abandoning module GameplayTasksEditor (93)
[2017.01.20-21.07.52:850][903]LogModuleManager: Shutting down and abandoning module BehaviorTreeEditor (92)
[2017.01.20-21.07.52:850][903]LogModuleManager: Shutting down and abandoning module FunctionalTesting (91)
[2017.01.20-21.07.52:850][903]LogModuleManager: Shutting down and abandoning module CollisionAnalyzer (90)
[2017.01.20-21.07.52:850][903]LogModuleManager: Shutting down and abandoning module Sequencer (89)
[2017.01.20-21.07.52:850][903]LogModuleManager: Shutting down and abandoning module WorkspaceMenuStructure (88)
[2017.01.20-21.07.52:850][903]LogModuleManager: Shutting down and abandoning module MessageLog (87)
[2017.01.20-21.07.52:850][903]LogModuleManager: Shutting down and abandoning module AssetTools (86)
[2017.01.20-21.07.52:850][903]LogModuleManager: Shutting down and abandoning module UMGEditor (85)
[2017.01.20-21.07.52:850][903]LogModuleManager: Shutting down and abandoning module UMG (84)
[2017.01.20-21.07.52:850][903]LogModuleManager: Shutting down and abandoning module SlateReflector (83)
[2017.01.20-21.07.52:850][903]LogModuleManager: Shutting down and abandoning module Slate (82)
[2017.01.20-21.07.52:850][903]LogModuleManager: Shutting down and abandoning module EditorStyle (81)
[2017.01.20-21.07.52:852][903]LogModuleManager: Shutting down and abandoning module SourceCodeAccess (80)
[2017.01.20-21.07.52:852][903]LogModuleManager: Shutting down and abandoning module HeadMountedDisplay (79)
[2017.01.20-21.07.52:852][903]LogModuleManager: Shutting down and abandoning module XAudio2 (78)
[2017.01.20-21.07.52:852][903]LogModuleManager: Shutting down and abandoning module Networking (76)
[2017.01.20-21.07.52:852][903]LogModuleManager: Shutting down and abandoning module Core (75)
[2017.01.20-21.07.52:852][903]LogModuleManager: Shutting down and abandoning module DirectoryWatcher (74)
[2017.01.20-21.07.52:852][903]LogDirectoryWatcher: A directory notification for '../../../Engine/Content/' was aborted.
[2017.01.20-21.07.52:852][903]LogDirectoryWatcher: A directory notification for '../../../../../../Repos/Drive-Thru/Drive-Thru/Drive_Thru/Content/' was aborted.
[2017.01.20-21.07.52:853][903]LogDirectoryWatcher: A directory notification for '../../../Engine/Plugins/2D/Paper2D/Content/' was aborted.
[2017.01.20-21.07.52:853][903]LogDirectoryWatcher: A directory notification for '../../../Engine/Plugins/FMODStudio/Content/' was aborted.
[2017.01.20-21.07.52:853][903]LogModuleManager: Shutting down and abandoning module AssetRegistry (73)
[2017.01.20-21.07.52:884][903]LogModuleManager: Shutting down and abandoning module KismetCompiler (72)
[2017.01.20-21.07.52:884][903]LogModuleManager: Shutting down and abandoning module PhysXFormats (71)
[2017.01.20-21.07.52:884][903]LogModuleManager: Shutting down and abandoning module SimplygonSwarm (70)
[2017.01.20-21.07.52:884][903]LogModuleManager: Shutting down and abandoning module SimplygonMeshReduction (69)
[2017.01.20-21.07.52:884][903]LogModuleManager: Shutting down and abandoning module QuadricMeshReduction (68)
[2017.01.20-21.07.52:884][903]LogModuleManager: Shutting down and abandoning module PropertyEditor (67)
[2017.01.20-21.07.52:885][903]LogModuleManager: Shutting down and abandoning module MeshUtilities (66)
[2017.01.20-21.07.52:885][903]LogModuleManager: Shutting down and abandoning module DerivedDataCache (65)
[2017.01.20-21.07.52:931][903]LogDerivedDataCache: Shutdown
[2017.01.20-21.07.52:931][903]LogModuleManager: Shutting down and abandoning module VulkanShaderFormat (64)
[2017.01.20-21.07.52:931][903]LogModuleManager: Shutting down and abandoning module ShaderFormatOpenGL (63)
[2017.01.20-21.07.52:931][903]LogModuleManager: Shutting down and abandoning module ShaderFormatD3D (62)
[2017.01.20-21.07.52:931][903]LogModuleManager: Shutting down and abandoning module MetalShaderFormat (61)
[2017.01.20-21.07.52:931][903]LogModuleManager: Shutting down and abandoning module TextureFormatUncompressed (60)
[2017.01.20-21.07.52:931][903]LogModuleManager: Shutting down and abandoning module TextureFormatPVR (59)
[2017.01.20-21.07.52:931][903]LogModuleManager: Shutting down and abandoning module TextureFormatDXT (58)
[2017.01.20-21.07.52:931][903]LogModuleManager: Shutting down and abandoning module TextureFormatIntelISPCTexComp (57)
[2017.01.20-21.07.52:931][903]LogModuleManager: Shutting down and abandoning module ImageWrapper (56)
[2017.01.20-21.07.52:931][903]LogModuleManager: Shutting down and abandoning module TextureFormatASTC (55)
[2017.01.20-21.07.52:931][903]LogModuleManager: Shutting down and abandoning module TextureFormatAndroid (54)
[2017.01.20-21.07.52:931][903]LogModuleManager: Shutting down and abandoning module AudioFormatOpus (53)
[2017.01.20-21.07.52:931][903]LogModuleManager: Shutting down and abandoning module AudioFormatOgg (52)
[2017.01.20-21.07.52:931][903]LogModuleManager: Shutting down and abandoning module AudioFormatADPCM (51)
[2017.01.20-21.07.52:931][903]LogModuleManager: Shutting down and abandoning module LinuxTargetPlatform (50)
[2017.01.20-21.07.52:931][903]LogModuleManager: Shutting down and abandoning module LinuxServerTargetPlatform (49)
[2017.01.20-21.07.52:931][903]LogModuleManager: Shutting down and abandoning module LinuxNoEditorTargetPlatform (48)
[2017.01.20-21.07.52:931][903]LogModuleManager: Shutting down and abandoning module LinuxClientTargetPlatform (47)
[2017.01.20-21.07.52:931][903]LogModuleManager: Shutting down and abandoning module TVOSTargetPlatform (46)
[2017.01.20-21.07.52:931][903]LogModuleManager: Shutting down and abandoning module Messaging (45)
[2017.01.20-21.07.52:931][903]LogModuleManager: Shutting down and abandoning module IOSTargetPlatform (44)
[2017.01.20-21.07.52:931][903]LogModuleManager: Shutting down and abandoning module HTML5TargetPlatform (43)
[2017.01.20-21.07.52:931][903]LogModuleManager: Shutting down and abandoning module Android_PVRTCTargetPlatform (42)
[2017.01.20-21.07.52:931][903]LogModuleManager: Shutting down and abandoning module Android_MultiTargetPlatform (41)
[2017.01.20-21.07.52:931][903]LogModuleManager: Shutting down and abandoning module Android_ETC2TargetPlatform (40)
[2017.01.20-21.07.52:931][903]LogModuleManager: Shutting down and abandoning module Android_ETC1TargetPlatform (39)
[2017.01.20-21.07.52:931][903]LogModuleManager: Shutting down and abandoning module Android_DXTTargetPlatform (38)
[2017.01.20-21.07.52:931][903]LogModuleManager: Shutting down and abandoning module Android_ATCTargetPlatform (37)
[2017.01.20-21.07.52:931][903]LogModuleManager: Shutting down and abandoning module Android_ASTCTargetPlatform (36)
[2017.01.20-21.07.52:931][903]LogModuleManager: Shutting down and abandoning module AndroidTargetPlatform (35)
[2017.01.20-21.07.52:931][903]LogModuleManager: Shutting down and abandoning module WindowsTargetPlatform (34)
[2017.01.20-21.07.52:931][903]LogModuleManager: Shutting down and abandoning module WindowsServerTargetPlatform (33)
[2017.01.20-21.07.52:931][903]LogModuleManager: Shutting down and abandoning module WindowsNoEditorTargetPlatform (32)
[2017.01.20-21.07.52:931][903]LogModuleManager: Shutting down and abandoning module WindowsClientTargetPlatform (31)
[2017.01.20-21.07.52:931][903]LogModuleManager: Shutting down and abandoning module MacTargetPlatform (30)
[2017.01.20-21.07.52:931][903]LogModuleManager: Shutting down and abandoning module MacServerTargetPlatform (29)
[2017.01.20-21.07.52:931][903]LogModuleManager: Shutting down and abandoning module MacNoEditorTargetPlatform (28)
[2017.01.20-21.07.52:931][903]LogModuleManager: Shutting down and abandoning module MacClientTargetPlatform (27)
[2017.01.20-21.07.52:931][903]LogModuleManager: Shutting down and abandoning module AllDesktopTargetPlatform (26)
[2017.01.20-21.07.52:931][903]LogModuleManager: Shutting down and abandoning module TargetPlatform (25)
[2017.01.20-21.07.52:931][903]LogModuleManager: Shutting down and abandoning module InputCore (24)
[2017.01.20-21.07.52:931][903]LogModuleManager: Shutting down and abandoning module Settings (23)
[2017.01.20-21.07.52:931][903]LogModuleManager: Shutting down and abandoning module OculusRift (22)
[2017.01.20-21.07.52:931][903]LogModuleManager: Shutting down and abandoning module ExampleDeviceProfileSelector (21)
[2017.01.20-21.07.52:931][903]LogModuleManager: Shutting down and abandoning module OnlineBlueprintSupport (20)
[2017.01.20-21.07.52:931][903]LogModuleManager: Shutting down and abandoning module OnlineSubsystem (18)
[2017.01.20-21.07.52:931][903]LogOnline:Display: Unloading online subsystem: NULL
[2017.01.20-21.07.52:931][903]LogModuleManager: Shutting down and abandoning module SSL (17)
[2017.01.20-21.07.52:932][903]LogModuleManager: Shutting down and abandoning module HTTP (16)
[2017.01.20-21.07.52:932][903]LogModuleManager: Shutting down and abandoning module XMPP (15)
[2017.01.20-21.07.52:933][903]LogModuleManager: Shutting down and abandoning module TextureCompressor (14)
[2017.01.20-21.07.52:933][903]LogModuleManager: Shutting down and abandoning module ShaderCore (13)
[2017.01.20-21.07.52:933][903]LogModuleManager: Shutting down and abandoning module Landscape (12)
[2017.01.20-21.07.52:933][903]LogModuleManager: Shutting down and abandoning module SlateRHIRenderer (11)
[2017.01.20-21.07.52:933][903]LogModuleManager: Shutting down and abandoning module OpenGLDrv (10)
[2017.01.20-21.07.52:933][903]LogModuleManager: Shutting down and abandoning module D3D11RHI (9)
[2017.01.20-21.07.52:933][903]LogModuleManager: Shutting down and abandoning module AnimGraphRuntime (8)
[2017.01.20-21.07.52:933][903]LogModuleManager: Shutting down and abandoning module Renderer (7)
[2017.01.20-21.07.52:933][903]LogModuleManager: Shutting down and abandoning module Engine (6)
[2017.01.20-21.07.52:933][903]LogModuleManager: Shutting down and abandoning module CoreUObject (5)
[2017.01.20-21.07.52:933][903]LogModuleManager: Shutting down and abandoning module NetworkFile (4)
[2017.01.20-21.07.52:933][903]LogModuleManager: Shutting down and abandoning module StreamingFile (3)
[2017.01.20-21.07.52:933][903]LogModuleManager: Shutting down and abandoning module SandboxFile (2)
[2017.01.20-21.07.52:933][903]LogModuleManager: Shutting down and abandoning module PakFile (1)
[2017.01.20-21.07.52:935][903]LogExit: Exiting.
[2017.01.20-21.07.52:946][903]Log file closed, 01/20/17 21:07:52
