Log file open, 01/22/17 04:56:48
LogInit:Display: Running engine for game: Drive_Thru
LogPlatformFile: Not using cached read wrapper
LogInit:Display: RandInit(-1677950499) SRandInit(-1677950499).
LogTaskGraph: Started task graph with 5 named threads and 8 total threads with 1 sets of task threads.
LogStats: Stats thread started at 0.075605
LogPluginManager: Loaded Plugin Paper2D, From C:/Program Files (x86)/Epic Games/4.14/Engine/Plugins/2D/Paper2D/Paper2D.uplugin
LogPluginManager: Loaded Plugin LightPropagationVolume, From C:/Program Files (x86)/Epic Games/4.14/Engine/Plugins/Blendables/LightPropagationVolume/LightPropagationVolume.uplugin
LogPluginManager: Loaded Plugin BlankPlugin, From C:/Program Files (x86)/Epic Games/4.14/Engine/Plugins/Developer/BlankPlugin/BlankPlugin.uplugin
LogPluginManager: Loaded Plugin CodeLiteSourceCodeAccess, From C:/Program Files (x86)/Epic Games/4.14/Engine/Plugins/Developer/CodeLiteSourceCodeAccess/CodeLiteSourceCodeAccess.uplugin
LogPluginManager: Loaded Plugin GitSourceControl, From C:/Program Files (x86)/Epic Games/4.14/Engine/Plugins/Developer/GitSourceControl/GitSourceControl.uplugin
LogPluginManager: Loaded Plugin KDevelopSourceCodeAccess, From C:/Program Files (x86)/Epic Games/4.14/Engine/Plugins/Developer/KDevelopSourceCodeAccess/KDevelopSourceCodeAccess.uplugin
LogPluginManager: Loaded Plugin NullSourceCodeAccess, From C:/Program Files (x86)/Epic Games/4.14/Engine/Plugins/Developer/NullSourceCodeAccess/NullSourceCodeAccess.uplugin
LogPluginManager: Loaded Plugin OneSkyLocalizationService, From C:/Program Files (x86)/Epic Games/4.14/Engine/Plugins/Developer/OneSkyLocalizationService/OneSkyLocalizationService.uplugin
LogPluginManager: Loaded Plugin PerforceSourceControl, From C:/Program Files (x86)/Epic Games/4.14/Engine/Plugins/Developer/PerforceSourceControl/PerforceSourceControl.uplugin
LogPluginManager: Loaded Plugin SubversionSourceControl, From C:/Program Files (x86)/Epic Games/4.14/Engine/Plugins/Developer/SubversionSourceControl/SubversionSourceControl.uplugin
LogPluginManager: Loaded Plugin UObjectPlugin, From C:/Program Files (x86)/Epic Games/4.14/Engine/Plugins/Developer/UObjectPlugin/UObjectPlugin.uplugin
LogPluginManager: Loaded Plugin VisualStudioSourceCodeAccess, From C:/Program Files (x86)/Epic Games/4.14/Engine/Plugins/Developer/VisualStudioSourceCodeAccess/VisualStudioSourceCodeAccess.uplugin
LogPluginManager: Loaded Plugin XCodeSourceCodeAccess, From C:/Program Files (x86)/Epic Games/4.14/Engine/Plugins/Developer/XCodeSourceCodeAccess/XCodeSourceCodeAccess.uplugin
LogPluginManager: Loaded Plugin AudioCapture, From C:/Program Files (x86)/Epic Games/4.14/Engine/Plugins/Editor/AudioCapture/AudioCapture.uplugin
LogPluginManager: Loaded Plugin EpicSurvey, From C:/Program Files (x86)/Epic Games/4.14/Engine/Plugins/Editor/EpicSurvey/EpicSurvey.uplugin
LogPluginManager: Loaded Plugin MacGraphicsSwitching, From C:/Program Files (x86)/Epic Games/4.14/Engine/Plugins/Editor/MacGraphicsSwitching/MacGraphicsSwitching.uplugin
LogPluginManager: Loaded Plugin MobileLauncherProfileWizard, From C:/Program Files (x86)/Epic Games/4.14/Engine/Plugins/Editor/MobileLauncherProfileWizard/MobileLauncherProfileWizard.uplugin
LogPluginManager: Loaded Plugin PluginBrowser, From C:/Program Files (x86)/Epic Games/4.14/Engine/Plugins/Editor/PluginBrowser/PluginBrowser.uplugin
LogPluginManager: Loaded Plugin SpeedTreeImporter, From C:/Program Files (x86)/Epic Games/4.14/Engine/Plugins/Editor/SpeedTreeImporter/SpeedTreeImporter.uplugin
LogPluginManager: Loaded Plugin SuperSearchEditor, From C:/Program Files (x86)/Epic Games/4.14/Engine/Plugins/Editor/SuperSearchEditor/SuperSearchEditor.uplugin
LogPluginManager: Loaded Plugin AlembicImporter, From C:/Program Files (x86)/Epic Games/4.14/Engine/Plugins/Experimental/AlembicImporter/AlembicImporter.uplugin
LogPluginManager: Loaded Plugin BlueprintStats, From C:/Program Files (x86)/Epic Games/4.14/Engine/Plugins/Experimental/BlueprintStats/BlueprintStats.uplugin
LogPluginManager: Loaded Plugin CharacterAI, From C:/Program Files (x86)/Epic Games/4.14/Engine/Plugins/Experimental/CharacterAI/CharacterAI.uplugin
LogPluginManager: Loaded Plugin CodeEditor, From C:/Program Files (x86)/Epic Games/4.14/Engine/Plugins/Experimental/CodeEditor/CodeEditor.uplugin
LogPluginManager: Loaded Plugin CodeView, From C:/Program Files (x86)/Epic Games/4.14/Engine/Plugins/Experimental/CodeView/CodeView.uplugin
LogPluginManager: Loaded Plugin HTML5Networking, From C:/Program Files (x86)/Epic Games/4.14/Engine/Plugins/Experimental/HTML5Networking/HTML5Networking.uplugin
LogPluginManager: Loaded Plugin OSVR, From C:/Program Files (x86)/Epic Games/4.14/Engine/Plugins/Experimental/OSVR/OSVR.uplugin
LogPluginManager: Loaded Plugin Phya, From C:/Program Files (x86)/Epic Games/4.14/Engine/Plugins/Experimental/Phya/Phya.uplugin
LogPluginManager: Loaded Plugin SignificanceManager, From C:/Program Files (x86)/Epic Games/4.14/Engine/Plugins/Experimental/SignificanceManager/SignificanceManager.uplugin
LogPluginManager: Loaded Plugin SimpleHMD, From C:/Program Files (x86)/Epic Games/4.14/Engine/Plugins/Experimental/SimpleHMD/SimpleHMD.uplugin
LogPluginManager: Loaded Plugin StereoPanorama, From C:/Program Files (x86)/Epic Games/4.14/Engine/Plugins/Experimental/StereoPanorama/StereoPanorama.uplugin
LogPluginManager: Loaded Plugin StructBox, From C:/Program Files (x86)/Epic Games/4.14/Engine/Plugins/Experimental/StructBox/StructBox.uplugin
LogPluginManager: Loaded Plugin FMODStudio, From C:/Program Files (x86)/Epic Games/4.14/Engine/Plugins/FMODStudio/FMODStudio.uplugin
LogPluginManager: Loaded Plugin AndroidMedia, From C:/Program Files (x86)/Epic Games/4.14/Engine/Plugins/Media/AndroidMedia/AndroidMedia.uplugin
LogPluginManager: Loaded Plugin AvfMedia, From C:/Program Files (x86)/Epic Games/4.14/Engine/Plugins/Media/AvfMedia/AvfMedia.uplugin
LogPluginManager: Loaded Plugin MediaPlayerEditor, From C:/Program Files (x86)/Epic Games/4.14/Engine/Plugins/Media/MediaPlayerEditor/MediaPlayerEditor.uplugin
LogPluginManager: Loaded Plugin WmfMedia, From C:/Program Files (x86)/Epic Games/4.14/Engine/Plugins/Media/WmfMedia/WmfMedia.uplugin
LogPluginManager: Loaded Plugin MessagingDebugger, From C:/Program Files (x86)/Epic Games/4.14/Engine/Plugins/Messaging/MessagingDebugger/MessagingDebugger.uplugin
LogPluginManager: Loaded Plugin TcpMessaging, From C:/Program Files (x86)/Epic Games/4.14/Engine/Plugins/Messaging/TcpMessaging/TcpMessaging.uplugin
LogPluginManager: Loaded Plugin UdpMessaging, From C:/Program Files (x86)/Epic Games/4.14/Engine/Plugins/Messaging/UdpMessaging/UdpMessaging.uplugin
LogPluginManager: Loaded Plugin LevelSequenceEditor, From C:/Program Files (x86)/Epic Games/4.14/Engine/Plugins/MovieScene/LevelSequenceEditor/LevelSequenceEditor.uplugin
LogPluginManager: Loaded Plugin MatineeToLevelSequence, From C:/Program Files (x86)/Epic Games/4.14/Engine/Plugins/MovieScene/MatineeToLevelSequence/MatineeToLevelSequence.uplugin
LogPluginManager: Loaded Plugin NetcodeUnitTest, From C:/Program Files (x86)/Epic Games/4.14/Engine/Plugins/NetcodeUnitTest/NetcodeUnitTest/NetcodeUnitTest.uplugin
LogPluginManager: Loaded Plugin NUTUnrealEngine4, From C:/Program Files (x86)/Epic Games/4.14/Engine/Plugins/NetcodeUnitTest/NUTUnrealEngine4/NUTUnrealEngine4.uplugin
LogPluginManager: Loaded Plugin OnlineSubsystemGameCircle, From C:/Program Files (x86)/Epic Games/4.14/Engine/Plugins/Online/Android/OnlineSubsystemGameCircle/OnlineSubsystemGameCircle.uplugin
LogPluginManager: Loaded Plugin OnlineSubsystemGooglePlay, From C:/Program Files (x86)/Epic Games/4.14/Engine/Plugins/Online/Android/OnlineSubsystemGooglePlay/OnlineSubsystemGooglePlay.uplugin
LogPluginManager: Loaded Plugin OnlineSubsystemIOS, From C:/Program Files (x86)/Epic Games/4.14/Engine/Plugins/Online/IOS/OnlineSubsystemIOS/OnlineSubsystemIOS.uplugin
LogPluginManager: Loaded Plugin OnlineFramework, From C:/Program Files (x86)/Epic Games/4.14/Engine/Plugins/Online/OnlineFramework/OnlineFramework.uplugin
LogPluginManager: Loaded Plugin OnlineSubsystem, From C:/Program Files (x86)/Epic Games/4.14/Engine/Plugins/Online/OnlineSubsystem/OnlineSubsystem.uplugin
LogPluginManager: Loaded Plugin OnlineSubsystemAmazon, From C:/Program Files (x86)/Epic Games/4.14/Engine/Plugins/Online/OnlineSubsystemAmazon/OnlineSubsystemAmazon.uplugin
LogPluginManager: Loaded Plugin OnlineSubsystemFacebook, From C:/Program Files (x86)/Epic Games/4.14/Engine/Plugins/Online/OnlineSubsystemFacebook/OnlineSubsystemFacebook.uplugin
LogPluginManager: Loaded Plugin OnlineSubsystemNull, From C:/Program Files (x86)/Epic Games/4.14/Engine/Plugins/Online/OnlineSubsystemNull/OnlineSubsystemNull.uplugin
LogPluginManager: Loaded Plugin OnlineSubsystemOculus, From C:/Program Files (x86)/Epic Games/4.14/Engine/Plugins/Online/OnlineSubsystemOculus/OnlineSubsystemOculus.uplugin
LogPluginManager: Loaded Plugin OnlineSubsystemSteam, From C:/Program Files (x86)/Epic Games/4.14/Engine/Plugins/Online/OnlineSubsystemSteam/OnlineSubsystemSteam.uplugin
LogPluginManager: Loaded Plugin OnlineSubsystemUtils, From C:/Program Files (x86)/Epic Games/4.14/Engine/Plugins/Online/OnlineSubsystemUtils/OnlineSubsystemUtils.uplugin
LogPluginManager: Loaded Plugin IOSTapJoy, From C:/Program Files (x86)/Epic Games/4.14/Engine/Plugins/Runtime/Advertising/IOSTapJoy/IOSTapJoy.uplugin
LogPluginManager: Loaded Plugin AnalyticsBlueprintLibrary, From C:/Program Files (x86)/Epic Games/4.14/Engine/Plugins/Runtime/Analytics/AnalyticsBlueprintLibrary/AnalyticsBlueprintLibrary.uplugin
LogPluginManager: Loaded Plugin AnalyticsMulticast, From C:/Program Files (x86)/Epic Games/4.14/Engine/Plugins/Runtime/Analytics/AnalyticsMulticast/AnalyticsMulticast.uplugin
LogPluginManager: Loaded Plugin Apsalar, From C:/Program Files (x86)/Epic Games/4.14/Engine/Plugins/Runtime/Analytics/Apsalar/Apsalar.uplugin
LogPluginManager: Loaded Plugin FileLogging, From C:/Program Files (x86)/Epic Games/4.14/Engine/Plugins/Runtime/Analytics/FileLogging/FileLogging.uplugin
LogPluginManager: Loaded Plugin Flurry, From C:/Program Files (x86)/Epic Games/4.14/Engine/Plugins/Runtime/Analytics/Flurry/Flurry.uplugin
LogPluginManager: Loaded Plugin AndroidDeviceProfileSelector, From C:/Program Files (x86)/Epic Games/4.14/Engine/Plugins/Runtime/AndroidDeviceProfileSelector/AndroidDeviceProfileSelector.uplugin
LogPluginManager: Loaded Plugin AndroidMoviePlayer, From C:/Program Files (x86)/Epic Games/4.14/Engine/Plugins/Runtime/AndroidMoviePlayer/AndroidMoviePlayer.uplugin
LogPluginManager: Loaded Plugin AppleMoviePlayer, From C:/Program Files (x86)/Epic Games/4.14/Engine/Plugins/Runtime/AppleMoviePlayer/AppleMoviePlayer.uplugin
LogPluginManager: Loaded Plugin ArchVisCharacter, From C:/Program Files (x86)/Epic Games/4.14/Engine/Plugins/Runtime/ArchVisCharacter/ArchVisCharacter.uplugin
LogPluginManager: Loaded Plugin CableComponent, From C:/Program Files (x86)/Epic Games/4.14/Engine/Plugins/Runtime/CableComponent/CableComponent.uplugin
LogPluginManager: Loaded Plugin CustomMeshComponent, From C:/Program Files (x86)/Epic Games/4.14/Engine/Plugins/Runtime/CustomMeshComponent/CustomMeshComponent.uplugin
LogPluginManager: Loaded Plugin ExampleDeviceProfileSelector, From C:/Program Files (x86)/Epic Games/4.14/Engine/Plugins/Runtime/ExampleDeviceProfileSelector/ExampleDeviceProfileSelector.uplugin
LogPluginManager: Loaded Plugin GearVR, From C:/Program Files (x86)/Epic Games/4.14/Engine/Plugins/Runtime/GearVR/GearVR.uplugin
LogPluginManager: Loaded Plugin GoogleVRController, From C:/Program Files (x86)/Epic Games/4.14/Engine/Plugins/Runtime/GoogleVR/GoogleVRController/GoogleVRController.uplugin
LogPluginManager: Loaded Plugin GoogleVRHMD, From C:/Program Files (x86)/Epic Games/4.14/Engine/Plugins/Runtime/GoogleVR/GoogleVRHMD/GoogleVRHMD.uplugin
LogPluginManager: Loaded Plugin IOSDeviceProfileSelector, From C:/Program Files (x86)/Epic Games/4.14/Engine/Plugins/Runtime/IOSDeviceProfileSelector/IOSDeviceProfileSelector.uplugin
LogPluginManager: Loaded Plugin LeapMotion, From C:/Program Files (x86)/Epic Games/4.14/Engine/Plugins/Runtime/LeapMotion/LeapMotion.uplugin
LogPluginManager: Loaded Plugin LinuxDeviceProfileSelector, From C:/Program Files (x86)/Epic Games/4.14/Engine/Plugins/Runtime/LinuxDeviceProfileSelector/LinuxDeviceProfileSelector.uplugin
LogPluginManager: Loaded Plugin MIDIDevice, From C:/Program Files (x86)/Epic Games/4.14/Engine/Plugins/Runtime/MIDIDevice/MIDIDevice.uplugin
LogPluginManager: Loaded Plugin MobilePatchingUtils, From C:/Program Files (x86)/Epic Games/4.14/Engine/Plugins/Runtime/MobilePatchingUtils/MobilePatchingUtils.uplugin
LogPluginManager: Loaded Plugin Ansel, From C:/Program Files (x86)/Epic Games/4.14/Engine/Plugins/Runtime/Nvidia/Ansel/Ansel.uplugin
LogPluginManager: Loaded Plugin OculusAudio, From C:/Program Files (x86)/Epic Games/4.14/Engine/Plugins/Runtime/OculusAudio/OculusAudio.uplugin
LogPluginManager: Loaded Plugin OculusInput, From C:/Program Files (x86)/Epic Games/4.14/Engine/Plugins/Runtime/OculusInput/OculusInput.uplugin
LogPluginManager: Loaded Plugin OculusLibrary, From C:/Program Files (x86)/Epic Games/4.14/Engine/Plugins/Runtime/OculusLibrary/OculusLibrary.uplugin
LogPluginManager: Loaded Plugin OculusRift, From C:/Program Files (x86)/Epic Games/4.14/Engine/Plugins/Runtime/OculusRift/OculusRift.uplugin
LogPluginManager: Loaded Plugin Oodle, From C:/Program Files (x86)/Epic Games/4.14/Engine/Plugins/Runtime/PacketHandlers/CompressionComponents/Oodle/Oodle.uplugin
LogPluginManager: Loaded Plugin ProceduralMeshComponent, From C:/Program Files (x86)/Epic Games/4.14/Engine/Plugins/Runtime/ProceduralMeshComponent/ProceduralMeshComponent.uplugin
LogPluginManager: Loaded Plugin SoundMod, From C:/Program Files (x86)/Epic Games/4.14/Engine/Plugins/Runtime/SoundMod/SoundMod.uplugin
LogPluginManager: Loaded Plugin SoundVisualizations, From C:/Program Files (x86)/Epic Games/4.14/Engine/Plugins/Runtime/SoundVisualizations/SoundVisualizations.uplugin
LogPluginManager: Loaded Plugin SteamController, From C:/Program Files (x86)/Epic Games/4.14/Engine/Plugins/Runtime/Steam/SteamController/SteamController.uplugin
LogPluginManager: Loaded Plugin SteamVR, From C:/Program Files (x86)/Epic Games/4.14/Engine/Plugins/Runtime/Steam/SteamVR/SteamVR.uplugin
LogPluginManager: Loaded Plugin WebBrowserWidget, From C:/Program Files (x86)/Epic Games/4.14/Engine/Plugins/Runtime/WebBrowserWidget/WebBrowserWidget.uplugin
LogPluginManager: Loaded Plugin WindowsDeviceProfileSelector, From C:/Program Files (x86)/Epic Games/4.14/Engine/Plugins/Runtime/WindowsDeviceProfileSelector/WindowsDeviceProfileSelector.uplugin
LogPluginManager: Loaded Plugin WindowsMoviePlayer, From C:/Program Files (x86)/Epic Games/4.14/Engine/Plugins/Runtime/WindowsMoviePlayer/WindowsMoviePlayer.uplugin
LogPluginManager: Loaded Plugin ScriptPlugin, From C:/Program Files (x86)/Epic Games/4.14/Engine/Plugins/ScriptPlugin/ScriptPlugin.uplugin
LogPluginManager: Loaded Plugin SlateRemote, From C:/Program Files (x86)/Epic Games/4.14/Engine/Plugins/Slate/SlateRemote/SlateRemote.uplugin
LogPluginManager: Loaded Plugin EditorTests, From C:/Program Files (x86)/Epic Games/4.14/Engine/Plugins/Tests/EditorTests/EditorTests.uplugin
LogPluginManager: Loaded Plugin FbxAutomationTestBuilder, From C:/Program Files (x86)/Epic Games/4.14/Engine/Plugins/Tests/FbxAutomationTestBuilder/FbxAutomationTestBuilder.uplugin
LogPluginManager: Loaded Plugin FunctionalTestingEditor, From C:/Program Files (x86)/Epic Games/4.14/Engine/Plugins/Tests/FunctionalTestingEditor/FunctionalTestingEditor.uplugin
LogPluginManager: Loaded Plugin RuntimeTests, From C:/Program Files (x86)/Epic Games/4.14/Engine/Plugins/Tests/RuntimeTests/RuntimeTests.uplugin
LogPluginManager: Loaded Plugin ScreenshotTools, From C:/Program Files (x86)/Epic Games/4.14/Engine/Plugins/Tests/ScreenshotTools/ScreenshotTools.uplugin
LogInit: Using libcurl 7.47.1
LogInit:  - built for x86_64-pc-win32
LogInit:  - supports SSL with OpenSSL/1.0.2g
LogInit:  - supports HTTP deflate (compression) using libz 1.2.8
LogInit:  - other features:
LogInit:      CURL_VERSION_SSL
LogInit:      CURL_VERSION_LIBZ
LogInit:      CURL_VERSION_IPV6
LogInit:      CURL_VERSION_ASYNCHDNS
LogInit:      CURL_VERSION_LARGEFILE
LogInit:      CURL_VERSION_IDN
LogInit:  CurlRequestOptions (configurable via config and command line):
LogInit:  - bVerifyPeer = false  - Libcurl will NOT verify peer certificate
LogInit:  - bUseHttpProxy = false  - Libcurl will NOT use HTTP proxy
LogInit:  - bDontReuseConnections = false  - Libcurl will reuse connections
LogInit:  - CertBundlePath = nullptr  - Libcurl will use whatever was configured at build time.
LogInit: Build: ++UE4+Release-4.14-CL-3249277
LogInit: Engine Version: 4.14.3-3249277+++UE4+Release-4.14
LogInit: Compatible Engine Version: 4.14.0-3195953+++UE4+Release-4.14
LogInit: Net CL: 3195953
LogDevObjectVersion: Number of dev versions registered: 13
LogDevObjectVersion:   Dev-Blueprints (B0D832E4-1F89-4F0D-ACCF-7EB736FD4AA2): 7
LogDevObjectVersion:   Dev-Build (E1C64328-A22C-4D53-A36C-8E866417BD8C): 0
LogDevObjectVersion:   Dev-Core (375EC13C-06E4-48FB-B500-84F0262A717E): 1
LogDevObjectVersion:   Dev-Editor (E4B068ED-F494-42E9-A231-DA0B2E46BB41): 8
LogDevObjectVersion:   Dev-Framework (CFFC743F-43B0-4480-9391-14DF171D2073): 17
LogDevObjectVersion:   Dev-Mobile (B02B49B5-BB20-44E9-A304-32B752E40360): 0
LogDevObjectVersion:   Dev-Networking (A4E4105C-59A1-49B5-A7C5-40C4547EDFEE): 0
LogDevObjectVersion:   Dev-Online (39C831C9-5AE6-47DC-9A44-9C173E1C8E7C): 0
LogDevObjectVersion:   Dev-Physics (78F01B33-EBEA-4F98-B9B4-84EACCB95AA2): 0
LogDevObjectVersion:   Dev-Platform (6631380F-2D4D-43E0-8009-CF276956A95A): 0
LogDevObjectVersion:   Dev-Rendering (12F88B9F-8875-4AFC-A67C-D90C383ABD29): 12
LogDevObjectVersion:   Dev-Sequencer (7B5AE74C-D270-4C10-A958-57980B212A5A): 1
LogDevObjectVersion:   Dev-VR (D7296918-1DD6-4BDD-9DE2-64A83CC13884): 0
LogInit: Compiled (64-bit): Jan  6 2017 10:49:43
LogInit: Compiled with Visual C++: 19.00.23026.00
LogInit: Build Configuration: Development
LogInit: Branch Name: ++UE4+Release-4.14
LogInit: Command line: 
LogInit: Base directory: C:/Program Files (x86)/Epic Games/4.14/Engine/Binaries/Win64/
LogInit: Installed Engine Build: 1
LogInit: Presizing for max 8388607 objects, including 0 objects not considered by GC, pre-allocating 0 bytes for permanent pool.
LogInit: Object subsystem initialized
[2017.01.22-04.56.49:046][  0]LogInit: Selected Device Profile: [Windows]
[2017.01.22-04.56.49:046][  0]LogInit: Applying CVar settings loaded from the selected device profile: [Windows]
[2017.01.22-04.56.49:056][  0]LogInit: Computer: DESKTOP-O5D804S
[2017.01.22-04.56.49:056][  0]LogInit: User: ChrisDArcy
[2017.01.22-04.56.49:056][  0]LogInit: CPU Page size=65536, Cores=4
[2017.01.22-04.56.49:056][  0]LogInit: High frequency timer resolution =3.234370 MHz
[2017.01.22-04.56.49:057][  0]LogMemory: Memory total: Physical=16.0GB (16GB approx)
[2017.01.22-04.56.49:057][  0]LogMemory: Platform Memory Stats for Windows
[2017.01.22-04.56.49:057][  0]LogMemory: Process Physical Memory: 264.52 MB used, 264.52 MB peak
[2017.01.22-04.56.49:057][  0]LogMemory: Process Virtual Memory: 262.59 MB used, 262.59 MB peak
[2017.01.22-04.56.49:057][  0]LogMemory: Physical Memory: 7722.86 MB used,  8624.23 MB free, 16347.09 MB total
[2017.01.22-04.56.49:057][  0]LogMemory: Virtual Memory: 675.54 MB used,  8624.23 MB free, 134217728.00 MB total
[2017.01.22-04.56.49:078][  0]LogTextLocalizationManager: No specific translations for ('en-GB') exist, so ('en') translations will be used.
[2017.01.22-04.56.49:685][  0]LogD3D11RHI: D3D11 adapters:
[2017.01.22-04.56.49:705][  0]LogD3D11RHI:    0. 'NVIDIA GeForce GTX 1060 3GB' (Feature Level 11_0)
[2017.01.22-04.56.49:705][  0]LogD3D11RHI:       3035/0/8173 MB DedicatedVideo/DedicatedSystem/SharedSystem, Outputs:2, VendorId:0x10de
[2017.01.22-04.56.49:706][  0]LogD3D11RHI:    1. 'Microsoft Basic Render Driver' (Feature Level 11_0)
[2017.01.22-04.56.49:706][  0]LogD3D11RHI:       0/0/8173 MB DedicatedVideo/DedicatedSystem/SharedSystem, Outputs:0, VendorId:0x1414
[2017.01.22-04.56.49:706][  0]LogD3D11RHI: Chosen D3D11 Adapter: 0
[2017.01.22-04.56.49:710][  0]LogD3D11RHI: Creating new Direct3DDevice
[2017.01.22-04.56.49:710][  0]LogD3D11RHI:     GPU DeviceId: 0x1c02 (for the marketing name, search the web for "GPU Device Id")
[2017.01.22-04.56.49:710][  0]LogWindows: EnumDisplayDevices:
[2017.01.22-04.56.49:710][  0]LogWindows:    0. 'NVIDIA GeForce GTX 1060 3GB' (P:1 D:1)
[2017.01.22-04.56.49:710][  0]LogWindows:    1. 'NVIDIA GeForce GTX 1060 3GB' (P:0 D:1)
[2017.01.22-04.56.49:711][  0]LogWindows:    2. 'NVIDIA GeForce GTX 1060 3GB' (P:0 D:0)
[2017.01.22-04.56.49:711][  0]LogWindows:    3. 'NVIDIA GeForce GTX 1060 3GB' (P:0 D:0)
[2017.01.22-04.56.49:711][  0]LogWindows: DebugString: FoundDriverCount:4 
[2017.01.22-04.56.49:711][  0]LogD3D11RHI:     Adapter Name: NVIDIA GeForce GTX 1060 3GB
[2017.01.22-04.56.49:711][  0]LogD3D11RHI:   Driver Version: 372.90 (internal:21.21.13.7290, unified:372.90)
[2017.01.22-04.56.49:711][  0]LogD3D11RHI:      Driver Date: 9-16-2016
[2017.01.22-04.56.49:711][  0]LogRHI: Texture pool is 1361 MB (70% of 1945 MB)
[2017.01.22-04.56.49:722][  0]LogD3D11RHI: Async texture creation enabled
[2017.01.22-04.56.49:731][  0]LogD3D11RHI: GPU Timing Frequency: 1000.000000 (Debug: 2 1)
[2017.01.22-04.56.49:732][  0]LogShaderCompilers: Guid format shader working directory is -29 characters bigger than the processId version (../../../../../../Users/Chris D'Arcy/Desktop/VistaReachRepo/Drive-Thru/Drive_Thru/Intermediate/Shaders/WorkingDirectory/11600/).
[2017.01.22-04.56.49:732][  0]LogShaderCompilers: Cleaned the shader compiler working directory 'C:/Users/Chris D'Arcy/AppData/Local/Temp/UnrealShaderWorkingDir/CE28340F476606A5F1FC6685B3C81F02/'.
[2017.01.22-04.56.49:732][  0]LogShaderCompilers:Display: Using Local Shader Compiler.
[2017.01.22-04.56.50:644][  0]LogTemp:Display: Loaded TP AllDesktopTargetPlatform
[2017.01.22-04.56.50:693][  0]LogTemp:Display: Loaded TP MacClientTargetPlatform
[2017.01.22-04.56.50:741][  0]LogTemp:Display: Loaded TP MacNoEditorTargetPlatform
[2017.01.22-04.56.50:790][  0]LogTemp:Display: Loaded TP MacServerTargetPlatform
[2017.01.22-04.56.50:850][  0]LogTemp:Display: Loaded TP MacTargetPlatform
[2017.01.22-04.56.50:901][  0]LogTemp:Display: Loaded TP WindowsClientTargetPlatform
[2017.01.22-04.56.50:952][  0]LogTemp:Display: Loaded TP WindowsNoEditorTargetPlatform
[2017.01.22-04.56.51:002][  0]LogTemp:Display: Loaded TP WindowsServerTargetPlatform
[2017.01.22-04.56.51:042][  0]LogTemp:Display: Loaded TP WindowsTargetPlatform
[2017.01.22-04.56.51:103][  0]LogTemp:Display: Loaded TP AndroidTargetPlatform
[2017.01.22-04.56.51:149][  0]LogTemp:Display: Loaded TP Android_ASTCTargetPlatform
[2017.01.22-04.56.51:198][  0]LogTemp:Display: Loaded TP Android_ATCTargetPlatform
[2017.01.22-04.56.51:245][  0]LogTemp:Display: Loaded TP Android_DXTTargetPlatform
[2017.01.22-04.56.51:295][  0]LogTemp:Display: Loaded TP Android_ETC1TargetPlatform
[2017.01.22-04.56.51:344][  0]LogTemp:Display: Loaded TP Android_ETC2TargetPlatform
[2017.01.22-04.56.51:442][  0]LogTemp:Display: Loaded TP Android_MultiTargetPlatform
[2017.01.22-04.56.51:442][  0]LogTemp:Display: Loaded TP Android_PVRTCTargetPlatform
[2017.01.22-04.56.51:478][  0]LogTemp:Display: Loaded TP HTML5TargetPlatform
[2017.01.22-04.56.51:569][  0]LogTemp:Display: Loaded TP IOSTargetPlatform
[2017.01.22-04.56.51:600][  0]LogTemp:Display: Loaded TP TVOSTargetPlatform
[2017.01.22-04.56.51:644][  0]LogTemp:Display: Loaded TP LinuxClientTargetPlatform
[2017.01.22-04.56.51:691][  0]LogTemp:Display: Loaded TP LinuxNoEditorTargetPlatform
[2017.01.22-04.56.51:739][  0]LogTemp:Display: Loaded TP LinuxServerTargetPlatform
[2017.01.22-04.56.51:789][  0]LogTemp:Display: Loaded TP LinuxTargetPlatform
[2017.01.22-04.56.51:789][  0]LogTargetPlatformManager:Display: Building Assets For Windows
[2017.01.22-04.56.52:145][  0]LogDerivedDataCache:Display: Max Cache Size: 512 MB
[2017.01.22-04.56.52:360][  0]LogDerivedDataCache: Loaded boot cache 0.21s 54MB C:/Users/Chris D'Arcy/AppData/Local/UnrealEngine/4.14/DerivedDataCache/Boot.ddc.
[2017.01.22-04.56.52:360][  0]LogDerivedDataCache:Display: Loaded Boot cache: C:/Users/Chris D'Arcy/AppData/Local/UnrealEngine/4.14/DerivedDataCache/Boot.ddc
[2017.01.22-04.56.52:360][  0]LogDerivedDataCache: FDerivedDataBackendGraph:  Pak pak cache file ../../../../../../Users/Chris D'Arcy/Desktop/VistaReachRepo/Drive-Thru/Drive_Thru/DerivedDataCache/DDC.ddp not found, will not use a pak cache.
[2017.01.22-04.56.52:360][  0]LogDerivedDataCache: Unable to find inner node Pak for hierarchical cache Hierarchy.
[2017.01.22-04.56.52:360][  0]LogDerivedDataCache: FDerivedDataBackendGraph:  CompressedPak pak cache file ../../../../../../Users/Chris D'Arcy/Desktop/VistaReachRepo/Drive-Thru/Drive_Thru/DerivedDataCache/Compressed.ddp not found, will not use a pak cache.
[2017.01.22-04.56.52:360][  0]LogDerivedDataCache: Unable to find inner node CompressedPak for hierarchical cache Hierarchy.
[2017.01.22-04.56.52:376][  0]LogDerivedDataCache:Display: Pak cache opened for reading ../../../Engine/DerivedDataCache/Compressed.ddp.
[2017.01.22-04.56.52:388][  0]LogDerivedDataCache: Using Local data cache path C:/Users/Chris D'Arcy/AppData/Local/UnrealEngine/Common/DerivedDataCache: Writable
[2017.01.22-04.56.52:591][  0]LogInit: Selected Device Profile: [Windows]
[2017.01.22-04.56.52:594][  0]LogContentStreaming: Texture pool size is 0.00 MB
[2017.01.22-04.56.52:775][  0]LogMeshUtilities: Using QuadricMeshReduction for automatic static mesh reduction
[2017.01.22-04.56.52:812][  0]LogSimplygon: Simplygon DLL not present - disabling.
[2017.01.22-04.56.52:854][  0]LogMeshUtilities: Using SimplygonSwarm for distributed automatic mesh merging
[2017.01.22-04.56.52:854][  0]LogMeshUtilities: No automatic skeletal mesh reduction module available
[2017.01.22-04.56.52:854][  0]LogMeshUtilities: No automatic mesh merging module available
[2017.01.22-04.56.53:363][  0]LogNetVersion: GetLocalNetworkVersion: CL: 3195953, ProjectName: drive_thru, ProjectVersion: , EngineNetworkVersion: 2, GameNetworkVersion: 0, NetworkChecksum: 3324528129
[2017.01.22-04.56.53:417][  0]LogAssetRegistry: FAssetRegistry took 0.0225 seconds to start up
[2017.01.22-04.56.53:463][  0]LogPackageLocalizationCache: Processed 3 localized package path(s) for 2 prioritized culture(s) in 0.025965 seconds
[2017.01.22-04.56.53:468][  0]LogUObjectArray: 31946 objects as part of root set at end of initial load.
[2017.01.22-04.56.53:468][  0]LogUObjectAllocator: 6935848 out of 0 bytes used by permanent object pool.
[2017.01.22-04.56.53:468][  0]LogUObjectArray: CloseDisregardForGC: 0/0 objects in disregard for GC pool
[2017.01.22-04.56.53:518][  0]LogInit: WinSock: version 1.1 (2.2), MaxSocks=32767, MaxUdp=65467
[2017.01.22-04.56.54:320][  0]LogSlate: Using Freetype 2.6.0
[2017.01.22-04.56.54:333][  0]LogSlate: SlateFontCache - WITH_FREETYPE: 1, WITH_HARFBUZZ: 1
[2017.01.22-04.56.54:333][  0]LogSlate: SlateFontCache - WITH_FREETYPE: 1, WITH_HARFBUZZ: 1
[2017.01.22-04.57.11:585][  0]LogTcpMessaging: Initializing TcpMessaging bridge
[2017.01.22-04.57.11:620][  0]LogUdpMessaging: Initializing bridge on interface 0.0.0.0:0 to multicast group 230.0.0.1:6666.
[2017.01.22-04.57.12:059][  0]LogMaterial: Uniform references updated for custom material expression Custom.
[2017.01.22-04.57.12:420][  0]SourceControl: Info Source control is disabled
[2017.01.22-04.57.12:454][  0]SourceControl: Info Source control is disabled
[2017.01.22-04.57.12:495][  0]SourceControl: Info Source control is disabled
[2017.01.22-04.57.12:538][  0]SourceControl: Info Source control is disabled
[2017.01.22-04.57.13:827][  0]LogEngine: Initializing Engine...
[2017.01.22-04.57.13:828][  0]LogHMD: Failed to initialize OpenVR with code 110
[2017.01.22-04.57.14:043][  0]LogAIModule: Creating AISystem for world Untitled
[2017.01.22-04.57.14:059][  0]LogInit: XAudio2 using 'Speakers 01 (ASIOVAD Driver)' : 2 channels at 48 kHz using 24 bits per sample (channel mask 0x3)
[2017.01.22-04.57.14:067][  0]LogInit: FAudioDevice initialized.
[2017.01.22-04.57.14:090][  0]LogDerivedDataCache: Saved boot cache 0.02s 54MB C:/Users/Chris D'Arcy/AppData/Local/UnrealEngine/4.14/DerivedDataCache/Boot.ddc.
[2017.01.22-04.57.14:097][  0]LogInit: Texture streaming: Enabled
[2017.01.22-04.57.14:266][  0]LogInit: Transaction tracking system initialized
[2017.01.22-04.57.14:581][  0]BlueprintLog: New page: Editor Load
[2017.01.22-04.57.15:400][  0]LocalizationService: Info Localization service is disabled
[2017.01.22-04.57.16:041][  0]LogConsoleResponse:Display: 
[2017.01.22-04.57.16:336][  0]LogCook:Display: Max memory allowance for cook 16384mb min free memory 0mb
[2017.01.22-04.57.16:336][  0]LogCook:Display: Mobile HDR setting 1
[2017.01.22-04.57.17:358][  0]LogFileCache: Scanning file cache for directory 'C:/Users/Chris D'Arcy/Desktop/VistaReachRepo/Drive-Thru/Drive_Thru/Content/' took 0.03s
[2017.01.22-04.57.17:409][  0]SourceControl: Info Source control is disabled
[2017.01.22-04.57.17:409][  0]Cmd: MAP LOAD FILE="../../../../../../Users/Chris D'Arcy/Desktop/VistaReachRepo/Drive-Thru/Drive_Thru/Content/Maps/Gamelevel.umap" TEMPLATE=0 SHOWPROGRESS=1 FEATURELEVEL=3
[2017.01.22-04.57.17:410][  0]LightingResults: New page: Lighting Build
[2017.01.22-04.57.17:448][  0]MapCheck: New page: Map Check
[2017.01.22-04.57.17:448][  0]LightingResults: New page: Lighting Build
[2017.01.22-04.57.17:682][  0]LogLinker:Warning: Can't find file '/Game/VehicleBP/Sedan/lambert2'
[2017.01.22-04.57.17:682][  0]LoadErrors: Info Failed to load /Game/VehicleBP/Sedan/SM_Car_Door_01.SM_Car_Door_01 Referenced by Car_Door_Left_GEN_VARIABLE
[2017.01.22-04.57.17:682][  0]LogLinker:Warning: Can't find file for asset '/Game/VehicleBP/Sedan/lambert2' while loading ../../../../../../Users/Chris D'Arcy/Desktop/VistaReachRepo/Drive-Thru/Drive_Thru/Content/VehicleBP/Sedan/SM_Car_Door_01.uasset.
[2017.01.22-04.57.17:683][  0]LoadErrors: Info Failed to load /Game/VehicleBP/Sedan/SM_Car_Door_01.SM_Car_Door_01 Referenced by Car_Door_Left_GEN_VARIABLE
[2017.01.22-04.57.17:683][  0]LoadErrors:Error: Error /Game/VehicleBP/Sedan/SM_Car_Door_01 : Can't find file for asset. /Game/VehicleBP/Sedan/lambert2
[2017.01.22-04.57.17:683][  0]LogLinker:Warning: Can't find file '/Game/VehicleBP/Sedan/lambert2'
[2017.01.22-04.57.17:683][  0]LoadErrors: Info Failed to load /Game/VehicleBP/Sedan/SM_Car_Door_01.SM_Car_Door_01 Referenced by Car_Door_Left_GEN_VARIABLE
[2017.01.22-04.57.17:683][  0]LogLinker:Warning: Can't find file for asset '/Game/VehicleBP/Sedan/lambert2' while loading ../../../../../../Users/Chris D'Arcy/Desktop/VistaReachRepo/Drive-Thru/Drive_Thru/Content/VehicleBP/Sedan/SM_Car_Door_01.uasset.
[2017.01.22-04.57.17:683][  0]LoadErrors: Info Failed to load /Game/VehicleBP/Sedan/SM_Car_Door_01.SM_Car_Door_01 Referenced by Car_Door_Left_GEN_VARIABLE
[2017.01.22-04.57.17:683][  0]LoadErrors:Error: Error /Game/VehicleBP/Sedan/SM_Car_Door_01 : Can't find file for asset. /Game/VehicleBP/Sedan/lambert2
[2017.01.22-04.57.17:684][  0]LogLinker:Warning: Can't find file '/Game/VehicleBP/Sedan/lambert2'
[2017.01.22-04.57.17:684][  0]LoadErrors: Info Failed to load /Game/VehicleBP/Sedan/SM_Glove_Box_Door_01.SM_Glove_Box_Door_01 Referenced by Glove_Box_Door_GEN_VARIABLE
[2017.01.22-04.57.17:684][  0]LogLinker:Warning: Can't find file for asset '/Game/VehicleBP/Sedan/lambert2' while loading ../../../../../../Users/Chris D'Arcy/Desktop/VistaReachRepo/Drive-Thru/Drive_Thru/Content/VehicleBP/Sedan/SM_Glove_Box_Door_01.uasset.
[2017.01.22-04.57.17:684][  0]LoadErrors: Info Failed to load /Game/VehicleBP/Sedan/SM_Glove_Box_Door_01.SM_Glove_Box_Door_01 Referenced by Glove_Box_Door_GEN_VARIABLE
[2017.01.22-04.57.17:684][  0]LoadErrors:Error: Error /Game/VehicleBP/Sedan/SM_Glove_Box_Door_01 : Can't find file for asset. /Game/VehicleBP/Sedan/lambert2
[2017.01.22-04.57.17:684][  0]LogLinker:Warning: Can't find file '/Game/VehicleBP/Sedan/lambert2'
[2017.01.22-04.57.17:684][  0]LoadErrors: Info Failed to load /Game/VehicleBP/Sedan/SM_Glove_Box_Door_01.SM_Glove_Box_Door_01 Referenced by Glove_Box_Door_GEN_VARIABLE
[2017.01.22-04.57.17:684][  0]LogLinker:Warning: Can't find file for asset '/Game/VehicleBP/Sedan/lambert2' while loading ../../../../../../Users/Chris D'Arcy/Desktop/VistaReachRepo/Drive-Thru/Drive_Thru/Content/VehicleBP/Sedan/SM_Glove_Box_Door_01.uasset.
[2017.01.22-04.57.17:684][  0]LoadErrors: Info Failed to load /Game/VehicleBP/Sedan/SM_Glove_Box_Door_01.SM_Glove_Box_Door_01 Referenced by Glove_Box_Door_GEN_VARIABLE
[2017.01.22-04.57.17:684][  0]LoadErrors:Error: Error /Game/VehicleBP/Sedan/SM_Glove_Box_Door_01 : Can't find file for asset. /Game/VehicleBP/Sedan/lambert2
[2017.01.22-04.57.18:010][  0]LogLinker:Warning: Can't find file '/Game/VehicleBP/Sedan/lambert2'
[2017.01.22-04.57.18:010][  0]LoadErrors: Info Failed to load /Game/VehicleBP/Sedan/lambert2.lambert2 Referenced by SM_Glove_Box_Door_01
[2017.01.22-04.57.18:010][  0]LogLinker:Warning: Can't find file for asset '/Game/VehicleBP/Sedan/lambert2' while loading NULL.
[2017.01.22-04.57.18:010][  0]LoadErrors: Info Failed to load /Game/VehicleBP/Sedan/lambert2.lambert2 Referenced by SM_Glove_Box_Door_01
[2017.01.22-04.57.18:011][  0]LogLinker:Warning: Can't find file '/Game/VehicleBP/Sedan/lambert2'
[2017.01.22-04.57.18:011][  0]LoadErrors: Info Failed to load /Game/VehicleBP/Sedan/lambert2.lambert2 Referenced by SM_Car_Door_01
[2017.01.22-04.57.18:011][  0]LogLinker:Warning: Can't find file for asset '/Game/VehicleBP/Sedan/lambert2' while loading NULL.
[2017.01.22-04.57.18:011][  0]LoadErrors: Info Failed to load /Game/VehicleBP/Sedan/lambert2.lambert2 Referenced by SM_Car_Door_01
[2017.01.22-04.57.18:033][  0]LogSpawn:Warning: UWorld::DestroyActor: World has no context! World: Gamelevel, Actor: /Game/Maps/Gamelevel.Gamelevel:PersistentLevel.DESTROYED_PassengerSeat_C_CHILDACTOR_3
[2017.01.22-04.57.18:035][  0]LogMaterial: Missing cached shader map for material Neon_MAT, compiling. 
[2017.01.22-04.57.18:071][  0]LogMaterial: Missing cached shader map for material Neon_MAT, compiling. 
[2017.01.22-04.57.18:104][  0]LogTexture:Display: Building textures: Texture2D_0 (BGRA8)
[2017.01.22-04.57.18:113][  0]LogStaticMesh: Building static mesh 1F_H_LW...
[2017.01.22-04.57.18:130][  0]LogStaticMesh: Built static mesh [0.02s] /Game/Geometry/1F_H_LW.1F_H_LW
[2017.01.22-04.57.18:130][  0]LogStaticMesh: Building static mesh 1F_H_NS...
[2017.01.22-04.57.18:139][  0]LogStaticMesh: Built static mesh [0.01s] /Game/Geometry/1F_H_NS.1F_H_NS
[2017.01.22-04.57.18:140][  0]LogStaticMesh: Building static mesh 1F_H_NW...
[2017.01.22-04.57.18:157][  0]LogStaticMesh: Built static mesh [0.02s] /Game/Geometry/1F_H_NW.1F_H_NW
[2017.01.22-04.57.18:157][  0]LogStaticMesh: Building static mesh 2F_F_NS...
[2017.01.22-04.57.18:174][  0]LogStaticMesh: Built static mesh [0.02s] /Game/Geometry/2F_F_NS.2F_F_NS
[2017.01.22-04.57.18:174][  0]LogStaticMesh: Building static mesh 2F_H...
[2017.01.22-04.57.18:207][  0]LogStaticMesh: Built static mesh [0.03s] /Game/Geometry/2F_H.2F_H
[2017.01.22-04.57.18:208][  0]LogStaticMesh: Building static mesh SM_Car_01...
[2017.01.22-04.57.18:212][  0]LogMeshUtilities: Invalid vertex normals found for mesh. Forcing recomputation of vertex normals for MikkTSpace. Fix mesh or disable "Use MikkTSpace Tangent Space" to avoid forced recomputation of normals.
[2017.01.22-04.57.18:321][  0]LogStaticMesh: Built static mesh [0.11s] /Game/VehicleBP/Sedan/SM_Car_01.SM_Car_01
[2017.01.22-04.57.18:418][  0]LogStaticMesh: Building static mesh SM_Wheel_01...
[2017.01.22-04.57.18:429][  0]LogStaticMesh: Built static mesh [0.01s] /Game/VehicleBP/Sedan/SM_Wheel_01.SM_Wheel_01
[2017.01.22-04.57.18:473][  0]LogTexture:Display: Building textures: RGB_Air_Con_01 (AutoDXT)
[2017.01.22-04.57.18:620][  0]LogMaterial: Missing cached shader map for material Car_MAT, compiling. 
[2017.01.22-04.57.18:637][  0]LogTexture:Display: Building textures: RGB_Computer_and_Radio_01 (AutoDXT)
[2017.01.22-04.57.18:790][  0]LogTexture:Display: Building textures: RGB_Keyboard_01 (AutoDXT)
[2017.01.22-04.57.18:910][  0]LogMaterial: Missing cached shader map for material lambert1, compiling. 
[2017.01.22-04.57.19:184][  0]LogTexture:Display: Building textures: RGB_Wheel_01 (AutoDXT)
[2017.01.22-04.57.19:486][  0]LogTexture:Display: Building textures: RGB_Panels_01 (AutoDXT)
[2017.01.22-04.57.19:611][  0]LogTexture:Display: Building textures: RGB_Dashboard_Body_01 (AutoDXT)
[2017.01.22-04.57.19:741][  0]LogMaterial: Missing cached shader map for material Target_MAT, compiling. 
[2017.01.22-04.57.19:791][  0]LogTexture:Display: Building textures: RGB_Brick_01 (AutoDXT)
[2017.01.22-04.57.19:966][  0]LogAIModule: Creating AISystem for world Gamelevel
[2017.01.22-04.57.20:168][  0]LogEditorServer: Finished looking for orphan Actors (0.000 secs)
[2017.01.22-04.57.20:171][  0]Cmd: MAP CHECKDEP NOCLEARLOG
[2017.01.22-04.57.20:216][  0]MapCheck: Info Map check complete: 0 Error(s), 0 Warning(s), took 45.1ms to complete.
[2017.01.22-04.57.20:216][  0]LogFileHelpers: Loading map 'Gamelevel' took 2.806
[2017.01.22-04.57.20:291][  0]LogWindowsTextInputMethodSystem:Display: IME system now deactivated.
[2017.01.22-04.57.20:418][  0]LogCollectionManager: Loaded 0 collections in 0.001681 seconds
[2017.01.22-04.57.20:501][  0]LogFileCache: Scanning file cache for directory 'C:/Users/Chris D'Arcy/Desktop/VistaReachRepo/Drive-Thru/Drive_Thru/Saved/Collections/' took 0.01s
[2017.01.22-04.57.20:501][  0]LogFileCache: Scanning file cache for directory 'C:/Users/Chris D'Arcy/Desktop/VistaReachRepo/Drive-Thru/Drive_Thru/Content/Developers/ChrisDArcy/Collections/' took 0.01s
[2017.01.22-04.57.20:501][  0]LogFileCache: Scanning file cache for directory 'C:/Users/Chris D'Arcy/Desktop/VistaReachRepo/Drive-Thru/Drive_Thru/Content/Collections/' took 0.01s
[2017.01.22-04.57.20:501][  0]LogCollectionManager: Rebuilt the GUID cache for 0 collections in 0.000002 seconds
[2017.01.22-04.57.20:511][  0]LogContentBrowser: Native class hierarchy populated in 0.0095 seconds. Added 2190 classes and 428 folders.
[2017.01.22-04.57.20:555][  0]LogStats: UGameplayTagsManager::ConstructGameplayTagTree: Construct from data asset -  0.000 s
[2017.01.22-04.57.20:555][  0]LogStats: UGameplayTagsManager::ConstructGameplayTagTree: GameplayTagTreeChangedEvent.Broadcast -  0.000 s
[2017.01.22-04.57.20:556][  0]LogContentBrowser: Native class hierarchy updated for 'GameplayTags' in 0.0004 seconds. Added 13 classes and 0 folders.
[2017.01.22-04.57.20:622][  0]LogContentBrowser: Native class hierarchy updated for 'WidgetCarousel' in 0.0004 seconds. Added 0 classes and 0 folders.
[2017.01.22-04.57.21:259][  0]LogContentBrowser: Native class hierarchy updated for 'AddContentDialog' in 0.0004 seconds. Added 0 classes and 0 folders.
[2017.01.22-04.57.21:302][  0]LogContentBrowser: Native class hierarchy updated for 'SceneOutliner' in 0.0004 seconds. Added 1 classes and 2 folders.
[2017.01.22-04.57.21:342][  0]LogCrashTracker: Crashtracker disabled due to settings.
[2017.01.22-04.57.21:347][  0]LogUObjectGlobals:Warning: Failed to find object 'Class None.'
[2017.01.22-04.57.21:415][  0]LogContentBrowser: Native class hierarchy updated for 'HierarchicalLODOutliner' in 0.0004 seconds. Added 1 classes and 2 folders.
[2017.01.22-04.57.21:415][  0]LogLoad: (Engine Initialization) Total time: 33.63 seconds
[2017.01.22-04.57.21:415][  0]LogLoad: (Engine Initialization) Total Blueprint compile time: 0.32 seconds
[2017.01.22-04.57.21:415][  0]LogExternalProfiler: Found external profiler: VSPerf
[2017.01.22-04.57.21:415][  0]LogExternalProfiler: Using external profiler: VSPerf
[2017.01.22-04.57.21:426][  0]LogOcInput: OculusInput pre-init called
[2017.01.22-04.57.21:441][  0]LogAssetRegistry: Asset discovery search completed in 28.0471 seconds
[2017.01.22-04.57.21:441][  0]LogCollectionManager: Rebuilt the object cache for 0 collections in 0.000000 seconds (found 0 objects)
[2017.01.22-04.57.21:441][  0]LogCollectionManager: Fixed up redirectors for 0 collections in 0.000028 seconds (updated 0 objects)
[2017.01.22-04.57.21:444][  0]LogContentStreaming: Texture pool size now 1000 MB
[2017.01.22-04.57.21:743][  0]LogRenderer: Reallocating scene render targets to support 1192x576 NumSamples 1 (Frame:2).
[2017.01.22-04.57.39:237][806]LogEditorViewport: Clicking on Actor (LMB): Sedan_C (Sedan)
[2017.01.22-04.58.36:402][503]LogContentBrowser: Native class hierarchy updated for 'BlueprintGraph' in 0.0008 seconds. Added 111 classes and 0 folders.
[2017.01.22-04.58.36:479][503]LogBlueprintSupport:Warning: Editor config [EditoronlyBP] settings are DEPRECATED. You're not explicitly setting any, but they've been defaulting to off. If you are relying on this functionality, then please fix it up so your Blueprints don't break in a future release.
[2017.01.22-04.59.41:608][186]LogBlueprint:Warning: [Sedan] 'FX_CAR_IDLE' variable not found. Base class was probably changed.
[2017.01.22-04.59.41:608][186]LogBlueprint:Warning: [Sedan] 'FX_CAR_REV' variable not found. Base class was probably changed.
[2017.01.22-04.59.41:608][186]LogBlueprint:Warning: [Sedan] 'FX_CAR_REV' variable not found. Base class was probably changed.
[2017.01.22-04.59.41:608][186]LogBlueprint:Warning: [Sedan] 'FX_CAR_SPLUTTER' variable not found. Base class was probably changed.
[2017.01.22-04.59.41:609][186]LogBlueprint:Warning: [Sedan] 'FX_CAR_SPLUTTER' variable not found. Base class was probably changed.
[2017.01.22-05.01.37:822][ 21]LogFactory: FactoryCreateFile: SoundWave with ReimportSoundFactory (0 0 ../../../../../../Users/Chris D'Arcy/Google Drive/Puny Astronaut/Game Jams/Tango and Smash/Audio/SFX/FX_CAR_IDLE.wav)
[2017.01.22-05.01.37:873][ 21]LogAudioDerivedData:Display: Building compressed audio format OGG wave FX_CAR_IDLE...
[2017.01.22-05.01.38:803][ 21]LogAudioDerivedData:Warning: Updated SoundWave->RawPCMDataSize during cooking SoundWave /Game/Audio/FX_CAR_IDLE.FX_CAR_IDLE.
[2017.01.22-05.01.38:838][ 21]LogFactory: FactoryCreateFile: SoundWave with ReimportSoundFactory (0 0 ../../../../../../Users/Chris D'Arcy/Google Drive/Puny Astronaut/Game Jams/Tango and Smash/Audio/SFX/FX_CAR_REV.wav)
[2017.01.22-05.01.38:889][ 21]LogAudioDerivedData:Display: Building compressed audio format OGG wave FX_CAR_REV...
[2017.01.22-05.01.39:828][ 21]LogAudioDerivedData:Warning: Updated SoundWave->RawPCMDataSize during cooking SoundWave /Game/Audio/FX_CAR_REV.FX_CAR_REV.
[2017.01.22-05.01.39:970][ 21]LogFactory: FactoryCreateFile: SoundWave with ReimportSoundFactory (0 0 ../../../../../../Users/Chris D'Arcy/Google Drive/Puny Astronaut/Game Jams/Tango and Smash/Audio/SFX/FX_CAR_SCREECH.wav)
[2017.01.22-05.01.40:047][ 21]LogAudioDerivedData:Display: Building compressed audio format OGG wave FX_CAR_SCREECH...
[2017.01.22-05.01.40:930][ 21]LogAudioDerivedData:Warning: Updated SoundWave->RawPCMDataSize during cooking SoundWave /Game/Audio/FX_CAR_SCREECH.FX_CAR_SCREECH.
[2017.01.22-05.01.41:117][ 21]LogFactory: FactoryCreateFile: SoundWave with ReimportSoundFactory (0 0 ../../../../../../Users/Chris D'Arcy/Google Drive/Puny Astronaut/Game Jams/Tango and Smash/Audio/SFX/FX_CAR_SPLUTTER.wav)
[2017.01.22-05.01.41:157][ 21]LogAudioDerivedData:Display: Building compressed audio format OGG wave FX_CAR_SPLUTTER...
[2017.01.22-05.01.42:085][ 21]LogAudioDerivedData:Warning: Updated SoundWave->RawPCMDataSize during cooking SoundWave /Game/Audio/FX_CAR_SPLUTTER.FX_CAR_SPLUTTER.
[2017.01.22-05.01.42:104][ 21]LogFactory: FactoryCreateFile: SoundWave with ReimportSoundFactory (0 0 ../../../../../../Users/Chris D'Arcy/Google Drive/Puny Astronaut/Game Jams/Tango and Smash/Audio/SFX/FX_SIREN.wav)
[2017.01.22-05.01.42:134][ 21]LogAudioDerivedData:Display: Building compressed audio format OGG wave FX_SIREN...
[2017.01.22-05.01.42:623][ 21]LogAudioDerivedData:Warning: Updated SoundWave->RawPCMDataSize during cooking SoundWave /Game/Audio/FX_SIREN.FX_SIREN.
[2017.01.22-05.02.11:242][ 32]LogRenderer: Reallocating scene render targets to support 1192x712 NumSamples 1 (Frame:37583).
[2017.01.22-05.03.50:493][ 35]Cmd: OBJ SAVEPACKAGE PACKAGE="/Game/Audio/FX_CAR_SPLUTTER" FILE="../../../../../../Users/Chris D'Arcy/Desktop/VistaReachRepo/Drive-Thru/Drive_Thru/Content/Audio/FX_CAR_SPLUTTER.uasset" SILENT=true
[2017.01.22-05.03.50:503][ 35]LogSavePackage: Save=8.64ms
[2017.01.22-05.03.50:503][ 35]LogSavePackage: Moving '../../../../../../Users/Chris D'Arcy/Desktop/VistaReachRepo/Drive-Thru/Drive_Thru/Saved/FX_CAR_SPLUTTER19F89568484A7ECDF18EE88497CBDFD0.tmp' to '../../../../../../Users/Chris D'Arcy/Desktop/VistaReachRepo/Drive-Thru/Drive_Thru/Content/Audio/FX_CAR_SPLUTTER.uasset'
[2017.01.22-05.03.50:507][ 35]LogSavePackage:Display: Finished SavePackage ../../../../../../Users/Chris D'Arcy/Desktop/VistaReachRepo/Drive-Thru/Drive_Thru/Content/Audio/FX_CAR_SPLUTTER.uasset
[2017.01.22-05.03.52:006][199]Cmd: OBJ SAVEPACKAGE PACKAGE="/Game/Audio/FX_CAR_SCREECH" FILE="../../../../../../Users/Chris D'Arcy/Desktop/VistaReachRepo/Drive-Thru/Drive_Thru/Content/Audio/FX_CAR_SCREECH.uasset" SILENT=true
[2017.01.22-05.03.52:016][199]LogSavePackage: Save=9.42ms
[2017.01.22-05.03.52:017][199]LogSavePackage: Moving '../../../../../../Users/Chris D'Arcy/Desktop/VistaReachRepo/Drive-Thru/Drive_Thru/Saved/FX_CAR_SCREECH93C7DA37413A0B6BA3F14A922C4C37F3.tmp' to '../../../../../../Users/Chris D'Arcy/Desktop/VistaReachRepo/Drive-Thru/Drive_Thru/Content/Audio/FX_CAR_SCREECH.uasset'
[2017.01.22-05.03.52:018][199]LogSavePackage:Display: Finished SavePackage ../../../../../../Users/Chris D'Arcy/Desktop/VistaReachRepo/Drive-Thru/Drive_Thru/Content/Audio/FX_CAR_SCREECH.uasset
[2017.01.22-05.03.53:324][342]Cmd: OBJ SAVEPACKAGE PACKAGE="/Game/Audio/FX_CAR_REV" FILE="../../../../../../Users/Chris D'Arcy/Desktop/VistaReachRepo/Drive-Thru/Drive_Thru/Content/Audio/FX_CAR_REV.uasset" SILENT=true
[2017.01.22-05.03.53:334][342]LogSavePackage: Save=8.98ms
[2017.01.22-05.03.53:334][342]LogSavePackage: Moving '../../../../../../Users/Chris D'Arcy/Desktop/VistaReachRepo/Drive-Thru/Drive_Thru/Saved/FX_CAR_REVE4EE18CB42A7F5C775FCEAAA0B34B239.tmp' to '../../../../../../Users/Chris D'Arcy/Desktop/VistaReachRepo/Drive-Thru/Drive_Thru/Content/Audio/FX_CAR_REV.uasset'
[2017.01.22-05.03.53:336][342]LogSavePackage:Display: Finished SavePackage ../../../../../../Users/Chris D'Arcy/Desktop/VistaReachRepo/Drive-Thru/Drive_Thru/Content/Audio/FX_CAR_REV.uasset
[2017.01.22-05.03.54:739][497]Cmd: OBJ SAVEPACKAGE PACKAGE="/Game/Audio/FX_CAR_IDLE" FILE="../../../../../../Users/Chris D'Arcy/Desktop/VistaReachRepo/Drive-Thru/Drive_Thru/Content/Audio/FX_CAR_IDLE.uasset" SILENT=true
[2017.01.22-05.03.54:750][497]LogSavePackage: Save=8.94ms
[2017.01.22-05.03.54:750][497]LogSavePackage: Moving '../../../../../../Users/Chris D'Arcy/Desktop/VistaReachRepo/Drive-Thru/Drive_Thru/Saved/FX_CAR_IDLE575F50234877674A66328DAA96FDDD16.tmp' to '../../../../../../Users/Chris D'Arcy/Desktop/VistaReachRepo/Drive-Thru/Drive_Thru/Content/Audio/FX_CAR_IDLE.uasset'
[2017.01.22-05.03.54:751][497]LogSavePackage:Display: Finished SavePackage ../../../../../../Users/Chris D'Arcy/Desktop/VistaReachRepo/Drive-Thru/Drive_Thru/Content/Audio/FX_CAR_IDLE.uasset
[2017.01.22-05.04.09:600][168]BlueprintLog: New page: Compile Sedan
[2017.01.22-05.04.09:769][168]LogUObjectGlobals:Warning: Guid referenced by SkeletalMeshComponent /Game/Maps/Gamelevel.Gamelevel:PersistentLevel.Sedan_C_0.VehicleMesh is already used by SkeletalMeshComponent /Game/Maps/Gamelevel.Gamelevel:PersistentLevel.REINST_Sedan_C_0.VehicleMesh, which should never happen in the editor but could happen at runtime with duplicate level loading or PIE
[2017.01.22-05.04.09:769][168]LogUObjectGlobals:Warning: Guid referenced by WheeledVehicleMovementComponent4W /Game/Maps/Gamelevel.Gamelevel:PersistentLevel.Sedan_C_0.MovementComp is already used by WheeledVehicleMovementComponent4W /Game/Maps/Gamelevel.Gamelevel:PersistentLevel.REINST_Sedan_C_0.MovementComp, which should never happen in the editor but could happen at runtime with duplicate level loading or PIE
[2017.01.22-05.04.25:248][249]BlueprintLog: New page: Compile Sedan
[2017.01.22-05.04.37:368][120]LogBlueprintUserMessages: Early PlayInEditor Detection: Level '/Game/Maps/Gamelevel.Gamelevel:PersistentLevel' has LevelScriptBlueprint '/Game/Maps/Gamelevel.Gamelevel:PersistentLevel.Gamelevel' with GeneratedClass '/Game/Maps/Gamelevel.Gamelevel_C' with ClassGeneratedBy '/Game/Maps/Gamelevel.Gamelevel:PersistentLevel.Gamelevel'
[2017.01.22-05.04.37:368][120]LogPlayLevel: PlayLevel: No blueprints needed recompiling
[2017.01.22-05.04.37:368][120]PIE: New page: PIE session: Gamelevel (22 Jan 2017 05:04:37)
[2017.01.22-05.04.37:368][120]LogPlayLevel: Creating play world package: /Game/Maps/UEDPIE_0_Gamelevel
[2017.01.22-05.04.37:447][120]LogPlayLevel: PIE: StaticDuplicateObject took: (0.078877s)
[2017.01.22-05.04.37:449][120]LogAIModule: Creating AISystem for world Gamelevel
[2017.01.22-05.04.37:449][120]LogPlayLevel: PIE: World Init took: (0.001517s)
[2017.01.22-05.04.37:449][120]LogPlayLevel: PIE: Created PIE world by copying editor world from /Game/Maps/Gamelevel.Gamelevel to /Game/Maps/UEDPIE_0_Gamelevel.Gamelevel (0.080922s)
[2017.01.22-05.04.37:504][120]LogInit: XAudio2 using 'Speakers 01 (ASIOVAD Driver)' : 2 channels at 48 kHz using 24 bits per sample (channel mask 0x3)
[2017.01.22-05.04.37:509][120]LogInit: FAudioDevice initialized.
[2017.01.22-05.04.37:589][120]LogLoad: Game class is 'VehicleGameMode_C'
[2017.01.22-05.04.37:599][120]LogWorld: Bringing World /Game/Maps/UEDPIE_0_Gamelevel.Gamelevel up for play (max tick rate 0) at 2017.01.22-05.04.37
[2017.01.22-05.04.37:601][120]LogWorld: Bringing up level for play took: 0.010155
[2017.01.22-05.04.37:644][120]LogContentBrowser: Native class hierarchy updated for 'MovieSceneCapture' in 0.0005 seconds. Added 11 classes and 0 folders.
[2017.01.22-05.04.37:646][120]PIE: Info Play in editor start time for /Game/Maps/UEDPIE_0_Gamelevel 0.759
[2017.01.22-05.04.37:647][120]LogBlueprintUserMessages: Late PlayInEditor Detection: Level '/Game/Maps/Gamelevel.Gamelevel:PersistentLevel' has LevelScriptBlueprint '/Game/Maps/Gamelevel.Gamelevel:PersistentLevel.Gamelevel' with GeneratedClass '/Game/Maps/Gamelevel.Gamelevel_C' with ClassGeneratedBy '/Game/Maps/Gamelevel.Gamelevel:PersistentLevel.Gamelevel'
[2017.01.22-05.04.42:896][532]LogBlueprintUserMessages: Early EndPlayMap Detection: Level '/Game/Maps/Gamelevel.Gamelevel:PersistentLevel' has LevelScriptBlueprint '/Game/Maps/Gamelevel.Gamelevel:PersistentLevel.Gamelevel' with GeneratedClass '/Game/Maps/Gamelevel.Gamelevel_C' with ClassGeneratedBy '/Game/Maps/Gamelevel.Gamelevel:PersistentLevel.Gamelevel'
[2017.01.22-05.04.43:012][532]LogBlueprintUserMessages: Late EndPlayMap Detection: Level '/Game/Maps/Gamelevel.Gamelevel:PersistentLevel' has LevelScriptBlueprint '/Game/Maps/Gamelevel.Gamelevel:PersistentLevel.Gamelevel' with GeneratedClass '/Game/Maps/Gamelevel.Gamelevel_C' with ClassGeneratedBy '/Game/Maps/Gamelevel.Gamelevel:PersistentLevel.Gamelevel'
[2017.01.22-05.04.50:908][ 54]LogTemp: Repeting last play command: Selected Viewport
[2017.01.22-05.04.50:918][ 54]LogBlueprintUserMessages: Early PlayInEditor Detection: Level '/Game/Maps/Gamelevel.Gamelevel:PersistentLevel' has LevelScriptBlueprint '/Game/Maps/Gamelevel.Gamelevel:PersistentLevel.Gamelevel' with GeneratedClass '/Game/Maps/Gamelevel.Gamelevel_C' with ClassGeneratedBy '/Game/Maps/Gamelevel.Gamelevel:PersistentLevel.Gamelevel'
[2017.01.22-05.04.50:918][ 54]BlueprintLog: New page: Pre-Play auto-recompile
[2017.01.22-05.04.50:918][ 54]LogPlayLevel: [PlayLevel] Compiling Sedan before play...
[2017.01.22-05.04.51:210][ 54]LogPlayLevel: PlayLevel: Blueprint regeneration took 292 ms (1 blueprints)
[2017.01.22-05.04.51:210][ 54]PIE: New page: PIE session: Gamelevel (22 Jan 2017 05:04:51)
[2017.01.22-05.04.51:210][ 54]LogPlayLevel: Creating play world package: /Game/Maps/UEDPIE_0_Gamelevel
[2017.01.22-05.04.51:286][ 54]LogPlayLevel: PIE: StaticDuplicateObject took: (0.075313s)
[2017.01.22-05.04.51:286][ 54]LogAIModule: Creating AISystem for world Gamelevel
[2017.01.22-05.04.51:286][ 54]LogPlayLevel: PIE: World Init took: (0.000747s)
[2017.01.22-05.04.51:287][ 54]LogPlayLevel: PIE: Created PIE world by copying editor world from /Game/Maps/Gamelevel.Gamelevel to /Game/Maps/UEDPIE_0_Gamelevel.Gamelevel (0.076376s)
[2017.01.22-05.04.51:335][ 54]LogInit: XAudio2 using 'Speakers 01 (ASIOVAD Driver)' : 2 channels at 48 kHz using 24 bits per sample (channel mask 0x3)
[2017.01.22-05.04.51:339][ 54]LogInit: FAudioDevice initialized.
[2017.01.22-05.04.51:371][ 54]LogLoad: Game class is 'VehicleGameMode_C'
[2017.01.22-05.04.51:380][ 54]LogWorld: Bringing World /Game/Maps/UEDPIE_0_Gamelevel.Gamelevel up for play (max tick rate 0) at 2017.01.22-05.04.51
[2017.01.22-05.04.51:381][ 54]LogWorld: Bringing up level for play took: 0.009616
[2017.01.22-05.04.51:383][ 54]PIE: Info Play in editor start time for /Game/Maps/UEDPIE_0_Gamelevel 0.496
[2017.01.22-05.04.51:383][ 54]LogBlueprintUserMessages: Late PlayInEditor Detection: Level '/Game/Maps/Gamelevel.Gamelevel:PersistentLevel' has LevelScriptBlueprint '/Game/Maps/Gamelevel.Gamelevel:PersistentLevel.Gamelevel' with GeneratedClass '/Game/Maps/Gamelevel.Gamelevel_C' with ClassGeneratedBy '/Game/Maps/Gamelevel.Gamelevel:PersistentLevel.Gamelevel'
[2017.01.22-05.05.59:107][663]LogBlueprintUserMessages: Early EndPlayMap Detection: Level '/Game/Maps/Gamelevel.Gamelevel:PersistentLevel' has LevelScriptBlueprint '/Game/Maps/Gamelevel.Gamelevel:PersistentLevel.Gamelevel' with GeneratedClass '/Game/Maps/Gamelevel.Gamelevel_C' with ClassGeneratedBy '/Game/Maps/Gamelevel.Gamelevel:PersistentLevel.Gamelevel'
[2017.01.22-05.05.59:185][663]LogBlueprintUserMessages: Late EndPlayMap Detection: Level '/Game/Maps/Gamelevel.Gamelevel:PersistentLevel' has LevelScriptBlueprint '/Game/Maps/Gamelevel.Gamelevel:PersistentLevel.Gamelevel' with GeneratedClass '/Game/Maps/Gamelevel.Gamelevel_C' with ClassGeneratedBy '/Game/Maps/Gamelevel.Gamelevel:PersistentLevel.Gamelevel'
[2017.01.22-05.06.01:659][811]LogTemp: Repeting last play command: Selected Viewport
[2017.01.22-05.06.01:668][811]LogBlueprintUserMessages: Early PlayInEditor Detection: Level '/Game/Maps/Gamelevel.Gamelevel:PersistentLevel' has LevelScriptBlueprint '/Game/Maps/Gamelevel.Gamelevel:PersistentLevel.Gamelevel' with GeneratedClass '/Game/Maps/Gamelevel.Gamelevel_C' with ClassGeneratedBy '/Game/Maps/Gamelevel.Gamelevel:PersistentLevel.Gamelevel'
[2017.01.22-05.06.01:668][811]LogPlayLevel: PlayLevel: No blueprints needed recompiling
[2017.01.22-05.06.01:669][811]PIE: New page: PIE session: Gamelevel (22 Jan 2017 05:06:01)
[2017.01.22-05.06.01:669][811]LogPlayLevel: Creating play world package: /Game/Maps/UEDPIE_0_Gamelevel
[2017.01.22-05.06.01:733][811]LogPlayLevel: PIE: StaticDuplicateObject took: (0.064423s)
[2017.01.22-05.06.01:734][811]LogAIModule: Creating AISystem for world Gamelevel
[2017.01.22-05.06.01:734][811]LogPlayLevel: PIE: World Init took: (0.000715s)
[2017.01.22-05.06.01:734][811]LogPlayLevel: PIE: Created PIE world by copying editor world from /Game/Maps/Gamelevel.Gamelevel to /Game/Maps/UEDPIE_0_Gamelevel.Gamelevel (0.065430s)
[2017.01.22-05.06.01:785][811]LogInit: XAudio2 using 'Speakers 01 (ASIOVAD Driver)' : 2 channels at 48 kHz using 24 bits per sample (channel mask 0x3)
[2017.01.22-05.06.01:789][811]LogInit: FAudioDevice initialized.
[2017.01.22-05.06.01:818][811]LogLoad: Game class is 'VehicleGameMode_C'
[2017.01.22-05.06.01:827][811]LogWorld: Bringing World /Game/Maps/UEDPIE_0_Gamelevel.Gamelevel up for play (max tick rate 0) at 2017.01.22-05.06.01
[2017.01.22-05.06.01:828][811]LogWorld: Bringing up level for play took: 0.009584
[2017.01.22-05.06.01:830][811]PIE: Info Play in editor start time for /Game/Maps/UEDPIE_0_Gamelevel 0.943
[2017.01.22-05.06.01:830][811]LogBlueprintUserMessages: Late PlayInEditor Detection: Level '/Game/Maps/Gamelevel.Gamelevel:PersistentLevel' has LevelScriptBlueprint '/Game/Maps/Gamelevel.Gamelevel:PersistentLevel.Gamelevel' with GeneratedClass '/Game/Maps/Gamelevel.Gamelevel_C' with ClassGeneratedBy '/Game/Maps/Gamelevel.Gamelevel:PersistentLevel.Gamelevel'
[2017.01.22-05.06.54:086][383]LogBlueprintUserMessages: Early EndPlayMap Detection: Level '/Game/Maps/Gamelevel.Gamelevel:PersistentLevel' has LevelScriptBlueprint '/Game/Maps/Gamelevel.Gamelevel:PersistentLevel.Gamelevel' with GeneratedClass '/Game/Maps/Gamelevel.Gamelevel_C' with ClassGeneratedBy '/Game/Maps/Gamelevel.Gamelevel:PersistentLevel.Gamelevel'
[2017.01.22-05.06.54:169][383]LogBlueprintUserMessages: Late EndPlayMap Detection: Level '/Game/Maps/Gamelevel.Gamelevel:PersistentLevel' has LevelScriptBlueprint '/Game/Maps/Gamelevel.Gamelevel:PersistentLevel.Gamelevel' with GeneratedClass '/Game/Maps/Gamelevel.Gamelevel_C' with ClassGeneratedBy '/Game/Maps/Gamelevel.Gamelevel:PersistentLevel.Gamelevel'
[2017.01.22-05.07.06:883][431]BlueprintLog: New page: Compile Sedan
[2017.01.22-05.07.07:913][491]LogTemp: Repeting last play command: Selected Viewport
[2017.01.22-05.07.07:922][491]LogBlueprintUserMessages: Early PlayInEditor Detection: Level '/Game/Maps/Gamelevel.Gamelevel:PersistentLevel' has LevelScriptBlueprint '/Game/Maps/Gamelevel.Gamelevel:PersistentLevel.Gamelevel' with GeneratedClass '/Game/Maps/Gamelevel.Gamelevel_C' with ClassGeneratedBy '/Game/Maps/Gamelevel.Gamelevel:PersistentLevel.Gamelevel'
[2017.01.22-05.07.07:922][491]LogPlayLevel: PlayLevel: No blueprints needed recompiling
[2017.01.22-05.07.07:923][491]PIE: New page: PIE session: Gamelevel (22 Jan 2017 05:07:07)
[2017.01.22-05.07.07:923][491]LogPlayLevel: Creating play world package: /Game/Maps/UEDPIE_0_Gamelevel
[2017.01.22-05.07.07:990][491]LogPlayLevel: PIE: StaticDuplicateObject took: (0.067246s)
[2017.01.22-05.07.07:991][491]LogAIModule: Creating AISystem for world Gamelevel
[2017.01.22-05.07.07:991][491]LogPlayLevel: PIE: World Init took: (0.000809s)
[2017.01.22-05.07.07:991][491]LogPlayLevel: PIE: Created PIE world by copying editor world from /Game/Maps/Gamelevel.Gamelevel to /Game/Maps/UEDPIE_0_Gamelevel.Gamelevel (0.068415s)
[2017.01.22-05.07.08:042][491]LogInit: XAudio2 using 'Speakers 01 (ASIOVAD Driver)' : 2 channels at 48 kHz using 24 bits per sample (channel mask 0x3)
[2017.01.22-05.07.08:046][491]LogInit: FAudioDevice initialized.
[2017.01.22-05.07.08:080][491]LogLoad: Game class is 'VehicleGameMode_C'
[2017.01.22-05.07.08:089][491]LogWorld: Bringing World /Game/Maps/UEDPIE_0_Gamelevel.Gamelevel up for play (max tick rate 0) at 2017.01.22-05.07.08
[2017.01.22-05.07.08:090][491]LogWorld: Bringing up level for play took: 0.009307
[2017.01.22-05.07.08:091][491]PIE: Info Play in editor start time for /Game/Maps/UEDPIE_0_Gamelevel -0.796
[2017.01.22-05.07.08:092][491]LogBlueprintUserMessages: Late PlayInEditor Detection: Level '/Game/Maps/Gamelevel.Gamelevel:PersistentLevel' has LevelScriptBlueprint '/Game/Maps/Gamelevel.Gamelevel:PersistentLevel.Gamelevel' with GeneratedClass '/Game/Maps/Gamelevel.Gamelevel_C' with ClassGeneratedBy '/Game/Maps/Gamelevel.Gamelevel:PersistentLevel.Gamelevel'
[2017.01.22-05.08.33:964][245]LogBlueprintUserMessages: Early EndPlayMap Detection: Level '/Game/Maps/Gamelevel.Gamelevel:PersistentLevel' has LevelScriptBlueprint '/Game/Maps/Gamelevel.Gamelevel:PersistentLevel.Gamelevel' with GeneratedClass '/Game/Maps/Gamelevel.Gamelevel_C' with ClassGeneratedBy '/Game/Maps/Gamelevel.Gamelevel:PersistentLevel.Gamelevel'
[2017.01.22-05.08.34:051][245]LogBlueprintUserMessages: Late EndPlayMap Detection: Level '/Game/Maps/Gamelevel.Gamelevel:PersistentLevel' has LevelScriptBlueprint '/Game/Maps/Gamelevel.Gamelevel:PersistentLevel.Gamelevel' with GeneratedClass '/Game/Maps/Gamelevel.Gamelevel_C' with ClassGeneratedBy '/Game/Maps/Gamelevel.Gamelevel:PersistentLevel.Gamelevel'
[2017.01.22-05.08.41:339][889]BlueprintLog: New page: Compile Sedan
[2017.01.22-05.08.42:376][950]LogTemp: Repeting last play command: Selected Viewport
[2017.01.22-05.08.42:385][950]LogBlueprintUserMessages: Early PlayInEditor Detection: Level '/Game/Maps/Gamelevel.Gamelevel:PersistentLevel' has LevelScriptBlueprint '/Game/Maps/Gamelevel.Gamelevel:PersistentLevel.Gamelevel' with GeneratedClass '/Game/Maps/Gamelevel.Gamelevel_C' with ClassGeneratedBy '/Game/Maps/Gamelevel.Gamelevel:PersistentLevel.Gamelevel'
[2017.01.22-05.08.42:386][950]LogPlayLevel: PlayLevel: No blueprints needed recompiling
[2017.01.22-05.08.42:386][950]PIE: New page: PIE session: Gamelevel (22 Jan 2017 05:08:42)
[2017.01.22-05.08.42:386][950]LogPlayLevel: Creating play world package: /Game/Maps/UEDPIE_0_Gamelevel
[2017.01.22-05.08.42:462][950]LogPlayLevel: PIE: StaticDuplicateObject took: (0.076101s)
[2017.01.22-05.08.42:462][950]LogAIModule: Creating AISystem for world Gamelevel
[2017.01.22-05.08.42:462][950]LogPlayLevel: PIE: World Init took: (0.000561s)
[2017.01.22-05.08.42:463][950]LogPlayLevel: PIE: Created PIE world by copying editor world from /Game/Maps/Gamelevel.Gamelevel to /Game/Maps/UEDPIE_0_Gamelevel.Gamelevel (0.077111s)
[2017.01.22-05.08.42:510][950]LogInit: XAudio2 using 'Speakers 01 (ASIOVAD Driver)' : 2 channels at 48 kHz using 24 bits per sample (channel mask 0x3)
[2017.01.22-05.08.42:514][950]LogInit: FAudioDevice initialized.
[2017.01.22-05.08.42:547][950]LogLoad: Game class is 'VehicleGameMode_C'
[2017.01.22-05.08.42:557][950]LogWorld: Bringing World /Game/Maps/UEDPIE_0_Gamelevel.Gamelevel up for play (max tick rate 0) at 2017.01.22-05.08.42
[2017.01.22-05.08.42:558][950]LogWorld: Bringing up level for play took: 0.009982
[2017.01.22-05.08.42:560][950]PIE: Info Play in editor start time for /Game/Maps/UEDPIE_0_Gamelevel -0.327
[2017.01.22-05.08.42:560][950]LogBlueprintUserMessages: Late PlayInEditor Detection: Level '/Game/Maps/Gamelevel.Gamelevel:PersistentLevel' has LevelScriptBlueprint '/Game/Maps/Gamelevel.Gamelevel:PersistentLevel.Gamelevel' with GeneratedClass '/Game/Maps/Gamelevel.Gamelevel_C' with ClassGeneratedBy '/Game/Maps/Gamelevel.Gamelevel:PersistentLevel.Gamelevel'
[2017.01.22-05.09.13:827][784]LogBlueprintUserMessages: Early EndPlayMap Detection: Level '/Game/Maps/Gamelevel.Gamelevel:PersistentLevel' has LevelScriptBlueprint '/Game/Maps/Gamelevel.Gamelevel:PersistentLevel.Gamelevel' with GeneratedClass '/Game/Maps/Gamelevel.Gamelevel_C' with ClassGeneratedBy '/Game/Maps/Gamelevel.Gamelevel:PersistentLevel.Gamelevel'
[2017.01.22-05.09.13:884][784]LogBlueprintUserMessages: Late EndPlayMap Detection: Level '/Game/Maps/Gamelevel.Gamelevel:PersistentLevel' has LevelScriptBlueprint '/Game/Maps/Gamelevel.Gamelevel:PersistentLevel.Gamelevel' with GeneratedClass '/Game/Maps/Gamelevel.Gamelevel_C' with ClassGeneratedBy '/Game/Maps/Gamelevel.Gamelevel:PersistentLevel.Gamelevel'
[2017.01.22-05.11.56:915][615]BlueprintLog: New page: Compile Sedan
[2017.01.22-05.11.58:072][659]LogTemp: Repeting last play command: Selected Viewport
[2017.01.22-05.11.58:082][659]LogBlueprintUserMessages: Early PlayInEditor Detection: Level '/Game/Maps/Gamelevel.Gamelevel:PersistentLevel' has LevelScriptBlueprint '/Game/Maps/Gamelevel.Gamelevel:PersistentLevel.Gamelevel' with GeneratedClass '/Game/Maps/Gamelevel.Gamelevel_C' with ClassGeneratedBy '/Game/Maps/Gamelevel.Gamelevel:PersistentLevel.Gamelevel'
[2017.01.22-05.11.58:082][659]BlueprintLog: New page: Pre-Play auto-recompile
[2017.01.22-05.11.58:082][659]LogPlayLevel: [PlayLevel] Compiling PROTO_BP_Blueprint_0 before play...
[2017.01.22-05.11.58:160][659]LogPlayLevel: PlayLevel: Blueprint regeneration took 78 ms (1 blueprints)
[2017.01.22-05.11.58:160][659]PIE: New page: PIE session: Gamelevel (22 Jan 2017 05:11:58)
[2017.01.22-05.11.58:160][659]LogPlayLevel: Creating play world package: /Game/Maps/UEDPIE_0_Gamelevel
[2017.01.22-05.11.58:235][659]LogPlayLevel: PIE: StaticDuplicateObject took: (0.074763s)
[2017.01.22-05.11.58:236][659]LogAIModule: Creating AISystem for world Gamelevel
[2017.01.22-05.11.58:236][659]LogPlayLevel: PIE: World Init took: (0.001099s)
[2017.01.22-05.11.58:236][659]LogPlayLevel: PIE: Created PIE world by copying editor world from /Game/Maps/Gamelevel.Gamelevel to /Game/Maps/UEDPIE_0_Gamelevel.Gamelevel (0.076190s)
[2017.01.22-05.11.58:289][659]LogInit: XAudio2 using 'Speakers 01 (ASIOVAD Driver)' : 2 channels at 48 kHz using 24 bits per sample (channel mask 0x3)
[2017.01.22-05.11.58:296][659]LogInit: FAudioDevice initialized.
[2017.01.22-05.11.58:332][659]LogLoad: Game class is 'VehicleGameMode_C'
[2017.01.22-05.11.58:342][659]LogWorld: Bringing World /Game/Maps/UEDPIE_0_Gamelevel.Gamelevel up for play (max tick rate 0) at 2017.01.22-05.11.58
[2017.01.22-05.11.58:343][659]LogWorld: Bringing up level for play took: 0.010047
[2017.01.22-05.11.58:344][659]PIE: Info Play in editor start time for /Game/Maps/UEDPIE_0_Gamelevel -0.543
[2017.01.22-05.11.58:345][659]LogBlueprintUserMessages: Late PlayInEditor Detection: Level '/Game/Maps/Gamelevel.Gamelevel:PersistentLevel' has LevelScriptBlueprint '/Game/Maps/Gamelevel.Gamelevel:PersistentLevel.Gamelevel' with GeneratedClass '/Game/Maps/Gamelevel.Gamelevel_C' with ClassGeneratedBy '/Game/Maps/Gamelevel.Gamelevel:PersistentLevel.Gamelevel'
[2017.01.22-05.12.04:513][207]LogBlueprintUserMessages: Early EndPlayMap Detection: Level '/Game/Maps/Gamelevel.Gamelevel:PersistentLevel' has LevelScriptBlueprint '/Game/Maps/Gamelevel.Gamelevel:PersistentLevel.Gamelevel' with GeneratedClass '/Game/Maps/Gamelevel.Gamelevel_C' with ClassGeneratedBy '/Game/Maps/Gamelevel.Gamelevel:PersistentLevel.Gamelevel'
[2017.01.22-05.12.04:593][207]LogBlueprintUserMessages: Late EndPlayMap Detection: Level '/Game/Maps/Gamelevel.Gamelevel:PersistentLevel' has LevelScriptBlueprint '/Game/Maps/Gamelevel.Gamelevel:PersistentLevel.Gamelevel' with GeneratedClass '/Game/Maps/Gamelevel.Gamelevel_C' with ClassGeneratedBy '/Game/Maps/Gamelevel.Gamelevel:PersistentLevel.Gamelevel'
[2017.01.22-05.12.40:146][151]BlueprintLog: New page: Compile Sedan
[2017.01.22-05.12.54:532][769]LogFactory: FactoryCreateFile: SoundWave with ReimportSoundFactory (0 0 ../../../../../../Users/Chris D'Arcy/Google Drive/Puny Astronaut/Game Jams/Tango and Smash/Audio/MUSIC_VistaReach.wav)
[2017.01.22-05.12.54:706][769]LogAudioDerivedData:Display: Building compressed audio format OGG wave MUSIC_VistaReach...
[2017.01.22-05.12.58:275][769]LogAudioDerivedData:Warning: Updated SoundWave->RawPCMDataSize during cooking SoundWave /Game/Audio/MUSIC_VistaReach.MUSIC_VistaReach.
[2017.01.22-05.12.58:368][769]LogFactory: FactoryCreateFile: SoundWave with ReimportSoundFactory (0 0 ../../../../../../Users/Chris D'Arcy/Google Drive/Puny Astronaut/Game Jams/Tango and Smash/Audio/MUSIC_VistaReach2.wav)
[2017.01.22-05.12.58:516][769]LogAudioDerivedData:Display: Building compressed audio format OGG wave MUSIC_VistaReach2...
[2017.01.22-05.13.01:527][769]LogAudioDerivedData:Warning: Updated SoundWave->RawPCMDataSize during cooking SoundWave /Game/Audio/MUSIC_VistaReach2.MUSIC_VistaReach2.
[2017.01.22-05.13.04:948][905]LogSavePackage: Save=276.88ms
[2017.01.22-05.13.04:948][905]LogSavePackage: Moving '../../../../../../Users/Chris D'Arcy/Desktop/VistaReachRepo/Drive-Thru/Drive_Thru/Saved/Gamelevel_Auto1D0589AB74747AB30282AADA8058EED1B.tmp' to '../../../../../../Users/Chris D'Arcy/Desktop/VistaReachRepo/Drive-Thru/Drive_Thru/Saved/Autosaves/Game/Maps/Gamelevel_Auto1.umap'
[2017.01.22-05.13.04:961][905]LogSavePackage:Display: Finished SavePackage ../../../../../../Users/Chris D'Arcy/Desktop/VistaReachRepo/Drive-Thru/Drive_Thru/Saved/Autosaves/Game/Maps/Gamelevel_Auto1.umap
[2017.01.22-05.13.04:965][905]LogFileHelpers: Editor autosave (incl. sublevels) for '/Game/Maps/Gamelevel' took 0.324
[2017.01.22-05.13.04:965][905]LogFileHelpers: Editor autosave (incl. sublevels) for all levels took 0.324
[2017.01.22-05.13.04:968][905]OBJ SavePackage: Generating thumbnails for [1] asset(s) in package [/Game/VehicleBP/Sedan/Sedan] ([1] browsable assets)...
[2017.01.22-05.13.04:987][905]OBJ SavePackage:     Rendered thumbnail for [Blueprint /Game/VehicleBP/Sedan/Sedan.Sedan]
[2017.01.22-05.13.04:987][905]OBJ SavePackage: Finished generating thumbnails for package [/Game/VehicleBP/Sedan/Sedan]
[2017.01.22-05.13.05:188][905]LogSavePackage: Save=193.95ms
[2017.01.22-05.13.05:188][905]LogSavePackage: Moving '../../../../../../Users/Chris D'Arcy/Desktop/VistaReachRepo/Drive-Thru/Drive_Thru/Saved/Sedan_Auto1FB7DBF58469C4237E3D4E7846B82B61E.tmp' to '../../../../../../Users/Chris D'Arcy/Desktop/VistaReachRepo/Drive-Thru/Drive_Thru/Saved/Autosaves/Game/VehicleBP/Sedan/Sedan_Auto1.uasset'
[2017.01.22-05.13.05:189][905]LogSavePackage:Display: Finished SavePackage ../../../../../../Users/Chris D'Arcy/Desktop/VistaReachRepo/Drive-Thru/Drive_Thru/Saved/Autosaves/Game/VehicleBP/Sedan/Sedan_Auto1.uasset
[2017.01.22-05.13.05:189][905]OBJ SavePackage: Generating thumbnails for [1] asset(s) in package [/Game/Audio/FX_SIREN] ([1] browsable assets)...
[2017.01.22-05.13.05:198][905]OBJ SavePackage:     Rendered thumbnail for [SoundWave /Game/Audio/FX_SIREN.FX_SIREN]
[2017.01.22-05.13.05:198][905]OBJ SavePackage: Finished generating thumbnails for package [/Game/Audio/FX_SIREN]
[2017.01.22-05.13.05:206][905]LogSavePackage: Save=7.29ms
[2017.01.22-05.13.05:206][905]LogSavePackage: Moving '../../../../../../Users/Chris D'Arcy/Desktop/VistaReachRepo/Drive-Thru/Drive_Thru/Saved/FX_SIREN_Auto1C00C38F54AB3BDBF3E95E19F7EDAC0D0.tmp' to '../../../../../../Users/Chris D'Arcy/Desktop/VistaReachRepo/Drive-Thru/Drive_Thru/Saved/Autosaves/Game/Audio/FX_SIREN_Auto1.uasset'
[2017.01.22-05.13.05:207][905]LogSavePackage:Display: Finished SavePackage ../../../../../../Users/Chris D'Arcy/Desktop/VistaReachRepo/Drive-Thru/Drive_Thru/Saved/Autosaves/Game/Audio/FX_SIREN_Auto1.uasset
[2017.01.22-05.13.05:208][905]OBJ SavePackage: Generating thumbnails for [1] asset(s) in package [/Game/Audio/MUSIC_VistaReach] ([1] browsable assets)...
[2017.01.22-05.13.05:237][905]OBJ SavePackage:     Rendered thumbnail for [SoundWave /Game/Audio/MUSIC_VistaReach.MUSIC_VistaReach]
[2017.01.22-05.13.05:237][905]OBJ SavePackage: Finished generating thumbnails for package [/Game/Audio/MUSIC_VistaReach]
[2017.01.22-05.13.05:254][905]LogSavePackage: Save=16.19ms
[2017.01.22-05.13.05:255][905]LogSavePackage: Moving '../../../../../../Users/Chris D'Arcy/Desktop/VistaReachRepo/Drive-Thru/Drive_Thru/Saved/MUSIC_VistaReach_Auto1148754D64D13EDAD1AEFC493AF7CA2D9.tmp' to '../../../../../../Users/Chris D'Arcy/Desktop/VistaReachRepo/Drive-Thru/Drive_Thru/Saved/Autosaves/Game/Audio/MUSIC_VistaReach_Auto1.uasset'
[2017.01.22-05.13.05:255][905]LogSavePackage:Display: Finished SavePackage ../../../../../../Users/Chris D'Arcy/Desktop/VistaReachRepo/Drive-Thru/Drive_Thru/Saved/Autosaves/Game/Audio/MUSIC_VistaReach_Auto1.uasset
[2017.01.22-05.13.05:256][905]OBJ SavePackage: Generating thumbnails for [1] asset(s) in package [/Game/Audio/MUSIC_VistaReach2] ([1] browsable assets)...
[2017.01.22-05.13.05:280][905]OBJ SavePackage:     Rendered thumbnail for [SoundWave /Game/Audio/MUSIC_VistaReach2.MUSIC_VistaReach2]
[2017.01.22-05.13.05:280][905]OBJ SavePackage: Finished generating thumbnails for package [/Game/Audio/MUSIC_VistaReach2]
[2017.01.22-05.13.05:296][905]LogSavePackage: Save=14.47ms
[2017.01.22-05.13.05:296][905]LogSavePackage: Moving '../../../../../../Users/Chris D'Arcy/Desktop/VistaReachRepo/Drive-Thru/Drive_Thru/Saved/MUSIC_VistaReach2_Auto19B6C77304F97E8E4F478378A1E0E5485.tmp' to '../../../../../../Users/Chris D'Arcy/Desktop/VistaReachRepo/Drive-Thru/Drive_Thru/Saved/Autosaves/Game/Audio/MUSIC_VistaReach2_Auto1.uasset'
[2017.01.22-05.13.05:297][905]LogSavePackage:Display: Finished SavePackage ../../../../../../Users/Chris D'Arcy/Desktop/VistaReachRepo/Drive-Thru/Drive_Thru/Saved/Autosaves/Game/Audio/MUSIC_VistaReach2_Auto1.uasset
[2017.01.22-05.13.05:297][905]LogFileHelpers: Auto-saving content packages took 0.331
[2017.01.22-05.13.29:554][310]Cmd: OBJ SAVEPACKAGE PACKAGE="/Game/Audio/FX_SIREN" FILE="../../../../../../Users/Chris D'Arcy/Desktop/VistaReachRepo/Drive-Thru/Drive_Thru/Content/Audio/FX_SIREN.uasset" SILENT=true
[2017.01.22-05.13.29:565][310]LogSavePackage: Save=7.32ms
[2017.01.22-05.13.29:565][310]LogSavePackage: Moving '../../../../../../Users/Chris D'Arcy/Desktop/VistaReachRepo/Drive-Thru/Drive_Thru/Saved/FX_SIREN7C8FD0BA44C04C5DC9C489A493718A11.tmp' to '../../../../../../Users/Chris D'Arcy/Desktop/VistaReachRepo/Drive-Thru/Drive_Thru/Content/Audio/FX_SIREN.uasset'
[2017.01.22-05.13.29:570][310]LogSavePackage:Display: Finished SavePackage ../../../../../../Users/Chris D'Arcy/Desktop/VistaReachRepo/Drive-Thru/Drive_Thru/Content/Audio/FX_SIREN.uasset
[2017.01.22-05.13.31:507][522]Cmd: OBJ SAVEPACKAGE PACKAGE="/Game/Audio/MUSIC_VistaReach2" FILE="../../../../../../Users/Chris D'Arcy/Desktop/VistaReachRepo/Drive-Thru/Drive_Thru/Content/Audio/MUSIC_VistaReach2.uasset" SILENT=true
[2017.01.22-05.13.31:522][522]LogSavePackage: Save=13.64ms
[2017.01.22-05.13.31:522][522]LogSavePackage: Moving '../../../../../../Users/Chris D'Arcy/Desktop/VistaReachRepo/Drive-Thru/Drive_Thru/Saved/MUSIC_VistaReach2D6D3551D4D85AE1F65C9A9BF33905079.tmp' to '../../../../../../Users/Chris D'Arcy/Desktop/VistaReachRepo/Drive-Thru/Drive_Thru/Content/Audio/MUSIC_VistaReach2.uasset'
[2017.01.22-05.13.31:528][522]LogSavePackage:Display: Finished SavePackage ../../../../../../Users/Chris D'Arcy/Desktop/VistaReachRepo/Drive-Thru/Drive_Thru/Content/Audio/MUSIC_VistaReach2.uasset
[2017.01.22-05.13.33:874][781]LogTemp: Repeting last play command: Selected Viewport
[2017.01.22-05.13.33:884][781]LogBlueprintUserMessages: Early PlayInEditor Detection: Level '/Game/Maps/Gamelevel.Gamelevel:PersistentLevel' has LevelScriptBlueprint '/Game/Maps/Gamelevel.Gamelevel:PersistentLevel.Gamelevel' with GeneratedClass '/Game/Maps/Gamelevel.Gamelevel_C' with ClassGeneratedBy '/Game/Maps/Gamelevel.Gamelevel:PersistentLevel.Gamelevel'
[2017.01.22-05.13.33:884][781]BlueprintLog: New page: Pre-Play auto-recompile
[2017.01.22-05.13.33:884][781]LogPlayLevel: [PlayLevel] Compiling Sedan before play...
[2017.01.22-05.13.34:559][781]LogPlayLevel: PlayLevel: Blueprint regeneration took 674 ms (1 blueprints)
[2017.01.22-05.13.34:559][781]PIE: New page: PIE session: Gamelevel (22 Jan 2017 05:13:34)
[2017.01.22-05.13.34:559][781]LogPlayLevel: Creating play world package: /Game/Maps/UEDPIE_0_Gamelevel
[2017.01.22-05.13.34:634][781]LogPlayLevel: PIE: StaticDuplicateObject took: (0.074316s)
[2017.01.22-05.13.34:635][781]LogAIModule: Creating AISystem for world Gamelevel
[2017.01.22-05.13.34:635][781]LogPlayLevel: PIE: World Init took: (0.001374s)
[2017.01.22-05.13.34:635][781]LogPlayLevel: PIE: Created PIE world by copying editor world from /Game/Maps/Gamelevel.Gamelevel to /Game/Maps/UEDPIE_0_Gamelevel.Gamelevel (0.076046s)
[2017.01.22-05.13.34:685][781]LogInit: XAudio2 using 'Speakers 01 (ASIOVAD Driver)' : 2 channels at 48 kHz using 24 bits per sample (channel mask 0x3)
[2017.01.22-05.13.34:690][781]LogInit: FAudioDevice initialized.
[2017.01.22-05.13.34:719][781]LogLoad: Game class is 'VehicleGameMode_C'
[2017.01.22-05.13.34:729][781]LogWorld: Bringing World /Game/Maps/UEDPIE_0_Gamelevel.Gamelevel up for play (max tick rate 0) at 2017.01.22-05.13.34
[2017.01.22-05.13.34:730][781]LogWorld: Bringing up level for play took: 0.009409
[2017.01.22-05.13.34:732][781]PIE: Info Play in editor start time for /Game/Maps/UEDPIE_0_Gamelevel 1.845
[2017.01.22-05.13.34:732][781]LogBlueprintUserMessages: Late PlayInEditor Detection: Level '/Game/Maps/Gamelevel.Gamelevel:PersistentLevel' has LevelScriptBlueprint '/Game/Maps/Gamelevel.Gamelevel:PersistentLevel.Gamelevel' with GeneratedClass '/Game/Maps/Gamelevel.Gamelevel_C' with ClassGeneratedBy '/Game/Maps/Gamelevel.Gamelevel:PersistentLevel.Gamelevel'
[2017.01.22-05.14.01:843][911]LogBlueprintUserMessages: Early EndPlayMap Detection: Level '/Game/Maps/Gamelevel.Gamelevel:PersistentLevel' has LevelScriptBlueprint '/Game/Maps/Gamelevel.Gamelevel:PersistentLevel.Gamelevel' with GeneratedClass '/Game/Maps/Gamelevel.Gamelevel_C' with ClassGeneratedBy '/Game/Maps/Gamelevel.Gamelevel:PersistentLevel.Gamelevel'
[2017.01.22-05.14.01:923][911]LogBlueprintUserMessages: Late EndPlayMap Detection: Level '/Game/Maps/Gamelevel.Gamelevel:PersistentLevel' has LevelScriptBlueprint '/Game/Maps/Gamelevel.Gamelevel:PersistentLevel.Gamelevel' with GeneratedClass '/Game/Maps/Gamelevel.Gamelevel_C' with ClassGeneratedBy '/Game/Maps/Gamelevel.Gamelevel:PersistentLevel.Gamelevel'
[2017.01.22-05.14.20:656][364]BlueprintLog: New page: Compile Sedan
[2017.01.22-05.14.22:464][468]LogTemp: Repeting last play command: Selected Viewport
[2017.01.22-05.14.22:475][468]LogBlueprintUserMessages: Early PlayInEditor Detection: Level '/Game/Maps/Gamelevel.Gamelevel:PersistentLevel' has LevelScriptBlueprint '/Game/Maps/Gamelevel.Gamelevel:PersistentLevel.Gamelevel' with GeneratedClass '/Game/Maps/Gamelevel.Gamelevel_C' with ClassGeneratedBy '/Game/Maps/Gamelevel.Gamelevel:PersistentLevel.Gamelevel'
[2017.01.22-05.14.22:475][468]LogPlayLevel: PlayLevel: No blueprints needed recompiling
[2017.01.22-05.14.22:475][468]PIE: New page: PIE session: Gamelevel (22 Jan 2017 05:14:22)
[2017.01.22-05.14.22:475][468]LogPlayLevel: Creating play world package: /Game/Maps/UEDPIE_0_Gamelevel
[2017.01.22-05.14.22:547][468]LogPlayLevel: PIE: StaticDuplicateObject took: (0.071486s)
[2017.01.22-05.14.22:548][468]LogAIModule: Creating AISystem for world Gamelevel
[2017.01.22-05.14.22:548][468]LogPlayLevel: PIE: World Init took: (0.001582s)
[2017.01.22-05.14.22:549][468]LogPlayLevel: PIE: Created PIE world by copying editor world from /Game/Maps/Gamelevel.Gamelevel to /Game/Maps/UEDPIE_0_Gamelevel.Gamelevel (0.073461s)
[2017.01.22-05.14.22:600][468]LogInit: XAudio2 using 'Speakers 01 (ASIOVAD Driver)' : 2 channels at 48 kHz using 24 bits per sample (channel mask 0x3)
[2017.01.22-05.14.22:605][468]LogInit: FAudioDevice initialized.
[2017.01.22-05.14.22:634][468]LogLoad: Game class is 'VehicleGameMode_C'
[2017.01.22-05.14.22:643][468]LogWorld: Bringing World /Game/Maps/UEDPIE_0_Gamelevel.Gamelevel up for play (max tick rate 0) at 2017.01.22-05.14.22
[2017.01.22-05.14.22:644][468]LogWorld: Bringing up level for play took: 0.008813
[2017.01.22-05.14.22:645][468]PIE: Info Play in editor start time for /Game/Maps/UEDPIE_0_Gamelevel -0.242
[2017.01.22-05.14.22:645][468]LogBlueprintUserMessages: Late PlayInEditor Detection: Level '/Game/Maps/Gamelevel.Gamelevel:PersistentLevel' has LevelScriptBlueprint '/Game/Maps/Gamelevel.Gamelevel:PersistentLevel.Gamelevel' with GeneratedClass '/Game/Maps/Gamelevel.Gamelevel_C' with ClassGeneratedBy '/Game/Maps/Gamelevel.Gamelevel:PersistentLevel.Gamelevel'
[2017.01.22-05.16.34:082][346]LogBlueprintUserMessages: Early EndPlayMap Detection: Level '/Game/Maps/Gamelevel.Gamelevel:PersistentLevel' has LevelScriptBlueprint '/Game/Maps/Gamelevel.Gamelevel:PersistentLevel.Gamelevel' with GeneratedClass '/Game/Maps/Gamelevel.Gamelevel_C' with ClassGeneratedBy '/Game/Maps/Gamelevel.Gamelevel:PersistentLevel.Gamelevel'
[2017.01.22-05.16.34:167][346]LogBlueprintUserMessages: Late EndPlayMap Detection: Level '/Game/Maps/Gamelevel.Gamelevel:PersistentLevel' has LevelScriptBlueprint '/Game/Maps/Gamelevel.Gamelevel:PersistentLevel.Gamelevel' with GeneratedClass '/Game/Maps/Gamelevel.Gamelevel_C' with ClassGeneratedBy '/Game/Maps/Gamelevel.Gamelevel:PersistentLevel.Gamelevel'
[2017.01.22-05.16.57:674][114]LogSavePackage: Save=253.71ms
[2017.01.22-05.16.57:674][114]LogSavePackage: Moving '../../../../../../Users/Chris D'Arcy/Desktop/VistaReachRepo/Drive-Thru/Drive_Thru/Saved/Gamelevel6F99F7A64D0B5F993E684BAEAB45C8E6.tmp' to '../../../../../../Users/Chris D'Arcy/Desktop/VistaReachRepo/Drive-Thru/Drive_Thru/Content/Maps/Gamelevel.umap'
[2017.01.22-05.16.57:679][114]LogSavePackage:Display: Finished SavePackage ../../../../../../Users/Chris D'Arcy/Desktop/VistaReachRepo/Drive-Thru/Drive_Thru/Content/Maps/Gamelevel.umap
[2017.01.22-05.16.57:698][114]LogFileHelpers: Saving map 'Gamelevel' took 0.342
[2017.01.22-05.16.57:714][114]Cmd: OBJ SAVEPACKAGE PACKAGE="/Game/VehicleBP/Sedan/Sedan" FILE="../../../../../../Users/Chris D'Arcy/Desktop/VistaReachRepo/Drive-Thru/Drive_Thru/Content/VehicleBP/Sedan/Sedan.uasset" SILENT=true
[2017.01.22-05.16.57:906][114]LogSavePackage: Save=188.90ms
[2017.01.22-05.16.57:906][114]LogSavePackage: Moving '../../../../../../Users/Chris D'Arcy/Desktop/VistaReachRepo/Drive-Thru/Drive_Thru/Saved/SedanEED6D29849BAD17F33F2B3B8093D50EA.tmp' to '../../../../../../Users/Chris D'Arcy/Desktop/VistaReachRepo/Drive-Thru/Drive_Thru/Content/VehicleBP/Sedan/Sedan.uasset'
[2017.01.22-05.16.57:911][114]LogSavePackage:Display: Finished SavePackage ../../../../../../Users/Chris D'Arcy/Desktop/VistaReachRepo/Drive-Thru/Drive_Thru/Content/VehicleBP/Sedan/Sedan.uasset
