Log file open, 01/20/17 20:58:48
LogInit:Display: Running engine for game: Drive_Thru
LogPlatformFile: Not using cached read wrapper
LogInit:Display: RandInit(239369950) SRandInit(239369950).
LogTaskGraph: Started task graph with 5 named threads and 8 total threads with 1 sets of task threads.
LogStats: Stats thread started at 0.079073
LogPluginManager: Loaded Plugin Paper2D, From C:/Program Files (x86)/Epic Games/4.14/Engine/Plugins/2D/Paper2D/Paper2D.uplugin
LogPluginManager: Loaded Plugin LightPropagationVolume, From C:/Program Files (x86)/Epic Games/4.14/Engine/Plugins/Blendables/LightPropagationVolume/LightPropagationVolume.uplugin
LogPluginManager: Loaded Plugin BlankPlugin, From C:/Program Files (x86)/Epic Games/4.14/Engine/Plugins/Developer/BlankPlugin/BlankPlugin.uplugin
LogPluginManager: Loaded Plugin CodeLiteSourceCodeAccess, From C:/Program Files (x86)/Epic Games/4.14/Engine/Plugins/Developer/CodeLiteSourceCodeAccess/CodeLiteSourceCodeAccess.uplugin
LogPluginManager: Loaded Plugin GitSourceControl, From C:/Program Files (x86)/Epic Games/4.14/Engine/Plugins/Developer/GitSourceControl/GitSourceControl.uplugin
LogPluginManager: Loaded Plugin KDevelopSourceCodeAccess, From C:/Program Files (x86)/Epic Games/4.14/Engine/Plugins/Developer/KDevelopSourceCodeAccess/KDevelopSourceCodeAccess.uplugin
LogPluginManager: Loaded Plugin NullSourceCodeAccess, From C:/Program Files (x86)/Epic Games/4.14/Engine/Plugins/Developer/NullSourceCodeAccess/NullSourceCodeAccess.uplugin
LogPluginManager: Loaded Plugin OneSkyLocalizationService, From C:/Program Files (x86)/Epic Games/4.14/Engine/Plugins/Developer/OneSkyLocalizationService/OneSkyLocalizationService.uplugin
LogPluginManager: Loaded Plugin PerforceSourceControl, From C:/Program Files (x86)/Epic Games/4.14/Engine/Plugins/Developer/PerforceSourceControl/PerforceSourceControl.uplugin
LogPluginManager: Loaded Plugin SubversionSourceControl, From C:/Program Files (x86)/Epic Games/4.14/Engine/Plugins/Developer/SubversionSourceControl/SubversionSourceControl.uplugin
LogPluginManager: Loaded Plugin UObjectPlugin, From C:/Program Files (x86)/Epic Games/4.14/Engine/Plugins/Developer/UObjectPlugin/UObjectPlugin.uplugin
LogPluginManager: Loaded Plugin VisualStudioSourceCodeAccess, From C:/Program Files (x86)/Epic Games/4.14/Engine/Plugins/Developer/VisualStudioSourceCodeAccess/VisualStudioSourceCodeAccess.uplugin
LogPluginManager: Loaded Plugin XCodeSourceCodeAccess, From C:/Program Files (x86)/Epic Games/4.14/Engine/Plugins/Developer/XCodeSourceCodeAccess/XCodeSourceCodeAccess.uplugin
LogPluginManager: Loaded Plugin AudioCapture, From C:/Program Files (x86)/Epic Games/4.14/Engine/Plugins/Editor/AudioCapture/AudioCapture.uplugin
LogPluginManager: Loaded Plugin EpicSurvey, From C:/Program Files (x86)/Epic Games/4.14/Engine/Plugins/Editor/EpicSurvey/EpicSurvey.uplugin
LogPluginManager: Loaded Plugin MacGraphicsSwitching, From C:/Program Files (x86)/Epic Games/4.14/Engine/Plugins/Editor/MacGraphicsSwitching/MacGraphicsSwitching.uplugin
LogPluginManager: Loaded Plugin MobileLauncherProfileWizard, From C:/Program Files (x86)/Epic Games/4.14/Engine/Plugins/Editor/MobileLauncherProfileWizard/MobileLauncherProfileWizard.uplugin
LogPluginManager: Loaded Plugin PluginBrowser, From C:/Program Files (x86)/Epic Games/4.14/Engine/Plugins/Editor/PluginBrowser/PluginBrowser.uplugin
LogPluginManager: Loaded Plugin SpeedTreeImporter, From C:/Program Files (x86)/Epic Games/4.14/Engine/Plugins/Editor/SpeedTreeImporter/SpeedTreeImporter.uplugin
LogPluginManager: Loaded Plugin SuperSearchEditor, From C:/Program Files (x86)/Epic Games/4.14/Engine/Plugins/Editor/SuperSearchEditor/SuperSearchEditor.uplugin
LogPluginManager: Loaded Plugin AlembicImporter, From C:/Program Files (x86)/Epic Games/4.14/Engine/Plugins/Experimental/AlembicImporter/AlembicImporter.uplugin
LogPluginManager: Loaded Plugin BlueprintStats, From C:/Program Files (x86)/Epic Games/4.14/Engine/Plugins/Experimental/BlueprintStats/BlueprintStats.uplugin
LogPluginManager: Loaded Plugin CharacterAI, From C:/Program Files (x86)/Epic Games/4.14/Engine/Plugins/Experimental/CharacterAI/CharacterAI.uplugin
LogPluginManager: Loaded Plugin CodeEditor, From C:/Program Files (x86)/Epic Games/4.14/Engine/Plugins/Experimental/CodeEditor/CodeEditor.uplugin
LogPluginManager: Loaded Plugin CodeView, From C:/Program Files (x86)/Epic Games/4.14/Engine/Plugins/Experimental/CodeView/CodeView.uplugin
LogPluginManager: Loaded Plugin HTML5Networking, From C:/Program Files (x86)/Epic Games/4.14/Engine/Plugins/Experimental/HTML5Networking/HTML5Networking.uplugin
LogPluginManager: Loaded Plugin OSVR, From C:/Program Files (x86)/Epic Games/4.14/Engine/Plugins/Experimental/OSVR/OSVR.uplugin
LogPluginManager: Loaded Plugin Phya, From C:/Program Files (x86)/Epic Games/4.14/Engine/Plugins/Experimental/Phya/Phya.uplugin
LogPluginManager: Loaded Plugin SignificanceManager, From C:/Program Files (x86)/Epic Games/4.14/Engine/Plugins/Experimental/SignificanceManager/SignificanceManager.uplugin
LogPluginManager: Loaded Plugin SimpleHMD, From C:/Program Files (x86)/Epic Games/4.14/Engine/Plugins/Experimental/SimpleHMD/SimpleHMD.uplugin
LogPluginManager: Loaded Plugin StereoPanorama, From C:/Program Files (x86)/Epic Games/4.14/Engine/Plugins/Experimental/StereoPanorama/StereoPanorama.uplugin
LogPluginManager: Loaded Plugin StructBox, From C:/Program Files (x86)/Epic Games/4.14/Engine/Plugins/Experimental/StructBox/StructBox.uplugin
LogPluginManager: Loaded Plugin FMODStudio, From C:/Program Files (x86)/Epic Games/4.14/Engine/Plugins/FMODStudio/FMODStudio.uplugin
LogPluginManager: Loaded Plugin AndroidMedia, From C:/Program Files (x86)/Epic Games/4.14/Engine/Plugins/Media/AndroidMedia/AndroidMedia.uplugin
LogPluginManager: Loaded Plugin AvfMedia, From C:/Program Files (x86)/Epic Games/4.14/Engine/Plugins/Media/AvfMedia/AvfMedia.uplugin
LogPluginManager: Loaded Plugin MediaPlayerEditor, From C:/Program Files (x86)/Epic Games/4.14/Engine/Plugins/Media/MediaPlayerEditor/MediaPlayerEditor.uplugin
LogPluginManager: Loaded Plugin WmfMedia, From C:/Program Files (x86)/Epic Games/4.14/Engine/Plugins/Media/WmfMedia/WmfMedia.uplugin
LogPluginManager: Loaded Plugin MessagingDebugger, From C:/Program Files (x86)/Epic Games/4.14/Engine/Plugins/Messaging/MessagingDebugger/MessagingDebugger.uplugin
LogPluginManager: Loaded Plugin TcpMessaging, From C:/Program Files (x86)/Epic Games/4.14/Engine/Plugins/Messaging/TcpMessaging/TcpMessaging.uplugin
LogPluginManager: Loaded Plugin UdpMessaging, From C:/Program Files (x86)/Epic Games/4.14/Engine/Plugins/Messaging/UdpMessaging/UdpMessaging.uplugin
LogPluginManager: Loaded Plugin LevelSequenceEditor, From C:/Program Files (x86)/Epic Games/4.14/Engine/Plugins/MovieScene/LevelSequenceEditor/LevelSequenceEditor.uplugin
LogPluginManager: Loaded Plugin MatineeToLevelSequence, From C:/Program Files (x86)/Epic Games/4.14/Engine/Plugins/MovieScene/MatineeToLevelSequence/MatineeToLevelSequence.uplugin
LogPluginManager: Loaded Plugin NetcodeUnitTest, From C:/Program Files (x86)/Epic Games/4.14/Engine/Plugins/NetcodeUnitTest/NetcodeUnitTest/NetcodeUnitTest.uplugin
LogPluginManager: Loaded Plugin NUTUnrealEngine4, From C:/Program Files (x86)/Epic Games/4.14/Engine/Plugins/NetcodeUnitTest/NUTUnrealEngine4/NUTUnrealEngine4.uplugin
LogPluginManager: Loaded Plugin OnlineSubsystemGameCircle, From C:/Program Files (x86)/Epic Games/4.14/Engine/Plugins/Online/Android/OnlineSubsystemGameCircle/OnlineSubsystemGameCircle.uplugin
LogPluginManager: Loaded Plugin OnlineSubsystemGooglePlay, From C:/Program Files (x86)/Epic Games/4.14/Engine/Plugins/Online/Android/OnlineSubsystemGooglePlay/OnlineSubsystemGooglePlay.uplugin
LogPluginManager: Loaded Plugin OnlineSubsystemIOS, From C:/Program Files (x86)/Epic Games/4.14/Engine/Plugins/Online/IOS/OnlineSubsystemIOS/OnlineSubsystemIOS.uplugin
LogPluginManager: Loaded Plugin OnlineFramework, From C:/Program Files (x86)/Epic Games/4.14/Engine/Plugins/Online/OnlineFramework/OnlineFramework.uplugin
LogPluginManager: Loaded Plugin OnlineSubsystem, From C:/Program Files (x86)/Epic Games/4.14/Engine/Plugins/Online/OnlineSubsystem/OnlineSubsystem.uplugin
LogPluginManager: Loaded Plugin OnlineSubsystemAmazon, From C:/Program Files (x86)/Epic Games/4.14/Engine/Plugins/Online/OnlineSubsystemAmazon/OnlineSubsystemAmazon.uplugin
LogPluginManager: Loaded Plugin OnlineSubsystemFacebook, From C:/Program Files (x86)/Epic Games/4.14/Engine/Plugins/Online/OnlineSubsystemFacebook/OnlineSubsystemFacebook.uplugin
LogPluginManager: Loaded Plugin OnlineSubsystemNull, From C:/Program Files (x86)/Epic Games/4.14/Engine/Plugins/Online/OnlineSubsystemNull/OnlineSubsystemNull.uplugin
LogPluginManager: Loaded Plugin OnlineSubsystemOculus, From C:/Program Files (x86)/Epic Games/4.14/Engine/Plugins/Online/OnlineSubsystemOculus/OnlineSubsystemOculus.uplugin
LogPluginManager: Loaded Plugin OnlineSubsystemSteam, From C:/Program Files (x86)/Epic Games/4.14/Engine/Plugins/Online/OnlineSubsystemSteam/OnlineSubsystemSteam.uplugin
LogPluginManager: Loaded Plugin OnlineSubsystemUtils, From C:/Program Files (x86)/Epic Games/4.14/Engine/Plugins/Online/OnlineSubsystemUtils/OnlineSubsystemUtils.uplugin
LogPluginManager: Loaded Plugin IOSTapJoy, From C:/Program Files (x86)/Epic Games/4.14/Engine/Plugins/Runtime/Advertising/IOSTapJoy/IOSTapJoy.uplugin
LogPluginManager: Loaded Plugin AnalyticsBlueprintLibrary, From C:/Program Files (x86)/Epic Games/4.14/Engine/Plugins/Runtime/Analytics/AnalyticsBlueprintLibrary/AnalyticsBlueprintLibrary.uplugin
LogPluginManager: Loaded Plugin AnalyticsMulticast, From C:/Program Files (x86)/Epic Games/4.14/Engine/Plugins/Runtime/Analytics/AnalyticsMulticast/AnalyticsMulticast.uplugin
LogPluginManager: Loaded Plugin Apsalar, From C:/Program Files (x86)/Epic Games/4.14/Engine/Plugins/Runtime/Analytics/Apsalar/Apsalar.uplugin
LogPluginManager: Loaded Plugin FileLogging, From C:/Program Files (x86)/Epic Games/4.14/Engine/Plugins/Runtime/Analytics/FileLogging/FileLogging.uplugin
LogPluginManager: Loaded Plugin Flurry, From C:/Program Files (x86)/Epic Games/4.14/Engine/Plugins/Runtime/Analytics/Flurry/Flurry.uplugin
LogPluginManager: Loaded Plugin AndroidDeviceProfileSelector, From C:/Program Files (x86)/Epic Games/4.14/Engine/Plugins/Runtime/AndroidDeviceProfileSelector/AndroidDeviceProfileSelector.uplugin
LogPluginManager: Loaded Plugin AndroidMoviePlayer, From C:/Program Files (x86)/Epic Games/4.14/Engine/Plugins/Runtime/AndroidMoviePlayer/AndroidMoviePlayer.uplugin
LogPluginManager: Loaded Plugin AppleMoviePlayer, From C:/Program Files (x86)/Epic Games/4.14/Engine/Plugins/Runtime/AppleMoviePlayer/AppleMoviePlayer.uplugin
LogPluginManager: Loaded Plugin ArchVisCharacter, From C:/Program Files (x86)/Epic Games/4.14/Engine/Plugins/Runtime/ArchVisCharacter/ArchVisCharacter.uplugin
LogPluginManager: Loaded Plugin CableComponent, From C:/Program Files (x86)/Epic Games/4.14/Engine/Plugins/Runtime/CableComponent/CableComponent.uplugin
LogPluginManager: Loaded Plugin CustomMeshComponent, From C:/Program Files (x86)/Epic Games/4.14/Engine/Plugins/Runtime/CustomMeshComponent/CustomMeshComponent.uplugin
LogPluginManager: Loaded Plugin ExampleDeviceProfileSelector, From C:/Program Files (x86)/Epic Games/4.14/Engine/Plugins/Runtime/ExampleDeviceProfileSelector/ExampleDeviceProfileSelector.uplugin
LogPluginManager: Loaded Plugin GearVR, From C:/Program Files (x86)/Epic Games/4.14/Engine/Plugins/Runtime/GearVR/GearVR.uplugin
LogPluginManager: Loaded Plugin GoogleVRController, From C:/Program Files (x86)/Epic Games/4.14/Engine/Plugins/Runtime/GoogleVR/GoogleVRController/GoogleVRController.uplugin
LogPluginManager: Loaded Plugin GoogleVRHMD, From C:/Program Files (x86)/Epic Games/4.14/Engine/Plugins/Runtime/GoogleVR/GoogleVRHMD/GoogleVRHMD.uplugin
LogPluginManager: Loaded Plugin IOSDeviceProfileSelector, From C:/Program Files (x86)/Epic Games/4.14/Engine/Plugins/Runtime/IOSDeviceProfileSelector/IOSDeviceProfileSelector.uplugin
LogPluginManager: Loaded Plugin LeapMotion, From C:/Program Files (x86)/Epic Games/4.14/Engine/Plugins/Runtime/LeapMotion/LeapMotion.uplugin
LogPluginManager: Loaded Plugin LinuxDeviceProfileSelector, From C:/Program Files (x86)/Epic Games/4.14/Engine/Plugins/Runtime/LinuxDeviceProfileSelector/LinuxDeviceProfileSelector.uplugin
LogPluginManager: Loaded Plugin MIDIDevice, From C:/Program Files (x86)/Epic Games/4.14/Engine/Plugins/Runtime/MIDIDevice/MIDIDevice.uplugin
LogPluginManager: Loaded Plugin MobilePatchingUtils, From C:/Program Files (x86)/Epic Games/4.14/Engine/Plugins/Runtime/MobilePatchingUtils/MobilePatchingUtils.uplugin
LogPluginManager: Loaded Plugin Ansel, From C:/Program Files (x86)/Epic Games/4.14/Engine/Plugins/Runtime/Nvidia/Ansel/Ansel.uplugin
LogPluginManager: Loaded Plugin OculusAudio, From C:/Program Files (x86)/Epic Games/4.14/Engine/Plugins/Runtime/OculusAudio/OculusAudio.uplugin
LogPluginManager: Loaded Plugin OculusInput, From C:/Program Files (x86)/Epic Games/4.14/Engine/Plugins/Runtime/OculusInput/OculusInput.uplugin
LogPluginManager: Loaded Plugin OculusLibrary, From C:/Program Files (x86)/Epic Games/4.14/Engine/Plugins/Runtime/OculusLibrary/OculusLibrary.uplugin
LogPluginManager: Loaded Plugin OculusRift, From C:/Program Files (x86)/Epic Games/4.14/Engine/Plugins/Runtime/OculusRift/OculusRift.uplugin
LogPluginManager: Loaded Plugin Oodle, From C:/Program Files (x86)/Epic Games/4.14/Engine/Plugins/Runtime/PacketHandlers/CompressionComponents/Oodle/Oodle.uplugin
LogPluginManager: Loaded Plugin ProceduralMeshComponent, From C:/Program Files (x86)/Epic Games/4.14/Engine/Plugins/Runtime/ProceduralMeshComponent/ProceduralMeshComponent.uplugin
LogPluginManager: Loaded Plugin SoundMod, From C:/Program Files (x86)/Epic Games/4.14/Engine/Plugins/Runtime/SoundMod/SoundMod.uplugin
LogPluginManager: Loaded Plugin SoundVisualizations, From C:/Program Files (x86)/Epic Games/4.14/Engine/Plugins/Runtime/SoundVisualizations/SoundVisualizations.uplugin
LogPluginManager: Loaded Plugin SteamController, From C:/Program Files (x86)/Epic Games/4.14/Engine/Plugins/Runtime/Steam/SteamController/SteamController.uplugin
LogPluginManager: Loaded Plugin SteamVR, From C:/Program Files (x86)/Epic Games/4.14/Engine/Plugins/Runtime/Steam/SteamVR/SteamVR.uplugin
LogPluginManager: Loaded Plugin WebBrowserWidget, From C:/Program Files (x86)/Epic Games/4.14/Engine/Plugins/Runtime/WebBrowserWidget/WebBrowserWidget.uplugin
LogPluginManager: Loaded Plugin WindowsDeviceProfileSelector, From C:/Program Files (x86)/Epic Games/4.14/Engine/Plugins/Runtime/WindowsDeviceProfileSelector/WindowsDeviceProfileSelector.uplugin
LogPluginManager: Loaded Plugin WindowsMoviePlayer, From C:/Program Files (x86)/Epic Games/4.14/Engine/Plugins/Runtime/WindowsMoviePlayer/WindowsMoviePlayer.uplugin
LogPluginManager: Loaded Plugin ScriptPlugin, From C:/Program Files (x86)/Epic Games/4.14/Engine/Plugins/ScriptPlugin/ScriptPlugin.uplugin
LogPluginManager: Loaded Plugin SlateRemote, From C:/Program Files (x86)/Epic Games/4.14/Engine/Plugins/Slate/SlateRemote/SlateRemote.uplugin
LogPluginManager: Loaded Plugin EditorTests, From C:/Program Files (x86)/Epic Games/4.14/Engine/Plugins/Tests/EditorTests/EditorTests.uplugin
LogPluginManager: Loaded Plugin FbxAutomationTestBuilder, From C:/Program Files (x86)/Epic Games/4.14/Engine/Plugins/Tests/FbxAutomationTestBuilder/FbxAutomationTestBuilder.uplugin
LogPluginManager: Loaded Plugin FunctionalTestingEditor, From C:/Program Files (x86)/Epic Games/4.14/Engine/Plugins/Tests/FunctionalTestingEditor/FunctionalTestingEditor.uplugin
LogPluginManager: Loaded Plugin RuntimeTests, From C:/Program Files (x86)/Epic Games/4.14/Engine/Plugins/Tests/RuntimeTests/RuntimeTests.uplugin
LogPluginManager: Loaded Plugin ScreenshotTools, From C:/Program Files (x86)/Epic Games/4.14/Engine/Plugins/Tests/ScreenshotTools/ScreenshotTools.uplugin
LogInit: Using libcurl 7.47.1
LogInit:  - built for x86_64-pc-win32
LogInit:  - supports SSL with OpenSSL/1.0.2g
LogInit:  - supports HTTP deflate (compression) using libz 1.2.8
LogInit:  - other features:
LogInit:      CURL_VERSION_SSL
LogInit:      CURL_VERSION_LIBZ
LogInit:      CURL_VERSION_IPV6
LogInit:      CURL_VERSION_ASYNCHDNS
LogInit:      CURL_VERSION_LARGEFILE
LogInit:      CURL_VERSION_IDN
LogInit:  CurlRequestOptions (configurable via config and command line):
LogInit:  - bVerifyPeer = false  - Libcurl will NOT verify peer certificate
LogInit:  - bUseHttpProxy = false  - Libcurl will NOT use HTTP proxy
LogInit:  - bDontReuseConnections = false  - Libcurl will reuse connections
LogInit:  - CertBundlePath = nullptr  - Libcurl will use whatever was configured at build time.
LogInit: Build: ++UE4+Release-4.14-CL-3249277
LogInit: Engine Version: 4.14.3-3249277+++UE4+Release-4.14
LogInit: Compatible Engine Version: 4.14.0-3195953+++UE4+Release-4.14
LogInit: Net CL: 3195953
LogDevObjectVersion: Number of dev versions registered: 13
LogDevObjectVersion:   Dev-Blueprints (B0D832E4-1F89-4F0D-ACCF-7EB736FD4AA2): 7
LogDevObjectVersion:   Dev-Build (E1C64328-A22C-4D53-A36C-8E866417BD8C): 0
LogDevObjectVersion:   Dev-Core (375EC13C-06E4-48FB-B500-84F0262A717E): 1
LogDevObjectVersion:   Dev-Editor (E4B068ED-F494-42E9-A231-DA0B2E46BB41): 8
LogDevObjectVersion:   Dev-Framework (CFFC743F-43B0-4480-9391-14DF171D2073): 17
LogDevObjectVersion:   Dev-Mobile (B02B49B5-BB20-44E9-A304-32B752E40360): 0
LogDevObjectVersion:   Dev-Networking (A4E4105C-59A1-49B5-A7C5-40C4547EDFEE): 0
LogDevObjectVersion:   Dev-Online (39C831C9-5AE6-47DC-9A44-9C173E1C8E7C): 0
LogDevObjectVersion:   Dev-Physics (78F01B33-EBEA-4F98-B9B4-84EACCB95AA2): 0
LogDevObjectVersion:   Dev-Platform (6631380F-2D4D-43E0-8009-CF276956A95A): 0
LogDevObjectVersion:   Dev-Rendering (12F88B9F-8875-4AFC-A67C-D90C383ABD29): 12
LogDevObjectVersion:   Dev-Sequencer (7B5AE74C-D270-4C10-A958-57980B212A5A): 1
LogDevObjectVersion:   Dev-VR (D7296918-1DD6-4BDD-9DE2-64A83CC13884): 0
LogInit: Compiled (64-bit): Jan  6 2017 10:49:43
LogInit: Compiled with Visual C++: 19.00.23026.00
LogInit: Build Configuration: Development
LogInit: Branch Name: ++UE4+Release-4.14
LogInit: Command line: -EpicPortal
LogInit: Base directory: C:/Program Files (x86)/Epic Games/4.14/Engine/Binaries/Win64/
LogInit: Installed Engine Build: 1
LogInit: Presizing for max 8388607 objects, including 0 objects not considered by GC, pre-allocating 0 bytes for permanent pool.
LogInit: Object subsystem initialized
[2017.01.20-20.58.48:591][  0]LogInit: Selected Device Profile: [Windows]
[2017.01.20-20.58.48:591][  0]LogInit: Applying CVar settings loaded from the selected device profile: [Windows]
[2017.01.20-20.58.48:685][  0]LogInit: Computer: DESKTOP-LDMGO10
[2017.01.20-20.58.48:685][  0]LogInit: User: HarryHastonDougan
[2017.01.20-20.58.48:685][  0]LogInit: CPU Page size=65536, Cores=4
[2017.01.20-20.58.48:685][  0]LogInit: High frequency timer resolution =3.328125 MHz
[2017.01.20-20.58.48:685][  0]LogMemory: Memory total: Physical=16.0GB (16GB approx)
[2017.01.20-20.58.48:685][  0]LogMemory: Platform Memory Stats for Windows
[2017.01.20-20.58.48:685][  0]LogMemory: Process Physical Memory: 264.52 MB used, 264.52 MB peak
[2017.01.20-20.58.48:685][  0]LogMemory: Process Virtual Memory: 262.73 MB used, 262.73 MB peak
[2017.01.20-20.58.48:685][  0]LogMemory: Physical Memory: 5806.30 MB used,  10540.46 MB free, 16346.76 MB total
[2017.01.20-20.58.48:685][  0]LogMemory: Virtual Memory: 676.41 MB used,  10540.46 MB free, 134217728.00 MB total
[2017.01.20-20.58.48:710][  0]LogTextLocalizationManager: No specific translations for ('en-GB') exist, so ('en') translations will be used.
[2017.01.20-20.58.52:582][  0]LogD3D11RHI: D3D11 adapters:
[2017.01.20-20.58.53:077][  0]LogD3D11RHI:    0. 'NVIDIA GeForce GTX 1060 3GB' (Feature Level 11_0)
[2017.01.20-20.58.53:077][  0]LogD3D11RHI:       3035/0/8173 MB DedicatedVideo/DedicatedSystem/SharedSystem, Outputs:2, VendorId:0x10de
[2017.01.20-20.58.53:079][  0]LogD3D11RHI:    1. 'Microsoft Basic Render Driver' (Feature Level 11_0)
[2017.01.20-20.58.53:079][  0]LogD3D11RHI:       0/0/8173 MB DedicatedVideo/DedicatedSystem/SharedSystem, Outputs:0, VendorId:0x1414
[2017.01.20-20.58.53:079][  0]LogD3D11RHI: Chosen D3D11 Adapter: 0
[2017.01.20-20.58.53:085][  0]LogD3D11RHI: Creating new Direct3DDevice
[2017.01.20-20.58.53:085][  0]LogD3D11RHI:     GPU DeviceId: 0x1c02 (for the marketing name, search the web for "GPU Device Id")
[2017.01.20-20.58.53:085][  0]LogWindows: EnumDisplayDevices:
[2017.01.20-20.58.53:085][  0]LogWindows:    0. 'NVIDIA GeForce GTX 1060 3GB' (P:1 D:1)
[2017.01.20-20.58.53:085][  0]LogWindows:    1. 'NVIDIA GeForce GTX 1060 3GB' (P:0 D:1)
[2017.01.20-20.58.53:085][  0]LogWindows:    2. 'NVIDIA GeForce GTX 1060 3GB' (P:0 D:0)
[2017.01.20-20.58.53:085][  0]LogWindows:    3. 'NVIDIA GeForce GTX 1060 3GB' (P:0 D:0)
[2017.01.20-20.58.53:085][  0]LogWindows: DebugString: FoundDriverCount:4 
[2017.01.20-20.58.53:085][  0]LogD3D11RHI:     Adapter Name: NVIDIA GeForce GTX 1060 3GB
[2017.01.20-20.58.53:085][  0]LogD3D11RHI:   Driver Version: 376.19 (internal:21.21.13.7619, unified:376.19)
[2017.01.20-20.58.53:085][  0]LogD3D11RHI:      Driver Date: 12-1-2016
[2017.01.20-20.58.53:085][  0]LogRHI: Texture pool is 1361 MB (70% of 1945 MB)
[2017.01.20-20.58.53:568][  0]LogD3D11RHI: Async texture creation enabled
[2017.01.20-20.58.53:606][  0]LogD3D11RHI: GPU Timing Frequency: 1000.000000 (Debug: 2 1)
[2017.01.20-20.58.53:607][  0]LogShaderCompilers: Guid format shader working directory is 3 characters bigger than the processId version (../../../../../../Repos/Drive-Thru/Drive-Thru/Drive_Thru/Intermediate/Shaders/WorkingDirectory/21744/).
[2017.01.20-20.58.53:607][  0]LogShaderCompilers: Cleaned the shader compiler working directory 'C:/Users/Harry Haston-Dougan/AppData/Local/Temp/UnrealShaderWorkingDir/A7B716E3483DDC65E65D3DB5479DF532/'.
[2017.01.20-20.58.53:607][  0]LogShaderCompilers:Display: Using Local Shader Compiler.
[2017.01.20-20.58.56:249][  0]LogTemp:Display: Loaded TP AllDesktopTargetPlatform
[2017.01.20-20.58.56:299][  0]LogTemp:Display: Loaded TP MacClientTargetPlatform
[2017.01.20-20.58.56:348][  0]LogTemp:Display: Loaded TP MacNoEditorTargetPlatform
[2017.01.20-20.58.56:400][  0]LogTemp:Display: Loaded TP MacServerTargetPlatform
[2017.01.20-20.58.56:462][  0]LogTemp:Display: Loaded TP MacTargetPlatform
[2017.01.20-20.58.56:511][  0]LogTemp:Display: Loaded TP WindowsClientTargetPlatform
[2017.01.20-20.58.56:563][  0]LogTemp:Display: Loaded TP WindowsNoEditorTargetPlatform
[2017.01.20-20.58.56:617][  0]LogTemp:Display: Loaded TP WindowsServerTargetPlatform
[2017.01.20-20.58.56:658][  0]LogTemp:Display: Loaded TP WindowsTargetPlatform
[2017.01.20-20.58.56:728][  0]LogTemp:Display: Loaded TP AndroidTargetPlatform
[2017.01.20-20.58.56:775][  0]LogTemp:Display: Loaded TP Android_ASTCTargetPlatform
[2017.01.20-20.58.56:824][  0]LogTemp:Display: Loaded TP Android_ATCTargetPlatform
[2017.01.20-20.58.56:873][  0]LogTemp:Display: Loaded TP Android_DXTTargetPlatform
[2017.01.20-20.58.56:923][  0]LogTemp:Display: Loaded TP Android_ETC1TargetPlatform
[2017.01.20-20.58.56:972][  0]LogTemp:Display: Loaded TP Android_ETC2TargetPlatform
[2017.01.20-20.58.57:072][  0]LogTemp:Display: Loaded TP Android_MultiTargetPlatform
[2017.01.20-20.58.57:072][  0]LogTemp:Display: Loaded TP Android_PVRTCTargetPlatform
[2017.01.20-20.58.57:106][  0]LogTemp:Display: Loaded TP HTML5TargetPlatform
[2017.01.20-20.58.57:205][  0]LogTemp:Display: Loaded TP IOSTargetPlatform
[2017.01.20-20.58.57:238][  0]LogTemp:Display: Loaded TP TVOSTargetPlatform
[2017.01.20-20.58.57:287][  0]LogTemp:Display: Loaded TP LinuxClientTargetPlatform
[2017.01.20-20.58.57:344][  0]LogTemp:Display: Loaded TP LinuxNoEditorTargetPlatform
[2017.01.20-20.58.57:395][  0]LogTemp:Display: Loaded TP LinuxServerTargetPlatform
[2017.01.20-20.58.57:484][  0]LogTemp:Display: Loaded TP LinuxTargetPlatform
[2017.01.20-20.58.57:484][  0]LogTargetPlatformManager:Display: Building Assets For Windows
[2017.01.20-20.58.57:891][  0]LogDerivedDataCache:Display: Max Cache Size: 512 MB
[2017.01.20-20.58.58:356][  0]LogDerivedDataCache: Loaded boot cache 0.46s 50MB C:/Users/Harry Haston-Dougan/AppData/Local/UnrealEngine/4.14/DerivedDataCache/Boot.ddc.
[2017.01.20-20.58.58:356][  0]LogDerivedDataCache:Display: Loaded Boot cache: C:/Users/Harry Haston-Dougan/AppData/Local/UnrealEngine/4.14/DerivedDataCache/Boot.ddc
[2017.01.20-20.58.58:356][  0]LogDerivedDataCache: FDerivedDataBackendGraph:  Pak pak cache file ../../../../../../Repos/Drive-Thru/Drive-Thru/Drive_Thru/DerivedDataCache/DDC.ddp not found, will not use a pak cache.
[2017.01.20-20.58.58:356][  0]LogDerivedDataCache: Unable to find inner node Pak for hierarchical cache Hierarchy.
[2017.01.20-20.58.58:356][  0]LogDerivedDataCache: FDerivedDataBackendGraph:  CompressedPak pak cache file ../../../../../../Repos/Drive-Thru/Drive-Thru/Drive_Thru/DerivedDataCache/Compressed.ddp not found, will not use a pak cache.
[2017.01.20-20.58.58:356][  0]LogDerivedDataCache: Unable to find inner node CompressedPak for hierarchical cache Hierarchy.
[2017.01.20-20.58.58:374][  0]LogDerivedDataCache:Display: Pak cache opened for reading ../../../Engine/DerivedDataCache/Compressed.ddp.
[2017.01.20-20.58.58:386][  0]LogDerivedDataCache: Using Local data cache path C:/Users/Harry Haston-Dougan/AppData/Local/UnrealEngine/Common/DerivedDataCache: Writable
[2017.01.20-20.58.58:592][  0]LogInit: Selected Device Profile: [Windows]
[2017.01.20-20.58.58:595][  0]LogContentStreaming: Texture pool size is 0.00 MB
[2017.01.20-20.58.58:789][  0]LogMeshUtilities: Using QuadricMeshReduction for automatic static mesh reduction
[2017.01.20-20.58.58:830][  0]LogSimplygon: Simplygon DLL not present - disabling.
[2017.01.20-20.58.58:875][  0]LogMeshUtilities: Using SimplygonSwarm for distributed automatic mesh merging
[2017.01.20-20.58.58:875][  0]LogMeshUtilities: No automatic skeletal mesh reduction module available
[2017.01.20-20.58.58:875][  0]LogMeshUtilities: No automatic mesh merging module available
[2017.01.20-20.58.59:388][  0]LogNetVersion: GetLocalNetworkVersion: CL: 3195953, ProjectName: drive_thru, ProjectVersion: , EngineNetworkVersion: 2, GameNetworkVersion: 0, NetworkChecksum: 3324528129
[2017.01.20-20.58.59:442][  0]LogAssetRegistry: FAssetRegistry took 0.0217 seconds to start up
[2017.01.20-20.58.59:503][  0]LogPackageLocalizationCache: Processed 4 localized package path(s) for 2 prioritized culture(s) in 0.038363 seconds
[2017.01.20-20.58.59:509][  0]LogUObjectArray: 31946 objects as part of root set at end of initial load.
[2017.01.20-20.58.59:509][  0]LogUObjectAllocator: 6935840 out of 0 bytes used by permanent object pool.
[2017.01.20-20.58.59:509][  0]LogUObjectArray: CloseDisregardForGC: 0/0 objects in disregard for GC pool
[2017.01.20-20.58.59:573][  0]LogInit: WinSock: version 1.1 (2.2), MaxSocks=32767, MaxUdp=65467
[2017.01.20-20.59.00:309][  0]LogSlate: Using Freetype 2.6.0
[2017.01.20-20.59.00:309][  0]LogSlate: SlateFontCache - WITH_FREETYPE: 1, WITH_HARFBUZZ: 1
[2017.01.20-20.59.00:309][  0]LogSlate: SlateFontCache - WITH_FREETYPE: 1, WITH_HARFBUZZ: 1
[2017.01.20-20.59.15:238][  0]LogFMODOculus: StartupModule
[2017.01.20-20.59.15:283][  0]LogFMOD: FFMODStudioModule startup
[2017.01.20-20.59.15:283][  0]LogFMOD:  Lib path = '../../../Engine/Plugins/FMODStudio/Binaries'
[2017.01.20-20.59.15:283][  0]LogFMOD: FFMODStudioModule::LoadDll: Loading ../../../Engine/Plugins/FMODStudio/Binaries/Win64/fmodL64.dll
[2017.01.20-20.59.15:288][  0]LogFMOD: FFMODStudioModule::LoadDll: Loading ../../../Engine/Plugins/FMODStudio/Binaries/Win64/fmodstudioL64.dll
[2017.01.20-20.59.15:295][  0]LogFMOD: Loading strings bank: ../../../../../../Repos/Drive-Thru/Drive-Thru/Drive_Thru/Content/FMOD/Desktop/Master Bank.strings.bank
[2017.01.20-20.59.15:297][  0]LogFMOD:Error: e:\jk\workspace\1. Build_UE4_1.8_Libs\studio_api\src\fmod_bankmodel.cpp(346) - Failed to open file '../../../../../../Repos/Drive-Thru/Drive-Thru/Drive_Thru/Content/FMOD/Desktop/Master Bank.strings.bank'

[2017.01.20-20.59.15:297][  0]LogFMOD:Warning: Failed to load strings bank: ../../../../../../Repos/Drive-Thru/Drive-Thru/Drive_Thru/Content/FMOD/Desktop/Master Bank.strings.bank
[2017.01.20-20.59.15:309][  0]LogFMOD: Default sample rate = 48000
[2017.01.20-20.59.15:309][  0]LogFMOD: System sample rate = 48000
[2017.01.20-20.59.15:309][  0]LogFMOD: Matching system sample rate 48000
[2017.01.20-20.59.15:350][  0]LogTcpMessaging: Initializing TcpMessaging bridge
[2017.01.20-20.59.15:388][  0]LogUdpMessaging: Initializing bridge on interface 0.0.0.0:0 to multicast group 230.0.0.1:6666.
[2017.01.20-20.59.15:932][  0]LogMaterial: Uniform references updated for custom material expression Custom.
[2017.01.20-20.59.16:307][  0]SourceControl: Info Source control is disabled
[2017.01.20-20.59.16:345][  0]SourceControl: Info Source control is disabled
[2017.01.20-20.59.16:389][  0]SourceControl: Info Source control is disabled
[2017.01.20-20.59.16:433][  0]SourceControl: Info Source control is disabled
[2017.01.20-20.59.17:080][  0]LogFMOD: FFMODStudioEditorModule startup
[2017.01.20-20.59.17:940][  0]LogEngine: Initializing Engine...
[2017.01.20-20.59.17:990][  0]LogHMD: SteamVR initialized.  Driver: lighthouse  Display: LHR-4541EBFF
[2017.01.20-20.59.18:214][  0]LogAIModule: Creating AISystem for world Untitled
[2017.01.20-20.59.18:220][  0]LogInit: XAudio2 using 'Realtek HD Audio 2nd output (Realtek High Definition Audio)' : 2 channels at 48 kHz using 32 bits per sample (channel mask 0x3)
[2017.01.20-20.59.18:227][  0]LogInit: FAudioDevice initialized.
[2017.01.20-20.59.18:250][  0]LogDerivedDataCache: Saved boot cache 0.02s 50MB C:/Users/Harry Haston-Dougan/AppData/Local/UnrealEngine/4.14/DerivedDataCache/Boot.ddc.
[2017.01.20-20.59.18:258][  0]LogInit: Texture streaming: Enabled
[2017.01.20-20.59.18:441][  0]LogInit: Transaction tracking system initialized
[2017.01.20-20.59.18:757][  0]BlueprintLog: New page: Editor Load
[2017.01.20-20.59.19:734][  0]LocalizationService: Info Localization service is disabled
[2017.01.20-20.59.20:430][  0]LogConsoleResponse:Display: 
[2017.01.20-20.59.20:806][  0]LogCook:Display: Max memory allowance for cook 16384mb min free memory 0mb
[2017.01.20-20.59.20:806][  0]LogCook:Display: Mobile HDR setting 1
[2017.01.20-20.59.21:874][  0]LogFileCache: Scanning file cache for directory 'C:/Repos/Drive-Thru/Drive-Thru/Drive_Thru/Content/' took 0.01s
[2017.01.20-20.59.21:951][  0]SourceControl: Info Source control is disabled
[2017.01.20-20.59.21:951][  0]Cmd: MAP LOAD FILE="../../../../../../Repos/Drive-Thru/Drive-Thru/Drive_Thru/Content/VehicleBP/Maps/VehicleExampleMap.umap" TEMPLATE=0 SHOWPROGRESS=1 FEATURELEVEL=3
[2017.01.20-20.59.21:951][  0]LightingResults: New page: Lighting Build
[2017.01.20-20.59.21:989][  0]MapCheck: New page: Map Check
[2017.01.20-20.59.21:990][  0]LightingResults: New page: Lighting Build
[2017.01.20-20.59.22:398][  0]LogAIModule: Creating AISystem for world VehicleExampleMap
[2017.01.20-20.59.22:543][  0]LogEditorServer: Finished looking for orphan Actors (0.000 secs)
[2017.01.20-20.59.22:543][  0]Cmd: MAP CHECKDEP NOCLEARLOG
[2017.01.20-20.59.22:580][  0]MapCheck: Info Map check complete: 0 Error(s), 0 Warning(s), took 36.344ms to complete.
[2017.01.20-20.59.22:580][  0]LogFileHelpers: Loading map 'VehicleExampleMap' took 0.629
[2017.01.20-20.59.22:769][  0]LogCollectionManager: Loaded 0 collections in 0.002372 seconds
[2017.01.20-20.59.22:844][  0]LogFileCache: Scanning file cache for directory 'C:/Repos/Drive-Thru/Drive-Thru/Drive_Thru/Saved/Collections/' took 0.01s
[2017.01.20-20.59.22:844][  0]LogFileCache: Scanning file cache for directory 'C:/Repos/Drive-Thru/Drive-Thru/Drive_Thru/Content/Developers/HarryHastonDougan/Collections/' took 0.01s
[2017.01.20-20.59.22:844][  0]LogFileCache: Scanning file cache for directory 'C:/Repos/Drive-Thru/Drive-Thru/Drive_Thru/Content/Collections/' took 0.01s
[2017.01.20-20.59.22:844][  0]LogCollectionManager: Rebuilt the GUID cache for 0 collections in 0.000002 seconds
[2017.01.20-20.59.22:852][  0]LogContentBrowser: Native class hierarchy populated in 0.0084 seconds. Added 2204 classes and 435 folders.
[2017.01.20-20.59.22:889][  0]LogStats: UGameplayTagsManager::ConstructGameplayTagTree: Construct from data asset -  0.000 s
[2017.01.20-20.59.22:889][  0]LogStats: UGameplayTagsManager::ConstructGameplayTagTree: GameplayTagTreeChangedEvent.Broadcast -  0.000 s
[2017.01.20-20.59.22:890][  0]LogContentBrowser: Native class hierarchy updated for 'GameplayTags' in 0.0004 seconds. Added 13 classes and 0 folders.
[2017.01.20-20.59.22:947][  0]LogContentBrowser: Native class hierarchy updated for 'WidgetCarousel' in 0.0003 seconds. Added 0 classes and 0 folders.
[2017.01.20-20.59.23:433][  0]LogContentBrowser: Native class hierarchy updated for 'AddContentDialog' in 0.0004 seconds. Added 0 classes and 0 folders.
[2017.01.20-20.59.23:470][  0]LogContentBrowser: Native class hierarchy updated for 'SceneOutliner' in 0.0004 seconds. Added 1 classes and 2 folders.
[2017.01.20-20.59.23:504][  0]LogCrashTracker: Crashtracker disabled due to settings.
[2017.01.20-20.59.23:509][  0]LogUObjectGlobals:Warning: Failed to find object 'Class None.'
[2017.01.20-20.59.23:570][  0]LogContentBrowser: Native class hierarchy updated for 'HierarchicalLODOutliner' in 0.0004 seconds. Added 1 classes and 2 folders.
[2017.01.20-20.59.23:571][  0]LogLoad: (Engine Initialization) Total time: 36.93 seconds
[2017.01.20-20.59.23:571][  0]LogLoad: (Engine Initialization) Total Blueprint compile time: 0.20 seconds
[2017.01.20-20.59.23:571][  0]LogExternalProfiler: Found external profiler: VSPerf
[2017.01.20-20.59.23:571][  0]LogExternalProfiler: Using external profiler: VSPerf
[2017.01.20-20.59.23:910][  0]LogOcInput: OculusInput pre-init called
[2017.01.20-20.59.23:930][  0]LogContentStreaming: Texture pool size now 1000 MB
[2017.01.20-20.59.24:121][  0]LogRenderer: Reallocating scene render targets to support 1208x576 NumSamples 1 (Frame:2).
[2017.01.20-20.59.24:245][  1]LogAssetRegistry: Asset discovery search completed in 24.8247 seconds
[2017.01.20-20.59.24:245][  1]LogCollectionManager: Rebuilt the object cache for 0 collections in 0.000001 seconds (found 0 objects)
[2017.01.20-20.59.24:245][  1]LogCollectionManager: Fixed up redirectors for 0 collections in 0.000013 seconds (updated 0 objects)
[2017.01.20-20.59.37:958][191]LogEditorViewport: Clicking on Actor (LMB): Sedan_C (Sedan)
[2017.01.20-20.59.38:684][269]Cmd: CAMERA ALIGN ACTIVEVIEWPORTONLY
[2017.01.20-20.59.40:220][395]LogContentBrowser: Native class hierarchy updated for 'BlueprintGraph' in 0.0009 seconds. Added 111 classes and 0 folders.
[2017.01.20-20.59.42:353][483]LogRenderer: Reallocating scene render targets to support 1208x696 NumSamples 1 (Frame:732).
[2017.01.20-21.00.09:894][853]LogD3D11RHI: Timed out while waiting for GPU to catch up. (0.5 s)
[2017.01.20-21.00.10:394][853]LogD3D11RHI: Timed out while waiting for GPU to catch up. (0.5 s)
[2017.01.20-21.00.10:894][853]LogD3D11RHI: Timed out while waiting for GPU to catch up. (0.5 s)
[2017.01.20-21.00.11:393][853]LogD3D11RHI: Timed out while waiting for GPU to catch up. (0.5 s)
[2017.01.20-21.00.11:894][853]LogD3D11RHI: Timed out while waiting for GPU to catch up. (0.5 s)
[2017.01.20-21.00.12:394][853]LogD3D11RHI: Timed out while waiting for GPU to catch up. (0.5 s)
[2017.01.20-21.00.12:894][853]LogD3D11RHI: Timed out while waiting for GPU to catch up. (0.5 s)
[2017.01.20-21.00.13:394][853]LogD3D11RHI: Timed out while waiting for GPU to catch up. (0.5 s)
[2017.01.20-21.00.13:894][853]LogD3D11RHI: Timed out while waiting for GPU to catch up. (0.5 s)
[2017.01.20-21.00.14:395][853]LogD3D11RHI: Timed out while waiting for GPU to catch up. (0.5 s)
[2017.01.20-21.00.14:894][853]LogD3D11RHI: Timed out while waiting for GPU to catch up. (0.5 s)
[2017.01.20-21.00.15:394][853]LogD3D11RHI: Timed out while waiting for GPU to catch up. (0.5 s)
[2017.01.20-21.00.15:894][853]LogD3D11RHI: Timed out while waiting for GPU to catch up. (0.5 s)
[2017.01.20-21.00.16:394][853]LogD3D11RHI: Timed out while waiting for GPU to catch up. (0.5 s)
[2017.01.20-21.00.16:894][853]LogD3D11RHI: Timed out while waiting for GPU to catch up. (0.5 s)
[2017.01.20-21.00.17:394][853]LogD3D11RHI: Timed out while waiting for GPU to catch up. (0.5 s)
[2017.01.20-21.00.17:894][853]LogD3D11RHI: Timed out while waiting for GPU to catch up. (0.5 s)
[2017.01.20-21.00.18:394][853]LogD3D11RHI: Timed out while waiting for GPU to catch up. (0.5 s)
[2017.01.20-21.00.18:894][853]LogD3D11RHI: Timed out while waiting for GPU to catch up. (0.5 s)
[2017.01.20-21.00.19:394][853]LogD3D11RHI: Timed out while waiting for GPU to catch up. (0.5 s)
[2017.01.20-21.00.19:895][853]LogD3D11RHI: Timed out while waiting for GPU to catch up. (0.5 s)
[2017.01.20-21.00.20:394][853]LogD3D11RHI: Timed out while waiting for GPU to catch up. (0.5 s)
[2017.01.20-21.00.20:896][853]LogD3D11RHI: Timed out while waiting for GPU to catch up. (0.5 s)
[2017.01.20-21.00.20:896][853]LogD3D11RHI:Error: Result failed 
 at D:\Build\++UE4+Release-4.14+Compile\Sync\Engine\Source\Runtime\Windows\D3D11RHI\Private\D3D11Query.cpp:134 
 with error DXGI_ERROR_DEVICE_REMOVED DXGI_ERROR_DEVICE_HUNG
[2017.01.20-21.00.20:902][853]LogWindows: Windows GetLastError: The operation completed successfully. (0)
